[M::bwa_idx_load_from_disk] read 0 ALT contigs
[M::process] read 732106 sequences (80000290 bp)...
[M::process] read 726972 sequences (80000288 bp)...
[M::mem_pestat] # candidate unique pairs for (FF, FR, RF, RR): (0, 0, 0, 0)
[M::mem_pestat] skip orientation FF as there are not enough pairs
[M::mem_pestat] skip orientation FR as there are not enough pairs
[M::mem_pestat] skip orientation RF as there are not enough pairs
[M::mem_pestat] skip orientation RR as there are not enough pairs
[M::mem_process_seqs] Processed 732106 reads in 93.867 CPU sec, 18.427 real sec
[M::mem_pestat] # candidate unique pairs for (FF, FR, RF, RR): (0, 0, 0, 0)
[M::mem_pestat] skip orientation FF as there are not enough pairs
[M::mem_pestat] skip orientation FR as there are not enough pairs
[M::mem_pestat] skip orientation RF as there are not enough pairs
[M::mem_pestat] skip orientation RR as there are not enough pairs
[M::mem_process_seqs] Processed 726972 reads in 91.160 CPU sec, 11.904 real sec
[M::process] read 720330 sequences (80000088 bp)...
[M::mem_pestat] # candidate unique pairs for (FF, FR, RF, RR): (0, 0, 0, 0)
[M::mem_pestat] skip orientation FF as there are not enough pairs
[M::mem_pestat] skip orientation FR as there are not enough pairs
[M::mem_pestat] skip orientation RF as there are not enough pairs
[M::mem_pestat] skip orientation RR as there are not enough pairs
[M::mem_process_seqs] Processed 720330 reads in 89.960 CPU sec, 11.545 real sec
[M::process] read 86474 sequences (9627840 bp)...
[M::mem_pestat] # candidate unique pairs for (FF, FR, RF, RR): (0, 0, 0, 0)
[M::mem_pestat] skip orientation FF as there are not enough pairs
[M::mem_pestat] skip orientation FR as there are not enough pairs
[M::mem_pestat] skip orientation RF as there are not enough pairs
[M::mem_pestat] skip orientation RR as there are not enough pairs
[M::mem_process_seqs] Processed 86474 reads in 11.242 CPU sec, 1.457 real sec
[main] Version: 0.7.17-r1188
[main] CMD: bwa mem -M -t 8 /data/project/sen-lab/genome/hg38/bwa/Homo_sapiens_assembly38.fasta /data/scratch/flanary/atac-seq/untreated/Sen_240503/fastq/GIMEN_R1.fastq.gz /data/scratch/flanary/atac-seq/untreated/Sen_240503/fastq/GIMEN_R2.fastq.gz
[main] Real time: 79.059 sec; CPU: 292.613 sec
