Path to Cutadapt set as: 'cutadapt' (default)
Cutadapt seems to be working fine (tested command 'cutadapt --version')
Cutadapt version: 5.0
Could not detect version of Python used by Cutadapt from the first line of Cutadapt (but found this: >>>#!/bin/sh<<<)
Letting the (modified) Cutadapt deal with the Python version instead
Parallel gzip (pigz) detected. Proceeding with multicore (de)compression using 8 cores

igzip detected. Using igzip for decompressing

No quality encoding type selected. Assuming that the data provided uses Sanger encoded Phred scores (default)

Output will be written into the directory: /scratch/flanary/atac-seq/treated/Sen_241217/trimmed_fastq/


AUTO-DETECTING ADAPTER TYPE
===========================
Attempting to auto-detect adapter type from the first 1 million sequences of the first file (>> /data/scratch/flanary/atac-seq/treated/Sen_241217/fastq/SKNAS_rep1_R1.fastq.gz <<)

Found perfect matches for the following adapter sequences:
Adapter type	Count	Sequence	Sequences analysed	Percentage
Nextera	371825	CTGTCTCTTATA	1000000	37.18
smallRNA	0	TGGAATTCTCGG	1000000	0.00
Illumina	0	AGATCGGAAGAGC	1000000	0.00
Using Nextera adapter for trimming (count: 371825). Second best hit was smallRNA (count: 0)

Writing report to '/scratch/flanary/atac-seq/treated/Sen_241217/trimmed_fastq/SKNAS_rep1_R1.fastq.gz_trimming_report.txt'

SUMMARISING RUN PARAMETERS
==========================
Input filename: /data/scratch/flanary/atac-seq/treated/Sen_241217/fastq/SKNAS_rep1_R1.fastq.gz
Trimming mode: paired-end
Trim Galore version: 0.6.10
Cutadapt version: 5.0
Python version: could not detect
Number of cores used for trimming: 8
Quality Phred score cutoff: 20
Quality encoding type selected: ASCII+33
Adapter sequence: 'CTGTCTCTTATA' (Nextera Transposase sequence; auto-detected)
Maximum trimming error rate: 0.1 (default)
Minimum required adapter overlap (stringency): 1 bp
Minimum required sequence length for both reads before a sequence pair gets removed: 30 bp
Output file(s) will be GZIP compressed

Cutadapt seems to be fairly up-to-date (version 5.0). Setting -j 8
Writing final adapter and quality trimmed output to SKNAS_rep1_R1_trimmed.fq.gz


  >>> Now performing quality (cutoff '-q 20') and adapter trimming in a single pass for the adapter sequence: 'CTGTCTCTTATA' from file /data/scratch/flanary/atac-seq/treated/Sen_241217/fastq/SKNAS_rep1_R1.fastq.gz <<< 
10000000 sequences processed
20000000 sequences processed
30000000 sequences processed
40000000 sequences processed
50000000 sequences processed
60000000 sequences processed
70000000 sequences processed
80000000 sequences processed
90000000 sequences processed
100000000 sequences processed
110000000 sequences processed
120000000 sequences processed
130000000 sequences processed
140000000 sequences processed
150000000 sequences processed
160000000 sequences processed
170000000 sequences processed
180000000 sequences processed
This is cutadapt 5.0 with Python 3.11.11
Command line parameters: -j 8 -e 0.1 -q 20 -O 1 -a CTGTCTCTTATA /data/scratch/flanary/atac-seq/treated/Sen_241217/fastq/SKNAS_rep1_R1.fastq.gz
Processing single-end reads on 8 cores ...

=== Summary ===

Total reads processed:             188,200,803
Reads with adapters:               118,083,680 (62.7%)
Reads written (passing filters):   188,200,803 (100.0%)

Total basepairs processed: 19,008,281,103 bp
Quality-trimmed:              32,223,411 bp (0.2%)
Total written (filtered):  15,857,170,045 bp (83.4%)

=== Adapter 1 ===

Sequence: CTGTCTCTTATA; Type: regular 3'; Length: 12; Trimmed: 118083680 times

Minimum overlap: 1
No. of allowed errors:
1-9 bp: 0; 10-12 bp: 1

Bases preceding removed adapters:
  A: 12.6%
  C: 41.6%
  G: 25.9%
  T: 20.0%
  none/other: 0.0%

Overview of removed sequences
length	count	expect	max.err	error counts
1	25235393	47050200.8	0	25235393
2	8436811	11762550.2	0	8436811
3	3232798	2940637.5	0	3232798
4	1474526	735159.4	0	1474526
5	1068196	183789.8	0	1068196
6	998333	45947.5	0	998333
7	930495	11486.9	0	930495
8	866981	2871.7	0	866981
9	795521	717.9	0	788173 7348
10	799626	179.5	1	779402 20224
11	787494	44.9	1	764249 23245
12	875674	11.2	1	841848 33826
13	901592	11.2	1	870135 31457
14	1044313	11.2	1	1004289 40024
15	1091347	11.2	1	1051890 39457
16	1180827	11.2	1	1132964 47863
17	1092362	11.2	1	1055151 37211
18	1037268	11.2	1	1001856 35412
19	968349	11.2	1	936130 32219
20	959052	11.2	1	924662 34390
21	938531	11.2	1	903024 35507
22	944948	11.2	1	912908 32040
23	1067953	11.2	1	1028122 39831
24	1136823	11.2	1	1098574 38249
25	1241501	11.2	1	1197374 44127
26	1292238	11.2	1	1245726 46512
27	1294784	11.2	1	1248077 46707
28	1267276	11.2	1	1219808 47468
29	1225956	11.2	1	1179739 46217
30	1098557	11.2	1	1061675 36882
31	1122723	11.2	1	1083519 39204
32	1036539	11.2	1	1002124 34415
33	1166066	11.2	1	1121185 44881
34	1321483	11.2	1	1273287 48196
35	1384670	11.2	1	1333185 51485
36	1758122	11.2	1	1704869 53253
37	1360130	11.2	1	1301333 58797
38	1618369	11.2	1	1572739 45630
39	1248087	11.2	1	1202208 45879
40	1308251	11.2	1	1264735 43516
41	1301361	11.2	1	1256733 44628
42	1258736	11.2	1	1216569 42167
43	1315801	11.2	1	1272032 43769
44	1454851	11.2	1	1402619 52232
45	1702806	11.2	1	1635036 67770
46	1864052	11.2	1	1770635 93417
47	3009046	11.2	1	2971776 37270
48	623096	11.2	1	575673 47423
49	1455597	11.2	1	1403232 52365
50	1719541	11.2	1	1664578 54963
51	1604966	11.2	1	1559738 45228
52	1352269	11.2	1	1300489 51780
53	1630393	11.2	1	1581056 49337
54	1522326	11.2	1	1474238 48088
55	1709315	11.2	1	1652675 56640
56	2028337	11.2	1	1950658 77679
57	2459859	11.2	1	2399614 60245
58	1724260	11.2	1	1661550 62710
59	1877389	11.2	1	1826095 51294
60	1525792	11.2	1	1471527 54265
61	1660822	11.2	1	1624007 36815
62	950711	11.2	1	926327 24384
63	656433	11.2	1	620009 36424
64	1170601	11.2	1	1143129 27472
65	665363	11.2	1	648094 17269
66	300024	11.2	1	289116 10908
67	188707	11.2	1	179455 9252
68	235380	11.2	1	229847 5533
69	79744	11.2	1	74451 5293
70	128294	11.2	1	124238 4056
71	97136	11.2	1	93425 3711
72	86073	11.2	1	83828 2245
73	8894	11.2	1	5149 3745
74	21407	11.2	1	18657 2750
75	27927	11.2	1	23063 4864
76	4409	11.2	1	2209 2200
77	2316	11.2	1	992 1324
78	4668	11.2	1	1569 3099
79	2209	11.2	1	538 1671
80	3206	11.2	1	1463 1743
81	1961	11.2	1	333 1628
82	2428	11.2	1	1198 1230
83	2942	11.2	1	149 2793
84	1407	11.2	1	247 1160
85	2828	11.2	1	111 2717
86	1467	11.2	1	100 1367
87	1403	11.2	1	83 1320
88	2407	11.2	1	35 2372
89	1741	11.2	1	31 1710
90	1114	11.2	1	35 1079
91	2941	11.2	1	67 2874
92	1910	11.2	1	270 1640
93	5506	11.2	1	98 5408
94	608	11.2	1	2 606
95	1069	11.2	1	18 1051
96	440	11.2	1	4 436
97	1179	11.2	1	4 1175
98	3007	11.2	1	39 2968
99	1050	11.2	1	14 1036
100	697	11.2	1	11 686
101	1493	11.2	1	1034 459

RUN STATISTICS FOR INPUT FILE: /data/scratch/flanary/atac-seq/treated/Sen_241217/fastq/SKNAS_rep1_R1.fastq.gz
=============================================
188200803 sequences processed in total
The length threshold of paired-end sequences gets evaluated later on (in the validation step)

Writing report to '/scratch/flanary/atac-seq/treated/Sen_241217/trimmed_fastq/SKNAS_rep1_R2.fastq.gz_trimming_report.txt'

SUMMARISING RUN PARAMETERS
==========================
Input filename: /data/scratch/flanary/atac-seq/treated/Sen_241217/fastq/SKNAS_rep1_R2.fastq.gz
Trimming mode: paired-end
Trim Galore version: 0.6.10
Cutadapt version: 5.0
Python version: could not detect
Number of cores used for trimming: 8
Quality Phred score cutoff: 20
Quality encoding type selected: ASCII+33
Adapter sequence: 'CTGTCTCTTATA' (Nextera Transposase sequence; auto-detected)
Maximum trimming error rate: 0.1 (default)
Minimum required adapter overlap (stringency): 1 bp
Minimum required sequence length for both reads before a sequence pair gets removed: 30 bp
Output file(s) will be GZIP compressed

Cutadapt seems to be fairly up-to-date (version 5.0). Setting -j -j 8
Writing final adapter and quality trimmed output to SKNAS_rep1_R2_trimmed.fq.gz


  >>> Now performing quality (cutoff '-q 20') and adapter trimming in a single pass for the adapter sequence: 'CTGTCTCTTATA' from file /data/scratch/flanary/atac-seq/treated/Sen_241217/fastq/SKNAS_rep1_R2.fastq.gz <<< 
10000000 sequences processed
20000000 sequences processed
30000000 sequences processed
40000000 sequences processed
50000000 sequences processed
60000000 sequences processed
70000000 sequences processed
80000000 sequences processed
90000000 sequences processed
100000000 sequences processed
110000000 sequences processed
120000000 sequences processed
130000000 sequences processed
140000000 sequences processed
150000000 sequences processed
160000000 sequences processed
170000000 sequences processed
180000000 sequences processed
This is cutadapt 5.0 with Python 3.11.11
Command line parameters: -j 8 -e 0.1 -q 20 -O 1 -a CTGTCTCTTATA /data/scratch/flanary/atac-seq/treated/Sen_241217/fastq/SKNAS_rep1_R2.fastq.gz
Processing single-end reads on 8 cores ...

=== Summary ===

Total reads processed:             188,200,803
Reads with adapters:               118,004,508 (62.7%)
Reads written (passing filters):   188,200,803 (100.0%)

Total basepairs processed: 19,008,281,103 bp
Quality-trimmed:              28,131,517 bp (0.1%)
Total written (filtered):  15,850,897,196 bp (83.4%)

=== Adapter 1 ===

Sequence: CTGTCTCTTATA; Type: regular 3'; Length: 12; Trimmed: 118004508 times

Minimum overlap: 1
No. of allowed errors:
1-9 bp: 0; 10-12 bp: 1

Bases preceding removed adapters:
  A: 12.5%
  C: 41.7%
  G: 25.9%
  T: 19.9%
  none/other: 0.0%

Overview of removed sequences
length	count	expect	max.err	error counts
1	25182744	47050200.8	0	25182744
2	8376767	11762550.2	0	8376767
3	3256345	2940637.5	0	3256345
4	1471384	735159.4	0	1471384
5	1064178	183789.8	0	1064178
6	1008672	45947.5	0	1008672
7	929645	11486.9	0	929645
8	866293	2871.7	0	866293
9	804101	717.9	0	798217 5884
10	799721	179.5	1	785560 14161
11	792428	44.9	1	783084 9344
12	878386	11.2	1	865327 13059
13	899420	11.2	1	890677 8743
14	1043864	11.2	1	1029122 14742
15	1088457	11.2	1	1077637 10820
16	1174530	11.2	1	1153857 20673
17	1099211	11.2	1	1088385 10826
18	1029118	11.2	1	1019215 9903
19	992338	11.2	1	982062 10276
20	934070	11.2	1	925631 8439
21	933877	11.2	1	922038 11839
22	978627	11.2	1	967690 10937
23	1033413	11.2	1	1023600 9813
24	1155397	11.2	1	1142810 12587
25	1248649	11.2	1	1236967 11682
26	1279208	11.2	1	1266678 12530
27	1308690	11.2	1	1295859 12831
28	1265996	11.2	1	1250479 15517
29	1188863	11.2	1	1178054 10809
30	1130106	11.2	1	1119388 10718
31	1073815	11.2	1	1061799 12016
32	1100229	11.2	1	1090326 9903
33	1273753	11.2	1	1262437 11316
34	1154144	11.2	1	1141228 12916
35	1417589	11.2	1	1405063 12526
36	1492829	11.2	1	1478651 14178
37	1580311	11.2	1	1565149 15162
38	1519621	11.2	1	1507450 12171
39	1407173	11.2	1	1393837 13336
40	1421462	11.2	1	1406584 14878
41	1151038	11.2	1	1140426 10612
42	1320374	11.2	1	1309322 11052
43	1260386	11.2	1	1249558 10828
44	1443418	11.2	1	1431172 12246
45	1591953	11.2	1	1578261 13692
46	1709526	11.2	1	1696229 13297
47	1793125	11.2	1	1777204 15921
48	1822807	11.2	1	1806181 16626
49	1645493	11.2	1	1633258 12235
50	1610322	11.2	1	1596791 13531
51	1560247	11.2	1	1546771 13476
52	1471514	11.2	1	1460027 11487
53	1464805	11.2	1	1453124 11681
54	1585991	11.2	1	1573352 12639
55	1769037	11.2	1	1755315 13722
56	1991387	11.2	1	1976066 15321
57	1937331	11.2	1	1923360 13971
58	1884305	11.2	1	1869466 14839
59	1855603	11.2	1	1841568 14035
60	1434776	11.2	1	1423385 11391
61	1434247	11.2	1	1423920 10327
62	1280654	11.2	1	1270330 10324
63	1120733	11.2	1	1112299 8434
64	933554	11.2	1	925173 8381
65	880996	11.2	1	874321 6675
66	381510	11.2	1	377544 3966
67	216282	11.2	1	213636 2646
68	129252	11.2	1	125829 3423
69	95516	11.2	1	92960 2556
70	71485	11.2	1	69396 2089
71	78079	11.2	1	76148 1931
72	112794	11.2	1	110723 2071
73	124518	11.2	1	120564 3954
74	92501	11.2	1	90286 2215
75	38507	11.2	1	34324 4183
76	4767	11.2	1	2616 2151
77	2633	11.2	1	1298 1335
78	3290	11.2	1	312 2978
79	1996	11.2	1	390 1606
80	3129	11.2	1	1298 1831
81	1953	11.2	1	315 1638
82	2393	11.2	1	1133 1260
83	2767	11.2	1	164 2603
84	1385	11.2	1	244 1141
85	2877	11.2	1	117 2760
86	1475	11.2	1	100 1375
87	1435	11.2	1	88 1347
88	2542	11.2	1	51 2491
89	1647	11.2	1	40 1607
90	1119	11.2	1	38 1081
91	2919	11.2	1	72 2847
92	1971	11.2	1	283 1688
93	5433	11.2	1	102 5331
94	634	11.2	1	3 631
95	1028	11.2	1	9 1019
96	445	11.2	1	8 437
97	1005	11.2	1	10 995
98	2954	11.2	1	29 2925
99	980	11.2	1	19 961
100	732	11.2	1	11 721
101	1509	11.2	1	1171 338

RUN STATISTICS FOR INPUT FILE: /data/scratch/flanary/atac-seq/treated/Sen_241217/fastq/SKNAS_rep1_R2.fastq.gz
=============================================
188200803 sequences processed in total
The length threshold of paired-end sequences gets evaluated later on (in the validation step)

Validate paired-end files SKNAS_rep1_R1_trimmed.fq.gz and SKNAS_rep1_R2_trimmed.fq.gz
file_1: SKNAS_rep1_R1_trimmed.fq.gz, file_2: SKNAS_rep1_R2_trimmed.fq.gz


>>>>> Now validing the length of the 2 paired-end infiles: SKNAS_rep1_R1_trimmed.fq.gz and SKNAS_rep1_R2_trimmed.fq.gz <<<<<
Writing validated paired-end Read 1 reads to SKNAS_rep1_R1_val_1.fq.gz
Writing validated paired-end Read 2 reads to SKNAS_rep1_R2_val_2.fq.gz

Total number of sequences analysed: 188200803

Number of sequence pairs removed because at least one read was shorter than the length cutoff (30 bp): 555095 (0.29%)

Deleting both intermediate output files SKNAS_rep1_R1_trimmed.fq.gz and SKNAS_rep1_R2_trimmed.fq.gz

====================================================================================================

