
The following have been reloaded with a version change:
  1) GCC/10.2.0 => GCC/7.3.0-2.30
  2) GCCcore/10.2.0 => GCCcore/7.3.0
  3) binutils/2.35-GCCcore-10.2.0 => binutils/2.30-GCCcore-7.3.0
  4) zlib/1.2.11-GCCcore-10.2.0 => zlib/1.2.11-GCCcore-7.3.0


The following have been reloaded with a version change:
  1) SAMtools/1.12-GCC-10.2.0 => SAMtools/1.9-foss-2018b
  2) XZ/5.2.5-GCCcore-10.2.0 => XZ/5.2.4-GCCcore-7.3.0
  3) bzip2/1.0.8-GCCcore-10.2.0 => bzip2/1.0.6-GCCcore-7.3.0
  4) cURL/7.72.0-GCCcore-10.2.0 => cURL/7.60.0-GCCcore-7.3.0
  5) ncurses/6.2-GCCcore-10.2.0 => ncurses/6.1-GCCcore-7.3.0

[M::bwa_idx_load_from_disk] read 0 ALT contigs
[M::process] read 1980140 sequences (80000041 bp)...
[M::process] read 1980770 sequences (80000038 bp)...
[M::mem_pestat] # candidate unique pairs for (FF, FR, RF, RR): (0, 435632, 2, 0)
[M::mem_pestat] skip orientation FF as there are not enough pairs
[M::mem_pestat] analyzing insert size distribution for orientation FR...
[M::mem_pestat] (25, 50, 75) percentile: (41, 49, 61)
[M::mem_pestat] low and high boundaries for computing mean and std.dev: (1, 101)
[M::mem_pestat] mean and std.dev: (51.42, 14.82)
[M::mem_pestat] low and high boundaries for proper pairs: (1, 121)
[M::mem_pestat] skip orientation RF as there are not enough pairs
[M::mem_pestat] skip orientation RR as there are not enough pairs
[M::mem_process_seqs] Processed 1980140 reads in 135.372 CPU sec, 29.055 real sec
[M::mem_pestat] # candidate unique pairs for (FF, FR, RF, RR): (1, 437166, 1, 0)
[M::mem_pestat] skip orientation FF as there are not enough pairs
[M::mem_pestat] analyzing insert size distribution for orientation FR...
[M::mem_pestat] (25, 50, 75) percentile: (41, 49, 61)
[M::mem_pestat] low and high boundaries for computing mean and std.dev: (1, 101)
[M::mem_pestat] mean and std.dev: (51.36, 14.82)
[M::mem_pestat] low and high boundaries for proper pairs: (1, 121)
[M::mem_pestat] skip orientation RF as there are not enough pairs
[M::mem_pestat] skip orientation RR as there are not enough pairs
[M::mem_process_seqs] Processed 1980770 reads in 130.669 CPU sec, 19.487 real sec
[M::process] read 1979040 sequences (80000001 bp)...
[M::mem_pestat] # candidate unique pairs for (FF, FR, RF, RR): (1, 434057, 2, 0)
[M::mem_pestat] skip orientation FF as there are not enough pairs
[M::mem_pestat] analyzing insert size distribution for orientation FR...
[M::mem_pestat] (25, 50, 75) percentile: (41, 49, 62)
[M::mem_pestat] low and high boundaries for computing mean and std.dev: (1, 104)
[M::mem_pestat] mean and std.dev: (51.83, 15.26)
[M::mem_pestat] low and high boundaries for proper pairs: (1, 125)
[M::mem_pestat] skip orientation RF as there are not enough pairs
[M::mem_pestat] skip orientation RR as there are not enough pairs
[M::mem_process_seqs] Processed 1979040 reads in 134.057 CPU sec, 17.665 real sec
[M::process] read 1980110 sequences (80000045 bp)...
[M::mem_pestat] # candidate unique pairs for (FF, FR, RF, RR): (0, 435149, 1, 0)
[M::mem_pestat] skip orientation FF as there are not enough pairs
[M::mem_pestat] analyzing insert size distribution for orientation FR...
[M::mem_pestat] (25, 50, 75) percentile: (41, 49, 61)
[M::mem_pestat] low and high boundaries for computing mean and std.dev: (1, 101)
[M::mem_pestat] mean and std.dev: (51.49, 14.84)
[M::mem_pestat] low and high boundaries for proper pairs: (1, 121)
[M::mem_pestat] skip orientation RF as there are not enough pairs
[M::mem_pestat] skip orientation RR as there are not enough pairs
[M::mem_process_seqs] Processed 1980110 reads in 133.182 CPU sec, 17.692 real sec
[M::process] read 1978762 sequences (80000025 bp)...
[M::mem_pestat] # candidate unique pairs for (FF, FR, RF, RR): (2, 433019, 2, 1)
[M::mem_pestat] skip orientation FF as there are not enough pairs
[M::mem_pestat] analyzing insert size distribution for orientation FR...
[M::mem_pestat] (25, 50, 75) percentile: (41, 49, 62)
[M::mem_pestat] low and high boundaries for computing mean and std.dev: (1, 104)
[M::mem_pestat] mean and std.dev: (51.87, 15.28)
[M::mem_pestat] low and high boundaries for proper pairs: (1, 125)
[M::mem_pestat] skip orientation RF as there are not enough pairs
[M::mem_pestat] skip orientation RR as there are not enough pairs
[M::mem_process_seqs] Processed 1978762 reads in 132.722 CPU sec, 17.859 real sec
[M::process] read 1980316 sequences (80000078 bp)...
[M::mem_pestat] # candidate unique pairs for (FF, FR, RF, RR): (0, 436223, 4, 0)
[M::mem_pestat] skip orientation FF as there are not enough pairs
[M::mem_pestat] analyzing insert size distribution for orientation FR...
[M::mem_pestat] (25, 50, 75) percentile: (41, 49, 61)
[M::mem_pestat] low and high boundaries for computing mean and std.dev: (1, 101)
[M::mem_pestat] mean and std.dev: (51.42, 14.80)
[M::mem_pestat] low and high boundaries for proper pairs: (1, 121)
[M::mem_pestat] skip orientation RF as there are not enough pairs
[M::mem_pestat] skip orientation RR as there are not enough pairs
[M::mem_process_seqs] Processed 1980316 reads in 133.776 CPU sec, 18.070 real sec
[M::process] read 1980396 sequences (80000080 bp)...
[M::mem_pestat] # candidate unique pairs for (FF, FR, RF, RR): (0, 432466, 2, 0)
[M::mem_pestat] skip orientation FF as there are not enough pairs
[M::mem_pestat] analyzing insert size distribution for orientation FR...
[M::mem_pestat] (25, 50, 75) percentile: (41, 48, 61)
[M::mem_pestat] low and high boundaries for computing mean and std.dev: (1, 101)
[M::mem_pestat] mean and std.dev: (51.26, 14.76)
[M::mem_pestat] low and high boundaries for proper pairs: (1, 121)
[M::mem_pestat] skip orientation RF as there are not enough pairs
[M::mem_pestat] skip orientation RR as there are not enough pairs
[M::mem_process_seqs] Processed 1980396 reads in 131.169 CPU sec, 17.809 real sec
[M::process] read 1980660 sequences (80000063 bp)...
[M::mem_pestat] # candidate unique pairs for (FF, FR, RF, RR): (0, 436573, 1, 0)
[M::mem_pestat] skip orientation FF as there are not enough pairs
[M::mem_pestat] analyzing insert size distribution for orientation FR...
[M::mem_pestat] (25, 50, 75) percentile: (41, 49, 61)
[M::mem_pestat] low and high boundaries for computing mean and std.dev: (1, 101)
[M::mem_pestat] mean and std.dev: (51.38, 14.80)
[M::mem_pestat] low and high boundaries for proper pairs: (1, 121)
[M::mem_pestat] skip orientation RF as there are not enough pairs
[M::mem_pestat] skip orientation RR as there are not enough pairs
[M::mem_process_seqs] Processed 1980660 reads in 132.174 CPU sec, 17.495 real sec
[M::process] read 1979674 sequences (80000017 bp)...
[M::mem_pestat] # candidate unique pairs for (FF, FR, RF, RR): (0, 437074, 1, 0)
[M::mem_pestat] skip orientation FF as there are not enough pairs
[M::mem_pestat] analyzing insert size distribution for orientation FR...
[M::mem_pestat] (25, 50, 75) percentile: (41, 49, 61)
[M::mem_pestat] low and high boundaries for computing mean and std.dev: (1, 101)
[M::mem_pestat] mean and std.dev: (51.39, 14.79)
[M::mem_pestat] low and high boundaries for proper pairs: (1, 121)
[M::mem_pestat] skip orientation RF as there are not enough pairs
[M::mem_pestat] skip orientation RR as there are not enough pairs
[M::mem_process_seqs] Processed 1979674 reads in 132.473 CPU sec, 17.892 real sec
[M::process] read 1980368 sequences (80000018 bp)...
[M::mem_pestat] # candidate unique pairs for (FF, FR, RF, RR): (0, 436154, 3, 0)
[M::mem_pestat] skip orientation FF as there are not enough pairs
[M::mem_pestat] analyzing insert size distribution for orientation FR...
[M::mem_pestat] (25, 50, 75) percentile: (41, 49, 61)
[M::mem_pestat] low and high boundaries for computing mean and std.dev: (1, 101)
[M::mem_pestat] mean and std.dev: (51.43, 14.84)
[M::mem_pestat] low and high boundaries for proper pairs: (1, 121)
[M::mem_pestat] skip orientation RF as there are not enough pairs
[M::mem_pestat] skip orientation RR as there are not enough pairs
[M::mem_process_seqs] Processed 1980368 reads in 131.561 CPU sec, 17.908 real sec
[M::process] read 1979354 sequences (80000067 bp)...
[M::mem_pestat] # candidate unique pairs for (FF, FR, RF, RR): (0, 436367, 0, 1)
[M::mem_pestat] skip orientation FF as there are not enough pairs
[M::mem_pestat] analyzing insert size distribution for orientation FR...
[M::mem_pestat] (25, 50, 75) percentile: (41, 49, 61)
[M::mem_pestat] low and high boundaries for computing mean and std.dev: (1, 101)
[M::mem_pestat] mean and std.dev: (51.42, 14.79)
[M::mem_pestat] low and high boundaries for proper pairs: (1, 121)
[M::mem_pestat] skip orientation RF as there are not enough pairs
[M::mem_pestat] skip orientation RR as there are not enough pairs
[M::mem_process_seqs] Processed 1979354 reads in 132.714 CPU sec, 17.697 real sec
[M::process] read 1980716 sequences (80000071 bp)...
[M::mem_pestat] # candidate unique pairs for (FF, FR, RF, RR): (0, 437463, 0, 0)
[M::mem_pestat] skip orientation FF as there are not enough pairs
[M::mem_pestat] analyzing insert size distribution for orientation FR...
[M::mem_pestat] (25, 50, 75) percentile: (41, 49, 61)
[M::mem_pestat] low and high boundaries for computing mean and std.dev: (1, 101)
[M::mem_pestat] mean and std.dev: (51.34, 14.77)
[M::mem_pestat] low and high boundaries for proper pairs: (1, 121)
[M::mem_pestat] skip orientation RF as there are not enough pairs
[M::mem_pestat] skip orientation RR as there are not enough pairs
[M::mem_process_seqs] Processed 1980716 reads in 133.946 CPU sec, 17.661 real sec
[M::process] read 1981156 sequences (80000029 bp)...
[M::mem_pestat] # candidate unique pairs for (FF, FR, RF, RR): (0, 438785, 0, 0)
[M::mem_pestat] skip orientation FF as there are not enough pairs
[M::mem_pestat] analyzing insert size distribution for orientation FR...
[M::mem_pestat] (25, 50, 75) percentile: (41, 48, 61)
[M::mem_pestat] low and high boundaries for computing mean and std.dev: (1, 101)
[M::mem_pestat] mean and std.dev: (51.20, 14.72)
[M::mem_pestat] low and high boundaries for proper pairs: (1, 121)
[M::mem_pestat] skip orientation RF as there are not enough pairs
[M::mem_pestat] skip orientation RR as there are not enough pairs
[M::mem_process_seqs] Processed 1981156 reads in 134.434 CPU sec, 18.284 real sec
[M::process] read 1979198 sequences (80000048 bp)...
[M::mem_pestat] # candidate unique pairs for (FF, FR, RF, RR): (0, 429389, 1, 0)
[M::mem_pestat] skip orientation FF as there are not enough pairs
[M::mem_pestat] analyzing insert size distribution for orientation FR...
[M::mem_pestat] (25, 50, 75) percentile: (41, 49, 62)
[M::mem_pestat] low and high boundaries for computing mean and std.dev: (1, 104)
[M::mem_pestat] mean and std.dev: (51.96, 15.23)
[M::mem_pestat] low and high boundaries for proper pairs: (1, 125)
[M::mem_pestat] skip orientation RF as there are not enough pairs
[M::mem_pestat] skip orientation RR as there are not enough pairs
[M::mem_process_seqs] Processed 1979198 reads in 132.706 CPU sec, 18.080 real sec
[M::process] read 1980902 sequences (80000008 bp)...
[M::mem_pestat] # candidate unique pairs for (FF, FR, RF, RR): (0, 437500, 2, 0)
[M::mem_pestat] skip orientation FF as there are not enough pairs
[M::mem_pestat] analyzing insert size distribution for orientation FR...
[M::mem_pestat] (25, 50, 75) percentile: (41, 48, 61)
[M::mem_pestat] low and high boundaries for computing mean and std.dev: (1, 101)
[M::mem_pestat] mean and std.dev: (51.26, 14.78)
[M::mem_pestat] low and high boundaries for proper pairs: (1, 121)
[M::mem_pestat] skip orientation RF as there are not enough pairs
[M::mem_pestat] skip orientation RR as there are not enough pairs
[M::mem_process_seqs] Processed 1980902 reads in 133.255 CPU sec, 18.100 real sec
[M::process] read 1977756 sequences (80000016 bp)...
[M::mem_pestat] # candidate unique pairs for (FF, FR, RF, RR): (0, 427127, 2, 0)
[M::mem_pestat] skip orientation FF as there are not enough pairs
[M::mem_pestat] analyzing insert size distribution for orientation FR...
[M::mem_pestat] (25, 50, 75) percentile: (41, 49, 62)
[M::mem_pestat] low and high boundaries for computing mean and std.dev: (1, 104)
[M::mem_pestat] mean and std.dev: (52.18, 15.34)
[M::mem_pestat] low and high boundaries for proper pairs: (1, 125)
[M::mem_pestat] skip orientation RF as there are not enough pairs
[M::mem_pestat] skip orientation RR as there are not enough pairs
[M::mem_process_seqs] Processed 1977756 reads in 129.861 CPU sec, 17.599 real sec
[M::process] read 1981034 sequences (80000078 bp)...
[M::mem_pestat] # candidate unique pairs for (FF, FR, RF, RR): (0, 436917, 1, 0)
[M::mem_pestat] skip orientation FF as there are not enough pairs
[M::mem_pestat] analyzing insert size distribution for orientation FR...
[M::mem_pestat] (25, 50, 75) percentile: (41, 48, 61)
[M::mem_pestat] low and high boundaries for computing mean and std.dev: (1, 101)
[M::mem_pestat] mean and std.dev: (51.25, 14.75)
[M::mem_pestat] low and high boundaries for proper pairs: (1, 121)
[M::mem_pestat] skip orientation RF as there are not enough pairs
[M::mem_pestat] skip orientation RR as there are not enough pairs
[M::mem_process_seqs] Processed 1981034 reads in 134.478 CPU sec, 17.797 real sec
[M::process] read 1977552 sequences (80000038 bp)...
[M::mem_pestat] # candidate unique pairs for (FF, FR, RF, RR): (0, 425461, 2, 2)
[M::mem_pestat] skip orientation FF as there are not enough pairs
[M::mem_pestat] analyzing insert size distribution for orientation FR...
[M::mem_pestat] (25, 50, 75) percentile: (41, 49, 62)
[M::mem_pestat] low and high boundaries for computing mean and std.dev: (1, 104)
[M::mem_pestat] mean and std.dev: (52.21, 15.33)
[M::mem_pestat] low and high boundaries for proper pairs: (1, 125)
[M::mem_pestat] skip orientation RF as there are not enough pairs
[M::mem_pestat] skip orientation RR as there are not enough pairs
[M::mem_process_seqs] Processed 1977552 reads in 132.004 CPU sec, 18.126 real sec
[M::process] read 1980838 sequences (80000059 bp)...
[M::mem_pestat] # candidate unique pairs for (FF, FR, RF, RR): (0, 437671, 0, 0)
[M::mem_pestat] skip orientation FF as there are not enough pairs
[M::mem_pestat] analyzing insert size distribution for orientation FR...
[M::mem_pestat] (25, 50, 75) percentile: (41, 48, 61)
[M::mem_pestat] low and high boundaries for computing mean and std.dev: (1, 101)
[M::mem_pestat] mean and std.dev: (51.22, 14.72)
[M::mem_pestat] low and high boundaries for proper pairs: (1, 121)
[M::mem_pestat] skip orientation RF as there are not enough pairs
[M::mem_pestat] skip orientation RR as there are not enough pairs
[M::mem_process_seqs] Processed 1980838 reads in 133.244 CPU sec, 17.745 real sec
[M::process] read 1979596 sequences (80000063 bp)...
[M::mem_pestat] # candidate unique pairs for (FF, FR, RF, RR): (1, 430908, 3, 0)
[M::mem_pestat] skip orientation FF as there are not enough pairs
[M::mem_pestat] analyzing insert size distribution for orientation FR...
[M::mem_pestat] (25, 50, 75) percentile: (41, 49, 62)
[M::mem_pestat] low and high boundaries for computing mean and std.dev: (1, 104)
[M::mem_pestat] mean and std.dev: (51.83, 15.23)
[M::mem_pestat] low and high boundaries for proper pairs: (1, 125)
[M::mem_pestat] skip orientation RF as there are not enough pairs
[M::mem_pestat] skip orientation RR as there are not enough pairs
[M::mem_process_seqs] Processed 1979596 reads in 134.217 CPU sec, 17.817 real sec
[M::process] read 1980904 sequences (80000062 bp)...
[M::mem_pestat] # candidate unique pairs for (FF, FR, RF, RR): (0, 437816, 1, 0)
[M::mem_pestat] skip orientation FF as there are not enough pairs
[M::mem_pestat] analyzing insert size distribution for orientation FR...
[M::mem_pestat] (25, 50, 75) percentile: (41, 48, 61)
[M::mem_pestat] low and high boundaries for computing mean and std.dev: (1, 101)
[M::mem_pestat] mean and std.dev: (51.22, 14.74)
[M::mem_pestat] low and high boundaries for proper pairs: (1, 121)
[M::mem_pestat] skip orientation RF as there are not enough pairs
[M::mem_pestat] skip orientation RR as there are not enough pairs
[M::mem_process_seqs] Processed 1980904 reads in 134.219 CPU sec, 17.999 real sec
[M::process] read 1978684 sequences (80000020 bp)...
[M::mem_pestat] # candidate unique pairs for (FF, FR, RF, RR): (0, 429910, 1, 0)
[M::mem_pestat] skip orientation FF as there are not enough pairs
[M::mem_pestat] analyzing insert size distribution for orientation FR...
[M::mem_pestat] (25, 50, 75) percentile: (41, 49, 62)
[M::mem_pestat] low and high boundaries for computing mean and std.dev: (1, 104)
[M::mem_pestat] mean and std.dev: (51.90, 15.26)
[M::mem_pestat] low and high boundaries for proper pairs: (1, 125)
[M::mem_pestat] skip orientation RF as there are not enough pairs
[M::mem_pestat] skip orientation RR as there are not enough pairs
[M::mem_process_seqs] Processed 1978684 reads in 131.964 CPU sec, 17.839 real sec
[M::process] read 1981256 sequences (80000051 bp)...
[M::mem_pestat] # candidate unique pairs for (FF, FR, RF, RR): (0, 437386, 1, 0)
[M::mem_pestat] skip orientation FF as there are not enough pairs
[M::mem_pestat] analyzing insert size distribution for orientation FR...
[M::mem_pestat] (25, 50, 75) percentile: (41, 48, 61)
[M::mem_pestat] low and high boundaries for computing mean and std.dev: (1, 101)
[M::mem_pestat] mean and std.dev: (51.26, 14.74)
[M::mem_pestat] low and high boundaries for proper pairs: (1, 121)
[M::mem_pestat] skip orientation RF as there are not enough pairs
[M::mem_pestat] skip orientation RR as there are not enough pairs
[M::mem_process_seqs] Processed 1981256 reads in 132.594 CPU sec, 17.881 real sec
[M::process] read 1979446 sequences (80000081 bp)...
[M::mem_pestat] # candidate unique pairs for (FF, FR, RF, RR): (0, 432041, 2, 0)
[M::mem_pestat] skip orientation FF as there are not enough pairs
[M::mem_pestat] analyzing insert size distribution for orientation FR...
[M::mem_pestat] (25, 50, 75) percentile: (41, 49, 62)
[M::mem_pestat] low and high boundaries for computing mean and std.dev: (1, 104)
[M::mem_pestat] mean and std.dev: (51.84, 15.24)
[M::mem_pestat] low and high boundaries for proper pairs: (1, 125)
[M::mem_pestat] skip orientation RF as there are not enough pairs
[M::mem_pestat] skip orientation RR as there are not enough pairs
[M::mem_process_seqs] Processed 1979446 reads in 130.950 CPU sec, 17.733 real sec
[M::process] read 1979226 sequences (80000036 bp)...
[M::mem_pestat] # candidate unique pairs for (FF, FR, RF, RR): (0, 432263, 1, 0)
[M::mem_pestat] skip orientation FF as there are not enough pairs
[M::mem_pestat] analyzing insert size distribution for orientation FR...
[M::mem_pestat] (25, 50, 75) percentile: (41, 49, 62)
[M::mem_pestat] low and high boundaries for computing mean and std.dev: (1, 104)
[M::mem_pestat] mean and std.dev: (51.83, 15.21)
[M::mem_pestat] low and high boundaries for proper pairs: (1, 125)
[M::mem_pestat] skip orientation RF as there are not enough pairs
[M::mem_pestat] skip orientation RR as there are not enough pairs
[M::mem_process_seqs] Processed 1979226 reads in 131.667 CPU sec, 17.963 real sec
[M::process] read 1981110 sequences (80000057 bp)...
[M::mem_pestat] # candidate unique pairs for (FF, FR, RF, RR): (0, 436888, 0, 0)
[M::mem_pestat] skip orientation FF as there are not enough pairs
[M::mem_pestat] analyzing insert size distribution for orientation FR...
[M::mem_pestat] (25, 50, 75) percentile: (41, 49, 61)
[M::mem_pestat] low and high boundaries for computing mean and std.dev: (1, 101)
[M::mem_pestat] mean and std.dev: (51.30, 14.75)
[M::mem_pestat] low and high boundaries for proper pairs: (1, 121)
[M::mem_pestat] skip orientation RF as there are not enough pairs
[M::mem_pestat] skip orientation RR as there are not enough pairs
[M::mem_process_seqs] Processed 1981110 reads in 134.321 CPU sec, 18.002 real sec
[M::process] read 1978960 sequences (80000043 bp)...
[M::mem_pestat] # candidate unique pairs for (FF, FR, RF, RR): (0, 430897, 2, 1)
[M::mem_pestat] skip orientation FF as there are not enough pairs
[M::mem_pestat] analyzing insert size distribution for orientation FR...
[M::mem_pestat] (25, 50, 75) percentile: (41, 49, 62)
[M::mem_pestat] low and high boundaries for computing mean and std.dev: (1, 104)
[M::mem_pestat] mean and std.dev: (51.96, 15.28)
[M::mem_pestat] low and high boundaries for proper pairs: (1, 125)
[M::mem_pestat] skip orientation RF as there are not enough pairs
[M::mem_pestat] skip orientation RR as there are not enough pairs
[M::mem_process_seqs] Processed 1978960 reads in 132.986 CPU sec, 17.620 real sec
[M::process] read 1981212 sequences (80000003 bp)...
[M::mem_pestat] # candidate unique pairs for (FF, FR, RF, RR): (0, 436902, 1, 0)
[M::mem_pestat] skip orientation FF as there are not enough pairs
[M::mem_pestat] analyzing insert size distribution for orientation FR...
[M::mem_pestat] (25, 50, 75) percentile: (41, 48, 61)
[M::mem_pestat] low and high boundaries for computing mean and std.dev: (1, 101)
[M::mem_pestat] mean and std.dev: (51.27, 14.76)
[M::mem_pestat] low and high boundaries for proper pairs: (1, 121)
[M::mem_pestat] skip orientation RF as there are not enough pairs
[M::mem_pestat] skip orientation RR as there are not enough pairs
[M::mem_process_seqs] Processed 1981212 reads in 133.921 CPU sec, 18.128 real sec
[M::process] read 1980242 sequences (80000038 bp)...
[M::mem_pestat] # candidate unique pairs for (FF, FR, RF, RR): (2, 434250, 1, 0)
[M::mem_pestat] skip orientation FF as there are not enough pairs
[M::mem_pestat] analyzing insert size distribution for orientation FR...
[M::mem_pestat] (25, 50, 75) percentile: (41, 49, 61)
[M::mem_pestat] low and high boundaries for computing mean and std.dev: (1, 101)
[M::mem_pestat] mean and std.dev: (51.45, 14.83)
[M::mem_pestat] low and high boundaries for proper pairs: (1, 121)
[M::mem_pestat] skip orientation RF as there are not enough pairs
[M::mem_pestat] skip orientation RR as there are not enough pairs
[M::mem_process_seqs] Processed 1980242 reads in 133.548 CPU sec, 17.966 real sec
[M::process] read 1981124 sequences (80000054 bp)...
[M::mem_pestat] # candidate unique pairs for (FF, FR, RF, RR): (0, 439060, 3, 0)
[M::mem_pestat] skip orientation FF as there are not enough pairs
[M::mem_pestat] analyzing insert size distribution for orientation FR...
[M::mem_pestat] (25, 50, 75) percentile: (41, 48, 61)
[M::mem_pestat] low and high boundaries for computing mean and std.dev: (1, 101)
[M::mem_pestat] mean and std.dev: (51.20, 14.74)
[M::mem_pestat] low and high boundaries for proper pairs: (1, 121)
[M::mem_pestat] skip orientation RF as there are not enough pairs
[M::mem_pestat] skip orientation RR as there are not enough pairs
[M::mem_process_seqs] Processed 1981124 reads in 133.322 CPU sec, 17.744 real sec
[M::process] read 1980516 sequences (80000064 bp)...
[M::mem_pestat] # candidate unique pairs for (FF, FR, RF, RR): (0, 437082, 0, 0)
[M::mem_pestat] skip orientation FF as there are not enough pairs
[M::mem_pestat] analyzing insert size distribution for orientation FR...
[M::mem_pestat] (25, 50, 75) percentile: (41, 49, 61)
[M::mem_pestat] low and high boundaries for computing mean and std.dev: (1, 101)
[M::mem_pestat] mean and std.dev: (51.33, 14.77)
[M::mem_pestat] low and high boundaries for proper pairs: (1, 121)
[M::mem_pestat] skip orientation RF as there are not enough pairs
[M::mem_pestat] skip orientation RR as there are not enough pairs
[M::mem_process_seqs] Processed 1980516 reads in 131.645 CPU sec, 17.948 real sec
[M::process] read 1980728 sequences (80000039 bp)...
[M::mem_pestat] # candidate unique pairs for (FF, FR, RF, RR): (0, 438422, 1, 0)
[M::mem_pestat] skip orientation FF as there are not enough pairs
[M::mem_pestat] analyzing insert size distribution for orientation FR...
[M::mem_pestat] (25, 50, 75) percentile: (41, 48, 61)
[M::mem_pestat] low and high boundaries for computing mean and std.dev: (1, 101)
[M::mem_pestat] mean and std.dev: (51.29, 14.74)
[M::mem_pestat] low and high boundaries for proper pairs: (1, 121)
[M::mem_pestat] skip orientation RF as there are not enough pairs
[M::mem_pestat] skip orientation RR as there are not enough pairs
[M::mem_process_seqs] Processed 1980728 reads in 131.234 CPU sec, 17.281 real sec
[M::process] read 1978568 sequences (80000026 bp)...
[M::mem_pestat] # candidate unique pairs for (FF, FR, RF, RR): (0, 432084, 1, 0)
[M::mem_pestat] skip orientation FF as there are not enough pairs
[M::mem_pestat] analyzing insert size distribution for orientation FR...
[M::mem_pestat] (25, 50, 75) percentile: (41, 49, 62)
[M::mem_pestat] low and high boundaries for computing mean and std.dev: (1, 104)
[M::mem_pestat] mean and std.dev: (51.92, 15.23)
[M::mem_pestat] low and high boundaries for proper pairs: (1, 125)
[M::mem_pestat] skip orientation RF as there are not enough pairs
[M::mem_pestat] skip orientation RR as there are not enough pairs
[M::mem_process_seqs] Processed 1978568 reads in 132.319 CPU sec, 17.481 real sec
[M::process] read 1979956 sequences (80000008 bp)...
[M::mem_pestat] # candidate unique pairs for (FF, FR, RF, RR): (0, 436085, 0, 1)
[M::mem_pestat] skip orientation FF as there are not enough pairs
[M::mem_pestat] analyzing insert size distribution for orientation FR...
[M::mem_pestat] (25, 50, 75) percentile: (41, 49, 61)
[M::mem_pestat] low and high boundaries for computing mean and std.dev: (1, 101)
[M::mem_pestat] mean and std.dev: (51.42, 14.81)
[M::mem_pestat] low and high boundaries for proper pairs: (1, 121)
[M::mem_pestat] skip orientation RF as there are not enough pairs
[M::mem_pestat] skip orientation RR as there are not enough pairs
[M::mem_process_seqs] Processed 1979956 reads in 131.606 CPU sec, 18.019 real sec
[M::process] read 1979682 sequences (80000057 bp)...
[M::mem_pestat] # candidate unique pairs for (FF, FR, RF, RR): (0, 432629, 2, 0)
[M::mem_pestat] skip orientation FF as there are not enough pairs
[M::mem_pestat] analyzing insert size distribution for orientation FR...
[M::mem_pestat] (25, 50, 75) percentile: (41, 49, 62)
[M::mem_pestat] low and high boundaries for computing mean and std.dev: (1, 104)
[M::mem_pestat] mean and std.dev: (51.83, 15.24)
[M::mem_pestat] low and high boundaries for proper pairs: (1, 125)
[M::mem_pestat] skip orientation RF as there are not enough pairs
[M::mem_pestat] skip orientation RR as there are not enough pairs
[M::mem_process_seqs] Processed 1979682 reads in 132.062 CPU sec, 18.007 real sec
[M::process] read 1978110 sequences (80000059 bp)...
[M::mem_pestat] # candidate unique pairs for (FF, FR, RF, RR): (0, 429508, 2, 0)
[M::mem_pestat] skip orientation FF as there are not enough pairs
[M::mem_pestat] analyzing insert size distribution for orientation FR...
[M::mem_pestat] (25, 50, 75) percentile: (41, 49, 62)
[M::mem_pestat] low and high boundaries for computing mean and std.dev: (1, 104)
[M::mem_pestat] mean and std.dev: (52.06, 15.32)
[M::mem_pestat] low and high boundaries for proper pairs: (1, 125)
[M::mem_pestat] skip orientation RF as there are not enough pairs
[M::mem_pestat] skip orientation RR as there are not enough pairs
[M::mem_process_seqs] Processed 1978110 reads in 132.103 CPU sec, 17.643 real sec
[M::process] read 1977898 sequences (80000005 bp)...
[M::mem_pestat] # candidate unique pairs for (FF, FR, RF, RR): (1, 427041, 1, 0)
[M::mem_pestat] skip orientation FF as there are not enough pairs
[M::mem_pestat] analyzing insert size distribution for orientation FR...
[M::mem_pestat] (25, 50, 75) percentile: (41, 49, 62)
[M::mem_pestat] low and high boundaries for computing mean and std.dev: (1, 104)
[M::mem_pestat] mean and std.dev: (52.10, 15.35)
[M::mem_pestat] low and high boundaries for proper pairs: (1, 125)
[M::mem_pestat] skip orientation RF as there are not enough pairs
[M::mem_pestat] skip orientation RR as there are not enough pairs
[M::mem_process_seqs] Processed 1977898 reads in 131.493 CPU sec, 17.833 real sec
[M::process] read 1980888 sequences (80000057 bp)...
[M::mem_pestat] # candidate unique pairs for (FF, FR, RF, RR): (0, 435745, 2, 0)
[M::mem_pestat] skip orientation FF as there are not enough pairs
[M::mem_pestat] analyzing insert size distribution for orientation FR...
[M::mem_pestat] (25, 50, 75) percentile: (41, 48, 61)
[M::mem_pestat] low and high boundaries for computing mean and std.dev: (1, 101)
[M::mem_pestat] mean and std.dev: (51.32, 14.78)
[M::mem_pestat] low and high boundaries for proper pairs: (1, 121)
[M::mem_pestat] skip orientation RF as there are not enough pairs
[M::mem_pestat] skip orientation RR as there are not enough pairs
[M::mem_process_seqs] Processed 1980888 reads in 131.211 CPU sec, 17.894 real sec
[M::process] read 1978512 sequences (80000050 bp)...
[M::mem_pestat] # candidate unique pairs for (FF, FR, RF, RR): (0, 428414, 2, 0)
[M::mem_pestat] skip orientation FF as there are not enough pairs
[M::mem_pestat] analyzing insert size distribution for orientation FR...
[M::mem_pestat] (25, 50, 75) percentile: (41, 49, 62)
[M::mem_pestat] low and high boundaries for computing mean and std.dev: (1, 104)
[M::mem_pestat] mean and std.dev: (52.01, 15.30)
[M::mem_pestat] low and high boundaries for proper pairs: (1, 125)
[M::mem_pestat] skip orientation RF as there are not enough pairs
[M::mem_pestat] skip orientation RR as there are not enough pairs
[M::mem_process_seqs] Processed 1978512 reads in 129.759 CPU sec, 17.601 real sec
[M::process] read 1981958 sequences (80000021 bp)...
[M::mem_pestat] # candidate unique pairs for (FF, FR, RF, RR): (1, 438385, 2, 0)
[M::mem_pestat] skip orientation FF as there are not enough pairs
[M::mem_pestat] analyzing insert size distribution for orientation FR...
[M::mem_pestat] (25, 50, 75) percentile: (41, 48, 61)
[M::mem_pestat] low and high boundaries for computing mean and std.dev: (1, 101)
[M::mem_pestat] mean and std.dev: (51.16, 14.72)
[M::mem_pestat] low and high boundaries for proper pairs: (1, 121)
[M::mem_pestat] skip orientation RF as there are not enough pairs
[M::mem_pestat] skip orientation RR as there are not enough pairs
[M::mem_process_seqs] Processed 1981958 reads in 133.307 CPU sec, 18.478 real sec
[M::process] read 1976954 sequences (80000072 bp)...
[M::mem_pestat] # candidate unique pairs for (FF, FR, RF, RR): (0, 427028, 1, 0)
[M::mem_pestat] skip orientation FF as there are not enough pairs
[M::mem_pestat] analyzing insert size distribution for orientation FR...
[M::mem_pestat] (25, 50, 75) percentile: (41, 49, 62)
[M::mem_pestat] low and high boundaries for computing mean and std.dev: (1, 104)
[M::mem_pestat] mean and std.dev: (52.29, 15.36)
[M::mem_pestat] low and high boundaries for proper pairs: (1, 125)
[M::mem_pestat] skip orientation RF as there are not enough pairs
[M::mem_pestat] skip orientation RR as there are not enough pairs
[M::mem_process_seqs] Processed 1976954 reads in 128.041 CPU sec, 17.766 real sec
[M::process] read 1980806 sequences (80000055 bp)...
[M::mem_pestat] # candidate unique pairs for (FF, FR, RF, RR): (0, 436696, 0, 0)
[M::mem_pestat] skip orientation FF as there are not enough pairs
[M::mem_pestat] analyzing insert size distribution for orientation FR...
[M::mem_pestat] (25, 50, 75) percentile: (41, 49, 61)
[M::mem_pestat] low and high boundaries for computing mean and std.dev: (1, 101)
[M::mem_pestat] mean and std.dev: (51.29, 14.76)
[M::mem_pestat] low and high boundaries for proper pairs: (1, 121)
[M::mem_pestat] skip orientation RF as there are not enough pairs
[M::mem_pestat] skip orientation RR as there are not enough pairs
[M::mem_process_seqs] Processed 1980806 reads in 133.849 CPU sec, 17.844 real sec
[M::process] read 1976862 sequences (80000023 bp)...
[M::mem_pestat] # candidate unique pairs for (FF, FR, RF, RR): (0, 426889, 1, 0)
[M::mem_pestat] skip orientation FF as there are not enough pairs
[M::mem_pestat] analyzing insert size distribution for orientation FR...
[M::mem_pestat] (25, 50, 75) percentile: (41, 49, 62)
[M::mem_pestat] low and high boundaries for computing mean and std.dev: (1, 104)
[M::mem_pestat] mean and std.dev: (52.20, 15.33)
[M::mem_pestat] low and high boundaries for proper pairs: (1, 125)
[M::mem_pestat] skip orientation RF as there are not enough pairs
[M::mem_pestat] skip orientation RR as there are not enough pairs
[M::mem_process_seqs] Processed 1976862 reads in 131.152 CPU sec, 17.229 real sec
[M::process] read 1981008 sequences (80000074 bp)...
[M::mem_pestat] # candidate unique pairs for (FF, FR, RF, RR): (0, 436964, 1, 0)
[M::mem_pestat] skip orientation FF as there are not enough pairs
[M::mem_pestat] analyzing insert size distribution for orientation FR...
[M::mem_pestat] (25, 50, 75) percentile: (41, 48, 61)
[M::mem_pestat] low and high boundaries for computing mean and std.dev: (1, 101)
[M::mem_pestat] mean and std.dev: (51.25, 14.73)
[M::mem_pestat] low and high boundaries for proper pairs: (1, 121)
[M::mem_pestat] skip orientation RF as there are not enough pairs
[M::mem_pestat] skip orientation RR as there are not enough pairs
[M::mem_process_seqs] Processed 1981008 reads in 135.465 CPU sec, 17.890 real sec
[M::process] read 1979738 sequences (80000042 bp)...
[M::mem_pestat] # candidate unique pairs for (FF, FR, RF, RR): (0, 432537, 2, 0)
[M::mem_pestat] skip orientation FF as there are not enough pairs
[M::mem_pestat] analyzing insert size distribution for orientation FR...
[M::mem_pestat] (25, 50, 75) percentile: (41, 49, 61)
[M::mem_pestat] low and high boundaries for computing mean and std.dev: (1, 101)
[M::mem_pestat] mean and std.dev: (51.47, 14.79)
[M::mem_pestat] low and high boundaries for proper pairs: (1, 121)
[M::mem_pestat] skip orientation RF as there are not enough pairs
[M::mem_pestat] skip orientation RR as there are not enough pairs
[M::mem_process_seqs] Processed 1979738 reads in 132.771 CPU sec, 17.914 real sec
[M::process] read 1314758 sequences (53079006 bp)...
[M::mem_pestat] # candidate unique pairs for (FF, FR, RF, RR): (0, 291140, 1, 0)
[M::mem_pestat] skip orientation FF as there are not enough pairs
[M::mem_pestat] analyzing insert size distribution for orientation FR...
[M::mem_pestat] (25, 50, 75) percentile: (41, 48, 61)
[M::mem_pestat] low and high boundaries for computing mean and std.dev: (1, 101)
[M::mem_pestat] mean and std.dev: (51.15, 14.72)
[M::mem_pestat] low and high boundaries for proper pairs: (1, 121)
[M::mem_pestat] skip orientation RF as there are not enough pairs
[M::mem_pestat] skip orientation RR as there are not enough pairs
[M::mem_process_seqs] Processed 1314758 reads in 89.244 CPU sec, 12.104 real sec
[main] Version: 0.7.17-r1188
[main] CMD: bwa mem -M -t 8 /data/project/sen-lab/genome/hg38/bwa/Homo_sapiens_assembly38.fasta /data/scratch/flanary/atac-seq/untreated/GSE138293/trimmed_fastq/SRR10215677_1_val_1.fq /data/scratch/flanary/atac-seq/untreated/GSE138293/trimmed_fastq/SRR10215677_2_val_2.fq
[main] Real time: 1183.264 sec; CPU: 6130.089 sec
