
The following have been reloaded with a version change:
  1) GCC/10.2.0 => GCC/7.3.0-2.30
  2) GCCcore/10.2.0 => GCCcore/7.3.0
  3) binutils/2.35-GCCcore-10.2.0 => binutils/2.30-GCCcore-7.3.0
  4) zlib/1.2.11-GCCcore-10.2.0 => zlib/1.2.11-GCCcore-7.3.0


The following have been reloaded with a version change:
  1) SAMtools/1.12-GCC-10.2.0 => SAMtools/1.9-foss-2018b
  2) XZ/5.2.5-GCCcore-10.2.0 => XZ/5.2.4-GCCcore-7.3.0
  3) bzip2/1.0.8-GCCcore-10.2.0 => bzip2/1.0.6-GCCcore-7.3.0
  4) cURL/7.72.0-GCCcore-10.2.0 => cURL/7.60.0-GCCcore-7.3.0
  5) ncurses/6.2-GCCcore-10.2.0 => ncurses/6.1-GCCcore-7.3.0

[M::bwa_idx_load_from_disk] read 0 ALT contigs
[M::process] read 980512 sequences (80000197 bp)...
[M::process] read 981886 sequences (80000106 bp)...
[M::mem_pestat] # candidate unique pairs for (FF, FR, RF, RR): (1, 343788, 18, 0)
[M::mem_pestat] skip orientation FF as there are not enough pairs
[M::mem_pestat] analyzing insert size distribution for orientation FR...
[M::mem_pestat] (25, 50, 75) percentile: (64, 155, 211)
[M::mem_pestat] low and high boundaries for computing mean and std.dev: (1, 505)
[M::mem_pestat] mean and std.dev: (155.47, 103.16)
[M::mem_pestat] low and high boundaries for proper pairs: (1, 652)
[M::mem_pestat] analyzing insert size distribution for orientation RF...
[M::mem_pestat] (25, 50, 75) percentile: (151, 412, 521)
[M::mem_pestat] low and high boundaries for computing mean and std.dev: (1, 1261)
[M::mem_pestat] mean and std.dev: (304.38, 226.72)
[M::mem_pestat] low and high boundaries for proper pairs: (1, 1631)
[M::mem_pestat] skip orientation RR as there are not enough pairs
[M::mem_pestat] skip orientation RF
[M::mem_process_seqs] Processed 980512 reads in 178.625 CPU sec, 29.017 real sec
[M::mem_pestat] # candidate unique pairs for (FF, FR, RF, RR): (2, 343597, 20, 4)
[M::mem_pestat] skip orientation FF as there are not enough pairs
[M::mem_pestat] analyzing insert size distribution for orientation FR...
[M::mem_pestat] (25, 50, 75) percentile: (64, 153, 209)
[M::mem_pestat] low and high boundaries for computing mean and std.dev: (1, 499)
[M::mem_pestat] mean and std.dev: (154.09, 101.62)
[M::mem_pestat] low and high boundaries for proper pairs: (1, 644)
[M::mem_pestat] analyzing insert size distribution for orientation RF...
[M::mem_pestat] (25, 50, 75) percentile: (32, 121, 589)
[M::mem_pestat] low and high boundaries for computing mean and std.dev: (1, 1703)
[M::mem_pestat] mean and std.dev: (314.47, 456.71)
[M::mem_pestat] low and high boundaries for proper pairs: (1, 2260)
[M::mem_pestat] skip orientation RR as there are not enough pairs
[M::mem_pestat] skip orientation RF
[M::mem_process_seqs] Processed 981886 reads in 181.188 CPU sec, 24.736 real sec
[M::process] read 984870 sequences (80000022 bp)...
[M::mem_pestat] # candidate unique pairs for (FF, FR, RF, RR): (4, 344970, 22, 4)
[M::mem_pestat] skip orientation FF as there are not enough pairs
[M::mem_pestat] analyzing insert size distribution for orientation FR...
[M::mem_pestat] (25, 50, 75) percentile: (63, 151, 207)
[M::mem_pestat] low and high boundaries for computing mean and std.dev: (1, 495)
[M::mem_pestat] mean and std.dev: (152.01, 100.38)
[M::mem_pestat] low and high boundaries for proper pairs: (1, 639)
[M::mem_pestat] analyzing insert size distribution for orientation RF...
[M::mem_pestat] (25, 50, 75) percentile: (33, 227, 551)
[M::mem_pestat] low and high boundaries for computing mean and std.dev: (1, 1587)
[M::mem_pestat] mean and std.dev: (317.05, 378.86)
[M::mem_pestat] low and high boundaries for proper pairs: (1, 2105)
[M::mem_pestat] skip orientation RR as there are not enough pairs
[M::mem_pestat] skip orientation RF
[M::mem_process_seqs] Processed 984870 reads in 186.472 CPU sec, 26.035 real sec
[M::process] read 986384 sequences (80000174 bp)...
[M::mem_pestat] # candidate unique pairs for (FF, FR, RF, RR): (2, 345078, 23, 4)
[M::mem_pestat] skip orientation FF as there are not enough pairs
[M::mem_pestat] analyzing insert size distribution for orientation FR...
[M::mem_pestat] (25, 50, 75) percentile: (63, 150, 206)
[M::mem_pestat] low and high boundaries for computing mean and std.dev: (1, 492)
[M::mem_pestat] mean and std.dev: (150.97, 99.53)
[M::mem_pestat] low and high boundaries for proper pairs: (1, 635)
[M::mem_pestat] analyzing insert size distribution for orientation RF...
[M::mem_pestat] (25, 50, 75) percentile: (182, 226, 826)
[M::mem_pestat] low and high boundaries for computing mean and std.dev: (1, 2114)
[M::mem_pestat] mean and std.dev: (366.19, 336.66)
[M::mem_pestat] low and high boundaries for proper pairs: (1, 2758)
[M::mem_pestat] skip orientation RR as there are not enough pairs
[M::mem_pestat] skip orientation RF
[M::mem_process_seqs] Processed 986384 reads in 181.481 CPU sec, 24.369 real sec
[M::process] read 986454 sequences (80000014 bp)...
[M::mem_pestat] # candidate unique pairs for (FF, FR, RF, RR): (7, 344984, 18, 1)
[M::mem_pestat] skip orientation FF as there are not enough pairs
[M::mem_pestat] analyzing insert size distribution for orientation FR...
[M::mem_pestat] (25, 50, 75) percentile: (63, 149, 205)
[M::mem_pestat] low and high boundaries for computing mean and std.dev: (1, 489)
[M::mem_pestat] mean and std.dev: (149.94, 98.53)
[M::mem_pestat] low and high boundaries for proper pairs: (1, 631)
[M::mem_pestat] analyzing insert size distribution for orientation RF...
[M::mem_pestat] (25, 50, 75) percentile: (152, 377, 608)
[M::mem_pestat] low and high boundaries for computing mean and std.dev: (1, 1520)
[M::mem_pestat] mean and std.dev: (390.12, 336.22)
[M::mem_pestat] low and high boundaries for proper pairs: (1, 1976)
[M::mem_pestat] skip orientation RR as there are not enough pairs
[M::mem_pestat] skip orientation RF
[M::mem_process_seqs] Processed 986454 reads in 180.992 CPU sec, 24.567 real sec
[M::process] read 988424 sequences (80000133 bp)...
[M::mem_pestat] # candidate unique pairs for (FF, FR, RF, RR): (3, 345429, 19, 3)
[M::mem_pestat] skip orientation FF as there are not enough pairs
[M::mem_pestat] analyzing insert size distribution for orientation FR...
[M::mem_pestat] (25, 50, 75) percentile: (62, 149, 207)
[M::mem_pestat] low and high boundaries for computing mean and std.dev: (1, 497)
[M::mem_pestat] mean and std.dev: (150.74, 100.47)
[M::mem_pestat] low and high boundaries for proper pairs: (1, 642)
[M::mem_pestat] analyzing insert size distribution for orientation RF...
[M::mem_pestat] (25, 50, 75) percentile: (76, 226, 689)
[M::mem_pestat] low and high boundaries for computing mean and std.dev: (1, 1915)
[M::mem_pestat] mean and std.dev: (344.89, 384.75)
[M::mem_pestat] low and high boundaries for proper pairs: (1, 2528)
[M::mem_pestat] skip orientation RR as there are not enough pairs
[M::mem_pestat] skip orientation RF
[M::mem_process_seqs] Processed 988424 reads in 184.365 CPU sec, 25.083 real sec
[M::process] read 987724 sequences (80000044 bp)...
[M::mem_pestat] # candidate unique pairs for (FF, FR, RF, RR): (5, 345791, 15, 4)
[M::mem_pestat] skip orientation FF as there are not enough pairs
[M::mem_pestat] analyzing insert size distribution for orientation FR...
[M::mem_pestat] (25, 50, 75) percentile: (63, 149, 205)
[M::mem_pestat] low and high boundaries for computing mean and std.dev: (1, 489)
[M::mem_pestat] mean and std.dev: (149.89, 98.79)
[M::mem_pestat] low and high boundaries for proper pairs: (1, 631)
[M::mem_pestat] analyzing insert size distribution for orientation RF...
[M::mem_pestat] (25, 50, 75) percentile: (181, 241, 883)
[M::mem_pestat] low and high boundaries for computing mean and std.dev: (1, 2287)
[M::mem_pestat] mean and std.dev: (422.93, 494.52)
[M::mem_pestat] low and high boundaries for proper pairs: (1, 2989)
[M::mem_pestat] skip orientation RR as there are not enough pairs
[M::mem_pestat] skip orientation RF
[M::mem_process_seqs] Processed 987724 reads in 185.387 CPU sec, 25.215 real sec
[M::process] read 986352 sequences (80000018 bp)...
[M::mem_pestat] # candidate unique pairs for (FF, FR, RF, RR): (6, 344500, 23, 5)
[M::mem_pestat] skip orientation FF as there are not enough pairs
[M::mem_pestat] analyzing insert size distribution for orientation FR...
[M::mem_pestat] (25, 50, 75) percentile: (63, 149, 204)
[M::mem_pestat] low and high boundaries for computing mean and std.dev: (1, 486)
[M::mem_pestat] mean and std.dev: (149.19, 96.96)
[M::mem_pestat] low and high boundaries for proper pairs: (1, 627)
[M::mem_pestat] analyzing insert size distribution for orientation RF...
[M::mem_pestat] (25, 50, 75) percentile: (184, 228, 735)
[M::mem_pestat] low and high boundaries for computing mean and std.dev: (1, 1837)
[M::mem_pestat] mean and std.dev: (438.91, 465.91)
[M::mem_pestat] low and high boundaries for proper pairs: (1, 2388)
[M::mem_pestat] skip orientation RR as there are not enough pairs
[M::mem_pestat] skip orientation RF
[M::process] read 986980 sequences (80000061 bp)...
[M::mem_process_seqs] Processed 986352 reads in 182.491 CPU sec, 25.444 real sec
[M::mem_pestat] # candidate unique pairs for (FF, FR, RF, RR): (2, 344749, 22, 2)
[M::mem_pestat] skip orientation FF as there are not enough pairs
[M::mem_pestat] analyzing insert size distribution for orientation FR...
[M::mem_pestat] (25, 50, 75) percentile: (63, 148, 203)
[M::mem_pestat] low and high boundaries for computing mean and std.dev: (1, 483)
[M::mem_pestat] mean and std.dev: (148.38, 96.07)
[M::mem_pestat] low and high boundaries for proper pairs: (1, 623)
[M::mem_pestat] analyzing insert size distribution for orientation RF...
[M::mem_pestat] (25, 50, 75) percentile: (55, 279, 986)
[M::mem_pestat] low and high boundaries for computing mean and std.dev: (1, 2848)
[M::mem_pestat] mean and std.dev: (473.75, 559.81)
[M::mem_pestat] low and high boundaries for proper pairs: (1, 3779)
[M::mem_pestat] skip orientation RR as there are not enough pairs
[M::mem_pestat] skip orientation RF
[M::mem_process_seqs] Processed 986980 reads in 181.912 CPU sec, 24.970 real sec
[M::process] read 987714 sequences (80000040 bp)...
[M::process] read 987532 sequences (80000031 bp)...
[M::mem_pestat] # candidate unique pairs for (FF, FR, RF, RR): (4, 344834, 17, 2)
[M::mem_pestat] skip orientation FF as there are not enough pairs
[M::mem_pestat] analyzing insert size distribution for orientation FR...
[M::mem_pestat] (25, 50, 75) percentile: (63, 148, 202)
[M::mem_pestat] low and high boundaries for computing mean and std.dev: (1, 480)
[M::mem_pestat] mean and std.dev: (147.56, 95.19)
[M::mem_pestat] low and high boundaries for proper pairs: (1, 619)
[M::mem_pestat] analyzing insert size distribution for orientation RF...
[M::mem_pestat] (25, 50, 75) percentile: (164, 192, 387)
[M::mem_pestat] low and high boundaries for computing mean and std.dev: (1, 833)
[M::mem_pestat] mean and std.dev: (204.64, 96.81)
[M::mem_pestat] low and high boundaries for proper pairs: (1, 1056)
[M::mem_pestat] skip orientation RR as there are not enough pairs
[M::mem_pestat] skip orientation RF
[M::mem_process_seqs] Processed 987714 reads in 183.556 CPU sec, 25.929 real sec
[M::mem_pestat] # candidate unique pairs for (FF, FR, RF, RR): (2, 344648, 20, 0)
[M::mem_pestat] skip orientation FF as there are not enough pairs
[M::mem_pestat] analyzing insert size distribution for orientation FR...
[M::mem_pestat] (25, 50, 75) percentile: (63, 147, 202)
[M::mem_pestat] low and high boundaries for computing mean and std.dev: (1, 480)
[M::mem_pestat] mean and std.dev: (147.45, 94.85)
[M::mem_pestat] low and high boundaries for proper pairs: (1, 619)
[M::mem_pestat] analyzing insert size distribution for orientation RF...
[M::mem_pestat] (25, 50, 75) percentile: (153, 205, 368)
[M::mem_pestat] low and high boundaries for computing mean and std.dev: (1, 798)
[M::mem_pestat] mean and std.dev: (223.74, 189.32)
[M::mem_pestat] low and high boundaries for proper pairs: (1, 1013)
[M::mem_pestat] skip orientation RR as there are not enough pairs
[M::mem_pestat] skip orientation RF
[M::mem_process_seqs] Processed 987532 reads in 184.057 CPU sec, 25.299 real sec
[M::process] read 989500 sequences (80000115 bp)...
[M::mem_pestat] # candidate unique pairs for (FF, FR, RF, RR): (4, 345035, 21, 2)
[M::mem_pestat] skip orientation FF as there are not enough pairs
[M::mem_pestat] analyzing insert size distribution for orientation FR...
[M::mem_pestat] (25, 50, 75) percentile: (63, 147, 201)
[M::mem_pestat] low and high boundaries for computing mean and std.dev: (1, 477)
[M::mem_pestat] mean and std.dev: (146.97, 94.68)
[M::mem_pestat] low and high boundaries for proper pairs: (1, 615)
[M::mem_pestat] analyzing insert size distribution for orientation RF...
[M::mem_pestat] (25, 50, 75) percentile: (173, 195, 534)
[M::mem_pestat] low and high boundaries for computing mean and std.dev: (1, 1256)
[M::mem_pestat] mean and std.dev: (292.50, 246.49)
[M::mem_pestat] low and high boundaries for proper pairs: (1, 1617)
[M::mem_pestat] skip orientation RR as there are not enough pairs
[M::mem_pestat] skip orientation RF
[M::mem_process_seqs] Processed 989500 reads in 181.823 CPU sec, 24.819 real sec
[M::process] read 990432 sequences (80000072 bp)...
[M::mem_pestat] # candidate unique pairs for (FF, FR, RF, RR): (4, 343998, 19, 2)
[M::mem_pestat] skip orientation FF as there are not enough pairs
[M::mem_pestat] analyzing insert size distribution for orientation FR...
[M::mem_pestat] (25, 50, 75) percentile: (64, 148, 201)
[M::mem_pestat] low and high boundaries for computing mean and std.dev: (1, 475)
[M::mem_pestat] mean and std.dev: (147.23, 94.11)
[M::mem_pestat] low and high boundaries for proper pairs: (1, 612)
[M::mem_pestat] analyzing insert size distribution for orientation RF...
[M::mem_pestat] (25, 50, 75) percentile: (28, 198, 345)
[M::mem_pestat] low and high boundaries for computing mean and std.dev: (1, 979)
[M::mem_pestat] mean and std.dev: (116.80, 103.40)
[M::mem_pestat] low and high boundaries for proper pairs: (1, 1296)
[M::mem_pestat] skip orientation RR as there are not enough pairs
[M::mem_pestat] skip orientation RF
[M::mem_process_seqs] Processed 990432 reads in 186.494 CPU sec, 25.771 real sec
[M::process] read 984618 sequences (80000153 bp)...
[M::mem_pestat] # candidate unique pairs for (FF, FR, RF, RR): (4, 343010, 21, 3)
[M::mem_pestat] skip orientation FF as there are not enough pairs
[M::mem_pestat] analyzing insert size distribution for orientation FR...
[M::mem_pestat] (25, 50, 75) percentile: (64, 148, 202)
[M::mem_pestat] low and high boundaries for computing mean and std.dev: (1, 478)
[M::mem_pestat] mean and std.dev: (147.76, 93.96)
[M::mem_pestat] low and high boundaries for proper pairs: (1, 616)
[M::mem_pestat] analyzing insert size distribution for orientation RF...
[M::mem_pestat] (25, 50, 75) percentile: (151, 231, 1061)
[M::mem_pestat] low and high boundaries for computing mean and std.dev: (1, 2881)
[M::mem_pestat] mean and std.dev: (463.63, 591.80)
[M::mem_pestat] low and high boundaries for proper pairs: (1, 3791)
[M::mem_pestat] skip orientation RR as there are not enough pairs
[M::mem_pestat] skip orientation RF
[M::process] read 984980 sequences (80000055 bp)...
[M::mem_process_seqs] Processed 984618 reads in 185.296 CPU sec, 25.119 real sec
[M::mem_pestat] # candidate unique pairs for (FF, FR, RF, RR): (4, 342060, 16, 3)
[M::mem_pestat] skip orientation FF as there are not enough pairs
[M::mem_pestat] analyzing insert size distribution for orientation FR...
[M::mem_pestat] (25, 50, 75) percentile: (65, 150, 203)
[M::mem_pestat] low and high boundaries for computing mean and std.dev: (1, 479)
[M::mem_pestat] mean and std.dev: (149.11, 94.91)
[M::mem_pestat] low and high boundaries for proper pairs: (1, 617)
[M::mem_pestat] analyzing insert size distribution for orientation RF...
[M::mem_pestat] (25, 50, 75) percentile: (108, 200, 741)
[M::mem_pestat] low and high boundaries for computing mean and std.dev: (1, 2007)
[M::mem_pestat] mean and std.dev: (417.67, 573.08)
[M::mem_pestat] low and high boundaries for proper pairs: (1, 2710)
[M::mem_pestat] skip orientation RR as there are not enough pairs
[M::mem_pestat] skip orientation RF
[M::process] read 977118 sequences (80000104 bp)...
[M::mem_process_seqs] Processed 984980 reads in 187.794 CPU sec, 27.485 real sec
[M::mem_pestat] # candidate unique pairs for (FF, FR, RF, RR): (2, 343300, 16, 0)
[M::mem_pestat] skip orientation FF as there are not enough pairs
[M::mem_pestat] analyzing insert size distribution for orientation FR...
[M::mem_pestat] (25, 50, 75) percentile: (66, 157, 212)
[M::mem_pestat] low and high boundaries for computing mean and std.dev: (1, 504)
[M::mem_pestat] mean and std.dev: (156.75, 102.90)
[M::mem_pestat] low and high boundaries for proper pairs: (1, 650)
[M::mem_pestat] analyzing insert size distribution for orientation RF...
[M::mem_pestat] (25, 50, 75) percentile: (86, 150, 368)
[M::mem_pestat] low and high boundaries for computing mean and std.dev: (1, 932)
[M::mem_pestat] mean and std.dev: (157.86, 142.78)
[M::mem_pestat] low and high boundaries for proper pairs: (1, 1214)
[M::mem_pestat] skip orientation RR as there are not enough pairs
[M::mem_pestat] skip orientation RF
[M::mem_process_seqs] Processed 977118 reads in 182.515 CPU sec, 25.157 real sec
[M::process] read 980490 sequences (80000137 bp)...
[M::mem_pestat] # candidate unique pairs for (FF, FR, RF, RR): (1, 343761, 23, 2)
[M::mem_pestat] skip orientation FF as there are not enough pairs
[M::mem_pestat] analyzing insert size distribution for orientation FR...
[M::mem_pestat] (25, 50, 75) percentile: (65, 155, 210)
[M::mem_pestat] low and high boundaries for computing mean and std.dev: (1, 500)
[M::mem_pestat] mean and std.dev: (154.88, 101.66)
[M::mem_pestat] low and high boundaries for proper pairs: (1, 645)
[M::mem_pestat] analyzing insert size distribution for orientation RF...
[M::mem_pestat] (25, 50, 75) percentile: (92, 326, 2762)
[M::mem_pestat] low and high boundaries for computing mean and std.dev: (1, 8102)
[M::mem_pestat] mean and std.dev: (1292.23, 1817.47)
[M::mem_pestat] low and high boundaries for proper pairs: (1, 10772)
[M::mem_pestat] skip orientation RR as there are not enough pairs
[M::mem_pestat] skip orientation RF
[M::process] read 982798 sequences (80000059 bp)...
[M::mem_process_seqs] Processed 980490 reads in 182.398 CPU sec, 26.265 real sec
[M::mem_pestat] # candidate unique pairs for (FF, FR, RF, RR): (2, 344033, 12, 4)
[M::mem_pestat] skip orientation FF as there are not enough pairs
[M::mem_pestat] analyzing insert size distribution for orientation FR...
[M::mem_pestat] (25, 50, 75) percentile: (64, 152, 208)
[M::mem_pestat] low and high boundaries for computing mean and std.dev: (1, 496)
[M::mem_pestat] mean and std.dev: (153.31, 100.67)
[M::mem_pestat] low and high boundaries for proper pairs: (1, 640)
[M::mem_pestat] analyzing insert size distribution for orientation RF...
[M::mem_pestat] (25, 50, 75) percentile: (197, 605, 1026)
[M::mem_pestat] low and high boundaries for computing mean and std.dev: (1, 2684)
[M::mem_pestat] mean and std.dev: (518.73, 358.07)
[M::mem_pestat] low and high boundaries for proper pairs: (1, 3513)
[M::mem_pestat] skip orientation RR as there are not enough pairs
[M::mem_pestat] skip orientation RF
[M::mem_process_seqs] Processed 982798 reads in 182.933 CPU sec, 25.130 real sec
[M::process] read 985362 sequences (80000191 bp)...
[M::mem_pestat] # candidate unique pairs for (FF, FR, RF, RR): (4, 344026, 17, 0)
[M::mem_pestat] skip orientation FF as there are not enough pairs
[M::mem_pestat] analyzing insert size distribution for orientation FR...
[M::mem_pestat] (25, 50, 75) percentile: (64, 151, 206)
[M::mem_pestat] low and high boundaries for computing mean and std.dev: (1, 490)
[M::mem_pestat] mean and std.dev: (151.64, 99.40)
[M::mem_pestat] low and high boundaries for proper pairs: (1, 632)
[M::mem_pestat] analyzing insert size distribution for orientation RF...
[M::mem_pestat] (25, 50, 75) percentile: (102, 197, 776)
[M::mem_pestat] low and high boundaries for computing mean and std.dev: (1, 2124)
[M::mem_pestat] mean and std.dev: (395.50, 399.17)
[M::mem_pestat] low and high boundaries for proper pairs: (1, 2798)
[M::mem_pestat] skip orientation RR as there are not enough pairs
[M::mem_pestat] skip orientation RF
[M::mem_process_seqs] Processed 985362 reads in 183.802 CPU sec, 25.105 real sec
[M::process] read 986136 sequences (80000071 bp)...
[M::mem_pestat] # candidate unique pairs for (FF, FR, RF, RR): (1, 345373, 20, 0)
[M::mem_pestat] skip orientation FF as there are not enough pairs
[M::mem_pestat] analyzing insert size distribution for orientation FR...
[M::mem_pestat] (25, 50, 75) percentile: (63, 150, 206)
[M::mem_pestat] low and high boundaries for computing mean and std.dev: (1, 492)
[M::mem_pestat] mean and std.dev: (151.10, 99.15)
[M::mem_pestat] low and high boundaries for proper pairs: (1, 635)
[M::mem_pestat] analyzing insert size distribution for orientation RF...
[M::mem_pestat] (25, 50, 75) percentile: (32, 166, 238)
[M::mem_pestat] low and high boundaries for computing mean and std.dev: (1, 650)
[M::mem_pestat] mean and std.dev: (155.60, 147.06)
[M::mem_pestat] low and high boundaries for proper pairs: (1, 856)
[M::mem_pestat] skip orientation RR as there are not enough pairs
[M::mem_pestat] skip orientation RF
[M::process] read 992800 sequences (80000070 bp)...
[M::mem_process_seqs] Processed 986136 reads in 183.193 CPU sec, 25.496 real sec
[M::mem_pestat] # candidate unique pairs for (FF, FR, RF, RR): (2, 348092, 17, 0)
[M::mem_pestat] skip orientation FF as there are not enough pairs
[M::mem_pestat] analyzing insert size distribution for orientation FR...
[M::mem_pestat] (25, 50, 75) percentile: (61, 148, 207)
[M::mem_pestat] low and high boundaries for computing mean and std.dev: (1, 499)
[M::mem_pestat] mean and std.dev: (150.28, 101.88)
[M::mem_pestat] low and high boundaries for proper pairs: (1, 645)
[M::mem_pestat] analyzing insert size distribution for orientation RF...
[M::mem_pestat] (25, 50, 75) percentile: (33, 142, 414)
[M::mem_pestat] low and high boundaries for computing mean and std.dev: (1, 1176)
[M::mem_pestat] mean and std.dev: (222.29, 241.52)
[M::mem_pestat] low and high boundaries for proper pairs: (1, 1557)
[M::mem_pestat] skip orientation RR as there are not enough pairs
[M::mem_pestat] skip orientation RF
[M::mem_process_seqs] Processed 992800 reads in 183.594 CPU sec, 24.776 real sec
[M::process] read 985358 sequences (80000000 bp)...
[M::mem_pestat] # candidate unique pairs for (FF, FR, RF, RR): (2, 344919, 24, 3)
[M::mem_pestat] skip orientation FF as there are not enough pairs
[M::mem_pestat] analyzing insert size distribution for orientation FR...
[M::mem_pestat] (25, 50, 75) percentile: (64, 150, 206)
[M::mem_pestat] low and high boundaries for computing mean and std.dev: (1, 490)
[M::mem_pestat] mean and std.dev: (151.18, 99.16)
[M::mem_pestat] low and high boundaries for proper pairs: (1, 632)
[M::mem_pestat] analyzing insert size distribution for orientation RF...
[M::mem_pestat] (25, 50, 75) percentile: (113, 194, 257)
[M::mem_pestat] low and high boundaries for computing mean and std.dev: (1, 545)
[M::mem_pestat] mean and std.dev: (168.57, 109.85)
[M::mem_pestat] low and high boundaries for proper pairs: (1, 689)
[M::mem_pestat] skip orientation RR as there are not enough pairs
[M::mem_pestat] skip orientation RF
[M::process] read 986178 sequences (80000158 bp)...
[M::mem_process_seqs] Processed 985358 reads in 187.582 CPU sec, 25.382 real sec
[M::mem_pestat] # candidate unique pairs for (FF, FR, RF, RR): (5, 344493, 22, 1)
[M::mem_pestat] skip orientation FF as there are not enough pairs
[M::mem_pestat] analyzing insert size distribution for orientation FR...
[M::mem_pestat] (25, 50, 75) percentile: (63, 149, 204)
[M::mem_pestat] low and high boundaries for computing mean and std.dev: (1, 486)
[M::mem_pestat] mean and std.dev: (149.78, 97.35)
[M::mem_pestat] low and high boundaries for proper pairs: (1, 627)
[M::mem_pestat] analyzing insert size distribution for orientation RF...
[M::mem_pestat] (25, 50, 75) percentile: (44, 350, 702)
[M::mem_pestat] low and high boundaries for computing mean and std.dev: (1, 2018)
[M::mem_pestat] mean and std.dev: (396.62, 412.56)
[M::mem_pestat] low and high boundaries for proper pairs: (1, 2676)
[M::mem_pestat] skip orientation RR as there are not enough pairs
[M::mem_pestat] skip orientation RF
[M::mem_process_seqs] Processed 986178 reads in 184.242 CPU sec, 26.138 real sec
[M::process] read 987022 sequences (80000005 bp)...
[M::mem_pestat] # candidate unique pairs for (FF, FR, RF, RR): (3, 344744, 11, 2)
[M::mem_pestat] skip orientation FF as there are not enough pairs
[M::mem_pestat] analyzing insert size distribution for orientation FR...
[M::mem_pestat] (25, 50, 75) percentile: (63, 149, 203)
[M::mem_pestat] low and high boundaries for computing mean and std.dev: (1, 483)
[M::mem_pestat] mean and std.dev: (148.72, 96.20)
[M::mem_pestat] low and high boundaries for proper pairs: (1, 623)
[M::mem_pestat] analyzing insert size distribution for orientation RF...
[M::mem_pestat] (25, 50, 75) percentile: (33, 53, 861)
[M::mem_pestat] low and high boundaries for computing mean and std.dev: (1, 2517)
[M::mem_pestat] mean and std.dev: (318.50, 477.68)
[M::mem_pestat] low and high boundaries for proper pairs: (1, 3345)
[M::mem_pestat] skip orientation RR as there are not enough pairs
[M::mem_pestat] skip orientation RF
[M::mem_process_seqs] Processed 987022 reads in 182.845 CPU sec, 25.365 real sec
[M::process] read 987416 sequences (80000056 bp)...
[M::mem_pestat] # candidate unique pairs for (FF, FR, RF, RR): (1, 344278, 16, 2)
[M::mem_pestat] skip orientation FF as there are not enough pairs
[M::mem_pestat] analyzing insert size distribution for orientation FR...
[M::mem_pestat] (25, 50, 75) percentile: (64, 149, 203)
[M::mem_pestat] low and high boundaries for computing mean and std.dev: (1, 481)
[M::mem_pestat] mean and std.dev: (148.46, 95.65)
[M::mem_pestat] low and high boundaries for proper pairs: (1, 620)
[M::mem_pestat] analyzing insert size distribution for orientation RF...
[M::mem_pestat] (25, 50, 75) percentile: (186, 339, 1026)
[M::mem_pestat] low and high boundaries for computing mean and std.dev: (1, 2706)
[M::mem_pestat] mean and std.dev: (607.38, 639.75)
[M::mem_pestat] low and high boundaries for proper pairs: (1, 3546)
[M::mem_pestat] skip orientation RR as there are not enough pairs
[M::mem_pestat] skip orientation RF
[M::mem_process_seqs] Processed 987416 reads in 186.398 CPU sec, 25.830 real sec
[M::process] read 987876 sequences (80000052 bp)...
[M::mem_pestat] # candidate unique pairs for (FF, FR, RF, RR): (1, 344973, 19, 5)
[M::mem_pestat] skip orientation FF as there are not enough pairs
[M::mem_pestat] analyzing insert size distribution for orientation FR...
[M::mem_pestat] (25, 50, 75) percentile: (63, 148, 202)
[M::mem_pestat] low and high boundaries for computing mean and std.dev: (1, 480)
[M::mem_pestat] mean and std.dev: (147.71, 95.14)
[M::mem_pestat] low and high boundaries for proper pairs: (1, 619)
[M::mem_pestat] analyzing insert size distribution for orientation RF...
[M::mem_pestat] (25, 50, 75) percentile: (160, 205, 494)
[M::mem_pestat] low and high boundaries for computing mean and std.dev: (1, 1162)
[M::mem_pestat] mean and std.dev: (251.39, 203.60)
[M::mem_pestat] low and high boundaries for proper pairs: (1, 1496)
[M::mem_pestat] skip orientation RR as there are not enough pairs
[M::mem_pestat] skip orientation RF
[M::mem_process_seqs] Processed 987876 reads in 183.663 CPU sec, 25.486 real sec
[M::process] read 987612 sequences (80000105 bp)...
[M::mem_pestat] # candidate unique pairs for (FF, FR, RF, RR): (7, 344317, 14, 5)
[M::mem_pestat] skip orientation FF as there are not enough pairs
[M::mem_pestat] analyzing insert size distribution for orientation FR...
[M::mem_pestat] (25, 50, 75) percentile: (64, 148, 201)
[M::mem_pestat] low and high boundaries for computing mean and std.dev: (1, 475)
[M::mem_pestat] mean and std.dev: (147.28, 94.27)
[M::mem_pestat] low and high boundaries for proper pairs: (1, 612)
[M::mem_pestat] analyzing insert size distribution for orientation RF...
[M::mem_pestat] (25, 50, 75) percentile: (43, 197, 737)
[M::mem_pestat] low and high boundaries for computing mean and std.dev: (1, 2125)
[M::mem_pestat] mean and std.dev: (428.69, 582.30)
[M::mem_pestat] low and high boundaries for proper pairs: (1, 2819)
[M::mem_pestat] skip orientation RR as there are not enough pairs
[M::mem_pestat] skip orientation RF
[M::mem_process_seqs] Processed 987612 reads in 185.117 CPU sec, 25.052 real sec
[M::process] read 987138 sequences (80000162 bp)...
[M::mem_pestat] # candidate unique pairs for (FF, FR, RF, RR): (1, 343755, 21, 3)
[M::mem_pestat] skip orientation FF as there are not enough pairs
[M::mem_pestat] analyzing insert size distribution for orientation FR...
[M::mem_pestat] (25, 50, 75) percentile: (64, 148, 201)
[M::mem_pestat] low and high boundaries for computing mean and std.dev: (1, 475)
[M::mem_pestat] mean and std.dev: (147.79, 94.12)
[M::mem_pestat] low and high boundaries for proper pairs: (1, 612)
[M::mem_pestat] analyzing insert size distribution for orientation RF...
[M::mem_pestat] (25, 50, 75) percentile: (180, 301, 926)
[M::mem_pestat] low and high boundaries for computing mean and std.dev: (1, 2418)
[M::mem_pestat] mean and std.dev: (408.50, 414.81)
[M::mem_pestat] low and high boundaries for proper pairs: (1, 3164)
[M::mem_pestat] skip orientation RR as there are not enough pairs
[M::mem_pestat] skip orientation RF
[M::mem_process_seqs] Processed 987138 reads in 185.214 CPU sec, 25.642 real sec
[M::process] read 979926 sequences (80000038 bp)...
[M::mem_pestat] # candidate unique pairs for (FF, FR, RF, RR): (2, 341088, 14, 2)
[M::mem_pestat] skip orientation FF as there are not enough pairs
[M::mem_pestat] analyzing insert size distribution for orientation FR...
[M::mem_pestat] (25, 50, 75) percentile: (66, 150, 202)
[M::mem_pestat] low and high boundaries for computing mean and std.dev: (1, 474)
[M::mem_pestat] mean and std.dev: (148.74, 93.44)
[M::mem_pestat] low and high boundaries for proper pairs: (1, 610)
[M::mem_pestat] analyzing insert size distribution for orientation RF...
[M::mem_pestat] (25, 50, 75) percentile: (171, 346, 512)
[M::mem_pestat] low and high boundaries for computing mean and std.dev: (1, 1194)
[M::mem_pestat] mean and std.dev: (294.67, 216.73)
[M::mem_pestat] low and high boundaries for proper pairs: (1, 1535)
[M::mem_pestat] skip orientation RR as there are not enough pairs
[M::mem_pestat] skip orientation RF
[M::mem_process_seqs] Processed 979926 reads in 189.310 CPU sec, 25.618 real sec
[M::process] read 976446 sequences (80000193 bp)...
[M::mem_pestat] # candidate unique pairs for (FF, FR, RF, RR): (2, 338969, 25, 0)
[M::mem_pestat] skip orientation FF as there are not enough pairs
[M::mem_pestat] analyzing insert size distribution for orientation FR...
[M::mem_pestat] (25, 50, 75) percentile: (68, 155, 206)
[M::mem_pestat] low and high boundaries for computing mean and std.dev: (1, 482)
[M::mem_pestat] mean and std.dev: (153.66, 96.56)
[M::mem_pestat] low and high boundaries for proper pairs: (1, 620)
[M::mem_pestat] analyzing insert size distribution for orientation RF...
[M::mem_pestat] (25, 50, 75) percentile: (25, 129, 698)
[M::mem_pestat] low and high boundaries for computing mean and std.dev: (1, 2044)
[M::mem_pestat] mean and std.dev: (235.18, 326.01)
[M::mem_pestat] low and high boundaries for proper pairs: (1, 2717)
[M::mem_pestat] skip orientation RR as there are not enough pairs
[M::mem_pestat] skip orientation RF
[M::process] read 971436 sequences (80000020 bp)...
[M::mem_process_seqs] Processed 976446 reads in 192.624 CPU sec, 26.061 real sec
[M::mem_pestat] # candidate unique pairs for (FF, FR, RF, RR): (0, 341243, 16, 3)
[M::mem_pestat] skip orientation FF as there are not enough pairs
[M::mem_pestat] analyzing insert size distribution for orientation FR...
[M::mem_pestat] (25, 50, 75) percentile: (68, 160, 212)
[M::mem_pestat] low and high boundaries for computing mean and std.dev: (1, 500)
[M::mem_pestat] mean and std.dev: (158.28, 101.61)
[M::mem_pestat] low and high boundaries for proper pairs: (1, 644)
[M::mem_pestat] analyzing insert size distribution for orientation RF...
[M::mem_pestat] (25, 50, 75) percentile: (182, 219, 1192)
[M::mem_pestat] low and high boundaries for computing mean and std.dev: (1, 3212)
[M::mem_pestat] mean and std.dev: (677.87, 860.90)
[M::mem_pestat] low and high boundaries for proper pairs: (1, 4222)
[M::mem_pestat] skip orientation RR as there are not enough pairs
[M::mem_pestat] skip orientation RF
[M::mem_process_seqs] Processed 971436 reads in 184.878 CPU sec, 25.280 real sec
[M::process] read 973576 sequences (80000088 bp)...
[M::mem_pestat] # candidate unique pairs for (FF, FR, RF, RR): (1, 341734, 15, 5)
[M::mem_pestat] skip orientation FF as there are not enough pairs
[M::mem_pestat] analyzing insert size distribution for orientation FR...
[M::mem_pestat] (25, 50, 75) percentile: (67, 158, 210)
[M::mem_pestat] low and high boundaries for computing mean and std.dev: (1, 496)
[M::mem_pestat] mean and std.dev: (156.19, 100.36)
[M::mem_pestat] low and high boundaries for proper pairs: (1, 639)
[M::mem_pestat] analyzing insert size distribution for orientation RF...
[M::mem_pestat] (25, 50, 75) percentile: (343, 424, 901)
[M::mem_pestat] low and high boundaries for computing mean and std.dev: (1, 2017)
[M::mem_pestat] mean and std.dev: (522.14, 353.88)
[M::mem_pestat] low and high boundaries for proper pairs: (1, 2575)
[M::mem_pestat] skip orientation RR as there are not enough pairs
[M::mem_pestat] skip orientation RF
[M::process] read 975060 sequences (80000178 bp)...
[M::mem_process_seqs] Processed 973576 reads in 182.896 CPU sec, 24.885 real sec
[M::mem_pestat] # candidate unique pairs for (FF, FR, RF, RR): (1, 342002, 20, 0)
[M::mem_pestat] skip orientation FF as there are not enough pairs
[M::mem_pestat] analyzing insert size distribution for orientation FR...
[M::mem_pestat] (25, 50, 75) percentile: (67, 156, 209)
[M::mem_pestat] low and high boundaries for computing mean and std.dev: (1, 493)
[M::mem_pestat] mean and std.dev: (154.95, 99.25)
[M::mem_pestat] low and high boundaries for proper pairs: (1, 635)
[M::mem_pestat] analyzing insert size distribution for orientation RF...
[M::mem_pestat] (25, 50, 75) percentile: (27, 174, 197)
[M::mem_pestat] low and high boundaries for computing mean and std.dev: (1, 537)
[M::mem_pestat] mean and std.dev: (140.00, 111.86)
[M::mem_pestat] low and high boundaries for proper pairs: (1, 707)
[M::mem_pestat] skip orientation RR as there are not enough pairs
[M::mem_pestat] skip orientation RF
[M::mem_process_seqs] Processed 975060 reads in 183.563 CPU sec, 25.595 real sec
[M::process] read 976034 sequences (80000104 bp)...
[M::mem_pestat] # candidate unique pairs for (FF, FR, RF, RR): (5, 341491, 21, 0)
[M::mem_pestat] skip orientation FF as there are not enough pairs
[M::mem_pestat] analyzing insert size distribution for orientation FR...
[M::mem_pestat] (25, 50, 75) percentile: (66, 155, 208)
[M::mem_pestat] low and high boundaries for computing mean and std.dev: (1, 492)
[M::mem_pestat] mean and std.dev: (154.53, 99.08)
[M::mem_pestat] low and high boundaries for proper pairs: (1, 634)
[M::mem_pestat] analyzing insert size distribution for orientation RF...
[M::mem_pestat] (25, 50, 75) percentile: (165, 217, 468)
[M::mem_pestat] low and high boundaries for computing mean and std.dev: (1, 1074)
[M::mem_pestat] mean and std.dev: (280.05, 223.13)
[M::mem_pestat] low and high boundaries for proper pairs: (1, 1377)
[M::mem_pestat] skip orientation RR as there are not enough pairs
[M::mem_pestat] skip orientation RF
[M::mem_process_seqs] Processed 976034 reads in 183.465 CPU sec, 24.587 real sec
[M::process] read 976598 sequences (80000179 bp)...
[M::mem_pestat] # candidate unique pairs for (FF, FR, RF, RR): (3, 342114, 25, 1)
[M::mem_pestat] skip orientation FF as there are not enough pairs
[M::mem_pestat] analyzing insert size distribution for orientation FR...
[M::mem_pestat] (25, 50, 75) percentile: (66, 154, 207)
[M::mem_pestat] low and high boundaries for computing mean and std.dev: (1, 489)
[M::mem_pestat] mean and std.dev: (153.55, 98.47)
[M::mem_pestat] low and high boundaries for proper pairs: (1, 630)
[M::mem_pestat] analyzing insert size distribution for orientation RF...
[M::mem_pestat] (25, 50, 75) percentile: (33, 197, 527)
[M::mem_pestat] low and high boundaries for computing mean and std.dev: (1, 1515)
[M::mem_pestat] mean and std.dev: (257.09, 303.18)
[M::mem_pestat] low and high boundaries for proper pairs: (1, 2009)
[M::mem_pestat] skip orientation RR as there are not enough pairs
[M::mem_pestat] skip orientation RF
[M::mem_process_seqs] Processed 976598 reads in 183.242 CPU sec, 24.707 real sec
[M::process] read 984072 sequences (80000112 bp)...
[M::mem_pestat] # candidate unique pairs for (FF, FR, RF, RR): (3, 344690, 25, 1)
[M::mem_pestat] skip orientation FF as there are not enough pairs
[M::mem_pestat] analyzing insert size distribution for orientation FR...
[M::mem_pestat] (25, 50, 75) percentile: (63, 151, 208)
[M::mem_pestat] low and high boundaries for computing mean and std.dev: (1, 498)
[M::mem_pestat] mean and std.dev: (152.29, 100.63)
[M::mem_pestat] low and high boundaries for proper pairs: (1, 643)
[M::mem_pestat] analyzing insert size distribution for orientation RF...
[M::mem_pestat] (25, 50, 75) percentile: (75, 208, 725)
[M::mem_pestat] low and high boundaries for computing mean and std.dev: (1, 2025)
[M::mem_pestat] mean and std.dev: (309.04, 296.45)
[M::mem_pestat] low and high boundaries for proper pairs: (1, 2675)
[M::mem_pestat] skip orientation RR as there are not enough pairs
[M::mem_pestat] skip orientation RF
[M::process] read 977802 sequences (80000076 bp)...
[M::mem_process_seqs] Processed 984072 reads in 184.662 CPU sec, 25.249 real sec
[M::mem_pestat] # candidate unique pairs for (FF, FR, RF, RR): (0, 342453, 21, 4)
[M::mem_pestat] skip orientation FF as there are not enough pairs
[M::mem_pestat] analyzing insert size distribution for orientation FR...
[M::mem_pestat] (25, 50, 75) percentile: (66, 152, 206)
[M::mem_pestat] low and high boundaries for computing mean and std.dev: (1, 486)
[M::mem_pestat] mean and std.dev: (152.67, 97.65)
[M::mem_pestat] low and high boundaries for proper pairs: (1, 626)
[M::mem_pestat] analyzing insert size distribution for orientation RF...
[M::mem_pestat] (25, 50, 75) percentile: (159, 246, 961)
[M::mem_pestat] low and high boundaries for computing mean and std.dev: (1, 2565)
[M::mem_pestat] mean and std.dev: (486.16, 535.95)
[M::mem_pestat] low and high boundaries for proper pairs: (1, 3367)
[M::mem_pestat] skip orientation RR as there are not enough pairs
[M::mem_pestat] skip orientation RF
[M::mem_process_seqs] Processed 977802 reads in 183.289 CPU sec, 25.023 real sec
[M::process] read 979676 sequences (80000066 bp)...
[M::mem_pestat] # candidate unique pairs for (FF, FR, RF, RR): (0, 343034, 22, 2)
[M::mem_pestat] skip orientation FF as there are not enough pairs
[M::mem_pestat] analyzing insert size distribution for orientation FR...
[M::mem_pestat] (25, 50, 75) percentile: (65, 151, 204)
[M::mem_pestat] low and high boundaries for computing mean and std.dev: (1, 482)
[M::mem_pestat] mean and std.dev: (150.38, 95.70)
[M::mem_pestat] low and high boundaries for proper pairs: (1, 621)
[M::mem_pestat] analyzing insert size distribution for orientation RF...
[M::mem_pestat] (25, 50, 75) percentile: (35, 339, 738)
[M::mem_pestat] low and high boundaries for computing mean and std.dev: (1, 2144)
[M::mem_pestat] mean and std.dev: (436.27, 446.02)
[M::mem_pestat] low and high boundaries for proper pairs: (1, 2847)
[M::mem_pestat] skip orientation RR as there are not enough pairs
[M::mem_pestat] skip orientation RF
[M::mem_process_seqs] Processed 979676 reads in 183.155 CPU sec, 24.321 real sec
[M::process] read 980710 sequences (80000050 bp)...
[M::process] read 980842 sequences (80000081 bp)...
[M::mem_pestat] # candidate unique pairs for (FF, FR, RF, RR): (5, 342541, 20, 6)
[M::mem_pestat] skip orientation FF as there are not enough pairs
[M::mem_pestat] analyzing insert size distribution for orientation FR...
[M::mem_pestat] (25, 50, 75) percentile: (65, 150, 203)
[M::mem_pestat] low and high boundaries for computing mean and std.dev: (1, 479)
[M::mem_pestat] mean and std.dev: (149.84, 95.01)
[M::mem_pestat] low and high boundaries for proper pairs: (1, 617)
[M::mem_pestat] analyzing insert size distribution for orientation RF...
[M::mem_pestat] (25, 50, 75) percentile: (36, 195, 792)
[M::mem_pestat] low and high boundaries for computing mean and std.dev: (1, 2304)
[M::mem_pestat] mean and std.dev: (296.33, 399.20)
[M::mem_pestat] low and high boundaries for proper pairs: (1, 3060)
[M::mem_pestat] skip orientation RR as there are not enough pairs
[M::mem_pestat] skip orientation RF
[M::mem_process_seqs] Processed 980710 reads in 184.534 CPU sec, 31.975 real sec
[M::mem_pestat] # candidate unique pairs for (FF, FR, RF, RR): (2, 342400, 15, 2)
[M::mem_pestat] skip orientation FF as there are not enough pairs
[M::mem_pestat] analyzing insert size distribution for orientation FR...
[M::mem_pestat] (25, 50, 75) percentile: (66, 150, 203)
[M::mem_pestat] low and high boundaries for computing mean and std.dev: (1, 477)
[M::mem_pestat] mean and std.dev: (149.59, 94.28)
[M::mem_pestat] low and high boundaries for proper pairs: (1, 614)
[M::mem_pestat] analyzing insert size distribution for orientation RF...
[M::mem_pestat] (25, 50, 75) percentile: (172, 200, 373)
[M::mem_pestat] low and high boundaries for computing mean and std.dev: (1, 775)
[M::mem_pestat] mean and std.dev: (221.50, 195.87)
[M::mem_pestat] low and high boundaries for proper pairs: (1, 1005)
[M::mem_pestat] skip orientation RR as there are not enough pairs
[M::mem_pestat] skip orientation RF
[M::mem_process_seqs] Processed 980842 reads in 184.741 CPU sec, 25.259 real sec
[M::process] read 980058 sequences (80000162 bp)...
[M::process] read 979856 sequences (80000151 bp)...
[M::mem_pestat] # candidate unique pairs for (FF, FR, RF, RR): (4, 341473, 16, 1)
[M::mem_pestat] skip orientation FF as there are not enough pairs
[M::mem_pestat] analyzing insert size distribution for orientation FR...
[M::mem_pestat] (25, 50, 75) percentile: (66, 150, 203)
[M::mem_pestat] low and high boundaries for computing mean and std.dev: (1, 477)
[M::mem_pestat] mean and std.dev: (149.39, 93.79)
[M::mem_pestat] low and high boundaries for proper pairs: (1, 614)
[M::mem_pestat] analyzing insert size distribution for orientation RF...
[M::mem_pestat] (25, 50, 75) percentile: (80, 194, 616)
[M::mem_pestat] low and high boundaries for computing mean and std.dev: (1, 1688)
[M::mem_pestat] mean and std.dev: (353.88, 415.16)
[M::mem_pestat] low and high boundaries for proper pairs: (1, 2224)
[M::mem_pestat] skip orientation RR as there are not enough pairs
[M::mem_pestat] skip orientation RF
[M::mem_process_seqs] Processed 980058 reads in 187.567 CPU sec, 32.701 real sec
[M::mem_pestat] # candidate unique pairs for (FF, FR, RF, RR): (2, 338998, 15, 3)
[M::mem_pestat] skip orientation FF as there are not enough pairs
[M::mem_pestat] analyzing insert size distribution for orientation FR...
[M::mem_pestat] (25, 50, 75) percentile: (67, 151, 202)
[M::mem_pestat] low and high boundaries for computing mean and std.dev: (1, 472)
[M::mem_pestat] mean and std.dev: (149.97, 92.70)
[M::mem_pestat] low and high boundaries for proper pairs: (1, 607)
[M::mem_pestat] analyzing insert size distribution for orientation RF...
[M::mem_pestat] (25, 50, 75) percentile: (111, 205, 448)
[M::mem_pestat] low and high boundaries for computing mean and std.dev: (1, 1122)
[M::mem_pestat] mean and std.dev: (221.43, 178.89)
[M::mem_pestat] low and high boundaries for proper pairs: (1, 1459)
[M::mem_pestat] skip orientation RR as there are not enough pairs
[M::mem_pestat] skip orientation RF
[M::mem_process_seqs] Processed 979856 reads in 197.938 CPU sec, 26.937 real sec
[M::process] read 960180 sequences (80000082 bp)...
[M::mem_pestat] # candidate unique pairs for (FF, FR, RF, RR): (4, 330276, 19, 2)
[M::mem_pestat] skip orientation FF as there are not enough pairs
[M::mem_pestat] analyzing insert size distribution for orientation FR...
[M::mem_pestat] (25, 50, 75) percentile: (74, 159, 205)
[M::mem_pestat] low and high boundaries for computing mean and std.dev: (1, 467)
[M::mem_pestat] mean and std.dev: (155.07, 91.26)
[M::mem_pestat] low and high boundaries for proper pairs: (1, 598)
[M::mem_pestat] analyzing insert size distribution for orientation RF...
[M::mem_pestat] (25, 50, 75) percentile: (164, 381, 1612)
[M::mem_pestat] low and high boundaries for computing mean and std.dev: (1, 4508)
[M::mem_pestat] mean and std.dev: (608.59, 729.62)
[M::mem_pestat] low and high boundaries for proper pairs: (1, 5956)
[M::mem_pestat] skip orientation RR as there are not enough pairs
[M::mem_pestat] skip orientation RF
[M::process] read 971282 sequences (80000143 bp)...
[M::mem_process_seqs] Processed 960180 reads in 214.067 CPU sec, 28.819 real sec
[M::mem_pestat] # candidate unique pairs for (FF, FR, RF, RR): (1, 341311, 14, 0)
[M::mem_pestat] skip orientation FF as there are not enough pairs
[M::mem_pestat] analyzing insert size distribution for orientation FR...
[M::mem_pestat] (25, 50, 75) percentile: (68, 159, 213)
[M::mem_pestat] low and high boundaries for computing mean and std.dev: (1, 503)
[M::mem_pestat] mean and std.dev: (158.31, 102.90)
[M::mem_pestat] low and high boundaries for proper pairs: (1, 648)
[M::mem_pestat] analyzing insert size distribution for orientation RF...
[M::mem_pestat] (25, 50, 75) percentile: (148, 224, 773)
[M::mem_pestat] low and high boundaries for computing mean and std.dev: (1, 2023)
[M::mem_pestat] mean and std.dev: (314.67, 308.33)
[M::mem_pestat] low and high boundaries for proper pairs: (1, 2648)
[M::mem_pestat] skip orientation RR as there are not enough pairs
[M::mem_pestat] skip orientation RF
[M::process] read 974482 sequences (80000057 bp)...
[M::mem_process_seqs] Processed 971282 reads in 190.322 CPU sec, 26.274 real sec
[M::mem_pestat] # candidate unique pairs for (FF, FR, RF, RR): (2, 342070, 23, 1)
[M::mem_pestat] skip orientation FF as there are not enough pairs
[M::mem_pestat] analyzing insert size distribution for orientation FR...
[M::mem_pestat] (25, 50, 75) percentile: (66, 159, 214)
[M::mem_pestat] low and high boundaries for computing mean and std.dev: (1, 510)
[M::mem_pestat] mean and std.dev: (158.99, 104.82)
[M::mem_pestat] low and high boundaries for proper pairs: (1, 658)
[M::mem_pestat] analyzing insert size distribution for orientation RF...
[M::mem_pestat] (25, 50, 75) percentile: (39, 199, 322)
[M::mem_pestat] low and high boundaries for computing mean and std.dev: (1, 888)
[M::mem_pestat] mean and std.dev: (158.60, 136.09)
[M::mem_pestat] low and high boundaries for proper pairs: (1, 1171)
[M::mem_pestat] skip orientation RR as there are not enough pairs
[M::mem_pestat] skip orientation RF
[M::mem_process_seqs] Processed 974482 reads in 182.951 CPU sec, 24.974 real sec
[M::process] read 974526 sequences (80000123 bp)...
[M::mem_pestat] # candidate unique pairs for (FF, FR, RF, RR): (3, 342383, 21, 4)
[M::mem_pestat] skip orientation FF as there are not enough pairs
[M::mem_pestat] analyzing insert size distribution for orientation FR...
[M::mem_pestat] (25, 50, 75) percentile: (66, 158, 213)
[M::mem_pestat] low and high boundaries for computing mean and std.dev: (1, 507)
[M::mem_pestat] mean and std.dev: (158.10, 103.80)
[M::mem_pestat] low and high boundaries for proper pairs: (1, 654)
[M::mem_pestat] analyzing insert size distribution for orientation RF...
[M::mem_pestat] (25, 50, 75) percentile: (180, 330, 1111)
[M::mem_pestat] low and high boundaries for computing mean and std.dev: (1, 2973)
[M::mem_pestat] mean and std.dev: (595.70, 695.40)
[M::mem_pestat] low and high boundaries for proper pairs: (1, 3904)
[M::mem_pestat] skip orientation RR as there are not enough pairs
[M::mem_pestat] skip orientation RF
[M::process] read 977160 sequences (80000130 bp)...
[M::mem_process_seqs] Processed 974526 reads in 186.866 CPU sec, 25.297 real sec
[M::mem_pestat] # candidate unique pairs for (FF, FR, RF, RR): (2, 342951, 22, 7)
[M::mem_pestat] skip orientation FF as there are not enough pairs
[M::mem_pestat] analyzing insert size distribution for orientation FR...
[M::mem_pestat] (25, 50, 75) percentile: (66, 157, 211)
[M::mem_pestat] low and high boundaries for computing mean and std.dev: (1, 501)
[M::mem_pestat] mean and std.dev: (156.32, 102.39)
[M::mem_pestat] low and high boundaries for proper pairs: (1, 646)
[M::mem_pestat] analyzing insert size distribution for orientation RF...
[M::mem_pestat] (25, 50, 75) percentile: (211, 352, 886)
[M::mem_pestat] low and high boundaries for computing mean and std.dev: (1, 2236)
[M::mem_pestat] mean and std.dev: (418.65, 333.64)
[M::mem_pestat] low and high boundaries for proper pairs: (1, 2911)
[M::mem_pestat] skip orientation RR as there are not enough pairs
[M::mem_pestat] skip orientation RF
[M::process] read 976844 sequences (80000123 bp)...
[M::mem_process_seqs] Processed 977160 reads in 187.314 CPU sec, 26.479 real sec
[M::mem_pestat] # candidate unique pairs for (FF, FR, RF, RR): (2, 343706, 19, 4)
[M::mem_pestat] skip orientation FF as there are not enough pairs
[M::mem_pestat] analyzing insert size distribution for orientation FR...
[M::mem_pestat] (25, 50, 75) percentile: (66, 156, 211)
[M::mem_pestat] low and high boundaries for computing mean and std.dev: (1, 501)
[M::mem_pestat] mean and std.dev: (155.91, 102.14)
[M::mem_pestat] low and high boundaries for proper pairs: (1, 646)
[M::mem_pestat] analyzing insert size distribution for orientation RF...
[M::mem_pestat] (25, 50, 75) percentile: (180, 230, 529)
[M::mem_pestat] low and high boundaries for computing mean and std.dev: (1, 1227)
[M::mem_pestat] mean and std.dev: (335.33, 321.05)
[M::mem_pestat] low and high boundaries for proper pairs: (1, 1620)
[M::mem_pestat] skip orientation RR as there are not enough pairs
[M::mem_pestat] skip orientation RF
[M::mem_process_seqs] Processed 976844 reads in 183.988 CPU sec, 25.221 real sec
[M::process] read 978000 sequences (80000131 bp)...
[M::mem_pestat] # candidate unique pairs for (FF, FR, RF, RR): (2, 342736, 19, 2)
[M::mem_pestat] skip orientation FF as there are not enough pairs
[M::mem_pestat] analyzing insert size distribution for orientation FR...
[M::mem_pestat] (25, 50, 75) percentile: (66, 155, 210)
[M::mem_pestat] low and high boundaries for computing mean and std.dev: (1, 498)
[M::mem_pestat] mean and std.dev: (155.30, 101.27)
[M::mem_pestat] low and high boundaries for proper pairs: (1, 642)
[M::mem_pestat] analyzing insert size distribution for orientation RF...
[M::mem_pestat] (25, 50, 75) percentile: (163, 205, 582)
[M::mem_pestat] low and high boundaries for computing mean and std.dev: (1, 1420)
[M::mem_pestat] mean and std.dev: (333.50, 276.52)
[M::mem_pestat] low and high boundaries for proper pairs: (1, 1839)
[M::mem_pestat] skip orientation RR as there are not enough pairs
[M::mem_pestat] skip orientation RF
[M::process] read 986644 sequences (80000063 bp)...
[M::mem_process_seqs] Processed 978000 reads in 187.965 CPU sec, 31.186 real sec
[M::mem_pestat] # candidate unique pairs for (FF, FR, RF, RR): (1, 345727, 20, 4)
[M::mem_pestat] skip orientation FF as there are not enough pairs
[M::mem_pestat] analyzing insert size distribution for orientation FR...
[M::mem_pestat] (25, 50, 75) percentile: (63, 150, 208)
[M::mem_pestat] low and high boundaries for computing mean and std.dev: (1, 498)
[M::mem_pestat] mean and std.dev: (151.90, 101.63)
[M::mem_pestat] low and high boundaries for proper pairs: (1, 643)
[M::mem_pestat] analyzing insert size distribution for orientation RF...
[M::mem_pestat] (25, 50, 75) percentile: (44, 161, 295)
[M::mem_pestat] low and high boundaries for computing mean and std.dev: (1, 797)
[M::mem_pestat] mean and std.dev: (153.94, 137.28)
[M::mem_pestat] low and high boundaries for proper pairs: (1, 1048)
[M::mem_pestat] skip orientation RR as there are not enough pairs
[M::mem_pestat] skip orientation RF
[M::mem_process_seqs] Processed 986644 reads in 182.659 CPU sec, 24.869 real sec
[M::process] read 976952 sequences (80000145 bp)...
[M::mem_pestat] # candidate unique pairs for (FF, FR, RF, RR): (5, 342413, 18, 3)
[M::mem_pestat] skip orientation FF as there are not enough pairs
[M::mem_pestat] analyzing insert size distribution for orientation FR...
[M::mem_pestat] (25, 50, 75) percentile: (66, 154, 208)
[M::mem_pestat] low and high boundaries for computing mean and std.dev: (1, 492)
[M::mem_pestat] mean and std.dev: (154.06, 99.24)
[M::mem_pestat] low and high boundaries for proper pairs: (1, 634)
[M::mem_pestat] analyzing insert size distribution for orientation RF...
[M::mem_pestat] (25, 50, 75) percentile: (194, 359, 862)
[M::mem_pestat] low and high boundaries for computing mean and std.dev: (1, 2198)
[M::mem_pestat] mean and std.dev: (444.88, 447.91)
[M::mem_pestat] low and high boundaries for proper pairs: (1, 2866)
[M::mem_pestat] skip orientation RR as there are not enough pairs
[M::mem_pestat] skip orientation RF
[M::mem_process_seqs] Processed 976952 reads in 188.185 CPU sec, 25.520 real sec
[M::process] read 977674 sequences (80000088 bp)...
[M::mem_pestat] # candidate unique pairs for (FF, FR, RF, RR): (1, 342303, 15, 5)
[M::mem_pestat] skip orientation FF as there are not enough pairs
[M::mem_pestat] analyzing insert size distribution for orientation FR...
[M::mem_pestat] (25, 50, 75) percentile: (66, 153, 207)
[M::mem_pestat] low and high boundaries for computing mean and std.dev: (1, 489)
[M::mem_pestat] mean and std.dev: (153.01, 98.33)
[M::mem_pestat] low and high boundaries for proper pairs: (1, 630)
[M::mem_pestat] analyzing insert size distribution for orientation RF...
[M::mem_pestat] (25, 50, 75) percentile: (75, 212, 1402)
[M::mem_pestat] low and high boundaries for computing mean and std.dev: (1, 4056)
[M::mem_pestat] mean and std.dev: (557.69, 738.57)
[M::mem_pestat] low and high boundaries for proper pairs: (1, 5383)
[M::mem_pestat] skip orientation RR as there are not enough pairs
[M::mem_pestat] skip orientation RF
[M::mem_process_seqs] Processed 977674 reads in 182.365 CPU sec, 25.932 real sec
[M::process] read 977102 sequences (80000177 bp)...
[M::mem_pestat] # candidate unique pairs for (FF, FR, RF, RR): (2, 341772, 19, 2)
[M::mem_pestat] skip orientation FF as there are not enough pairs
[M::mem_pestat] analyzing insert size distribution for orientation FR...
[M::mem_pestat] (25, 50, 75) percentile: (66, 152, 206)
[M::mem_pestat] low and high boundaries for computing mean and std.dev: (1, 486)
[M::mem_pestat] mean and std.dev: (152.49, 97.25)
[M::mem_pestat] low and high boundaries for proper pairs: (1, 626)
[M::mem_pestat] analyzing insert size distribution for orientation RF...
[M::mem_pestat] (25, 50, 75) percentile: (114, 186, 627)
[M::mem_pestat] low and high boundaries for computing mean and std.dev: (1, 1653)
[M::mem_pestat] mean and std.dev: (349.89, 371.45)
[M::mem_pestat] low and high boundaries for proper pairs: (1, 2166)
[M::mem_pestat] skip orientation RR as there are not enough pairs
[M::mem_pestat] skip orientation RF
[M::mem_process_seqs] Processed 977102 reads in 184.269 CPU sec, 25.182 real sec
[M::process] read 977480 sequences (80000196 bp)...
[M::mem_pestat] # candidate unique pairs for (FF, FR, RF, RR): (2, 341955, 19, 1)
[M::mem_pestat] skip orientation FF as there are not enough pairs
[M::mem_pestat] analyzing insert size distribution for orientation FR...
[M::mem_pestat] (25, 50, 75) percentile: (66, 153, 205)
[M::mem_pestat] low and high boundaries for computing mean and std.dev: (1, 483)
[M::mem_pestat] mean and std.dev: (152.21, 96.57)
[M::mem_pestat] low and high boundaries for proper pairs: (1, 622)
[M::mem_pestat] analyzing insert size distribution for orientation RF...
[M::mem_pestat] (25, 50, 75) percentile: (137, 274, 1216)
[M::mem_pestat] low and high boundaries for computing mean and std.dev: (1, 3374)
[M::mem_pestat] mean and std.dev: (353.38, 392.86)
[M::mem_pestat] low and high boundaries for proper pairs: (1, 4453)
[M::mem_pestat] skip orientation RR as there are not enough pairs
[M::mem_pestat] skip orientation RF
[M::mem_process_seqs] Processed 977480 reads in 187.880 CPU sec, 25.565 real sec
[M::process] read 977680 sequences (80000108 bp)...
[M::mem_pestat] # candidate unique pairs for (FF, FR, RF, RR): (4, 340702, 13, 4)
[M::mem_pestat] skip orientation FF as there are not enough pairs
[M::mem_pestat] analyzing insert size distribution for orientation FR...
[M::mem_pestat] (25, 50, 75) percentile: (67, 153, 205)
[M::mem_pestat] low and high boundaries for computing mean and std.dev: (1, 481)
[M::mem_pestat] mean and std.dev: (151.90, 95.54)
[M::mem_pestat] low and high boundaries for proper pairs: (1, 619)
[M::mem_pestat] analyzing insert size distribution for orientation RF...
[M::mem_pestat] (25, 50, 75) percentile: (46, 195, 362)
[M::mem_pestat] low and high boundaries for computing mean and std.dev: (1, 994)
[M::mem_pestat] mean and std.dev: (215.67, 196.40)
[M::mem_pestat] low and high boundaries for proper pairs: (1, 1310)
[M::mem_pestat] skip orientation RR as there are not enough pairs
[M::mem_pestat] skip orientation RF
[M::process] read 979098 sequences (80000176 bp)...
[M::mem_process_seqs] Processed 977680 reads in 200.360 CPU sec, 28.389 real sec
[M::mem_pestat] # candidate unique pairs for (FF, FR, RF, RR): (3, 339803, 20, 2)
[M::mem_pestat] skip orientation FF as there are not enough pairs
[M::mem_pestat] analyzing insert size distribution for orientation FR...
[M::mem_pestat] (25, 50, 75) percentile: (68, 152, 204)
[M::mem_pestat] low and high boundaries for computing mean and std.dev: (1, 476)
[M::mem_pestat] mean and std.dev: (151.60, 94.65)
[M::mem_pestat] low and high boundaries for proper pairs: (1, 612)
[M::mem_pestat] analyzing insert size distribution for orientation RF...
[M::mem_pestat] (25, 50, 75) percentile: (155, 196, 295)
[M::mem_pestat] low and high boundaries for computing mean and std.dev: (1, 575)
[M::mem_pestat] mean and std.dev: (203.94, 108.27)
[M::mem_pestat] low and high boundaries for proper pairs: (1, 715)
[M::mem_pestat] skip orientation RR as there are not enough pairs
[M::mem_pestat] skip orientation RF
[M::mem_process_seqs] Processed 979098 reads in 200.680 CPU sec, 27.075 real sec
[M::process] read 982944 sequences (80000116 bp)...
[M::mem_pestat] # candidate unique pairs for (FF, FR, RF, RR): (4, 335535, 16, 1)
[M::mem_pestat] skip orientation FF as there are not enough pairs
[M::mem_pestat] analyzing insert size distribution for orientation FR...
[M::mem_pestat] (25, 50, 75) percentile: (68, 151, 202)
[M::mem_pestat] low and high boundaries for computing mean and std.dev: (1, 470)
[M::mem_pestat] mean and std.dev: (150.06, 92.10)
[M::mem_pestat] low and high boundaries for proper pairs: (1, 604)
[M::mem_pestat] analyzing insert size distribution for orientation RF...
[M::mem_pestat] (25, 50, 75) percentile: (89, 340, 950)
[M::mem_pestat] low and high boundaries for computing mean and std.dev: (1, 2672)
[M::mem_pestat] mean and std.dev: (277.92, 276.20)
[M::mem_pestat] low and high boundaries for proper pairs: (1, 3533)
[M::mem_pestat] skip orientation RR as there are not enough pairs
[M::mem_pestat] skip orientation RF
[M::mem_process_seqs] Processed 982944 reads in 218.538 CPU sec, 29.515 real sec
[M::process] read 968452 sequences (80000169 bp)...
[M::mem_pestat] # candidate unique pairs for (FF, FR, RF, RR): (2, 336827, 16, 2)
[M::mem_pestat] skip orientation FF as there are not enough pairs
[M::mem_pestat] analyzing insert size distribution for orientation FR...
[M::mem_pestat] (25, 50, 75) percentile: (71, 160, 210)
[M::mem_pestat] low and high boundaries for computing mean and std.dev: (1, 488)
[M::mem_pestat] mean and std.dev: (157.63, 98.02)
[M::mem_pestat] low and high boundaries for proper pairs: (1, 627)
[M::mem_pestat] analyzing insert size distribution for orientation RF...
[M::mem_pestat] (25, 50, 75) percentile: (120, 220, 948)
[M::mem_pestat] low and high boundaries for computing mean and std.dev: (1, 2604)
[M::mem_pestat] mean and std.dev: (349.73, 417.69)
[M::mem_pestat] low and high boundaries for proper pairs: (1, 3432)
[M::mem_pestat] skip orientation RR as there are not enough pairs
[M::mem_pestat] skip orientation RF
[M::mem_process_seqs] Processed 968452 reads in 205.201 CPU sec, 28.401 real sec
[M::process] read 971560 sequences (80000144 bp)...
[M::mem_pestat] # candidate unique pairs for (FF, FR, RF, RR): (7, 342214, 19, 1)
[M::mem_pestat] skip orientation FF as there are not enough pairs
[M::mem_pestat] analyzing insert size distribution for orientation FR...
[M::mem_pestat] (25, 50, 75) percentile: (68, 161, 215)
[M::mem_pestat] low and high boundaries for computing mean and std.dev: (1, 509)
[M::mem_pestat] mean and std.dev: (160.22, 104.89)
[M::mem_pestat] low and high boundaries for proper pairs: (1, 656)
[M::mem_pestat] analyzing insert size distribution for orientation RF...
[M::mem_pestat] (25, 50, 75) percentile: (275, 613, 1098)
[M::mem_pestat] low and high boundaries for computing mean and std.dev: (1, 2744)
[M::mem_pestat] mean and std.dev: (717.72, 603.98)
[M::mem_pestat] low and high boundaries for proper pairs: (1, 3567)
[M::mem_pestat] skip orientation RR as there are not enough pairs
[M::mem_pestat] skip orientation RF
[M::process] read 972448 sequences (80000186 bp)...
[M::mem_process_seqs] Processed 971560 reads in 183.139 CPU sec, 25.334 real sec
[M::mem_pestat] # candidate unique pairs for (FF, FR, RF, RR): (2, 341990, 22, 4)
[M::mem_pestat] skip orientation FF as there are not enough pairs
[M::mem_pestat] analyzing insert size distribution for orientation FR...
[M::mem_pestat] (25, 50, 75) percentile: (67, 160, 214)
[M::mem_pestat] low and high boundaries for computing mean and std.dev: (1, 508)
[M::mem_pestat] mean and std.dev: (159.42, 104.20)
[M::mem_pestat] low and high boundaries for proper pairs: (1, 655)
[M::mem_pestat] analyzing insert size distribution for orientation RF...
[M::mem_pestat] (25, 50, 75) percentile: (51, 186, 433)
[M::mem_pestat] low and high boundaries for computing mean and std.dev: (1, 1197)
[M::mem_pestat] mean and std.dev: (263.00, 244.87)
[M::mem_pestat] low and high boundaries for proper pairs: (1, 1579)
[M::mem_pestat] skip orientation RR as there are not enough pairs
[M::mem_pestat] skip orientation RF
[M::mem_process_seqs] Processed 972448 reads in 183.104 CPU sec, 24.812 real sec
[M::process] read 974416 sequences (80000182 bp)...
[M::mem_pestat] # candidate unique pairs for (FF, FR, RF, RR): (0, 342870, 20, 2)
[M::mem_pestat] skip orientation FF as there are not enough pairs
[M::mem_pestat] analyzing insert size distribution for orientation FR...
[M::mem_pestat] (25, 50, 75) percentile: (66, 159, 213)
[M::mem_pestat] low and high boundaries for computing mean and std.dev: (1, 507)
[M::mem_pestat] mean and std.dev: (158.08, 103.37)
[M::mem_pestat] low and high boundaries for proper pairs: (1, 654)
[M::mem_pestat] analyzing insert size distribution for orientation RF...
[M::mem_pestat] (25, 50, 75) percentile: (164, 327, 579)
[M::mem_pestat] low and high boundaries for computing mean and std.dev: (1, 1409)
[M::mem_pestat] mean and std.dev: (405.65, 394.33)
[M::mem_pestat] low and high boundaries for proper pairs: (1, 1983)
[M::mem_pestat] skip orientation RR as there are not enough pairs
[M::mem_pestat] skip orientation RF
[M::mem_process_seqs] Processed 974416 reads in 179.615 CPU sec, 24.251 real sec
[M::process] read 975714 sequences (80000053 bp)...
[M::mem_pestat] # candidate unique pairs for (FF, FR, RF, RR): (2, 342954, 23, 2)
[M::mem_pestat] skip orientation FF as there are not enough pairs
[M::mem_pestat] analyzing insert size distribution for orientation FR...
[M::mem_pestat] (25, 50, 75) percentile: (66, 157, 211)
[M::mem_pestat] low and high boundaries for computing mean and std.dev: (1, 501)
[M::mem_pestat] mean and std.dev: (156.69, 102.34)
[M::mem_pestat] low and high boundaries for proper pairs: (1, 646)
[M::mem_pestat] analyzing insert size distribution for orientation RF...
[M::mem_pestat] (25, 50, 75) percentile: (152, 191, 513)
[M::mem_pestat] low and high boundaries for computing mean and std.dev: (1, 1235)
[M::mem_pestat] mean and std.dev: (258.20, 228.61)
[M::mem_pestat] low and high boundaries for proper pairs: (1, 1596)
[M::mem_pestat] skip orientation RR as there are not enough pairs
[M::mem_pestat] skip orientation RF
[M::mem_process_seqs] Processed 975714 reads in 183.950 CPU sec, 25.323 real sec
[M::process] read 976870 sequences (80000117 bp)...
[M::mem_pestat] # candidate unique pairs for (FF, FR, RF, RR): (4, 342986, 26, 3)
[M::mem_pestat] skip orientation FF as there are not enough pairs
[M::mem_pestat] analyzing insert size distribution for orientation FR...
[M::mem_pestat] (25, 50, 75) percentile: (65, 156, 211)
[M::mem_pestat] low and high boundaries for computing mean and std.dev: (1, 503)
[M::mem_pestat] mean and std.dev: (156.02, 102.19)
[M::mem_pestat] low and high boundaries for proper pairs: (1, 649)
[M::mem_pestat] analyzing insert size distribution for orientation RF...
[M::mem_pestat] (25, 50, 75) percentile: (55, 209, 577)
[M::mem_pestat] low and high boundaries for computing mean and std.dev: (1, 1621)
[M::mem_pestat] mean and std.dev: (337.33, 358.87)
[M::mem_pestat] low and high boundaries for proper pairs: (1, 2143)
[M::mem_pestat] skip orientation RR as there are not enough pairs
[M::mem_pestat] skip orientation RF
[M::mem_process_seqs] Processed 976870 reads in 183.676 CPU sec, 25.078 real sec
[M::process] read 990668 sequences (80000073 bp)...
[M::mem_pestat] # candidate unique pairs for (FF, FR, RF, RR): (1, 347574, 26, 3)
[M::mem_pestat] skip orientation FF as there are not enough pairs
[M::mem_pestat] analyzing insert size distribution for orientation FR...
[M::mem_pestat] (25, 50, 75) percentile: (61, 149, 209)
[M::mem_pestat] low and high boundaries for computing mean and std.dev: (1, 505)
[M::mem_pestat] mean and std.dev: (151.64, 103.42)
[M::mem_pestat] low and high boundaries for proper pairs: (1, 653)
[M::mem_pestat] analyzing insert size distribution for orientation RF...
[M::mem_pestat] (25, 50, 75) percentile: (156, 248, 398)
[M::mem_pestat] low and high boundaries for computing mean and std.dev: (1, 882)
[M::mem_pestat] mean and std.dev: (285.27, 195.04)
[M::mem_pestat] low and high boundaries for proper pairs: (1, 1124)
[M::mem_pestat] skip orientation RR as there are not enough pairs
[M::mem_pestat] skip orientation RF
[M::process] read 978746 sequences (80000082 bp)...
[M::mem_process_seqs] Processed 990668 reads in 181.616 CPU sec, 24.677 real sec
[M::mem_pestat] # candidate unique pairs for (FF, FR, RF, RR): (2, 343670, 22, 6)
[M::mem_pestat] skip orientation FF as there are not enough pairs
[M::mem_pestat] analyzing insert size distribution for orientation FR...
[M::mem_pestat] (25, 50, 75) percentile: (65, 154, 209)
[M::mem_pestat] low and high boundaries for computing mean and std.dev: (1, 497)
[M::mem_pestat] mean and std.dev: (154.18, 100.27)
[M::mem_pestat] low and high boundaries for proper pairs: (1, 641)
[M::mem_pestat] analyzing insert size distribution for orientation RF...
[M::mem_pestat] (25, 50, 75) percentile: (67, 171, 443)
[M::mem_pestat] low and high boundaries for computing mean and std.dev: (1, 1195)
[M::mem_pestat] mean and std.dev: (256.60, 273.66)
[M::mem_pestat] low and high boundaries for proper pairs: (1, 1571)
[M::mem_pestat] skip orientation RR as there are not enough pairs
[M::mem_pestat] skip orientation RF
[M::mem_process_seqs] Processed 978746 reads in 182.043 CPU sec, 25.081 real sec
[M::process] read 978454 sequences (80000195 bp)...
[M::mem_pestat] # candidate unique pairs for (FF, FR, RF, RR): (2, 343040, 16, 4)
[M::mem_pestat] skip orientation FF as there are not enough pairs
[M::mem_pestat] analyzing insert size distribution for orientation FR...
[M::mem_pestat] (25, 50, 75) percentile: (65, 153, 208)
[M::mem_pestat] low and high boundaries for computing mean and std.dev: (1, 494)
[M::mem_pestat] mean and std.dev: (153.75, 99.63)
[M::mem_pestat] low and high boundaries for proper pairs: (1, 637)
[M::mem_pestat] analyzing insert size distribution for orientation RF...
[M::mem_pestat] (25, 50, 75) percentile: (28, 138, 386)
[M::mem_pestat] low and high boundaries for computing mean and std.dev: (1, 1102)
[M::mem_pestat] mean and std.dev: (128.71, 151.61)
[M::mem_pestat] low and high boundaries for proper pairs: (1, 1460)
[M::mem_pestat] skip orientation RR as there are not enough pairs
[M::mem_pestat] skip orientation RF
[M::process] read 980134 sequences (80000065 bp)...
[M::mem_process_seqs] Processed 978454 reads in 181.512 CPU sec, 25.023 real sec
[M::mem_pestat] # candidate unique pairs for (FF, FR, RF, RR): (3, 343250, 15, 4)
[M::mem_pestat] skip orientation FF as there are not enough pairs
[M::mem_pestat] analyzing insert size distribution for orientation FR...
[M::mem_pestat] (25, 50, 75) percentile: (65, 152, 206)
[M::mem_pestat] low and high boundaries for computing mean and std.dev: (1, 488)
[M::mem_pestat] mean and std.dev: (152.45, 98.07)
[M::mem_pestat] low and high boundaries for proper pairs: (1, 629)
[M::mem_pestat] analyzing insert size distribution for orientation RF...
[M::mem_pestat] (25, 50, 75) percentile: (23, 121, 297)
[M::mem_pestat] low and high boundaries for computing mean and std.dev: (1, 845)
[M::mem_pestat] mean and std.dev: (129.79, 124.21)
[M::mem_pestat] low and high boundaries for proper pairs: (1, 1119)
[M::mem_pestat] skip orientation RR as there are not enough pairs
[M::mem_pestat] skip orientation RF
[M::mem_process_seqs] Processed 980134 reads in 183.555 CPU sec, 25.011 real sec
[M::process] read 979652 sequences (80000161 bp)...
[M::mem_pestat] # candidate unique pairs for (FF, FR, RF, RR): (5, 342343, 19, 6)
[M::mem_pestat] skip orientation FF as there are not enough pairs
[M::mem_pestat] analyzing insert size distribution for orientation FR...
[M::mem_pestat] (25, 50, 75) percentile: (65, 152, 206)
[M::mem_pestat] low and high boundaries for computing mean and std.dev: (1, 488)
[M::mem_pestat] mean and std.dev: (151.99, 97.37)
[M::mem_pestat] low and high boundaries for proper pairs: (1, 629)
[M::mem_pestat] analyzing insert size distribution for orientation RF...
[M::mem_pestat] (25, 50, 75) percentile: (59, 165, 196)
[M::mem_pestat] low and high boundaries for computing mean and std.dev: (1, 470)
[M::mem_pestat] mean and std.dev: (125.71, 96.12)
[M::mem_pestat] low and high boundaries for proper pairs: (1, 607)
[M::mem_pestat] skip orientation RR as there are not enough pairs
[M::mem_pestat] skip orientation RF
[M::process] read 979316 sequences (80000141 bp)...
[M::mem_process_seqs] Processed 979652 reads in 184.528 CPU sec, 25.029 real sec
[M::mem_pestat] # candidate unique pairs for (FF, FR, RF, RR): (10, 342545, 8, 6)
[M::mem_pestat] analyzing insert size distribution for orientation FF...
[M::mem_pestat] (25, 50, 75) percentile: (119, 210, 860)
[M::mem_pestat] low and high boundaries for computing mean and std.dev: (1, 2342)
[M::mem_pestat] mean and std.dev: (324.44, 332.58)
[M::mem_pestat] low and high boundaries for proper pairs: (1, 3083)
[M::mem_pestat] analyzing insert size distribution for orientation FR...
[M::mem_pestat] (25, 50, 75) percentile: (66, 151, 205)
[M::mem_pestat] low and high boundaries for computing mean and std.dev: (1, 483)
[M::mem_pestat] mean and std.dev: (151.39, 96.63)
[M::mem_pestat] low and high boundaries for proper pairs: (1, 622)
[M::mem_pestat] skip orientation RF as there are not enough pairs
[M::mem_pestat] skip orientation RR as there are not enough pairs
[M::mem_pestat] skip orientation FF
[M::mem_process_seqs] Processed 979316 reads in 182.200 CPU sec, 24.904 real sec
[M::process] read 980968 sequences (80000058 bp)...
[M::process] read 981256 sequences (80000012 bp)...
[M::mem_pestat] # candidate unique pairs for (FF, FR, RF, RR): (6, 342677, 22, 2)
[M::mem_pestat] skip orientation FF as there are not enough pairs
[M::mem_pestat] analyzing insert size distribution for orientation FR...
[M::mem_pestat] (25, 50, 75) percentile: (65, 151, 204)
[M::mem_pestat] low and high boundaries for computing mean and std.dev: (1, 482)
[M::mem_pestat] mean and std.dev: (150.80, 96.16)
[M::mem_pestat] low and high boundaries for proper pairs: (1, 621)
[M::mem_pestat] analyzing insert size distribution for orientation RF...
[M::mem_pestat] (25, 50, 75) percentile: (41, 206, 394)
[M::mem_pestat] low and high boundaries for computing mean and std.dev: (1, 1100)
[M::mem_pestat] mean and std.dev: (220.05, 201.58)
[M::mem_pestat] low and high boundaries for proper pairs: (1, 1453)
[M::mem_pestat] skip orientation RR as there are not enough pairs
[M::mem_pestat] skip orientation RF
[M::mem_process_seqs] Processed 980968 reads in 185.926 CPU sec, 25.746 real sec
[M::mem_pestat] # candidate unique pairs for (FF, FR, RF, RR): (2, 341537, 20, 5)
[M::mem_pestat] skip orientation FF as there are not enough pairs
[M::mem_pestat] analyzing insert size distribution for orientation FR...
[M::mem_pestat] (25, 50, 75) percentile: (66, 151, 204)
[M::mem_pestat] low and high boundaries for computing mean and std.dev: (1, 480)
[M::mem_pestat] mean and std.dev: (150.61, 95.08)
[M::mem_pestat] low and high boundaries for proper pairs: (1, 618)
[M::mem_pestat] analyzing insert size distribution for orientation RF...
[M::mem_pestat] (25, 50, 75) percentile: (50, 173, 1347)
[M::mem_pestat] low and high boundaries for computing mean and std.dev: (1, 3941)
[M::mem_pestat] mean and std.dev: (493.20, 710.53)
[M::mem_pestat] low and high boundaries for proper pairs: (1, 5238)
[M::mem_pestat] skip orientation RR as there are not enough pairs
[M::mem_pestat] skip orientation RF
[M::mem_process_seqs] Processed 981256 reads in 190.646 CPU sec, 26.226 real sec
[M::process] read 980506 sequences (80000179 bp)...
[M::mem_pestat] # candidate unique pairs for (FF, FR, RF, RR): (3, 338548, 19, 5)
[M::mem_pestat] skip orientation FF as there are not enough pairs
[M::mem_pestat] analyzing insert size distribution for orientation FR...
[M::mem_pestat] (25, 50, 75) percentile: (67, 151, 202)
[M::mem_pestat] low and high boundaries for computing mean and std.dev: (1, 472)
[M::mem_pestat] mean and std.dev: (149.99, 92.86)
[M::mem_pestat] low and high boundaries for proper pairs: (1, 607)
[M::mem_pestat] analyzing insert size distribution for orientation RF...
[M::mem_pestat] (25, 50, 75) percentile: (33, 195, 379)
[M::mem_pestat] low and high boundaries for computing mean and std.dev: (1, 1071)
[M::mem_pestat] mean and std.dev: (125.13, 106.43)
[M::mem_pestat] low and high boundaries for proper pairs: (1, 1417)
[M::mem_pestat] skip orientation RR as there are not enough pairs
[M::mem_pestat] skip orientation RF
[M::process] read 969616 sequences (80000130 bp)...
[M::mem_process_seqs] Processed 980506 reads in 201.028 CPU sec, 27.033 real sec
[M::mem_pestat] # candidate unique pairs for (FF, FR, RF, RR): (2, 337949, 18, 3)
[M::mem_pestat] skip orientation FF as there are not enough pairs
[M::mem_pestat] analyzing insert size distribution for orientation FR...
[M::mem_pestat] (25, 50, 75) percentile: (71, 161, 210)
[M::mem_pestat] low and high boundaries for computing mean and std.dev: (1, 488)
[M::mem_pestat] mean and std.dev: (157.83, 98.27)
[M::mem_pestat] low and high boundaries for proper pairs: (1, 627)
[M::mem_pestat] analyzing insert size distribution for orientation RF...
[M::mem_pestat] (25, 50, 75) percentile: (121, 334, 2084)
[M::mem_pestat] low and high boundaries for computing mean and std.dev: (1, 6010)
[M::mem_pestat] mean and std.dev: (912.65, 1078.23)
[M::mem_pestat] low and high boundaries for proper pairs: (1, 7973)
[M::mem_pestat] skip orientation RR as there are not enough pairs
[M::mem_pestat] skip orientation RF
[M::mem_process_seqs] Processed 969616 reads in 202.669 CPU sec, 26.952 real sec
[M::process] read 964762 sequences (80000144 bp)...
[M::mem_pestat] # candidate unique pairs for (FF, FR, RF, RR): (4, 339920, 17, 3)
[M::mem_pestat] skip orientation FF as there are not enough pairs
[M::mem_pestat] analyzing insert size distribution for orientation FR...
[M::mem_pestat] (25, 50, 75) percentile: (71, 163, 215)
[M::mem_pestat] low and high boundaries for computing mean and std.dev: (1, 503)
[M::mem_pestat] mean and std.dev: (161.33, 103.05)
[M::mem_pestat] low and high boundaries for proper pairs: (1, 647)
[M::mem_pestat] analyzing insert size distribution for orientation RF...
[M::mem_pestat] (25, 50, 75) percentile: (81, 197, 377)
[M::mem_pestat] low and high boundaries for computing mean and std.dev: (1, 969)
[M::mem_pestat] mean and std.dev: (226.75, 218.44)
[M::mem_pestat] low and high boundaries for proper pairs: (1, 1265)
[M::mem_pestat] skip orientation RR as there are not enough pairs
[M::mem_pestat] skip orientation RF
[M::mem_process_seqs] Processed 964762 reads in 183.136 CPU sec, 25.399 real sec
[M::process] read 965332 sequences (80000056 bp)...
[M::mem_pestat] # candidate unique pairs for (FF, FR, RF, RR): (9, 340214, 29, 2)
[M::mem_pestat] skip orientation FF as there are not enough pairs
[M::mem_pestat] analyzing insert size distribution for orientation FR...
[M::mem_pestat] (25, 50, 75) percentile: (70, 163, 214)
[M::mem_pestat] low and high boundaries for computing mean and std.dev: (1, 502)
[M::mem_pestat] mean and std.dev: (160.71, 102.66)
[M::mem_pestat] low and high boundaries for proper pairs: (1, 646)
[M::mem_pestat] analyzing insert size distribution for orientation RF...
[M::mem_pestat] (25, 50, 75) percentile: (160, 209, 571)
[M::mem_pestat] low and high boundaries for computing mean and std.dev: (1, 1393)
[M::mem_pestat] mean and std.dev: (301.15, 291.38)
[M::mem_pestat] low and high boundaries for proper pairs: (1, 1804)
[M::mem_pestat] skip orientation RR as there are not enough pairs
[M::mem_pestat] skip orientation RF
[M::mem_process_seqs] Processed 965332 reads in 182.347 CPU sec, 25.468 real sec
[M::process] read 967888 sequences (80000192 bp)...
[M::mem_pestat] # candidate unique pairs for (FF, FR, RF, RR): (2, 340607, 29, 2)
[M::mem_pestat] skip orientation FF as there are not enough pairs
[M::mem_pestat] analyzing insert size distribution for orientation FR...
[M::mem_pestat] (25, 50, 75) percentile: (69, 161, 213)
[M::mem_pestat] low and high boundaries for computing mean and std.dev: (1, 501)
[M::mem_pestat] mean and std.dev: (159.16, 101.87)
[M::mem_pestat] low and high boundaries for proper pairs: (1, 645)
[M::mem_pestat] analyzing insert size distribution for orientation RF...
[M::mem_pestat] (25, 50, 75) percentile: (79, 172, 796)
[M::mem_pestat] low and high boundaries for computing mean and std.dev: (1, 2230)
[M::mem_pestat] mean and std.dev: (342.30, 409.07)
[M::mem_pestat] low and high boundaries for proper pairs: (1, 2947)
[M::mem_pestat] skip orientation RR as there are not enough pairs
[M::mem_pestat] skip orientation RF
[M::mem_process_seqs] Processed 967888 reads in 184.185 CPU sec, 24.924 real sec
[M::process] read 968510 sequences (80000144 bp)...
[M::mem_pestat] # candidate unique pairs for (FF, FR, RF, RR): (4, 340333, 17, 3)
[M::mem_pestat] skip orientation FF as there are not enough pairs
[M::mem_pestat] analyzing insert size distribution for orientation FR...
[M::mem_pestat] (25, 50, 75) percentile: (69, 160, 212)
[M::mem_pestat] low and high boundaries for computing mean and std.dev: (1, 498)
[M::mem_pestat] mean and std.dev: (158.60, 101.24)
[M::mem_pestat] low and high boundaries for proper pairs: (1, 641)
[M::mem_pestat] analyzing insert size distribution for orientation RF...
[M::mem_pestat] (25, 50, 75) percentile: (125, 197, 890)
[M::mem_pestat] low and high boundaries for computing mean and std.dev: (1, 2420)
[M::mem_pestat] mean and std.dev: (396.50, 527.77)
[M::mem_pestat] low and high boundaries for proper pairs: (1, 3185)
[M::mem_pestat] skip orientation RR as there are not enough pairs
[M::mem_pestat] skip orientation RF
[M::process] read 970000 sequences (80000091 bp)...
[M::mem_process_seqs] Processed 968510 reads in 183.771 CPU sec, 25.372 real sec
[M::mem_pestat] # candidate unique pairs for (FF, FR, RF, RR): (1, 341118, 21, 2)
[M::mem_pestat] skip orientation FF as there are not enough pairs
[M::mem_pestat] analyzing insert size distribution for orientation FR...
[M::mem_pestat] (25, 50, 75) percentile: (68, 159, 211)
[M::mem_pestat] low and high boundaries for computing mean and std.dev: (1, 497)
[M::mem_pestat] mean and std.dev: (157.76, 100.88)
[M::mem_pestat] low and high boundaries for proper pairs: (1, 640)
[M::mem_pestat] analyzing insert size distribution for orientation RF...
[M::mem_pestat] (25, 50, 75) percentile: (68, 199, 539)
[M::mem_pestat] low and high boundaries for computing mean and std.dev: (1, 1481)
[M::mem_pestat] mean and std.dev: (270.40, 266.37)
[M::mem_pestat] low and high boundaries for proper pairs: (1, 1952)
[M::mem_pestat] skip orientation RR as there are not enough pairs
[M::mem_pestat] skip orientation RF
[M::mem_process_seqs] Processed 970000 reads in 187.682 CPU sec, 25.291 real sec
[M::process] read 979466 sequences (80000191 bp)...
[M::mem_pestat] # candidate unique pairs for (FF, FR, RF, RR): (1, 344063, 17, 4)
[M::mem_pestat] skip orientation FF as there are not enough pairs
[M::mem_pestat] analyzing insert size distribution for orientation FR...
[M::mem_pestat] (25, 50, 75) percentile: (65, 154, 210)
[M::mem_pestat] low and high boundaries for computing mean and std.dev: (1, 500)
[M::mem_pestat] mean and std.dev: (154.66, 101.89)
[M::mem_pestat] low and high boundaries for proper pairs: (1, 645)
[M::mem_pestat] analyzing insert size distribution for orientation RF...
[M::mem_pestat] (25, 50, 75) percentile: (44, 230, 413)
[M::mem_pestat] low and high boundaries for computing mean and std.dev: (1, 1151)
[M::mem_pestat] mean and std.dev: (243.00, 235.39)
[M::mem_pestat] low and high boundaries for proper pairs: (1, 1520)
[M::mem_pestat] skip orientation RR as there are not enough pairs
[M::mem_pestat] skip orientation RF
[M::mem_process_seqs] Processed 979466 reads in 183.671 CPU sec, 24.971 real sec
[M::process] read 971544 sequences (80000097 bp)...
[M::mem_pestat] # candidate unique pairs for (FF, FR, RF, RR): (3, 341016, 29, 3)
[M::mem_pestat] skip orientation FF as there are not enough pairs
[M::mem_pestat] analyzing insert size distribution for orientation FR...
[M::mem_pestat] (25, 50, 75) percentile: (68, 157, 209)
[M::mem_pestat] low and high boundaries for computing mean and std.dev: (1, 491)
[M::mem_pestat] mean and std.dev: (155.52, 99.00)
[M::mem_pestat] low and high boundaries for proper pairs: (1, 632)
[M::mem_pestat] analyzing insert size distribution for orientation RF...
[M::mem_pestat] (25, 50, 75) percentile: (152, 233, 623)
[M::mem_pestat] low and high boundaries for computing mean and std.dev: (1, 1565)
[M::mem_pestat] mean and std.dev: (278.46, 227.67)
[M::mem_pestat] low and high boundaries for proper pairs: (1, 2036)
[M::mem_pestat] skip orientation RR as there are not enough pairs
[M::mem_pestat] skip orientation RF
[M::mem_process_seqs] Processed 971544 reads in 185.932 CPU sec, 25.208 real sec
[M::process] read 971652 sequences (80000043 bp)...
[M::mem_pestat] # candidate unique pairs for (FF, FR, RF, RR): (4, 340351, 13, 3)
[M::mem_pestat] skip orientation FF as there are not enough pairs
[M::mem_pestat] analyzing insert size distribution for orientation FR...
[M::mem_pestat] (25, 50, 75) percentile: (68, 157, 208)
[M::mem_pestat] low and high boundaries for computing mean and std.dev: (1, 488)
[M::mem_pestat] mean and std.dev: (155.34, 98.11)
[M::mem_pestat] low and high boundaries for proper pairs: (1, 628)
[M::mem_pestat] analyzing insert size distribution for orientation RF...
[M::mem_pestat] (25, 50, 75) percentile: (34, 180, 1356)
[M::mem_pestat] low and high boundaries for computing mean and std.dev: (1, 4000)
[M::mem_pestat] mean and std.dev: (407.17, 527.80)
[M::mem_pestat] low and high boundaries for proper pairs: (1, 5322)
[M::mem_pestat] skip orientation RR as there are not enough pairs
[M::mem_pestat] skip orientation RF
[M::mem_process_seqs] Processed 971652 reads in 187.034 CPU sec, 25.480 real sec
[M::process] read 971534 sequences (80000034 bp)...
[M::mem_pestat] # candidate unique pairs for (FF, FR, RF, RR): (5, 340429, 23, 5)
[M::mem_pestat] skip orientation FF as there are not enough pairs
[M::mem_pestat] analyzing insert size distribution for orientation FR...
[M::mem_pestat] (25, 50, 75) percentile: (68, 157, 207)
[M::mem_pestat] low and high boundaries for computing mean and std.dev: (1, 485)
[M::mem_pestat] mean and std.dev: (154.55, 97.27)
[M::mem_pestat] low and high boundaries for proper pairs: (1, 624)
[M::mem_pestat] analyzing insert size distribution for orientation RF...
[M::mem_pestat] (25, 50, 75) percentile: (29, 97, 219)
[M::mem_pestat] low and high boundaries for computing mean and std.dev: (1, 599)
[M::mem_pestat] mean and std.dev: (110.62, 92.35)
[M::mem_pestat] low and high boundaries for proper pairs: (1, 789)
[M::mem_pestat] skip orientation RR as there are not enough pairs
[M::mem_pestat] skip orientation RF
[M::mem_process_seqs] Processed 971534 reads in 189.305 CPU sec, 25.805 real sec
[M::process] read 971900 sequences (80000020 bp)...
[M::mem_pestat] # candidate unique pairs for (FF, FR, RF, RR): (6, 340361, 27, 2)
[M::mem_pestat] skip orientation FF as there are not enough pairs
[M::mem_pestat] analyzing insert size distribution for orientation FR...
[M::mem_pestat] (25, 50, 75) percentile: (69, 156, 207)
[M::mem_pestat] low and high boundaries for computing mean and std.dev: (1, 483)
[M::mem_pestat] mean and std.dev: (154.11, 96.36)
[M::mem_pestat] low and high boundaries for proper pairs: (1, 621)
[M::mem_pestat] analyzing insert size distribution for orientation RF...
[M::mem_pestat] (25, 50, 75) percentile: (118, 195, 331)
[M::mem_pestat] low and high boundaries for computing mean and std.dev: (1, 757)
[M::mem_pestat] mean and std.dev: (213.12, 162.02)
[M::mem_pestat] low and high boundaries for proper pairs: (1, 970)
[M::mem_pestat] skip orientation RR as there are not enough pairs
[M::mem_pestat] skip orientation RF
[M::mem_process_seqs] Processed 971900 reads in 186.696 CPU sec, 25.097 real sec
[M::process] read 973072 sequences (80000127 bp)...
[M::mem_pestat] # candidate unique pairs for (FF, FR, RF, RR): (3, 335486, 19, 3)
[M::mem_pestat] skip orientation FF as there are not enough pairs
[M::mem_pestat] analyzing insert size distribution for orientation FR...
[M::mem_pestat] (25, 50, 75) percentile: (70, 157, 206)
[M::mem_pestat] low and high boundaries for computing mean and std.dev: (1, 478)
[M::mem_pestat] mean and std.dev: (154.02, 94.78)
[M::mem_pestat] low and high boundaries for proper pairs: (1, 614)
[M::mem_pestat] analyzing insert size distribution for orientation RF...
[M::mem_pestat] (25, 50, 75) percentile: (71, 197, 527)
[M::mem_pestat] low and high boundaries for computing mean and std.dev: (1, 1439)
[M::mem_pestat] mean and std.dev: (327.17, 390.27)
[M::mem_pestat] low and high boundaries for proper pairs: (1, 1895)
[M::mem_pestat] skip orientation RR as there are not enough pairs
[M::mem_pestat] skip orientation RF
[M::process] read 970194 sequences (80000024 bp)...
[M::mem_process_seqs] Processed 973072 reads in 206.155 CPU sec, 27.470 real sec
[M::mem_pestat] # candidate unique pairs for (FF, FR, RF, RR): (4, 328660, 28, 1)
[M::mem_pestat] skip orientation FF as there are not enough pairs
[M::mem_pestat] analyzing insert size distribution for orientation FR...
[M::mem_pestat] (25, 50, 75) percentile: (73, 159, 206)
[M::mem_pestat] low and high boundaries for computing mean and std.dev: (1, 472)
[M::mem_pestat] mean and std.dev: (155.55, 92.97)
[M::mem_pestat] low and high boundaries for proper pairs: (1, 605)
[M::mem_pestat] analyzing insert size distribution for orientation RF...
[M::mem_pestat] (25, 50, 75) percentile: (36, 189, 514)
[M::mem_pestat] low and high boundaries for computing mean and std.dev: (1, 1470)
[M::mem_pestat] mean and std.dev: (263.63, 319.68)
[M::mem_pestat] low and high boundaries for proper pairs: (1, 1948)
[M::mem_pestat] skip orientation RR as there are not enough pairs
[M::mem_pestat] skip orientation RF
[M::mem_process_seqs] Processed 970194 reads in 222.263 CPU sec, 29.798 real sec
[M::process] read 651654 sequences (55401299 bp)...
[M::mem_pestat] # candidate unique pairs for (FF, FR, RF, RR): (2, 224895, 11, 1)
[M::mem_pestat] skip orientation FF as there are not enough pairs
[M::mem_pestat] analyzing insert size distribution for orientation FR...
[M::mem_pestat] (25, 50, 75) percentile: (82, 166, 210)
[M::mem_pestat] low and high boundaries for computing mean and std.dev: (1, 466)
[M::mem_pestat] mean and std.dev: (162.41, 91.53)
[M::mem_pestat] low and high boundaries for proper pairs: (1, 594)
[M::mem_pestat] analyzing insert size distribution for orientation RF...
[M::mem_pestat] (25, 50, 75) percentile: (180, 195, 1119)
[M::mem_pestat] low and high boundaries for computing mean and std.dev: (1, 2997)
[M::mem_pestat] mean and std.dev: (415.40, 548.32)
[M::mem_pestat] low and high boundaries for proper pairs: (1, 3936)
[M::mem_pestat] skip orientation RR as there are not enough pairs
[M::mem_pestat] skip orientation RF
[M::mem_process_seqs] Processed 651654 reads in 168.619 CPU sec, 23.621 real sec
[main] Version: 0.7.17-r1188
[main] CMD: bwa mem -M -t 8 /data/project/sen-lab/genome/hg38/bwa/Homo_sapiens_assembly38.fasta /data/scratch/flanary/atac-seq/untreated/GSE138293/trimmed_fastq/SRR10215667_1_val_1.fq /data/scratch/flanary/atac-seq/untreated/GSE138293/trimmed_fastq/SRR10215667_2_val_2.fq
[main] Real time: 2455.378 sec; CPU: 16135.413 sec
