[M::bwa_idx_load_from_disk] read 0 ALT contigs
[M::process] read 1954978 sequences (80000063 bp)...
[M::process] read 1955002 sequences (80000063 bp)...
[M::mem_pestat] # candidate unique pairs for (FF, FR, RF, RR): (4, 475933, 1, 0)
[M::mem_pestat] skip orientation FF as there are not enough pairs
[M::mem_pestat] analyzing insert size distribution for orientation FR...
[M::mem_pestat] (25, 50, 75) percentile: (48, 66, 126)
[M::mem_pestat] low and high boundaries for computing mean and std.dev: (1, 282)
[M::mem_pestat] mean and std.dev: (91.60, 60.92)
[M::mem_pestat] low and high boundaries for proper pairs: (1, 360)
[M::mem_pestat] skip orientation RF as there are not enough pairs
[M::mem_pestat] skip orientation RR as there are not enough pairs
[M::mem_process_seqs] Processed 1954978 reads in 200.854 CPU sec, 36.193 real sec
[M::mem_pestat] # candidate unique pairs for (FF, FR, RF, RR): (2, 474268, 1, 0)
[M::mem_pestat] skip orientation FF as there are not enough pairs
[M::mem_pestat] analyzing insert size distribution for orientation FR...
[M::mem_pestat] (25, 50, 75) percentile: (48, 65, 122)
[M::mem_pestat] low and high boundaries for computing mean and std.dev: (1, 270)
[M::mem_pestat] mean and std.dev: (90.23, 59.36)
[M::mem_pestat] low and high boundaries for proper pairs: (1, 344)
[M::mem_pestat] skip orientation RF as there are not enough pairs
[M::mem_pestat] skip orientation RR as there are not enough pairs
[M::mem_process_seqs] Processed 1955002 reads in 197.709 CPU sec, 27.326 real sec
[M::process] read 1954832 sequences (80000002 bp)...
[M::mem_pestat] # candidate unique pairs for (FF, FR, RF, RR): (2, 475085, 2, 2)
[M::mem_pestat] skip orientation FF as there are not enough pairs
[M::mem_pestat] analyzing insert size distribution for orientation FR...
[M::mem_pestat] (25, 50, 75) percentile: (47, 66, 124)
[M::mem_pestat] low and high boundaries for computing mean and std.dev: (1, 278)
[M::mem_pestat] mean and std.dev: (90.95, 60.25)
[M::mem_pestat] low and high boundaries for proper pairs: (1, 355)
[M::mem_pestat] skip orientation RF as there are not enough pairs
[M::mem_pestat] skip orientation RR as there are not enough pairs
[M::process] read 1954354 sequences (80000043 bp)...
[M::mem_process_seqs] Processed 1954832 reads in 199.431 CPU sec, 29.945 real sec
[M::mem_pestat] # candidate unique pairs for (FF, FR, RF, RR): (0, 475528, 1, 1)
[M::mem_pestat] skip orientation FF as there are not enough pairs
[M::mem_pestat] analyzing insert size distribution for orientation FR...
[M::mem_pestat] (25, 50, 75) percentile: (48, 67, 133)
[M::mem_pestat] low and high boundaries for computing mean and std.dev: (1, 303)
[M::mem_pestat] mean and std.dev: (93.80, 62.85)
[M::mem_pestat] low and high boundaries for proper pairs: (1, 388)
[M::mem_pestat] skip orientation RF as there are not enough pairs
[M::mem_pestat] skip orientation RR as there are not enough pairs
[M::mem_process_seqs] Processed 1954354 reads in 197.834 CPU sec, 26.488 real sec
[M::process] read 1955532 sequences (80000056 bp)...
[M::mem_pestat] # candidate unique pairs for (FF, FR, RF, RR): (0, 474815, 4, 3)
[M::mem_pestat] skip orientation FF as there are not enough pairs
[M::mem_pestat] analyzing insert size distribution for orientation FR...
[M::mem_pestat] (25, 50, 75) percentile: (47, 65, 118)
[M::mem_pestat] low and high boundaries for computing mean and std.dev: (1, 260)
[M::mem_pestat] mean and std.dev: (88.62, 57.88)
[M::mem_pestat] low and high boundaries for proper pairs: (1, 331)
[M::mem_pestat] skip orientation RF as there are not enough pairs
[M::mem_pestat] skip orientation RR as there are not enough pairs
[M::mem_process_seqs] Processed 1955532 reads in 196.727 CPU sec, 26.429 real sec
[M::process] read 1955792 sequences (80000022 bp)...
[M::mem_pestat] # candidate unique pairs for (FF, FR, RF, RR): (1, 474531, 0, 1)
[M::mem_pestat] skip orientation FF as there are not enough pairs
[M::mem_pestat] analyzing insert size distribution for orientation FR...
[M::mem_pestat] (25, 50, 75) percentile: (47, 64, 117)
[M::mem_pestat] low and high boundaries for computing mean and std.dev: (1, 257)
[M::mem_pestat] mean and std.dev: (87.93, 57.52)
[M::mem_pestat] low and high boundaries for proper pairs: (1, 327)
[M::mem_pestat] skip orientation RF as there are not enough pairs
[M::mem_pestat] skip orientation RR as there are not enough pairs
[M::mem_process_seqs] Processed 1955792 reads in 194.945 CPU sec, 26.513 real sec
[M::process] read 1955126 sequences (80000047 bp)...
[M::mem_pestat] # candidate unique pairs for (FF, FR, RF, RR): (0, 474359, 2, 1)
[M::mem_pestat] skip orientation FF as there are not enough pairs
[M::mem_pestat] analyzing insert size distribution for orientation FR...
[M::mem_pestat] (25, 50, 75) percentile: (47, 65, 117)
[M::mem_pestat] low and high boundaries for computing mean and std.dev: (1, 257)
[M::mem_pestat] mean and std.dev: (88.26, 57.40)
[M::mem_pestat] low and high boundaries for proper pairs: (1, 327)
[M::mem_pestat] skip orientation RF as there are not enough pairs
[M::mem_pestat] skip orientation RR as there are not enough pairs
[M::process] read 1955104 sequences (80000036 bp)...
[M::mem_process_seqs] Processed 1955126 reads in 194.922 CPU sec, 26.337 real sec
[M::mem_pestat] # candidate unique pairs for (FF, FR, RF, RR): (1, 472590, 2, 1)
[M::mem_pestat] skip orientation FF as there are not enough pairs
[M::mem_pestat] analyzing insert size distribution for orientation FR...
[M::mem_pestat] (25, 50, 75) percentile: (47, 64, 116)
[M::mem_pestat] low and high boundaries for computing mean and std.dev: (1, 254)
[M::mem_pestat] mean and std.dev: (87.67, 56.88)
[M::mem_pestat] low and high boundaries for proper pairs: (1, 323)
[M::mem_pestat] skip orientation RF as there are not enough pairs
[M::mem_pestat] skip orientation RR as there are not enough pairs
[M::mem_process_seqs] Processed 1955104 reads in 195.314 CPU sec, 26.451 real sec
[M::process] read 1954942 sequences (80000045 bp)...
[M::mem_pestat] # candidate unique pairs for (FF, FR, RF, RR): (6, 475931, 1, 3)
[M::mem_pestat] skip orientation FF as there are not enough pairs
[M::mem_pestat] analyzing insert size distribution for orientation FR...
[M::mem_pestat] (25, 50, 75) percentile: (47, 65, 122)
[M::mem_pestat] low and high boundaries for computing mean and std.dev: (1, 272)
[M::mem_pestat] mean and std.dev: (90.23, 59.65)
[M::mem_pestat] low and high boundaries for proper pairs: (1, 347)
[M::mem_pestat] skip orientation RF as there are not enough pairs
[M::mem_pestat] skip orientation RR as there are not enough pairs
[M::mem_process_seqs] Processed 1954942 reads in 195.470 CPU sec, 26.513 real sec
[M::process] read 1956322 sequences (80000025 bp)...
[M::mem_pestat] # candidate unique pairs for (FF, FR, RF, RR): (1, 473729, 0, 3)
[M::mem_pestat] skip orientation FF as there are not enough pairs
[M::mem_pestat] analyzing insert size distribution for orientation FR...
[M::mem_pestat] (25, 50, 75) percentile: (47, 64, 112)
[M::mem_pestat] low and high boundaries for computing mean and std.dev: (1, 242)
[M::mem_pestat] mean and std.dev: (85.34, 54.68)
[M::mem_pestat] low and high boundaries for proper pairs: (1, 307)
[M::mem_pestat] skip orientation RF as there are not enough pairs
[M::mem_pestat] skip orientation RR as there are not enough pairs
[M::mem_process_seqs] Processed 1956322 reads in 191.807 CPU sec, 25.938 real sec
[M::process] read 1956128 sequences (80000055 bp)...
[M::mem_pestat] # candidate unique pairs for (FF, FR, RF, RR): (2, 473067, 0, 4)
[M::mem_pestat] skip orientation FF as there are not enough pairs
[M::mem_pestat] analyzing insert size distribution for orientation FR...
[M::mem_pestat] (25, 50, 75) percentile: (47, 64, 114)
[M::mem_pestat] low and high boundaries for computing mean and std.dev: (1, 248)
[M::mem_pestat] mean and std.dev: (86.59, 55.70)
[M::mem_pestat] low and high boundaries for proper pairs: (1, 315)
[M::mem_pestat] skip orientation RF as there are not enough pairs
[M::mem_pestat] skip orientation RR as there are not enough pairs
[M::mem_process_seqs] Processed 1956128 reads in 191.077 CPU sec, 25.187 real sec
[M::process] read 1955594 sequences (80000082 bp)...
[M::mem_pestat] # candidate unique pairs for (FF, FR, RF, RR): (1, 474467, 3, 0)
[M::mem_pestat] skip orientation FF as there are not enough pairs
[M::mem_pestat] analyzing insert size distribution for orientation FR...
[M::mem_pestat] (25, 50, 75) percentile: (47, 65, 119)
[M::mem_pestat] low and high boundaries for computing mean and std.dev: (1, 263)
[M::mem_pestat] mean and std.dev: (89.10, 58.42)
[M::mem_pestat] low and high boundaries for proper pairs: (1, 335)
[M::mem_pestat] skip orientation RF as there are not enough pairs
[M::mem_pestat] skip orientation RR as there are not enough pairs
[M::process] read 1955716 sequences (80000026 bp)...
[M::mem_process_seqs] Processed 1955594 reads in 195.309 CPU sec, 26.473 real sec
[M::mem_pestat] # candidate unique pairs for (FF, FR, RF, RR): (1, 473926, 1, 1)
[M::mem_pestat] skip orientation FF as there are not enough pairs
[M::mem_pestat] analyzing insert size distribution for orientation FR...
[M::mem_pestat] (25, 50, 75) percentile: (48, 66, 125)
[M::mem_pestat] low and high boundaries for computing mean and std.dev: (1, 279)
[M::mem_pestat] mean and std.dev: (91.40, 60.48)
[M::mem_pestat] low and high boundaries for proper pairs: (1, 356)
[M::mem_pestat] skip orientation RF as there are not enough pairs
[M::mem_pestat] skip orientation RR as there are not enough pairs
[M::mem_process_seqs] Processed 1955716 reads in 195.739 CPU sec, 26.026 real sec
[M::process] read 1955918 sequences (80000079 bp)...
[M::mem_pestat] # candidate unique pairs for (FF, FR, RF, RR): (3, 473114, 3, 2)
[M::mem_pestat] skip orientation FF as there are not enough pairs
[M::mem_pestat] analyzing insert size distribution for orientation FR...
[M::mem_pestat] (25, 50, 75) percentile: (47, 65, 115)
[M::mem_pestat] low and high boundaries for computing mean and std.dev: (1, 251)
[M::mem_pestat] mean and std.dev: (87.32, 56.25)
[M::mem_pestat] low and high boundaries for proper pairs: (1, 319)
[M::mem_pestat] skip orientation RF as there are not enough pairs
[M::mem_pestat] skip orientation RR as there are not enough pairs
[M::mem_process_seqs] Processed 1955918 reads in 198.169 CPU sec, 26.788 real sec
[M::process] read 1955722 sequences (80000038 bp)...
[M::mem_pestat] # candidate unique pairs for (FF, FR, RF, RR): (0, 472612, 3, 1)
[M::mem_pestat] skip orientation FF as there are not enough pairs
[M::mem_pestat] analyzing insert size distribution for orientation FR...
[M::mem_pestat] (25, 50, 75) percentile: (47, 64, 114)
[M::mem_pestat] low and high boundaries for computing mean and std.dev: (1, 248)
[M::mem_pestat] mean and std.dev: (86.70, 55.67)
[M::mem_pestat] low and high boundaries for proper pairs: (1, 315)
[M::mem_pestat] skip orientation RF as there are not enough pairs
[M::mem_pestat] skip orientation RR as there are not enough pairs
[M::mem_process_seqs] Processed 1955722 reads in 191.988 CPU sec, 25.985 real sec
[M::process] read 1955886 sequences (80000051 bp)...
[M::mem_pestat] # candidate unique pairs for (FF, FR, RF, RR): (2, 473463, 1, 0)
[M::mem_pestat] skip orientation FF as there are not enough pairs
[M::mem_pestat] analyzing insert size distribution for orientation FR...
[M::mem_pestat] (25, 50, 75) percentile: (47, 64, 115)
[M::mem_pestat] low and high boundaries for computing mean and std.dev: (1, 251)
[M::mem_pestat] mean and std.dev: (86.95, 56.38)
[M::mem_pestat] low and high boundaries for proper pairs: (1, 319)
[M::mem_pestat] skip orientation RF as there are not enough pairs
[M::mem_pestat] skip orientation RR as there are not enough pairs
[M::mem_process_seqs] Processed 1955886 reads in 192.995 CPU sec, 26.462 real sec
[M::process] read 1955196 sequences (80000021 bp)...
[M::mem_pestat] # candidate unique pairs for (FF, FR, RF, RR): (2, 473102, 3, 3)
[M::mem_pestat] skip orientation FF as there are not enough pairs
[M::mem_pestat] analyzing insert size distribution for orientation FR...
[M::mem_pestat] (25, 50, 75) percentile: (48, 65, 121)
[M::mem_pestat] low and high boundaries for computing mean and std.dev: (1, 267)
[M::mem_pestat] mean and std.dev: (90.08, 58.95)
[M::mem_pestat] low and high boundaries for proper pairs: (1, 340)
[M::mem_pestat] skip orientation RF as there are not enough pairs
[M::mem_pestat] skip orientation RR as there are not enough pairs
[M::mem_process_seqs] Processed 1955196 reads in 194.643 CPU sec, 26.072 real sec
[M::process] read 1956176 sequences (80000041 bp)...
[M::mem_pestat] # candidate unique pairs for (FF, FR, RF, RR): (1, 473651, 3, 2)
[M::mem_pestat] skip orientation FF as there are not enough pairs
[M::mem_pestat] analyzing insert size distribution for orientation FR...
[M::mem_pestat] (25, 50, 75) percentile: (47, 64, 112)
[M::mem_pestat] low and high boundaries for computing mean and std.dev: (1, 242)
[M::mem_pestat] mean and std.dev: (85.45, 54.49)
[M::mem_pestat] low and high boundaries for proper pairs: (1, 307)
[M::mem_pestat] skip orientation RF as there are not enough pairs
[M::mem_pestat] skip orientation RR as there are not enough pairs
[M::mem_process_seqs] Processed 1956176 reads in 189.573 CPU sec, 25.677 real sec
[M::process] read 1955916 sequences (80000013 bp)...
[M::mem_pestat] # candidate unique pairs for (FF, FR, RF, RR): (0, 474669, 2, 1)
[M::mem_pestat] skip orientation FF as there are not enough pairs
[M::mem_pestat] analyzing insert size distribution for orientation FR...
[M::mem_pestat] (25, 50, 75) percentile: (47, 65, 119)
[M::mem_pestat] low and high boundaries for computing mean and std.dev: (1, 263)
[M::mem_pestat] mean and std.dev: (89.00, 58.20)
[M::mem_pestat] low and high boundaries for proper pairs: (1, 335)
[M::mem_pestat] skip orientation RF as there are not enough pairs
[M::mem_pestat] skip orientation RR as there are not enough pairs
[M::mem_process_seqs] Processed 1955916 reads in 194.273 CPU sec, 26.148 real sec
[M::process] read 1956252 sequences (80000036 bp)...
[M::mem_pestat] # candidate unique pairs for (FF, FR, RF, RR): (1, 475413, 4, 1)
[M::mem_pestat] skip orientation FF as there are not enough pairs
[M::mem_pestat] analyzing insert size distribution for orientation FR...
[M::mem_pestat] (25, 50, 75) percentile: (47, 65, 118)
[M::mem_pestat] low and high boundaries for computing mean and std.dev: (1, 260)
[M::mem_pestat] mean and std.dev: (88.57, 57.99)
[M::mem_pestat] low and high boundaries for proper pairs: (1, 331)
[M::mem_pestat] skip orientation RF as there are not enough pairs
[M::mem_pestat] skip orientation RR as there are not enough pairs
[M::mem_process_seqs] Processed 1956252 reads in 194.146 CPU sec, 26.338 real sec
[M::process] read 1955614 sequences (80000035 bp)...
[M::mem_pestat] # candidate unique pairs for (FF, FR, RF, RR): (3, 473523, 0, 0)
[M::mem_pestat] skip orientation FF as there are not enough pairs
[M::mem_pestat] analyzing insert size distribution for orientation FR...
[M::mem_pestat] (25, 50, 75) percentile: (47, 65, 115)
[M::mem_pestat] low and high boundaries for computing mean and std.dev: (1, 251)
[M::mem_pestat] mean and std.dev: (87.22, 56.22)
[M::mem_pestat] low and high boundaries for proper pairs: (1, 319)
[M::mem_pestat] skip orientation RF as there are not enough pairs
[M::mem_pestat] skip orientation RR as there are not enough pairs
[M::mem_process_seqs] Processed 1955614 reads in 189.324 CPU sec, 25.282 real sec
[M::process] read 1956214 sequences (80000015 bp)...
[M::mem_pestat] # candidate unique pairs for (FF, FR, RF, RR): (0, 472965, 2, 3)
[M::mem_pestat] skip orientation FF as there are not enough pairs
[M::mem_pestat] analyzing insert size distribution for orientation FR...
[M::mem_pestat] (25, 50, 75) percentile: (47, 64, 112)
[M::mem_pestat] low and high boundaries for computing mean and std.dev: (1, 242)
[M::mem_pestat] mean and std.dev: (85.43, 54.59)
[M::mem_pestat] low and high boundaries for proper pairs: (1, 307)
[M::mem_pestat] skip orientation RF as there are not enough pairs
[M::mem_pestat] skip orientation RR as there are not enough pairs
[M::mem_process_seqs] Processed 1956214 reads in 193.314 CPU sec, 25.961 real sec
[M::process] read 1956226 sequences (80000012 bp)...
[M::mem_pestat] # candidate unique pairs for (FF, FR, RF, RR): (0, 476112, 3, 1)
[M::mem_pestat] skip orientation FF as there are not enough pairs
[M::mem_pestat] analyzing insert size distribution for orientation FR...
[M::mem_pestat] (25, 50, 75) percentile: (47, 64, 117)
[M::mem_pestat] low and high boundaries for computing mean and std.dev: (1, 257)
[M::mem_pestat] mean and std.dev: (88.16, 57.62)
[M::mem_pestat] low and high boundaries for proper pairs: (1, 327)
[M::mem_pestat] skip orientation RF as there are not enough pairs
[M::mem_pestat] skip orientation RR as there are not enough pairs
[M::mem_process_seqs] Processed 1956226 reads in 191.796 CPU sec, 25.299 real sec
[M::process] read 1956126 sequences (80000034 bp)...
[M::mem_pestat] # candidate unique pairs for (FF, FR, RF, RR): (1, 475667, 2, 2)
[M::mem_pestat] skip orientation FF as there are not enough pairs
[M::mem_pestat] analyzing insert size distribution for orientation FR...
[M::mem_pestat] (25, 50, 75) percentile: (47, 64, 117)
[M::mem_pestat] low and high boundaries for computing mean and std.dev: (1, 257)
[M::mem_pestat] mean and std.dev: (88.09, 57.48)
[M::mem_pestat] low and high boundaries for proper pairs: (1, 327)
[M::mem_pestat] skip orientation RF as there are not enough pairs
[M::mem_pestat] skip orientation RR as there are not enough pairs
[M::process] read 1955342 sequences (80000048 bp)...
[M::mem_process_seqs] Processed 1956126 reads in 195.321 CPU sec, 26.532 real sec
[M::mem_pestat] # candidate unique pairs for (FF, FR, RF, RR): (0, 473209, 3, 0)
[M::mem_pestat] skip orientation FF as there are not enough pairs
[M::mem_pestat] analyzing insert size distribution for orientation FR...
[M::mem_pestat] (25, 50, 75) percentile: (47, 65, 117)
[M::mem_pestat] low and high boundaries for computing mean and std.dev: (1, 257)
[M::mem_pestat] mean and std.dev: (88.23, 57.27)
[M::mem_pestat] low and high boundaries for proper pairs: (1, 327)
[M::mem_pestat] skip orientation RF as there are not enough pairs
[M::mem_pestat] skip orientation RR as there are not enough pairs
[M::mem_process_seqs] Processed 1955342 reads in 191.318 CPU sec, 25.197 real sec
[M::process] read 1956030 sequences (80000025 bp)...
[M::mem_pestat] # candidate unique pairs for (FF, FR, RF, RR): (1, 474599, 0, 1)
[M::mem_pestat] skip orientation FF as there are not enough pairs
[M::mem_pestat] analyzing insert size distribution for orientation FR...
[M::mem_pestat] (25, 50, 75) percentile: (47, 64, 116)
[M::mem_pestat] low and high boundaries for computing mean and std.dev: (1, 254)
[M::mem_pestat] mean and std.dev: (87.75, 57.10)
[M::mem_pestat] low and high boundaries for proper pairs: (1, 323)
[M::mem_pestat] skip orientation RF as there are not enough pairs
[M::mem_pestat] skip orientation RR as there are not enough pairs
[M::mem_process_seqs] Processed 1956030 reads in 190.638 CPU sec, 25.746 real sec
[M::process] read 1955510 sequences (80000004 bp)...
[M::mem_pestat] # candidate unique pairs for (FF, FR, RF, RR): (1, 470165, 3, 0)
[M::mem_pestat] skip orientation FF as there are not enough pairs
[M::mem_pestat] analyzing insert size distribution for orientation FR...
[M::mem_pestat] (25, 50, 75) percentile: (48, 66, 120)
[M::mem_pestat] low and high boundaries for computing mean and std.dev: (1, 264)
[M::mem_pestat] mean and std.dev: (89.81, 58.18)
[M::mem_pestat] low and high boundaries for proper pairs: (1, 336)
[M::mem_pestat] skip orientation RF as there are not enough pairs
[M::mem_pestat] skip orientation RR as there are not enough pairs
[M::mem_process_seqs] Processed 1955510 reads in 193.822 CPU sec, 25.986 real sec
[M::process] read 1956396 sequences (80000073 bp)...
[M::mem_pestat] # candidate unique pairs for (FF, FR, RF, RR): (1, 474732, 3, 0)
[M::mem_pestat] skip orientation FF as there are not enough pairs
[M::mem_pestat] analyzing insert size distribution for orientation FR...
[M::mem_pestat] (25, 50, 75) percentile: (47, 65, 119)
[M::mem_pestat] low and high boundaries for computing mean and std.dev: (1, 263)
[M::mem_pestat] mean and std.dev: (89.09, 58.46)
[M::mem_pestat] low and high boundaries for proper pairs: (1, 335)
[M::mem_pestat] skip orientation RF as there are not enough pairs
[M::mem_pestat] skip orientation RR as there are not enough pairs
[M::process] read 1955990 sequences (80000052 bp)...
[M::mem_process_seqs] Processed 1956396 reads in 195.918 CPU sec, 26.911 real sec
[M::mem_pestat] # candidate unique pairs for (FF, FR, RF, RR): (0, 470946, 1, 1)
[M::mem_pestat] skip orientation FF as there are not enough pairs
[M::mem_pestat] analyzing insert size distribution for orientation FR...
[M::mem_pestat] (25, 50, 75) percentile: (48, 66, 123)
[M::mem_pestat] low and high boundaries for computing mean and std.dev: (1, 273)
[M::mem_pestat] mean and std.dev: (90.79, 59.52)
[M::mem_pestat] low and high boundaries for proper pairs: (1, 348)
[M::mem_pestat] skip orientation RF as there are not enough pairs
[M::mem_pestat] skip orientation RR as there are not enough pairs
[M::mem_process_seqs] Processed 1955990 reads in 194.961 CPU sec, 26.472 real sec
[M::process] read 1956580 sequences (80000012 bp)...
[M::mem_pestat] # candidate unique pairs for (FF, FR, RF, RR): (2, 473762, 5, 0)
[M::mem_pestat] skip orientation FF as there are not enough pairs
[M::mem_pestat] analyzing insert size distribution for orientation FR...
[M::mem_pestat] (25, 50, 75) percentile: (48, 65, 122)
[M::mem_pestat] low and high boundaries for computing mean and std.dev: (1, 270)
[M::mem_pestat] mean and std.dev: (90.15, 59.24)
[M::mem_pestat] low and high boundaries for proper pairs: (1, 344)
[M::mem_pestat] skip orientation RF as there are not enough pairs
[M::mem_pestat] skip orientation RR as there are not enough pairs
[M::process] read 1956512 sequences (80000031 bp)...
[M::mem_process_seqs] Processed 1956580 reads in 197.153 CPU sec, 27.029 real sec
[M::mem_pestat] # candidate unique pairs for (FF, FR, RF, RR): (0, 471302, 1, 3)
[M::mem_pestat] skip orientation FF as there are not enough pairs
[M::mem_pestat] analyzing insert size distribution for orientation FR...
[M::mem_pestat] (25, 50, 75) percentile: (48, 65, 118)
[M::mem_pestat] low and high boundaries for computing mean and std.dev: (1, 258)
[M::mem_pestat] mean and std.dev: (88.70, 57.54)
[M::mem_pestat] low and high boundaries for proper pairs: (1, 328)
[M::mem_pestat] skip orientation RF as there are not enough pairs
[M::mem_pestat] skip orientation RR as there are not enough pairs
[M::mem_process_seqs] Processed 1956512 reads in 194.643 CPU sec, 26.801 real sec
[M::process] read 1956346 sequences (80000001 bp)...
[M::mem_pestat] # candidate unique pairs for (FF, FR, RF, RR): (0, 473786, 2, 1)
[M::mem_pestat] skip orientation FF as there are not enough pairs
[M::mem_pestat] analyzing insert size distribution for orientation FR...
[M::mem_pestat] (25, 50, 75) percentile: (47, 65, 118)
[M::mem_pestat] low and high boundaries for computing mean and std.dev: (1, 260)
[M::mem_pestat] mean and std.dev: (88.57, 57.97)
[M::mem_pestat] low and high boundaries for proper pairs: (1, 331)
[M::mem_pestat] skip orientation RF as there are not enough pairs
[M::mem_pestat] skip orientation RR as there are not enough pairs
[M::mem_process_seqs] Processed 1956346 reads in 195.478 CPU sec, 26.463 real sec
[M::process] read 1955232 sequences (80000053 bp)...
[M::mem_pestat] # candidate unique pairs for (FF, FR, RF, RR): (3, 469570, 2, 4)
[M::mem_pestat] skip orientation FF as there are not enough pairs
[M::mem_pestat] analyzing insert size distribution for orientation FR...
[M::mem_pestat] (25, 50, 75) percentile: (48, 66, 122)
[M::mem_pestat] low and high boundaries for computing mean and std.dev: (1, 270)
[M::mem_pestat] mean and std.dev: (90.90, 59.11)
[M::mem_pestat] low and high boundaries for proper pairs: (1, 344)
[M::mem_pestat] skip orientation RF as there are not enough pairs
[M::mem_pestat] skip orientation RR as there are not enough pairs
[M::mem_process_seqs] Processed 1955232 reads in 194.341 CPU sec, 26.300 real sec
[M::process] read 1956728 sequences (80000049 bp)...
[M::mem_pestat] # candidate unique pairs for (FF, FR, RF, RR): (2, 471905, 3, 1)
[M::mem_pestat] skip orientation FF as there are not enough pairs
[M::mem_pestat] analyzing insert size distribution for orientation FR...
[M::mem_pestat] (25, 50, 75) percentile: (47, 64, 113)
[M::mem_pestat] low and high boundaries for computing mean and std.dev: (1, 245)
[M::mem_pestat] mean and std.dev: (86.17, 55.18)
[M::mem_pestat] low and high boundaries for proper pairs: (1, 311)
[M::mem_pestat] skip orientation RF as there are not enough pairs
[M::mem_pestat] skip orientation RR as there are not enough pairs
[M::mem_process_seqs] Processed 1956728 reads in 193.658 CPU sec, 26.130 real sec
[M::process] read 1139828 sequences (46595389 bp)...
[M::mem_pestat] # candidate unique pairs for (FF, FR, RF, RR): (0, 275253, 1, 0)
[M::mem_pestat] skip orientation FF as there are not enough pairs
[M::mem_pestat] analyzing insert size distribution for orientation FR...
[M::mem_pestat] (25, 50, 75) percentile: (46, 64, 112)
[M::mem_pestat] low and high boundaries for computing mean and std.dev: (1, 244)
[M::mem_pestat] mean and std.dev: (85.45, 55.02)
[M::mem_pestat] low and high boundaries for proper pairs: (1, 310)
[M::mem_pestat] skip orientation RF as there are not enough pairs
[M::mem_pestat] skip orientation RR as there are not enough pairs
[M::mem_process_seqs] Processed 1139828 reads in 109.867 CPU sec, 14.716 real sec
[main] Version: 0.7.17-r1188
[main] CMD: bwa mem -M -t 8 /data/project/sen-lab/genome/hg38/bwa/Homo_sapiens_assembly38.fasta /data/scratch/flanary/atac-seq/untreated/GSE138293/trimmed_fastq/SRR10215680_1_val_1.fq /data/scratch/flanary/atac-seq/untreated/GSE138293/trimmed_fastq/SRR10215680_2_val_2.fq
[main] Real time: 1098.838 sec; CPU: 6771.449 sec
