[M::bwa_idx_load_from_disk] read 0 ALT contigs
[M::process] read 977074 sequences (80000001 bp)...
[M::process] read 976900 sequences (80000155 bp)...
[M::mem_pestat] # candidate unique pairs for (FF, FR, RF, RR): (4, 308368, 3, 3)
[M::mem_pestat] skip orientation FF as there are not enough pairs
[M::mem_pestat] analyzing insert size distribution for orientation FR...
[M::mem_pestat] (25, 50, 75) percentile: (64, 122, 223)
[M::mem_pestat] low and high boundaries for computing mean and std.dev: (1, 541)
[M::mem_pestat] mean and std.dev: (155.21, 113.90)
[M::mem_pestat] low and high boundaries for proper pairs: (1, 700)
[M::mem_pestat] skip orientation RF as there are not enough pairs
[M::mem_pestat] skip orientation RR as there are not enough pairs
[M::mem_process_seqs] Processed 977074 reads in 99.414 CPU sec, 17.652 real sec
[M::mem_pestat] # candidate unique pairs for (FF, FR, RF, RR): (5, 308033, 5, 4)
[M::mem_pestat] skip orientation FF as there are not enough pairs
[M::mem_pestat] analyzing insert size distribution for orientation FR...
[M::mem_pestat] (25, 50, 75) percentile: (65, 121, 221)
[M::mem_pestat] low and high boundaries for computing mean and std.dev: (1, 533)
[M::mem_pestat] mean and std.dev: (153.77, 111.96)
[M::mem_pestat] low and high boundaries for proper pairs: (1, 689)
[M::mem_pestat] skip orientation RF as there are not enough pairs
[M::mem_pestat] skip orientation RR as there are not enough pairs
[M::mem_process_seqs] Processed 976900 reads in 98.026 CPU sec, 13.031 real sec
[M::process] read 978116 sequences (80000097 bp)...
[M::mem_pestat] # candidate unique pairs for (FF, FR, RF, RR): (5, 308349, 1, 6)
[M::mem_pestat] skip orientation FF as there are not enough pairs
[M::mem_pestat] analyzing insert size distribution for orientation FR...
[M::mem_pestat] (25, 50, 75) percentile: (64, 121, 220)
[M::mem_pestat] low and high boundaries for computing mean and std.dev: (1, 532)
[M::mem_pestat] mean and std.dev: (153.07, 111.20)
[M::mem_pestat] low and high boundaries for proper pairs: (1, 688)
[M::mem_pestat] skip orientation RF as there are not enough pairs
[M::mem_pestat] skip orientation RR as there are not enough pairs
[M::mem_process_seqs] Processed 978116 reads in 97.826 CPU sec, 12.834 real sec
[M::process] read 978394 sequences (80000092 bp)...
[M::mem_pestat] # candidate unique pairs for (FF, FR, RF, RR): (5, 308148, 2, 5)
[M::mem_pestat] skip orientation FF as there are not enough pairs
[M::mem_pestat] analyzing insert size distribution for orientation FR...
[M::mem_pestat] (25, 50, 75) percentile: (64, 120, 220)
[M::mem_pestat] low and high boundaries for computing mean and std.dev: (1, 532)
[M::mem_pestat] mean and std.dev: (152.70, 110.89)
[M::mem_pestat] low and high boundaries for proper pairs: (1, 688)
[M::mem_pestat] skip orientation RF as there are not enough pairs
[M::mem_pestat] skip orientation RR as there are not enough pairs
[M::mem_process_seqs] Processed 978394 reads in 97.883 CPU sec, 12.862 real sec
[M::process] read 980750 sequences (80000044 bp)...
[M::mem_pestat] # candidate unique pairs for (FF, FR, RF, RR): (3, 308309, 3, 5)
[M::mem_pestat] skip orientation FF as there are not enough pairs
[M::mem_pestat] analyzing insert size distribution for orientation FR...
[M::mem_pestat] (25, 50, 75) percentile: (64, 118, 217)
[M::mem_pestat] low and high boundaries for computing mean and std.dev: (1, 523)
[M::mem_pestat] mean and std.dev: (150.36, 108.87)
[M::mem_pestat] low and high boundaries for proper pairs: (1, 676)
[M::mem_pestat] skip orientation RF as there are not enough pairs
[M::mem_pestat] skip orientation RR as there are not enough pairs
[M::mem_process_seqs] Processed 980750 reads in 97.406 CPU sec, 12.632 real sec
[M::process] read 981338 sequences (80000004 bp)...
[M::mem_pestat] # candidate unique pairs for (FF, FR, RF, RR): (5, 307963, 2, 6)
[M::mem_pestat] skip orientation FF as there are not enough pairs
[M::mem_pestat] analyzing insert size distribution for orientation FR...
[M::mem_pestat] (25, 50, 75) percentile: (64, 117, 216)
[M::mem_pestat] low and high boundaries for computing mean and std.dev: (1, 520)
[M::mem_pestat] mean and std.dev: (149.53, 107.98)
[M::mem_pestat] low and high boundaries for proper pairs: (1, 672)
[M::mem_pestat] skip orientation RF as there are not enough pairs
[M::mem_pestat] skip orientation RR as there are not enough pairs
[M::mem_process_seqs] Processed 981338 reads in 96.752 CPU sec, 12.648 real sec
[M::process] read 981714 sequences (80000105 bp)...
[M::mem_pestat] # candidate unique pairs for (FF, FR, RF, RR): (10, 307633, 3, 9)
[M::mem_pestat] analyzing insert size distribution for orientation FF...
[M::mem_pestat] (25, 50, 75) percentile: (130, 170, 248)
[M::mem_pestat] low and high boundaries for computing mean and std.dev: (1, 484)
[M::mem_pestat] mean and std.dev: (187.20, 98.20)
[M::mem_pestat] low and high boundaries for proper pairs: (1, 602)
[M::mem_pestat] analyzing insert size distribution for orientation FR...
[M::mem_pestat] (25, 50, 75) percentile: (64, 116, 215)
[M::mem_pestat] low and high boundaries for computing mean and std.dev: (1, 517)
[M::mem_pestat] mean and std.dev: (149.18, 107.73)
[M::mem_pestat] low and high boundaries for proper pairs: (1, 668)
[M::mem_pestat] skip orientation RF as there are not enough pairs
[M::mem_pestat] skip orientation RR as there are not enough pairs
[M::mem_pestat] skip orientation FF
[M::mem_process_seqs] Processed 981714 reads in 96.340 CPU sec, 12.487 real sec
[M::process] read 982386 sequences (80000132 bp)...
[M::mem_pestat] # candidate unique pairs for (FF, FR, RF, RR): (2, 308457, 3, 2)
[M::mem_pestat] skip orientation FF as there are not enough pairs
[M::mem_pestat] analyzing insert size distribution for orientation FR...
[M::mem_pestat] (25, 50, 75) percentile: (63, 116, 215)
[M::mem_pestat] low and high boundaries for computing mean and std.dev: (1, 519)
[M::mem_pestat] mean and std.dev: (148.98, 107.61)
[M::mem_pestat] low and high boundaries for proper pairs: (1, 671)
[M::mem_pestat] skip orientation RF as there are not enough pairs
[M::mem_pestat] skip orientation RR as there are not enough pairs
[M::mem_process_seqs] Processed 982386 reads in 95.762 CPU sec, 12.496 real sec
[M::process] read 982760 sequences (80000054 bp)...
[M::mem_pestat] # candidate unique pairs for (FF, FR, RF, RR): (4, 308056, 3, 6)
[M::mem_pestat] skip orientation FF as there are not enough pairs
[M::mem_pestat] analyzing insert size distribution for orientation FR...
[M::mem_pestat] (25, 50, 75) percentile: (63, 116, 216)
[M::mem_pestat] low and high boundaries for computing mean and std.dev: (1, 522)
[M::mem_pestat] mean and std.dev: (149.39, 108.16)
[M::mem_pestat] low and high boundaries for proper pairs: (1, 675)
[M::mem_pestat] skip orientation RF as there are not enough pairs
[M::mem_pestat] skip orientation RR as there are not enough pairs
[M::mem_process_seqs] Processed 982760 reads in 96.723 CPU sec, 12.508 real sec
[M::process] read 982856 sequences (80000030 bp)...
[M::mem_pestat] # candidate unique pairs for (FF, FR, RF, RR): (2, 308153, 3, 4)
[M::mem_pestat] skip orientation FF as there are not enough pairs
[M::mem_pestat] analyzing insert size distribution for orientation FR...
[M::mem_pestat] (25, 50, 75) percentile: (63, 116, 216)
[M::mem_pestat] low and high boundaries for computing mean and std.dev: (1, 522)
[M::mem_pestat] mean and std.dev: (149.54, 108.52)
[M::mem_pestat] low and high boundaries for proper pairs: (1, 675)
[M::mem_pestat] skip orientation RF as there are not enough pairs
[M::mem_pestat] skip orientation RR as there are not enough pairs
[M::mem_process_seqs] Processed 982856 reads in 95.959 CPU sec, 12.455 real sec
[M::process] read 982362 sequences (80000125 bp)...
[M::mem_pestat] # candidate unique pairs for (FF, FR, RF, RR): (8, 308168, 1, 0)
[M::mem_pestat] skip orientation FF as there are not enough pairs
[M::mem_pestat] analyzing insert size distribution for orientation FR...
[M::mem_pestat] (25, 50, 75) percentile: (64, 116, 216)
[M::mem_pestat] low and high boundaries for computing mean and std.dev: (1, 520)
[M::mem_pestat] mean and std.dev: (149.14, 107.98)
[M::mem_pestat] low and high boundaries for proper pairs: (1, 672)
[M::mem_pestat] skip orientation RF as there are not enough pairs
[M::mem_pestat] skip orientation RR as there are not enough pairs
[M::mem_process_seqs] Processed 982362 reads in 95.287 CPU sec, 12.331 real sec
[M::process] read 981936 sequences (80000052 bp)...
[M::mem_pestat] # candidate unique pairs for (FF, FR, RF, RR): (4, 307336, 3, 5)
[M::mem_pestat] skip orientation FF as there are not enough pairs
[M::mem_pestat] analyzing insert size distribution for orientation FR...
[M::mem_pestat] (25, 50, 75) percentile: (64, 116, 216)
[M::mem_pestat] low and high boundaries for computing mean and std.dev: (1, 520)
[M::mem_pestat] mean and std.dev: (149.62, 108.29)
[M::mem_pestat] low and high boundaries for proper pairs: (1, 672)
[M::mem_pestat] skip orientation RF as there are not enough pairs
[M::mem_pestat] skip orientation RR as there are not enough pairs
[M::mem_process_seqs] Processed 981936 reads in 95.681 CPU sec, 12.458 real sec
[M::process] read 980912 sequences (80000017 bp)...
[M::mem_pestat] # candidate unique pairs for (FF, FR, RF, RR): (5, 307347, 4, 2)
[M::mem_pestat] skip orientation FF as there are not enough pairs
[M::mem_pestat] analyzing insert size distribution for orientation FR...
[M::mem_pestat] (25, 50, 75) percentile: (64, 116, 216)
[M::mem_pestat] low and high boundaries for computing mean and std.dev: (1, 520)
[M::mem_pestat] mean and std.dev: (149.62, 108.43)
[M::mem_pestat] low and high boundaries for proper pairs: (1, 672)
[M::mem_pestat] skip orientation RF as there are not enough pairs
[M::mem_pestat] skip orientation RR as there are not enough pairs
[M::mem_process_seqs] Processed 980912 reads in 95.131 CPU sec, 12.406 real sec
[M::process] read 982078 sequences (80000097 bp)...
[M::mem_pestat] # candidate unique pairs for (FF, FR, RF, RR): (6, 307766, 2, 4)
[M::mem_pestat] skip orientation FF as there are not enough pairs
[M::mem_pestat] analyzing insert size distribution for orientation FR...
[M::mem_pestat] (25, 50, 75) percentile: (64, 116, 216)
[M::mem_pestat] low and high boundaries for computing mean and std.dev: (1, 520)
[M::mem_pestat] mean and std.dev: (149.18, 108.14)
[M::mem_pestat] low and high boundaries for proper pairs: (1, 672)
[M::mem_pestat] skip orientation RF as there are not enough pairs
[M::mem_pestat] skip orientation RR as there are not enough pairs
[M::mem_process_seqs] Processed 982078 reads in 95.587 CPU sec, 12.467 real sec
[M::process] read 981760 sequences (80000089 bp)...
[M::mem_pestat] # candidate unique pairs for (FF, FR, RF, RR): (10, 307770, 2, 5)
[M::mem_pestat] analyzing insert size distribution for orientation FF...
[M::mem_pestat] (25, 50, 75) percentile: (47, 95, 347)
[M::mem_pestat] low and high boundaries for computing mean and std.dev: (1, 947)
[M::mem_pestat] mean and std.dev: (185.44, 228.52)
[M::mem_pestat] low and high boundaries for proper pairs: (1, 1247)
[M::mem_pestat] analyzing insert size distribution for orientation FR...
[M::mem_pestat] (25, 50, 75) percentile: (64, 116, 216)
[M::mem_pestat] low and high boundaries for computing mean and std.dev: (1, 520)
[M::mem_pestat] mean and std.dev: (149.08, 107.94)
[M::mem_pestat] low and high boundaries for proper pairs: (1, 672)
[M::mem_pestat] skip orientation RF as there are not enough pairs
[M::mem_pestat] skip orientation RR as there are not enough pairs
[M::mem_pestat] skip orientation FF
[M::mem_process_seqs] Processed 981760 reads in 94.780 CPU sec, 12.272 real sec
[M::process] read 981884 sequences (80000001 bp)...
[M::mem_pestat] # candidate unique pairs for (FF, FR, RF, RR): (3, 307050, 5, 6)
[M::mem_pestat] skip orientation FF as there are not enough pairs
[M::mem_pestat] analyzing insert size distribution for orientation FR...
[M::mem_pestat] (25, 50, 75) percentile: (64, 117, 216)
[M::mem_pestat] low and high boundaries for computing mean and std.dev: (1, 520)
[M::mem_pestat] mean and std.dev: (149.55, 108.01)
[M::mem_pestat] low and high boundaries for proper pairs: (1, 672)
[M::mem_pestat] skip orientation RF as there are not enough pairs
[M::mem_pestat] skip orientation RR as there are not enough pairs
[M::mem_process_seqs] Processed 981884 reads in 95.014 CPU sec, 12.380 real sec
[M::process] read 982902 sequences (80000048 bp)...
[M::mem_pestat] # candidate unique pairs for (FF, FR, RF, RR): (3, 309416, 1, 8)
[M::mem_pestat] skip orientation FF as there are not enough pairs
[M::mem_pestat] analyzing insert size distribution for orientation FR...
[M::mem_pestat] (25, 50, 75) percentile: (63, 118, 220)
[M::mem_pestat] low and high boundaries for computing mean and std.dev: (1, 534)
[M::mem_pestat] mean and std.dev: (152.22, 111.93)
[M::mem_pestat] low and high boundaries for proper pairs: (1, 691)
[M::mem_pestat] skip orientation RF as there are not enough pairs
[M::mem_pestat] skip orientation RR as there are not enough pairs
[M::mem_process_seqs] Processed 982902 reads in 95.328 CPU sec, 12.366 real sec
[M::process] read 984390 sequences (80000037 bp)...
[M::mem_pestat] # candidate unique pairs for (FF, FR, RF, RR): (5, 310080, 3, 8)
[M::mem_pestat] skip orientation FF as there are not enough pairs
[M::mem_pestat] analyzing insert size distribution for orientation FR...
[M::mem_pestat] (25, 50, 75) percentile: (63, 117, 218)
[M::mem_pestat] low and high boundaries for computing mean and std.dev: (1, 528)
[M::mem_pestat] mean and std.dev: (150.46, 110.18)
[M::mem_pestat] low and high boundaries for proper pairs: (1, 683)
[M::mem_pestat] skip orientation RF as there are not enough pairs
[M::mem_pestat] skip orientation RR as there are not enough pairs
[M::mem_process_seqs] Processed 984390 reads in 94.800 CPU sec, 12.369 real sec
[M::process] read 984608 sequences (80000007 bp)...
[M::mem_pestat] # candidate unique pairs for (FF, FR, RF, RR): (5, 309334, 7, 3)
[M::mem_pestat] skip orientation FF as there are not enough pairs
[M::mem_pestat] analyzing insert size distribution for orientation FR...
[M::mem_pestat] (25, 50, 75) percentile: (63, 116, 217)
[M::mem_pestat] low and high boundaries for computing mean and std.dev: (1, 525)
[M::mem_pestat] mean and std.dev: (149.82, 109.50)
[M::mem_pestat] low and high boundaries for proper pairs: (1, 679)
[M::mem_pestat] skip orientation RF as there are not enough pairs
[M::mem_pestat] skip orientation RR as there are not enough pairs
[M::mem_process_seqs] Processed 984608 reads in 95.098 CPU sec, 12.479 real sec
[M::process] read 985684 sequences (80000106 bp)...
[M::mem_pestat] # candidate unique pairs for (FF, FR, RF, RR): (5, 309857, 4, 3)
[M::mem_pestat] skip orientation FF as there are not enough pairs
[M::mem_pestat] analyzing insert size distribution for orientation FR...
[M::mem_pestat] (25, 50, 75) percentile: (63, 115, 216)
[M::mem_pestat] low and high boundaries for computing mean and std.dev: (1, 522)
[M::mem_pestat] mean and std.dev: (148.87, 108.87)
[M::mem_pestat] low and high boundaries for proper pairs: (1, 675)
[M::mem_pestat] skip orientation RF as there are not enough pairs
[M::mem_pestat] skip orientation RR as there are not enough pairs
[M::mem_process_seqs] Processed 985684 reads in 94.405 CPU sec, 12.208 real sec
[M::process] read 988136 sequences (80000001 bp)...
[M::mem_pestat] # candidate unique pairs for (FF, FR, RF, RR): (5, 310854, 1, 5)
[M::mem_pestat] skip orientation FF as there are not enough pairs
[M::mem_pestat] analyzing insert size distribution for orientation FR...
[M::mem_pestat] (25, 50, 75) percentile: (62, 113, 213)
[M::mem_pestat] low and high boundaries for computing mean and std.dev: (1, 515)
[M::mem_pestat] mean and std.dev: (146.80, 106.90)
[M::mem_pestat] low and high boundaries for proper pairs: (1, 666)
[M::mem_pestat] skip orientation RF as there are not enough pairs
[M::mem_pestat] skip orientation RR as there are not enough pairs
[M::mem_process_seqs] Processed 988136 reads in 95.382 CPU sec, 12.456 real sec
[M::process] read 988042 sequences (80000023 bp)...
[M::mem_pestat] # candidate unique pairs for (FF, FR, RF, RR): (5, 309884, 6, 7)
[M::mem_pestat] skip orientation FF as there are not enough pairs
[M::mem_pestat] analyzing insert size distribution for orientation FR...
[M::mem_pestat] (25, 50, 75) percentile: (62, 113, 213)
[M::mem_pestat] low and high boundaries for computing mean and std.dev: (1, 515)
[M::mem_pestat] mean and std.dev: (146.69, 106.88)
[M::mem_pestat] low and high boundaries for proper pairs: (1, 666)
[M::mem_pestat] skip orientation RF as there are not enough pairs
[M::mem_pestat] skip orientation RR as there are not enough pairs
[M::mem_process_seqs] Processed 988042 reads in 94.940 CPU sec, 12.353 real sec
[M::process] read 989274 sequences (80000115 bp)...
[M::mem_pestat] # candidate unique pairs for (FF, FR, RF, RR): (2, 309950, 4, 6)
[M::mem_pestat] skip orientation FF as there are not enough pairs
[M::mem_pestat] analyzing insert size distribution for orientation FR...
[M::mem_pestat] (25, 50, 75) percentile: (62, 112, 212)
[M::mem_pestat] low and high boundaries for computing mean and std.dev: (1, 512)
[M::mem_pestat] mean and std.dev: (146.10, 106.24)
[M::mem_pestat] low and high boundaries for proper pairs: (1, 662)
[M::mem_pestat] skip orientation RF as there are not enough pairs
[M::mem_pestat] skip orientation RR as there are not enough pairs
[M::mem_process_seqs] Processed 989274 reads in 94.993 CPU sec, 12.247 real sec
[M::process] read 989910 sequences (80000163 bp)...
[M::mem_pestat] # candidate unique pairs for (FF, FR, RF, RR): (7, 310488, 2, 7)
[M::mem_pestat] skip orientation FF as there are not enough pairs
[M::mem_pestat] analyzing insert size distribution for orientation FR...
[M::mem_pestat] (25, 50, 75) percentile: (62, 112, 213)
[M::mem_pestat] low and high boundaries for computing mean and std.dev: (1, 515)
[M::mem_pestat] mean and std.dev: (146.21, 106.66)
[M::mem_pestat] low and high boundaries for proper pairs: (1, 666)
[M::mem_pestat] skip orientation RF as there are not enough pairs
[M::mem_pestat] skip orientation RR as there are not enough pairs
[M::mem_process_seqs] Processed 989910 reads in 97.150 CPU sec, 12.571 real sec
[M::process] read 988492 sequences (80000049 bp)...
[M::mem_pestat] # candidate unique pairs for (FF, FR, RF, RR): (6, 309174, 3, 3)
[M::mem_pestat] skip orientation FF as there are not enough pairs
[M::mem_pestat] analyzing insert size distribution for orientation FR...
[M::mem_pestat] (25, 50, 75) percentile: (62, 112, 212)
[M::mem_pestat] low and high boundaries for computing mean and std.dev: (1, 512)
[M::mem_pestat] mean and std.dev: (146.20, 106.26)
[M::mem_pestat] low and high boundaries for proper pairs: (1, 662)
[M::mem_pestat] skip orientation RF as there are not enough pairs
[M::mem_pestat] skip orientation RR as there are not enough pairs
[M::mem_process_seqs] Processed 988492 reads in 96.475 CPU sec, 12.682 real sec
[M::process] read 989700 sequences (80000050 bp)...
[M::mem_pestat] # candidate unique pairs for (FF, FR, RF, RR): (3, 310124, 3, 4)
[M::mem_pestat] skip orientation FF as there are not enough pairs
[M::mem_pestat] analyzing insert size distribution for orientation FR...
[M::mem_pestat] (25, 50, 75) percentile: (62, 112, 213)
[M::mem_pestat] low and high boundaries for computing mean and std.dev: (1, 515)
[M::mem_pestat] mean and std.dev: (146.47, 106.89)
[M::mem_pestat] low and high boundaries for proper pairs: (1, 666)
[M::mem_pestat] skip orientation RF as there are not enough pairs
[M::mem_pestat] skip orientation RR as there are not enough pairs
[M::mem_process_seqs] Processed 989700 reads in 96.864 CPU sec, 12.554 real sec
[M::process] read 988830 sequences (80000053 bp)...
[M::mem_pestat] # candidate unique pairs for (FF, FR, RF, RR): (5, 310086, 3, 4)
[M::mem_pestat] skip orientation FF as there are not enough pairs
[M::mem_pestat] analyzing insert size distribution for orientation FR...
[M::mem_pestat] (25, 50, 75) percentile: (62, 112, 213)
[M::mem_pestat] low and high boundaries for computing mean and std.dev: (1, 515)
[M::mem_pestat] mean and std.dev: (146.43, 107.00)
[M::mem_pestat] low and high boundaries for proper pairs: (1, 666)
[M::mem_pestat] skip orientation RF as there are not enough pairs
[M::mem_pestat] skip orientation RR as there are not enough pairs
[M::mem_process_seqs] Processed 988830 reads in 97.344 CPU sec, 12.618 real sec
[M::process] read 989232 sequences (80000175 bp)...
[M::mem_pestat] # candidate unique pairs for (FF, FR, RF, RR): (6, 310065, 0, 7)
[M::mem_pestat] skip orientation FF as there are not enough pairs
[M::mem_pestat] analyzing insert size distribution for orientation FR...
[M::mem_pestat] (25, 50, 75) percentile: (62, 112, 213)
[M::mem_pestat] low and high boundaries for computing mean and std.dev: (1, 515)
[M::mem_pestat] mean and std.dev: (146.18, 106.71)
[M::mem_pestat] low and high boundaries for proper pairs: (1, 666)
[M::mem_pestat] skip orientation RF as there are not enough pairs
[M::mem_pestat] skip orientation RR as there are not enough pairs
[M::mem_process_seqs] Processed 989232 reads in 96.998 CPU sec, 12.549 real sec
[M::process] read 989850 sequences (80000020 bp)...
[M::mem_pestat] # candidate unique pairs for (FF, FR, RF, RR): (5, 309313, 5, 7)
[M::mem_pestat] skip orientation FF as there are not enough pairs
[M::mem_pestat] analyzing insert size distribution for orientation FR...
[M::mem_pestat] (25, 50, 75) percentile: (62, 112, 213)
[M::mem_pestat] low and high boundaries for computing mean and std.dev: (1, 515)
[M::mem_pestat] mean and std.dev: (146.13, 106.90)
[M::mem_pestat] low and high boundaries for proper pairs: (1, 666)
[M::mem_pestat] skip orientation RF as there are not enough pairs
[M::mem_pestat] skip orientation RR as there are not enough pairs
[M::mem_process_seqs] Processed 989850 reads in 96.898 CPU sec, 12.505 real sec
[M::process] read 990536 sequences (80000168 bp)...
[M::mem_pestat] # candidate unique pairs for (FF, FR, RF, RR): (6, 310004, 2, 7)
[M::mem_pestat] skip orientation FF as there are not enough pairs
[M::mem_pestat] analyzing insert size distribution for orientation FR...
[M::mem_pestat] (25, 50, 75) percentile: (62, 112, 212)
[M::mem_pestat] low and high boundaries for computing mean and std.dev: (1, 512)
[M::mem_pestat] mean and std.dev: (145.64, 106.29)
[M::mem_pestat] low and high boundaries for proper pairs: (1, 662)
[M::mem_pestat] skip orientation RF as there are not enough pairs
[M::mem_pestat] skip orientation RR as there are not enough pairs
[M::mem_process_seqs] Processed 990536 reads in 97.726 CPU sec, 12.746 real sec
[M::process] read 988800 sequences (80000029 bp)...
[M::mem_pestat] # candidate unique pairs for (FF, FR, RF, RR): (4, 309661, 3, 8)
[M::mem_pestat] skip orientation FF as there are not enough pairs
[M::mem_pestat] analyzing insert size distribution for orientation FR...
[M::mem_pestat] (25, 50, 75) percentile: (63, 112, 213)
[M::mem_pestat] low and high boundaries for computing mean and std.dev: (1, 513)
[M::mem_pestat] mean and std.dev: (146.06, 106.53)
[M::mem_pestat] low and high boundaries for proper pairs: (1, 663)
[M::mem_pestat] skip orientation RF as there are not enough pairs
[M::mem_pestat] skip orientation RR as there are not enough pairs
[M::mem_process_seqs] Processed 988800 reads in 95.894 CPU sec, 12.532 real sec
[M::process] read 982574 sequences (80000118 bp)...
[M::mem_pestat] # candidate unique pairs for (FF, FR, RF, RR): (7, 309825, 1, 7)
[M::mem_pestat] skip orientation FF as there are not enough pairs
[M::mem_pestat] analyzing insert size distribution for orientation FR...
[M::mem_pestat] (25, 50, 75) percentile: (64, 117, 220)
[M::mem_pestat] low and high boundaries for computing mean and std.dev: (1, 532)
[M::mem_pestat] mean and std.dev: (151.45, 111.23)
[M::mem_pestat] low and high boundaries for proper pairs: (1, 688)
[M::mem_pestat] skip orientation RF as there are not enough pairs
[M::mem_pestat] skip orientation RR as there are not enough pairs
[M::mem_process_seqs] Processed 982574 reads in 96.903 CPU sec, 12.568 real sec
[M::process] read 981028 sequences (80000142 bp)...
[M::mem_pestat] # candidate unique pairs for (FF, FR, RF, RR): (4, 308789, 2, 6)
[M::mem_pestat] skip orientation FF as there are not enough pairs
[M::mem_pestat] analyzing insert size distribution for orientation FR...
[M::mem_pestat] (25, 50, 75) percentile: (64, 119, 220)
[M::mem_pestat] low and high boundaries for computing mean and std.dev: (1, 532)
[M::mem_pestat] mean and std.dev: (152.26, 111.62)
[M::mem_pestat] low and high boundaries for proper pairs: (1, 688)
[M::mem_pestat] skip orientation RF as there are not enough pairs
[M::mem_pestat] skip orientation RR as there are not enough pairs
[M::mem_process_seqs] Processed 981028 reads in 97.132 CPU sec, 12.671 real sec
[M::process] read 981808 sequences (80000069 bp)...
[M::mem_pestat] # candidate unique pairs for (FF, FR, RF, RR): (3, 309508, 4, 7)
[M::mem_pestat] skip orientation FF as there are not enough pairs
[M::mem_pestat] analyzing insert size distribution for orientation FR...
[M::mem_pestat] (25, 50, 75) percentile: (63, 117, 218)
[M::mem_pestat] low and high boundaries for computing mean and std.dev: (1, 528)
[M::mem_pestat] mean and std.dev: (150.81, 110.18)
[M::mem_pestat] low and high boundaries for proper pairs: (1, 683)
[M::mem_pestat] skip orientation RF as there are not enough pairs
[M::mem_pestat] skip orientation RR as there are not enough pairs
[M::mem_process_seqs] Processed 981808 reads in 95.523 CPU sec, 12.499 real sec
[M::process] read 983268 sequences (80000041 bp)...
[M::mem_pestat] # candidate unique pairs for (FF, FR, RF, RR): (4, 309114, 2, 10)
[M::mem_pestat] skip orientation FF as there are not enough pairs
[M::mem_pestat] analyzing insert size distribution for orientation FR...
[M::mem_pestat] (25, 50, 75) percentile: (63, 117, 217)
[M::mem_pestat] low and high boundaries for computing mean and std.dev: (1, 525)
[M::mem_pestat] mean and std.dev: (150.07, 109.53)
[M::mem_pestat] low and high boundaries for proper pairs: (1, 679)
[M::mem_pestat] skip orientation RF as there are not enough pairs
[M::mem_pestat] analyzing insert size distribution for orientation RR...
[M::mem_pestat] (25, 50, 75) percentile: (68, 118, 239)
[M::mem_pestat] low and high boundaries for computing mean and std.dev: (1, 581)
[M::mem_pestat] mean and std.dev: (103.00, 56.70)
[M::mem_pestat] low and high boundaries for proper pairs: (1, 752)
[M::mem_pestat] skip orientation RR
[M::mem_process_seqs] Processed 983268 reads in 96.542 CPU sec, 12.566 real sec
[M::process] read 984330 sequences (80000059 bp)...
[M::mem_pestat] # candidate unique pairs for (FF, FR, RF, RR): (6, 308940, 1, 7)
[M::mem_pestat] skip orientation FF as there are not enough pairs
[M::mem_pestat] analyzing insert size distribution for orientation FR...
[M::mem_pestat] (25, 50, 75) percentile: (63, 115, 216)
[M::mem_pestat] low and high boundaries for computing mean and std.dev: (1, 522)
[M::mem_pestat] mean and std.dev: (149.12, 108.72)
[M::mem_pestat] low and high boundaries for proper pairs: (1, 675)
[M::mem_pestat] skip orientation RF as there are not enough pairs
[M::mem_pestat] skip orientation RR as there are not enough pairs
[M::mem_process_seqs] Processed 984330 reads in 95.580 CPU sec, 12.447 real sec
[M::process] read 986054 sequences (80000130 bp)...
[M::mem_pestat] # candidate unique pairs for (FF, FR, RF, RR): (6, 309618, 4, 6)
[M::mem_pestat] skip orientation FF as there are not enough pairs
[M::mem_pestat] analyzing insert size distribution for orientation FR...
[M::mem_pestat] (25, 50, 75) percentile: (62, 114, 214)
[M::mem_pestat] low and high boundaries for computing mean and std.dev: (1, 518)
[M::mem_pestat] mean and std.dev: (147.62, 107.42)
[M::mem_pestat] low and high boundaries for proper pairs: (1, 670)
[M::mem_pestat] skip orientation RF as there are not enough pairs
[M::mem_pestat] skip orientation RR as there are not enough pairs
[M::mem_process_seqs] Processed 986054 reads in 95.369 CPU sec, 12.438 real sec
[M::process] read 986574 sequences (80000003 bp)...
[M::mem_pestat] # candidate unique pairs for (FF, FR, RF, RR): (2, 309593, 3, 6)
[M::mem_pestat] skip orientation FF as there are not enough pairs
[M::mem_pestat] analyzing insert size distribution for orientation FR...
[M::mem_pestat] (25, 50, 75) percentile: (62, 113, 213)
[M::mem_pestat] low and high boundaries for computing mean and std.dev: (1, 515)
[M::mem_pestat] mean and std.dev: (147.04, 106.96)
[M::mem_pestat] low and high boundaries for proper pairs: (1, 666)
[M::mem_pestat] skip orientation RF as there are not enough pairs
[M::mem_pestat] skip orientation RR as there are not enough pairs
[M::mem_process_seqs] Processed 986574 reads in 94.102 CPU sec, 12.197 real sec
[M::process] read 986852 sequences (80000111 bp)...
[M::mem_pestat] # candidate unique pairs for (FF, FR, RF, RR): (4, 309732, 3, 8)
[M::mem_pestat] skip orientation FF as there are not enough pairs
[M::mem_pestat] analyzing insert size distribution for orientation FR...
[M::mem_pestat] (25, 50, 75) percentile: (63, 113, 213)
[M::mem_pestat] low and high boundaries for computing mean and std.dev: (1, 513)
[M::mem_pestat] mean and std.dev: (146.61, 106.42)
[M::mem_pestat] low and high boundaries for proper pairs: (1, 663)
[M::mem_pestat] skip orientation RF as there are not enough pairs
[M::mem_pestat] skip orientation RR as there are not enough pairs
[M::mem_process_seqs] Processed 986852 reads in 95.468 CPU sec, 12.503 real sec
[M::process] read 986360 sequences (80000028 bp)...
[M::mem_pestat] # candidate unique pairs for (FF, FR, RF, RR): (3, 309483, 5, 7)
[M::mem_pestat] skip orientation FF as there are not enough pairs
[M::mem_pestat] analyzing insert size distribution for orientation FR...
[M::mem_pestat] (25, 50, 75) percentile: (63, 114, 213)
[M::mem_pestat] low and high boundaries for computing mean and std.dev: (1, 513)
[M::mem_pestat] mean and std.dev: (147.08, 106.74)
[M::mem_pestat] low and high boundaries for proper pairs: (1, 663)
[M::mem_pestat] skip orientation RF as there are not enough pairs
[M::mem_pestat] skip orientation RR as there are not enough pairs
[M::mem_process_seqs] Processed 986360 reads in 94.624 CPU sec, 12.260 real sec
[M::process] read 986672 sequences (80000154 bp)...
[M::mem_pestat] # candidate unique pairs for (FF, FR, RF, RR): (3, 309301, 4, 9)
[M::mem_pestat] skip orientation FF as there are not enough pairs
[M::mem_pestat] analyzing insert size distribution for orientation FR...
[M::mem_pestat] (25, 50, 75) percentile: (63, 113, 213)
[M::mem_pestat] low and high boundaries for computing mean and std.dev: (1, 513)
[M::mem_pestat] mean and std.dev: (146.66, 106.50)
[M::mem_pestat] low and high boundaries for proper pairs: (1, 663)
[M::mem_pestat] skip orientation RF as there are not enough pairs
[M::mem_pestat] skip orientation RR as there are not enough pairs
[M::mem_process_seqs] Processed 986672 reads in 94.601 CPU sec, 12.277 real sec
[M::process] read 987482 sequences (80000024 bp)...
[M::mem_pestat] # candidate unique pairs for (FF, FR, RF, RR): (4, 309366, 1, 4)
[M::mem_pestat] skip orientation FF as there are not enough pairs
[M::mem_pestat] analyzing insert size distribution for orientation FR...
[M::mem_pestat] (25, 50, 75) percentile: (63, 113, 213)
[M::mem_pestat] low and high boundaries for computing mean and std.dev: (1, 513)
[M::mem_pestat] mean and std.dev: (146.76, 106.78)
[M::mem_pestat] low and high boundaries for proper pairs: (1, 663)
[M::mem_pestat] skip orientation RF as there are not enough pairs
[M::mem_pestat] skip orientation RR as there are not enough pairs
[M::mem_process_seqs] Processed 987482 reads in 94.943 CPU sec, 12.430 real sec
[M::process] read 987516 sequences (80000127 bp)...
[M::mem_pestat] # candidate unique pairs for (FF, FR, RF, RR): (5, 308915, 2, 7)
[M::mem_pestat] skip orientation FF as there are not enough pairs
[M::mem_pestat] analyzing insert size distribution for orientation FR...
[M::mem_pestat] (25, 50, 75) percentile: (63, 113, 214)
[M::mem_pestat] low and high boundaries for computing mean and std.dev: (1, 516)
[M::mem_pestat] mean and std.dev: (147.19, 107.14)
[M::mem_pestat] low and high boundaries for proper pairs: (1, 667)
[M::mem_pestat] skip orientation RF as there are not enough pairs
[M::mem_pestat] skip orientation RR as there are not enough pairs
[M::mem_process_seqs] Processed 987516 reads in 94.557 CPU sec, 12.282 real sec
[M::process] read 986166 sequences (80000041 bp)...
[M::mem_pestat] # candidate unique pairs for (FF, FR, RF, RR): (6, 309073, 2, 6)
[M::mem_pestat] skip orientation FF as there are not enough pairs
[M::mem_pestat] analyzing insert size distribution for orientation FR...
[M::mem_pestat] (25, 50, 75) percentile: (63, 114, 214)
[M::mem_pestat] low and high boundaries for computing mean and std.dev: (1, 516)
[M::mem_pestat] mean and std.dev: (147.54, 107.35)
[M::mem_pestat] low and high boundaries for proper pairs: (1, 667)
[M::mem_pestat] skip orientation RF as there are not enough pairs
[M::mem_pestat] skip orientation RR as there are not enough pairs
[M::mem_process_seqs] Processed 986166 reads in 94.097 CPU sec, 12.201 real sec
[M::process] read 987752 sequences (80000103 bp)...
[M::mem_pestat] # candidate unique pairs for (FF, FR, RF, RR): (4, 309387, 5, 3)
[M::mem_pestat] skip orientation FF as there are not enough pairs
[M::mem_pestat] analyzing insert size distribution for orientation FR...
[M::mem_pestat] (25, 50, 75) percentile: (63, 114, 214)
[M::mem_pestat] low and high boundaries for computing mean and std.dev: (1, 516)
[M::mem_pestat] mean and std.dev: (147.24, 107.43)
[M::mem_pestat] low and high boundaries for proper pairs: (1, 667)
[M::mem_pestat] skip orientation RF as there are not enough pairs
[M::mem_pestat] skip orientation RR as there are not enough pairs
[M::mem_process_seqs] Processed 987752 reads in 95.484 CPU sec, 12.457 real sec
[M::process] read 988652 sequences (80000164 bp)...
[M::mem_pestat] # candidate unique pairs for (FF, FR, RF, RR): (3, 309512, 2, 2)
[M::mem_pestat] skip orientation FF as there are not enough pairs
[M::mem_pestat] analyzing insert size distribution for orientation FR...
[M::mem_pestat] (25, 50, 75) percentile: (63, 113, 213)
[M::mem_pestat] low and high boundaries for computing mean and std.dev: (1, 513)
[M::mem_pestat] mean and std.dev: (146.51, 106.85)
[M::mem_pestat] low and high boundaries for proper pairs: (1, 663)
[M::mem_pestat] skip orientation RF as there are not enough pairs
[M::mem_pestat] skip orientation RR as there are not enough pairs
[M::mem_process_seqs] Processed 988652 reads in 94.664 CPU sec, 12.320 real sec
[M::process] read 983882 sequences (80000060 bp)...
[M::mem_pestat] # candidate unique pairs for (FF, FR, RF, RR): (5, 309041, 5, 2)
[M::mem_pestat] skip orientation FF as there are not enough pairs
[M::mem_pestat] analyzing insert size distribution for orientation FR...
[M::mem_pestat] (25, 50, 75) percentile: (64, 117, 218)
[M::mem_pestat] low and high boundaries for computing mean and std.dev: (1, 526)
[M::mem_pestat] mean and std.dev: (150.36, 109.96)
[M::mem_pestat] low and high boundaries for proper pairs: (1, 680)
[M::mem_pestat] skip orientation RF as there are not enough pairs
[M::mem_pestat] skip orientation RR as there are not enough pairs
[M::mem_process_seqs] Processed 983882 reads in 95.008 CPU sec, 12.262 real sec
[M::process] read 967134 sequences (80000070 bp)...
[M::mem_pestat] # candidate unique pairs for (FF, FR, RF, RR): (4, 307673, 7, 4)
[M::mem_pestat] skip orientation FF as there are not enough pairs
[M::mem_pestat] analyzing insert size distribution for orientation FR...
[M::mem_pestat] (25, 50, 75) percentile: (67, 136, 239)
[M::mem_pestat] low and high boundaries for computing mean and std.dev: (1, 583)
[M::mem_pestat] mean and std.dev: (168.33, 126.88)
[M::mem_pestat] low and high boundaries for proper pairs: (1, 755)
[M::mem_pestat] skip orientation RF as there are not enough pairs
[M::mem_pestat] skip orientation RR as there are not enough pairs
[M::mem_process_seqs] Processed 967134 reads in 96.724 CPU sec, 12.630 real sec
[M::process] read 968108 sequences (80000104 bp)...
[M::mem_pestat] # candidate unique pairs for (FF, FR, RF, RR): (9, 308198, 9, 1)
[M::mem_pestat] skip orientation FF as there are not enough pairs
[M::mem_pestat] analyzing insert size distribution for orientation FR...
[M::mem_pestat] (25, 50, 75) percentile: (67, 134, 237)
[M::mem_pestat] low and high boundaries for computing mean and std.dev: (1, 577)
[M::mem_pestat] mean and std.dev: (166.44, 125.17)
[M::mem_pestat] low and high boundaries for proper pairs: (1, 747)
[M::mem_pestat] skip orientation RF as there are not enough pairs
[M::mem_pestat] skip orientation RR as there are not enough pairs
[M::mem_process_seqs] Processed 968108 reads in 96.014 CPU sec, 12.653 real sec
[M::process] read 967818 sequences (80000136 bp)...
[M::mem_pestat] # candidate unique pairs for (FF, FR, RF, RR): (8, 307880, 5, 0)
[M::mem_pestat] skip orientation FF as there are not enough pairs
[M::mem_pestat] analyzing insert size distribution for orientation FR...
[M::mem_pestat] (25, 50, 75) percentile: (67, 133, 236)
[M::mem_pestat] low and high boundaries for computing mean and std.dev: (1, 574)
[M::mem_pestat] mean and std.dev: (165.57, 123.98)
[M::mem_pestat] low and high boundaries for proper pairs: (1, 743)
[M::mem_pestat] skip orientation RF as there are not enough pairs
[M::mem_pestat] skip orientation RR as there are not enough pairs
[M::mem_process_seqs] Processed 967818 reads in 97.085 CPU sec, 12.746 real sec
[M::process] read 968484 sequences (80000133 bp)...
[M::mem_pestat] # candidate unique pairs for (FF, FR, RF, RR): (8, 308332, 0, 6)
[M::mem_pestat] skip orientation FF as there are not enough pairs
[M::mem_pestat] analyzing insert size distribution for orientation FR...
[M::mem_pestat] (25, 50, 75) percentile: (67, 132, 235)
[M::mem_pestat] low and high boundaries for computing mean and std.dev: (1, 571)
[M::mem_pestat] mean and std.dev: (164.78, 123.09)
[M::mem_pestat] low and high boundaries for proper pairs: (1, 739)
[M::mem_pestat] skip orientation RF as there are not enough pairs
[M::mem_pestat] skip orientation RR as there are not enough pairs
[M::mem_process_seqs] Processed 968484 reads in 96.181 CPU sec, 12.588 real sec
[M::process] read 969976 sequences (80000078 bp)...
[M::mem_pestat] # candidate unique pairs for (FF, FR, RF, RR): (2, 307372, 3, 9)
[M::mem_pestat] skip orientation FF as there are not enough pairs
[M::mem_pestat] analyzing insert size distribution for orientation FR...
[M::mem_pestat] (25, 50, 75) percentile: (67, 131, 234)
[M::mem_pestat] low and high boundaries for computing mean and std.dev: (1, 568)
[M::mem_pestat] mean and std.dev: (163.72, 122.40)
[M::mem_pestat] low and high boundaries for proper pairs: (1, 735)
[M::mem_pestat] skip orientation RF as there are not enough pairs
[M::mem_pestat] skip orientation RR as there are not enough pairs
[M::mem_process_seqs] Processed 969976 reads in 96.070 CPU sec, 12.518 real sec
[M::process] read 969470 sequences (80000118 bp)...
[M::mem_pestat] # candidate unique pairs for (FF, FR, RF, RR): (6, 307649, 5, 3)
[M::mem_pestat] skip orientation FF as there are not enough pairs
[M::mem_pestat] analyzing insert size distribution for orientation FR...
[M::mem_pestat] (25, 50, 75) percentile: (67, 131, 232)
[M::mem_pestat] low and high boundaries for computing mean and std.dev: (1, 562)
[M::mem_pestat] mean and std.dev: (162.35, 120.43)
[M::mem_pestat] low and high boundaries for proper pairs: (1, 727)
[M::mem_pestat] skip orientation RF as there are not enough pairs
[M::mem_pestat] skip orientation RR as there are not enough pairs
[M::mem_process_seqs] Processed 969470 reads in 96.028 CPU sec, 12.506 real sec
[M::process] read 971088 sequences (80000040 bp)...
[M::mem_pestat] # candidate unique pairs for (FF, FR, RF, RR): (3, 307595, 4, 5)
[M::mem_pestat] skip orientation FF as there are not enough pairs
[M::mem_pestat] analyzing insert size distribution for orientation FR...
[M::mem_pestat] (25, 50, 75) percentile: (66, 128, 231)
[M::mem_pestat] low and high boundaries for computing mean and std.dev: (1, 561)
[M::mem_pestat] mean and std.dev: (161.25, 119.94)
[M::mem_pestat] low and high boundaries for proper pairs: (1, 726)
[M::mem_pestat] skip orientation RF as there are not enough pairs
[M::mem_pestat] skip orientation RR as there are not enough pairs
[M::mem_process_seqs] Processed 971088 reads in 97.410 CPU sec, 12.700 real sec
[M::process] read 971434 sequences (80000098 bp)...
[M::mem_pestat] # candidate unique pairs for (FF, FR, RF, RR): (5, 307576, 2, 5)
[M::mem_pestat] skip orientation FF as there are not enough pairs
[M::mem_pestat] analyzing insert size distribution for orientation FR...
[M::mem_pestat] (25, 50, 75) percentile: (66, 128, 230)
[M::mem_pestat] low and high boundaries for computing mean and std.dev: (1, 558)
[M::mem_pestat] mean and std.dev: (160.61, 119.13)
[M::mem_pestat] low and high boundaries for proper pairs: (1, 722)
[M::mem_pestat] skip orientation RF as there are not enough pairs
[M::mem_pestat] skip orientation RR as there are not enough pairs
[M::mem_process_seqs] Processed 971434 reads in 96.368 CPU sec, 12.449 real sec
[M::process] read 972662 sequences (80000085 bp)...
[M::mem_pestat] # candidate unique pairs for (FF, FR, RF, RR): (7, 307756, 3, 10)
[M::mem_pestat] skip orientation FF as there are not enough pairs
[M::mem_pestat] analyzing insert size distribution for orientation FR...
[M::mem_pestat] (25, 50, 75) percentile: (66, 127, 228)
[M::mem_pestat] low and high boundaries for computing mean and std.dev: (1, 552)
[M::mem_pestat] mean and std.dev: (159.05, 117.41)
[M::mem_pestat] low and high boundaries for proper pairs: (1, 714)
[M::mem_pestat] skip orientation RF as there are not enough pairs
[M::mem_pestat] analyzing insert size distribution for orientation RR...
[M::mem_pestat] (25, 50, 75) percentile: (56, 317, 1742)
[M::mem_pestat] low and high boundaries for computing mean and std.dev: (1, 5114)
[M::mem_pestat] mean and std.dev: (575.67, 793.60)
[M::mem_pestat] low and high boundaries for proper pairs: (1, 6800)
[M::mem_pestat] skip orientation RR
[M::mem_process_seqs] Processed 972662 reads in 98.299 CPU sec, 12.823 real sec
[M::process] read 972900 sequences (80000132 bp)...
[M::mem_pestat] # candidate unique pairs for (FF, FR, RF, RR): (1, 306927, 2, 6)
[M::mem_pestat] skip orientation FF as there are not enough pairs
[M::mem_pestat] analyzing insert size distribution for orientation FR...
[M::mem_pestat] (25, 50, 75) percentile: (66, 126, 228)
[M::mem_pestat] low and high boundaries for computing mean and std.dev: (1, 552)
[M::mem_pestat] mean and std.dev: (158.71, 117.11)
[M::mem_pestat] low and high boundaries for proper pairs: (1, 714)
[M::mem_pestat] skip orientation RF as there are not enough pairs
[M::mem_pestat] skip orientation RR as there are not enough pairs
[M::mem_process_seqs] Processed 972900 reads in 99.773 CPU sec, 12.926 real sec
[M::process] read 974356 sequences (80000006 bp)...
[M::mem_pestat] # candidate unique pairs for (FF, FR, RF, RR): (7, 307045, 0, 4)
[M::mem_pestat] skip orientation FF as there are not enough pairs
[M::mem_pestat] analyzing insert size distribution for orientation FR...
[M::mem_pestat] (25, 50, 75) percentile: (66, 125, 226)
[M::mem_pestat] low and high boundaries for computing mean and std.dev: (1, 546)
[M::mem_pestat] mean and std.dev: (157.28, 115.32)
[M::mem_pestat] low and high boundaries for proper pairs: (1, 706)
[M::mem_pestat] skip orientation RF as there are not enough pairs
[M::mem_pestat] skip orientation RR as there are not enough pairs
[M::mem_process_seqs] Processed 974356 reads in 102.922 CPU sec, 13.393 real sec
[M::process] read 975098 sequences (80000081 bp)...
[M::mem_pestat] # candidate unique pairs for (FF, FR, RF, RR): (6, 307229, 1, 8)
[M::mem_pestat] skip orientation FF as there are not enough pairs
[M::mem_pestat] analyzing insert size distribution for orientation FR...
[M::mem_pestat] (25, 50, 75) percentile: (65, 125, 226)
[M::mem_pestat] low and high boundaries for computing mean and std.dev: (1, 548)
[M::mem_pestat] mean and std.dev: (157.26, 115.88)
[M::mem_pestat] low and high boundaries for proper pairs: (1, 709)
[M::mem_pestat] skip orientation RF as there are not enough pairs
[M::mem_pestat] skip orientation RR as there are not enough pairs
[M::mem_process_seqs] Processed 975098 reads in 102.045 CPU sec, 13.160 real sec
[M::process] read 974766 sequences (80000188 bp)...
[M::mem_pestat] # candidate unique pairs for (FF, FR, RF, RR): (3, 306216, 3, 6)
[M::mem_pestat] skip orientation FF as there are not enough pairs
[M::mem_pestat] analyzing insert size distribution for orientation FR...
[M::mem_pestat] (25, 50, 75) percentile: (66, 124, 225)
[M::mem_pestat] low and high boundaries for computing mean and std.dev: (1, 543)
[M::mem_pestat] mean and std.dev: (156.56, 114.33)
[M::mem_pestat] low and high boundaries for proper pairs: (1, 702)
[M::mem_pestat] skip orientation RF as there are not enough pairs
[M::mem_pestat] skip orientation RR as there are not enough pairs
[M::mem_process_seqs] Processed 974766 reads in 110.649 CPU sec, 14.293 real sec
[M::process] read 975014 sequences (80000013 bp)...
[M::mem_pestat] # candidate unique pairs for (FF, FR, RF, RR): (1, 305397, 2, 4)
[M::mem_pestat] skip orientation FF as there are not enough pairs
[M::mem_pestat] analyzing insert size distribution for orientation FR...
[M::mem_pestat] (25, 50, 75) percentile: (66, 124, 224)
[M::mem_pestat] low and high boundaries for computing mean and std.dev: (1, 540)
[M::mem_pestat] mean and std.dev: (155.99, 113.72)
[M::mem_pestat] low and high boundaries for proper pairs: (1, 698)
[M::mem_pestat] skip orientation RF as there are not enough pairs
[M::mem_pestat] skip orientation RR as there are not enough pairs
[M::mem_process_seqs] Processed 975014 reads in 105.497 CPU sec, 13.749 real sec
[M::process] read 975940 sequences (80000102 bp)...
[M::mem_pestat] # candidate unique pairs for (FF, FR, RF, RR): (8, 304692, 2, 2)
[M::mem_pestat] skip orientation FF as there are not enough pairs
[M::mem_pestat] analyzing insert size distribution for orientation FR...
[M::mem_pestat] (25, 50, 75) percentile: (66, 124, 224)
[M::mem_pestat] low and high boundaries for computing mean and std.dev: (1, 540)
[M::mem_pestat] mean and std.dev: (155.67, 113.25)
[M::mem_pestat] low and high boundaries for proper pairs: (1, 698)
[M::mem_pestat] skip orientation RF as there are not enough pairs
[M::mem_pestat] skip orientation RR as there are not enough pairs
[M::mem_process_seqs] Processed 975940 reads in 110.398 CPU sec, 14.261 real sec
[M::process] read 975824 sequences (80000006 bp)...
[M::mem_pestat] # candidate unique pairs for (FF, FR, RF, RR): (3, 306588, 7, 3)
[M::mem_pestat] skip orientation FF as there are not enough pairs
[M::mem_pestat] analyzing insert size distribution for orientation FR...
[M::mem_pestat] (25, 50, 75) percentile: (66, 122, 222)
[M::mem_pestat] low and high boundaries for computing mean and std.dev: (1, 534)
[M::mem_pestat] mean and std.dev: (154.06, 111.95)
[M::mem_pestat] low and high boundaries for proper pairs: (1, 690)
[M::mem_pestat] skip orientation RF as there are not enough pairs
[M::mem_pestat] skip orientation RR as there are not enough pairs
[M::mem_process_seqs] Processed 975824 reads in 99.336 CPU sec, 12.793 real sec
[M::process] read 976332 sequences (80000094 bp)...
[M::mem_pestat] # candidate unique pairs for (FF, FR, RF, RR): (5, 306978, 3, 3)
[M::mem_pestat] skip orientation FF as there are not enough pairs
[M::mem_pestat] analyzing insert size distribution for orientation FR...
[M::mem_pestat] (25, 50, 75) percentile: (66, 124, 225)
[M::mem_pestat] low and high boundaries for computing mean and std.dev: (1, 543)
[M::mem_pestat] mean and std.dev: (155.95, 114.14)
[M::mem_pestat] low and high boundaries for proper pairs: (1, 702)
[M::mem_pestat] skip orientation RF as there are not enough pairs
[M::mem_pestat] skip orientation RR as there are not enough pairs
[M::mem_process_seqs] Processed 976332 reads in 98.928 CPU sec, 12.975 real sec
[M::process] read 973254 sequences (80000119 bp)...
[M::mem_pestat] # candidate unique pairs for (FF, FR, RF, RR): (2, 309325, 6, 3)
[M::mem_pestat] skip orientation FF as there are not enough pairs
[M::mem_pestat] analyzing insert size distribution for orientation FR...
[M::mem_pestat] (25, 50, 75) percentile: (66, 130, 235)
[M::mem_pestat] low and high boundaries for computing mean and std.dev: (1, 573)
[M::mem_pestat] mean and std.dev: (163.63, 123.76)
[M::mem_pestat] low and high boundaries for proper pairs: (1, 742)
[M::mem_pestat] skip orientation RF as there are not enough pairs
[M::mem_pestat] skip orientation RR as there are not enough pairs
[M::mem_process_seqs] Processed 973254 reads in 95.010 CPU sec, 12.303 real sec
[M::process] read 973452 sequences (80000145 bp)...
[M::mem_pestat] # candidate unique pairs for (FF, FR, RF, RR): (8, 309329, 6, 6)
[M::mem_pestat] skip orientation FF as there are not enough pairs
[M::mem_pestat] analyzing insert size distribution for orientation FR...
[M::mem_pestat] (25, 50, 75) percentile: (66, 129, 234)
[M::mem_pestat] low and high boundaries for computing mean and std.dev: (1, 570)
[M::mem_pestat] mean and std.dev: (163.13, 123.03)
[M::mem_pestat] low and high boundaries for proper pairs: (1, 738)
[M::mem_pestat] skip orientation RF as there are not enough pairs
[M::mem_pestat] skip orientation RR as there are not enough pairs
[M::mem_process_seqs] Processed 973452 reads in 95.148 CPU sec, 12.538 real sec
[M::process] read 974684 sequences (80000018 bp)...
[M::mem_pestat] # candidate unique pairs for (FF, FR, RF, RR): (2, 309496, 4, 4)
[M::mem_pestat] skip orientation FF as there are not enough pairs
[M::mem_pestat] analyzing insert size distribution for orientation FR...
[M::mem_pestat] (25, 50, 75) percentile: (65, 128, 233)
[M::mem_pestat] low and high boundaries for computing mean and std.dev: (1, 569)
[M::mem_pestat] mean and std.dev: (162.37, 122.61)
[M::mem_pestat] low and high boundaries for proper pairs: (1, 737)
[M::mem_pestat] skip orientation RF as there are not enough pairs
[M::mem_pestat] skip orientation RR as there are not enough pairs
[M::mem_process_seqs] Processed 974684 reads in 95.214 CPU sec, 12.346 real sec
[M::process] read 974784 sequences (80000097 bp)...
[M::mem_pestat] # candidate unique pairs for (FF, FR, RF, RR): (8, 308801, 2, 3)
[M::mem_pestat] skip orientation FF as there are not enough pairs
[M::mem_pestat] analyzing insert size distribution for orientation FR...
[M::mem_pestat] (25, 50, 75) percentile: (65, 127, 231)
[M::mem_pestat] low and high boundaries for computing mean and std.dev: (1, 563)
[M::mem_pestat] mean and std.dev: (160.48, 120.59)
[M::mem_pestat] low and high boundaries for proper pairs: (1, 729)
[M::mem_pestat] skip orientation RF as there are not enough pairs
[M::mem_pestat] skip orientation RR as there are not enough pairs
[M::mem_process_seqs] Processed 974784 reads in 95.405 CPU sec, 12.497 real sec
[M::process] read 975370 sequences (80000097 bp)...
[M::mem_pestat] # candidate unique pairs for (FF, FR, RF, RR): (5, 309050, 0, 1)
[M::mem_pestat] skip orientation FF as there are not enough pairs
[M::mem_pestat] analyzing insert size distribution for orientation FR...
[M::mem_pestat] (25, 50, 75) percentile: (65, 126, 230)
[M::mem_pestat] low and high boundaries for computing mean and std.dev: (1, 560)
[M::mem_pestat] mean and std.dev: (159.62, 119.66)
[M::mem_pestat] low and high boundaries for proper pairs: (1, 725)
[M::mem_pestat] skip orientation RF as there are not enough pairs
[M::mem_pestat] skip orientation RR as there are not enough pairs
[M::mem_process_seqs] Processed 975370 reads in 96.253 CPU sec, 12.592 real sec
[M::process] read 976232 sequences (80000032 bp)...
[M::mem_pestat] # candidate unique pairs for (FF, FR, RF, RR): (9, 309024, 4, 7)
[M::mem_pestat] skip orientation FF as there are not enough pairs
[M::mem_pestat] analyzing insert size distribution for orientation FR...
[M::mem_pestat] (25, 50, 75) percentile: (65, 125, 228)
[M::mem_pestat] low and high boundaries for computing mean and std.dev: (1, 554)
[M::mem_pestat] mean and std.dev: (158.53, 118.36)
[M::mem_pestat] low and high boundaries for proper pairs: (1, 717)
[M::mem_pestat] skip orientation RF as there are not enough pairs
[M::mem_pestat] skip orientation RR as there are not enough pairs
[M::mem_process_seqs] Processed 976232 reads in 95.235 CPU sec, 12.333 real sec
[M::process] read 976562 sequences (80000127 bp)...
[M::mem_pestat] # candidate unique pairs for (FF, FR, RF, RR): (6, 309409, 3, 7)
[M::mem_pestat] skip orientation FF as there are not enough pairs
[M::mem_pestat] analyzing insert size distribution for orientation FR...
[M::mem_pestat] (25, 50, 75) percentile: (65, 124, 227)
[M::mem_pestat] low and high boundaries for computing mean and std.dev: (1, 551)
[M::mem_pestat] mean and std.dev: (157.30, 117.30)
[M::mem_pestat] low and high boundaries for proper pairs: (1, 713)
[M::mem_pestat] skip orientation RF as there are not enough pairs
[M::mem_pestat] skip orientation RR as there are not enough pairs
[M::mem_process_seqs] Processed 976562 reads in 96.215 CPU sec, 12.439 real sec
[M::process] read 977976 sequences (80000072 bp)...
[M::mem_pestat] # candidate unique pairs for (FF, FR, RF, RR): (5, 309582, 6, 5)
[M::mem_pestat] skip orientation FF as there are not enough pairs
[M::mem_pestat] analyzing insert size distribution for orientation FR...
[M::mem_pestat] (25, 50, 75) percentile: (64, 123, 226)
[M::mem_pestat] low and high boundaries for computing mean and std.dev: (1, 550)
[M::mem_pestat] mean and std.dev: (156.69, 116.76)
[M::mem_pestat] low and high boundaries for proper pairs: (1, 712)
[M::mem_pestat] skip orientation RF as there are not enough pairs
[M::mem_pestat] skip orientation RR as there are not enough pairs
[M::mem_process_seqs] Processed 977976 reads in 97.482 CPU sec, 12.696 real sec
[M::process] read 978908 sequences (80000149 bp)...
[M::mem_pestat] # candidate unique pairs for (FF, FR, RF, RR): (3, 309004, 2, 4)
[M::mem_pestat] skip orientation FF as there are not enough pairs
[M::mem_pestat] analyzing insert size distribution for orientation FR...
[M::mem_pestat] (25, 50, 75) percentile: (64, 121, 225)
[M::mem_pestat] low and high boundaries for computing mean and std.dev: (1, 547)
[M::mem_pestat] mean and std.dev: (155.76, 116.08)
[M::mem_pestat] low and high boundaries for proper pairs: (1, 708)
[M::mem_pestat] skip orientation RF as there are not enough pairs
[M::mem_pestat] skip orientation RR as there are not enough pairs
[M::mem_process_seqs] Processed 978908 reads in 99.473 CPU sec, 12.840 real sec
[M::process] read 979850 sequences (80000149 bp)...
[M::mem_pestat] # candidate unique pairs for (FF, FR, RF, RR): (6, 309611, 4, 6)
[M::mem_pestat] skip orientation FF as there are not enough pairs
[M::mem_pestat] analyzing insert size distribution for orientation FR...
[M::mem_pestat] (25, 50, 75) percentile: (64, 121, 224)
[M::mem_pestat] low and high boundaries for computing mean and std.dev: (1, 544)
[M::mem_pestat] mean and std.dev: (154.94, 115.07)
[M::mem_pestat] low and high boundaries for proper pairs: (1, 704)
[M::mem_pestat] skip orientation RF as there are not enough pairs
[M::mem_pestat] skip orientation RR as there are not enough pairs
[M::mem_process_seqs] Processed 979850 reads in 98.090 CPU sec, 12.686 real sec
[M::process] read 980924 sequences (80000022 bp)...
[M::mem_pestat] # candidate unique pairs for (FF, FR, RF, RR): (6, 308968, 2, 5)
[M::mem_pestat] skip orientation FF as there are not enough pairs
[M::mem_pestat] analyzing insert size distribution for orientation FR...
[M::mem_pestat] (25, 50, 75) percentile: (64, 120, 223)
[M::mem_pestat] low and high boundaries for computing mean and std.dev: (1, 541)
[M::mem_pestat] mean and std.dev: (154.20, 114.11)
[M::mem_pestat] low and high boundaries for proper pairs: (1, 700)
[M::mem_pestat] skip orientation RF as there are not enough pairs
[M::mem_pestat] skip orientation RR as there are not enough pairs
[M::mem_process_seqs] Processed 980924 reads in 98.702 CPU sec, 12.754 real sec
[M::process] read 979966 sequences (80000142 bp)...
[M::mem_pestat] # candidate unique pairs for (FF, FR, RF, RR): (4, 308809, 1, 2)
[M::mem_pestat] skip orientation FF as there are not enough pairs
[M::mem_pestat] analyzing insert size distribution for orientation FR...
[M::mem_pestat] (25, 50, 75) percentile: (64, 119, 222)
[M::mem_pestat] low and high boundaries for computing mean and std.dev: (1, 538)
[M::mem_pestat] mean and std.dev: (153.29, 113.29)
[M::mem_pestat] low and high boundaries for proper pairs: (1, 696)
[M::mem_pestat] skip orientation RF as there are not enough pairs
[M::mem_pestat] skip orientation RR as there are not enough pairs
[M::mem_process_seqs] Processed 979966 reads in 99.033 CPU sec, 12.916 real sec
[M::process] read 982268 sequences (80000144 bp)...
[M::mem_pestat] # candidate unique pairs for (FF, FR, RF, RR): (6, 309758, 2, 4)
[M::mem_pestat] skip orientation FF as there are not enough pairs
[M::mem_pestat] analyzing insert size distribution for orientation FR...
[M::mem_pestat] (25, 50, 75) percentile: (64, 118, 221)
[M::mem_pestat] low and high boundaries for computing mean and std.dev: (1, 535)
[M::mem_pestat] mean and std.dev: (152.43, 112.83)
[M::mem_pestat] low and high boundaries for proper pairs: (1, 692)
[M::mem_pestat] skip orientation RF as there are not enough pairs
[M::mem_pestat] skip orientation RR as there are not enough pairs
[M::mem_process_seqs] Processed 982268 reads in 99.049 CPU sec, 13.058 real sec
[M::process] read 981742 sequences (80000168 bp)...
[M::mem_pestat] # candidate unique pairs for (FF, FR, RF, RR): (2, 309691, 5, 5)
[M::mem_pestat] skip orientation FF as there are not enough pairs
[M::mem_pestat] analyzing insert size distribution for orientation FR...
[M::mem_pestat] (25, 50, 75) percentile: (64, 118, 220)
[M::mem_pestat] low and high boundaries for computing mean and std.dev: (1, 532)
[M::mem_pestat] mean and std.dev: (151.92, 111.94)
[M::mem_pestat] low and high boundaries for proper pairs: (1, 688)
[M::mem_pestat] skip orientation RF as there are not enough pairs
[M::mem_pestat] skip orientation RR as there are not enough pairs
[M::mem_process_seqs] Processed 981742 reads in 96.643 CPU sec, 12.515 real sec
[M::process] read 982668 sequences (80000056 bp)...
[M::mem_pestat] # candidate unique pairs for (FF, FR, RF, RR): (4, 308869, 3, 5)
[M::mem_pestat] skip orientation FF as there are not enough pairs
[M::mem_pestat] analyzing insert size distribution for orientation FR...
[M::mem_pestat] (25, 50, 75) percentile: (64, 117, 219)
[M::mem_pestat] low and high boundaries for computing mean and std.dev: (1, 529)
[M::mem_pestat] mean and std.dev: (150.87, 110.93)
[M::mem_pestat] low and high boundaries for proper pairs: (1, 684)
[M::mem_pestat] skip orientation RF as there are not enough pairs
[M::mem_pestat] skip orientation RR as there are not enough pairs
[M::mem_process_seqs] Processed 982668 reads in 97.357 CPU sec, 12.617 real sec
[M::process] read 983270 sequences (80000049 bp)...
[M::mem_pestat] # candidate unique pairs for (FF, FR, RF, RR): (5, 309010, 2, 5)
[M::mem_pestat] skip orientation FF as there are not enough pairs
[M::mem_pestat] analyzing insert size distribution for orientation FR...
[M::mem_pestat] (25, 50, 75) percentile: (64, 117, 217)
[M::mem_pestat] low and high boundaries for computing mean and std.dev: (1, 523)
[M::mem_pestat] mean and std.dev: (149.76, 109.31)
[M::mem_pestat] low and high boundaries for proper pairs: (1, 676)
[M::mem_pestat] skip orientation RF as there are not enough pairs
[M::mem_pestat] skip orientation RR as there are not enough pairs
[M::mem_process_seqs] Processed 983270 reads in 97.499 CPU sec, 12.873 real sec
[M::process] read 972594 sequences (80000070 bp)...
[M::mem_pestat] # candidate unique pairs for (FF, FR, RF, RR): (5, 309103, 3, 3)
[M::mem_pestat] skip orientation FF as there are not enough pairs
[M::mem_pestat] analyzing insert size distribution for orientation FR...
[M::mem_pestat] (25, 50, 75) percentile: (66, 129, 232)
[M::mem_pestat] low and high boundaries for computing mean and std.dev: (1, 564)
[M::mem_pestat] mean and std.dev: (161.76, 121.08)
[M::mem_pestat] low and high boundaries for proper pairs: (1, 730)
[M::mem_pestat] skip orientation RF as there are not enough pairs
[M::mem_pestat] skip orientation RR as there are not enough pairs
[M::mem_process_seqs] Processed 972594 reads in 99.483 CPU sec, 12.956 real sec
[M::process] read 971246 sequences (80000042 bp)...
[M::mem_pestat] # candidate unique pairs for (FF, FR, RF, RR): (5, 309433, 3, 5)
[M::mem_pestat] skip orientation FF as there are not enough pairs
[M::mem_pestat] analyzing insert size distribution for orientation FR...
[M::mem_pestat] (25, 50, 75) percentile: (66, 130, 234)
[M::mem_pestat] low and high boundaries for computing mean and std.dev: (1, 570)
[M::mem_pestat] mean and std.dev: (163.31, 122.81)
[M::mem_pestat] low and high boundaries for proper pairs: (1, 738)
[M::mem_pestat] skip orientation RF as there are not enough pairs
[M::mem_pestat] skip orientation RR as there are not enough pairs
[M::mem_process_seqs] Processed 971246 reads in 98.058 CPU sec, 12.798 real sec
[M::process] read 971822 sequences (80000040 bp)...
[M::mem_pestat] # candidate unique pairs for (FF, FR, RF, RR): (2, 308139, 3, 6)
[M::mem_pestat] skip orientation FF as there are not enough pairs
[M::mem_pestat] analyzing insert size distribution for orientation FR...
[M::mem_pestat] (25, 50, 75) percentile: (66, 130, 234)
[M::mem_pestat] low and high boundaries for computing mean and std.dev: (1, 570)
[M::mem_pestat] mean and std.dev: (163.19, 122.52)
[M::mem_pestat] low and high boundaries for proper pairs: (1, 738)
[M::mem_pestat] skip orientation RF as there are not enough pairs
[M::mem_pestat] skip orientation RR as there are not enough pairs
[M::mem_process_seqs] Processed 971822 reads in 99.132 CPU sec, 12.931 real sec
[M::process] read 974114 sequences (80000095 bp)...
[M::mem_pestat] # candidate unique pairs for (FF, FR, RF, RR): (5, 309333, 2, 1)
[M::mem_pestat] skip orientation FF as there are not enough pairs
[M::mem_pestat] analyzing insert size distribution for orientation FR...
[M::mem_pestat] (25, 50, 75) percentile: (65, 128, 232)
[M::mem_pestat] low and high boundaries for computing mean and std.dev: (1, 566)
[M::mem_pestat] mean and std.dev: (161.59, 121.48)
[M::mem_pestat] low and high boundaries for proper pairs: (1, 733)
[M::mem_pestat] skip orientation RF as there are not enough pairs
[M::mem_pestat] skip orientation RR as there are not enough pairs
[M::mem_process_seqs] Processed 974114 reads in 100.387 CPU sec, 13.073 real sec
[M::process] read 973638 sequences (80000146 bp)...
[M::mem_pestat] # candidate unique pairs for (FF, FR, RF, RR): (8, 308319, 4, 3)
[M::mem_pestat] skip orientation FF as there are not enough pairs
[M::mem_pestat] analyzing insert size distribution for orientation FR...
[M::mem_pestat] (25, 50, 75) percentile: (65, 127, 231)
[M::mem_pestat] low and high boundaries for computing mean and std.dev: (1, 563)
[M::mem_pestat] mean and std.dev: (160.90, 120.45)
[M::mem_pestat] low and high boundaries for proper pairs: (1, 729)
[M::mem_pestat] skip orientation RF as there are not enough pairs
[M::mem_pestat] skip orientation RR as there are not enough pairs
[M::mem_process_seqs] Processed 973638 reads in 99.797 CPU sec, 12.982 real sec
[M::process] read 974300 sequences (80000147 bp)...
[M::mem_pestat] # candidate unique pairs for (FF, FR, RF, RR): (9, 308278, 4, 1)
[M::mem_pestat] skip orientation FF as there are not enough pairs
[M::mem_pestat] analyzing insert size distribution for orientation FR...
[M::mem_pestat] (25, 50, 75) percentile: (65, 126, 229)
[M::mem_pestat] low and high boundaries for computing mean and std.dev: (1, 557)
[M::mem_pestat] mean and std.dev: (159.32, 118.84)
[M::mem_pestat] low and high boundaries for proper pairs: (1, 721)
[M::mem_pestat] skip orientation RF as there are not enough pairs
[M::mem_pestat] skip orientation RR as there are not enough pairs
[M::mem_process_seqs] Processed 974300 reads in 98.618 CPU sec, 12.870 real sec
[M::process] read 974984 sequences (80000049 bp)...
[M::mem_pestat] # candidate unique pairs for (FF, FR, RF, RR): (9, 307925, 1, 8)
[M::mem_pestat] skip orientation FF as there are not enough pairs
[M::mem_pestat] analyzing insert size distribution for orientation FR...
[M::mem_pestat] (25, 50, 75) percentile: (65, 125, 228)
[M::mem_pestat] low and high boundaries for computing mean and std.dev: (1, 554)
[M::mem_pestat] mean and std.dev: (158.23, 117.82)
[M::mem_pestat] low and high boundaries for proper pairs: (1, 717)
[M::mem_pestat] skip orientation RF as there are not enough pairs
[M::mem_pestat] skip orientation RR as there are not enough pairs
[M::mem_process_seqs] Processed 974984 reads in 98.471 CPU sec, 12.701 real sec
[M::process] read 975724 sequences (80000117 bp)...
[M::mem_pestat] # candidate unique pairs for (FF, FR, RF, RR): (5, 308287, 0, 6)
[M::mem_pestat] skip orientation FF as there are not enough pairs
[M::mem_pestat] analyzing insert size distribution for orientation FR...
[M::mem_pestat] (25, 50, 75) percentile: (65, 124, 227)
[M::mem_pestat] low and high boundaries for computing mean and std.dev: (1, 551)
[M::mem_pestat] mean and std.dev: (157.67, 117.15)
[M::mem_pestat] low and high boundaries for proper pairs: (1, 713)
[M::mem_pestat] skip orientation RF as there are not enough pairs
[M::mem_pestat] skip orientation RR as there are not enough pairs
[M::mem_process_seqs] Processed 975724 reads in 101.263 CPU sec, 13.199 real sec
[M::process] read 976398 sequences (80000173 bp)...
[M::mem_pestat] # candidate unique pairs for (FF, FR, RF, RR): (5, 308465, 1, 6)
[M::mem_pestat] skip orientation FF as there are not enough pairs
[M::mem_pestat] analyzing insert size distribution for orientation FR...
[M::mem_pestat] (25, 50, 75) percentile: (65, 123, 226)
[M::mem_pestat] low and high boundaries for computing mean and std.dev: (1, 548)
[M::mem_pestat] mean and std.dev: (156.60, 115.96)
[M::mem_pestat] low and high boundaries for proper pairs: (1, 709)
[M::mem_pestat] skip orientation RF as there are not enough pairs
[M::mem_pestat] skip orientation RR as there are not enough pairs
[M::mem_process_seqs] Processed 976398 reads in 97.235 CPU sec, 12.624 real sec
[M::process] read 976732 sequences (80000104 bp)...
[M::mem_pestat] # candidate unique pairs for (FF, FR, RF, RR): (9, 308354, 7, 4)
[M::mem_pestat] skip orientation FF as there are not enough pairs
[M::mem_pestat] analyzing insert size distribution for orientation FR...
[M::mem_pestat] (25, 50, 75) percentile: (65, 123, 225)
[M::mem_pestat] low and high boundaries for computing mean and std.dev: (1, 545)
[M::mem_pestat] mean and std.dev: (155.70, 115.05)
[M::mem_pestat] low and high boundaries for proper pairs: (1, 705)
[M::mem_pestat] skip orientation RF as there are not enough pairs
[M::mem_pestat] skip orientation RR as there are not enough pairs
[M::mem_process_seqs] Processed 976732 reads in 98.356 CPU sec, 12.820 real sec
[M::process] read 977130 sequences (80000060 bp)...
[M::mem_pestat] # candidate unique pairs for (FF, FR, RF, RR): (7, 307728, 4, 6)
[M::mem_pestat] skip orientation FF as there are not enough pairs
[M::mem_pestat] analyzing insert size distribution for orientation FR...
[M::mem_pestat] (25, 50, 75) percentile: (65, 123, 225)
[M::mem_pestat] low and high boundaries for computing mean and std.dev: (1, 545)
[M::mem_pestat] mean and std.dev: (155.96, 114.94)
[M::mem_pestat] low and high boundaries for proper pairs: (1, 705)
[M::mem_pestat] skip orientation RF as there are not enough pairs
[M::mem_pestat] skip orientation RR as there are not enough pairs
[M::mem_process_seqs] Processed 977130 reads in 98.836 CPU sec, 12.882 real sec
[M::process] read 976874 sequences (80000125 bp)...
[M::mem_pestat] # candidate unique pairs for (FF, FR, RF, RR): (7, 307076, 0, 6)
[M::mem_pestat] skip orientation FF as there are not enough pairs
[M::mem_pestat] analyzing insert size distribution for orientation FR...
[M::mem_pestat] (25, 50, 75) percentile: (65, 122, 224)
[M::mem_pestat] low and high boundaries for computing mean and std.dev: (1, 542)
[M::mem_pestat] mean and std.dev: (155.23, 114.17)
[M::mem_pestat] low and high boundaries for proper pairs: (1, 701)
[M::mem_pestat] skip orientation RF as there are not enough pairs
[M::mem_pestat] skip orientation RR as there are not enough pairs
[M::mem_process_seqs] Processed 976874 reads in 102.572 CPU sec, 13.221 real sec
[M::process] read 976524 sequences (80000098 bp)...
[M::mem_pestat] # candidate unique pairs for (FF, FR, RF, RR): (3, 306910, 4, 2)
[M::mem_pestat] skip orientation FF as there are not enough pairs
[M::mem_pestat] analyzing insert size distribution for orientation FR...
[M::mem_pestat] (25, 50, 75) percentile: (65, 123, 224)
[M::mem_pestat] low and high boundaries for computing mean and std.dev: (1, 542)
[M::mem_pestat] mean and std.dev: (155.42, 114.12)
[M::mem_pestat] low and high boundaries for proper pairs: (1, 701)
[M::mem_pestat] skip orientation RF as there are not enough pairs
[M::mem_pestat] skip orientation RR as there are not enough pairs
[M::mem_process_seqs] Processed 976524 reads in 104.581 CPU sec, 13.576 real sec
[M::process] read 977876 sequences (80000154 bp)...
[M::mem_pestat] # candidate unique pairs for (FF, FR, RF, RR): (8, 306562, 5, 6)
[M::mem_pestat] skip orientation FF as there are not enough pairs
[M::mem_pestat] analyzing insert size distribution for orientation FR...
[M::mem_pestat] (25, 50, 75) percentile: (65, 121, 222)
[M::mem_pestat] low and high boundaries for computing mean and std.dev: (1, 536)
[M::mem_pestat] mean and std.dev: (154.03, 112.56)
[M::mem_pestat] low and high boundaries for proper pairs: (1, 693)
[M::mem_pestat] skip orientation RF as there are not enough pairs
[M::mem_pestat] skip orientation RR as there are not enough pairs
[M::mem_process_seqs] Processed 977876 reads in 101.788 CPU sec, 13.418 real sec
[M::process] read 977142 sequences (80000077 bp)...
[M::mem_pestat] # candidate unique pairs for (FF, FR, RF, RR): (8, 305906, 4, 2)
[M::mem_pestat] skip orientation FF as there are not enough pairs
[M::mem_pestat] analyzing insert size distribution for orientation FR...
[M::mem_pestat] (25, 50, 75) percentile: (65, 122, 221)
[M::mem_pestat] low and high boundaries for computing mean and std.dev: (1, 533)
[M::mem_pestat] mean and std.dev: (153.69, 111.46)
[M::mem_pestat] low and high boundaries for proper pairs: (1, 689)
[M::mem_pestat] skip orientation RF as there are not enough pairs
[M::mem_pestat] skip orientation RR as there are not enough pairs
[M::mem_process_seqs] Processed 977142 reads in 104.433 CPU sec, 13.497 real sec
[M::process] read 979106 sequences (80000007 bp)...
[M::mem_pestat] # candidate unique pairs for (FF, FR, RF, RR): (3, 307086, 2, 3)
[M::mem_pestat] skip orientation FF as there are not enough pairs
[M::mem_pestat] analyzing insert size distribution for orientation FR...
[M::mem_pestat] (25, 50, 75) percentile: (65, 120, 220)
[M::mem_pestat] low and high boundaries for computing mean and std.dev: (1, 530)
[M::mem_pestat] mean and std.dev: (152.87, 111.05)
[M::mem_pestat] low and high boundaries for proper pairs: (1, 685)
[M::mem_pestat] skip orientation RF as there are not enough pairs
[M::mem_pestat] skip orientation RR as there are not enough pairs
[M::mem_process_seqs] Processed 979106 reads in 102.492 CPU sec, 13.277 real sec
[M::process] read 716724 sequences (58556529 bp)...
[M::mem_pestat] # candidate unique pairs for (FF, FR, RF, RR): (2, 224810, 1, 0)
[M::mem_pestat] skip orientation FF as there are not enough pairs
[M::mem_pestat] analyzing insert size distribution for orientation FR...
[M::mem_pestat] (25, 50, 75) percentile: (65, 119, 219)
[M::mem_pestat] low and high boundaries for computing mean and std.dev: (1, 527)
[M::mem_pestat] mean and std.dev: (151.76, 109.61)
[M::mem_pestat] low and high boundaries for proper pairs: (1, 681)
[M::mem_pestat] skip orientation RF as there are not enough pairs
[M::mem_pestat] skip orientation RR as there are not enough pairs
[M::mem_process_seqs] Processed 716724 reads in 70.702 CPU sec, 9.131 real sec
[main] Version: 0.7.17-r1188
[main] CMD: bwa mem -M -t 8 /data/project/sen-lab/genome/hg38/bwa/Homo_sapiens_assembly38.fasta /data/scratch/flanary/atac-seq/untreated/GSE138293/trimmed_fastq/SRR10215671_1_val_1.fq /data/scratch/flanary/atac-seq/untreated/GSE138293/trimmed_fastq/SRR10215671_2_val_2.fq
[main] Real time: 2007.662 sec; CPU: 9549.286 sec
