[M::bwa_idx_load_from_disk] read 0 ALT contigs
[M::process] read 1005666 sequences (80000170 bp)...
[M::process] read 1007390 sequences (80000034 bp)...
[M::mem_pestat] # candidate unique pairs for (FF, FR, RF, RR): (4, 357462, 8, 2)
[M::mem_pestat] skip orientation FF as there are not enough pairs
[M::mem_pestat] analyzing insert size distribution for orientation FR...
[M::mem_pestat] (25, 50, 75) percentile: (61, 121, 220)
[M::mem_pestat] low and high boundaries for computing mean and std.dev: (1, 538)
[M::mem_pestat] mean and std.dev: (152.38, 114.74)
[M::mem_pestat] low and high boundaries for proper pairs: (1, 697)
[M::mem_pestat] skip orientation RF as there are not enough pairs
[M::mem_pestat] skip orientation RR as there are not enough pairs
[M::mem_process_seqs] Processed 1005666 reads in 154.133 CPU sec, 25.506 real sec
[M::mem_pestat] # candidate unique pairs for (FF, FR, RF, RR): (6, 357379, 6, 5)
[M::mem_pestat] skip orientation FF as there are not enough pairs
[M::mem_pestat] analyzing insert size distribution for orientation FR...
[M::mem_pestat] (25, 50, 75) percentile: (61, 119, 216)
[M::mem_pestat] low and high boundaries for computing mean and std.dev: (1, 526)
[M::mem_pestat] mean and std.dev: (149.60, 111.50)
[M::mem_pestat] low and high boundaries for proper pairs: (1, 681)
[M::mem_pestat] skip orientation RF as there are not enough pairs
[M::mem_pestat] skip orientation RR as there are not enough pairs
[M::mem_process_seqs] Processed 1007390 reads in 152.390 CPU sec, 20.788 real sec
[M::process] read 1009700 sequences (80000125 bp)...
[M::mem_pestat] # candidate unique pairs for (FF, FR, RF, RR): (1, 357369, 11, 3)
[M::mem_pestat] skip orientation FF as there are not enough pairs
[M::mem_pestat] analyzing insert size distribution for orientation FR...
[M::mem_pestat] (25, 50, 75) percentile: (60, 117, 214)
[M::mem_pestat] low and high boundaries for computing mean and std.dev: (1, 522)
[M::mem_pestat] mean and std.dev: (148.13, 110.12)
[M::mem_pestat] low and high boundaries for proper pairs: (1, 676)
[M::mem_pestat] analyzing insert size distribution for orientation RF...
[M::mem_pestat] (25, 50, 75) percentile: (190, 294, 2652)
[M::mem_pestat] low and high boundaries for computing mean and std.dev: (1, 7576)
[M::mem_pestat] mean and std.dev: (480.44, 776.29)
[M::mem_pestat] low and high boundaries for proper pairs: (1, 10038)
[M::mem_pestat] skip orientation RR as there are not enough pairs
[M::mem_pestat] skip orientation RF
[M::mem_process_seqs] Processed 1009700 reads in 152.815 CPU sec, 20.871 real sec
[M::process] read 1013080 sequences (80000024 bp)...
[M::mem_pestat] # candidate unique pairs for (FF, FR, RF, RR): (7, 358138, 4, 4)
[M::mem_pestat] skip orientation FF as there are not enough pairs
[M::mem_pestat] analyzing insert size distribution for orientation FR...
[M::mem_pestat] (25, 50, 75) percentile: (60, 113, 211)
[M::mem_pestat] low and high boundaries for computing mean and std.dev: (1, 513)
[M::mem_pestat] mean and std.dev: (145.53, 107.59)
[M::mem_pestat] low and high boundaries for proper pairs: (1, 664)
[M::mem_pestat] skip orientation RF as there are not enough pairs
[M::mem_pestat] skip orientation RR as there are not enough pairs
[M::mem_process_seqs] Processed 1013080 reads in 152.957 CPU sec, 20.626 real sec
[M::process] read 1013116 sequences (80000133 bp)...
[M::mem_pestat] # candidate unique pairs for (FF, FR, RF, RR): (2, 358244, 6, 2)
[M::mem_pestat] skip orientation FF as there are not enough pairs
[M::mem_pestat] analyzing insert size distribution for orientation FR...
[M::mem_pestat] (25, 50, 75) percentile: (60, 113, 210)
[M::mem_pestat] low and high boundaries for computing mean and std.dev: (1, 510)
[M::mem_pestat] mean and std.dev: (144.98, 106.73)
[M::mem_pestat] low and high boundaries for proper pairs: (1, 660)
[M::mem_pestat] skip orientation RF as there are not enough pairs
[M::mem_pestat] skip orientation RR as there are not enough pairs
[M::mem_process_seqs] Processed 1013116 reads in 151.350 CPU sec, 20.323 real sec
[M::process] read 1015082 sequences (80000147 bp)...
[M::mem_pestat] # candidate unique pairs for (FF, FR, RF, RR): (3, 358359, 5, 3)
[M::mem_pestat] skip orientation FF as there are not enough pairs
[M::mem_pestat] analyzing insert size distribution for orientation FR...
[M::mem_pestat] (25, 50, 75) percentile: (59, 111, 209)
[M::mem_pestat] low and high boundaries for computing mean and std.dev: (1, 509)
[M::mem_pestat] mean and std.dev: (143.97, 106.36)
[M::mem_pestat] low and high boundaries for proper pairs: (1, 659)
[M::mem_pestat] skip orientation RF as there are not enough pairs
[M::mem_pestat] skip orientation RR as there are not enough pairs
[M::mem_process_seqs] Processed 1015082 reads in 153.712 CPU sec, 20.700 real sec
[M::process] read 1010848 sequences (80000001 bp)...
[M::mem_pestat] # candidate unique pairs for (FF, FR, RF, RR): (4, 357896, 9, 3)
[M::mem_pestat] skip orientation FF as there are not enough pairs
[M::mem_pestat] analyzing insert size distribution for orientation FR...
[M::mem_pestat] (25, 50, 75) percentile: (60, 115, 215)
[M::mem_pestat] low and high boundaries for computing mean and std.dev: (1, 525)
[M::mem_pestat] mean and std.dev: (147.59, 110.63)
[M::mem_pestat] low and high boundaries for proper pairs: (1, 680)
[M::mem_pestat] skip orientation RF as there are not enough pairs
[M::mem_pestat] skip orientation RR as there are not enough pairs
[M::process] read 1007556 sequences (80000110 bp)...
[M::mem_process_seqs] Processed 1010848 reads in 154.278 CPU sec, 21.136 real sec
[M::mem_pestat] # candidate unique pairs for (FF, FR, RF, RR): (1, 357587, 6, 4)
[M::mem_pestat] skip orientation FF as there are not enough pairs
[M::mem_pestat] analyzing insert size distribution for orientation FR...
[M::mem_pestat] (25, 50, 75) percentile: (61, 119, 218)
[M::mem_pestat] low and high boundaries for computing mean and std.dev: (1, 532)
[M::mem_pestat] mean and std.dev: (150.30, 112.76)
[M::mem_pestat] low and high boundaries for proper pairs: (1, 689)
[M::mem_pestat] skip orientation RF as there are not enough pairs
[M::mem_pestat] skip orientation RR as there are not enough pairs
[M::mem_process_seqs] Processed 1007556 reads in 152.522 CPU sec, 20.895 real sec
[M::process] read 1014630 sequences (80000012 bp)...
[M::mem_pestat] # candidate unique pairs for (FF, FR, RF, RR): (6, 357646, 8, 4)
[M::mem_pestat] skip orientation FF as there are not enough pairs
[M::mem_pestat] analyzing insert size distribution for orientation FR...
[M::mem_pestat] (25, 50, 75) percentile: (60, 111, 209)
[M::mem_pestat] low and high boundaries for computing mean and std.dev: (1, 507)
[M::mem_pestat] mean and std.dev: (144.09, 106.31)
[M::mem_pestat] low and high boundaries for proper pairs: (1, 656)
[M::mem_pestat] skip orientation RF as there are not enough pairs
[M::mem_pestat] skip orientation RR as there are not enough pairs
[M::mem_process_seqs] Processed 1014630 reads in 153.613 CPU sec, 20.910 real sec
[M::process] read 1014232 sequences (80000042 bp)...
[M::mem_pestat] # candidate unique pairs for (FF, FR, RF, RR): (2, 358139, 7, 7)
[M::mem_pestat] skip orientation FF as there are not enough pairs
[M::mem_pestat] analyzing insert size distribution for orientation FR...
[M::mem_pestat] (25, 50, 75) percentile: (60, 111, 209)
[M::mem_pestat] low and high boundaries for computing mean and std.dev: (1, 507)
[M::mem_pestat] mean and std.dev: (143.94, 106.22)
[M::mem_pestat] low and high boundaries for proper pairs: (1, 656)
[M::mem_pestat] skip orientation RF as there are not enough pairs
[M::mem_pestat] skip orientation RR as there are not enough pairs
[M::mem_process_seqs] Processed 1014232 reads in 153.894 CPU sec, 20.921 real sec
[M::process] read 1013520 sequences (80000136 bp)...
[M::mem_pestat] # candidate unique pairs for (FF, FR, RF, RR): (3, 357884, 9, 11)
[M::mem_pestat] skip orientation FF as there are not enough pairs
[M::mem_pestat] analyzing insert size distribution for orientation FR...
[M::mem_pestat] (25, 50, 75) percentile: (60, 113, 210)
[M::mem_pestat] low and high boundaries for computing mean and std.dev: (1, 510)
[M::mem_pestat] mean and std.dev: (144.61, 106.80)
[M::mem_pestat] low and high boundaries for proper pairs: (1, 660)
[M::mem_pestat] skip orientation RF as there are not enough pairs
[M::mem_pestat] analyzing insert size distribution for orientation RR...
[M::mem_pestat] (25, 50, 75) percentile: (73, 156, 528)
[M::mem_pestat] low and high boundaries for computing mean and std.dev: (1, 1438)
[M::mem_pestat] mean and std.dev: (231.90, 220.69)
[M::mem_pestat] low and high boundaries for proper pairs: (1, 1893)
[M::mem_pestat] skip orientation RR
[M::mem_process_seqs] Processed 1013520 reads in 151.725 CPU sec, 20.178 real sec
[M::process] read 1012468 sequences (80000111 bp)...
[M::mem_pestat] # candidate unique pairs for (FF, FR, RF, RR): (2, 357793, 7, 2)
[M::mem_pestat] skip orientation FF as there are not enough pairs
[M::mem_pestat] analyzing insert size distribution for orientation FR...
[M::mem_pestat] (25, 50, 75) percentile: (60, 113, 211)
[M::mem_pestat] low and high boundaries for computing mean and std.dev: (1, 513)
[M::mem_pestat] mean and std.dev: (145.31, 107.48)
[M::mem_pestat] low and high boundaries for proper pairs: (1, 664)
[M::mem_pestat] skip orientation RF as there are not enough pairs
[M::mem_pestat] skip orientation RR as there are not enough pairs
[M::mem_process_seqs] Processed 1012468 reads in 151.121 CPU sec, 20.357 real sec
[M::process] read 1011308 sequences (80000019 bp)...
[M::mem_pestat] # candidate unique pairs for (FF, FR, RF, RR): (5, 356961, 8, 5)
[M::mem_pestat] skip orientation FF as there are not enough pairs
[M::mem_pestat] analyzing insert size distribution for orientation FR...
[M::mem_pestat] (25, 50, 75) percentile: (61, 115, 212)
[M::mem_pestat] low and high boundaries for computing mean and std.dev: (1, 514)
[M::mem_pestat] mean and std.dev: (146.16, 108.00)
[M::mem_pestat] low and high boundaries for proper pairs: (1, 665)
[M::mem_pestat] skip orientation RF as there are not enough pairs
[M::mem_pestat] skip orientation RR as there are not enough pairs
[M::process] read 1011238 sequences (80000073 bp)...
[M::mem_process_seqs] Processed 1011308 reads in 155.144 CPU sec, 21.036 real sec
[M::mem_pestat] # candidate unique pairs for (FF, FR, RF, RR): (2, 357205, 5, 2)
[M::mem_pestat] skip orientation FF as there are not enough pairs
[M::mem_pestat] analyzing insert size distribution for orientation FR...
[M::mem_pestat] (25, 50, 75) percentile: (61, 114, 212)
[M::mem_pestat] low and high boundaries for computing mean and std.dev: (1, 514)
[M::mem_pestat] mean and std.dev: (145.71, 107.72)
[M::mem_pestat] low and high boundaries for proper pairs: (1, 665)
[M::mem_pestat] skip orientation RF as there are not enough pairs
[M::mem_pestat] skip orientation RR as there are not enough pairs
[M::mem_process_seqs] Processed 1011238 reads in 151.839 CPU sec, 20.351 real sec
[M::process] read 1012618 sequences (80000037 bp)...
[M::mem_pestat] # candidate unique pairs for (FF, FR, RF, RR): (5, 357681, 10, 3)
[M::mem_pestat] skip orientation FF as there are not enough pairs
[M::mem_pestat] analyzing insert size distribution for orientation FR...
[M::mem_pestat] (25, 50, 75) percentile: (61, 114, 212)
[M::mem_pestat] low and high boundaries for computing mean and std.dev: (1, 514)
[M::mem_pestat] mean and std.dev: (145.73, 107.94)
[M::mem_pestat] low and high boundaries for proper pairs: (1, 665)
[M::mem_pestat] analyzing insert size distribution for orientation RF...
[M::mem_pestat] (25, 50, 75) percentile: (34, 199, 354)
[M::mem_pestat] low and high boundaries for computing mean and std.dev: (1, 994)
[M::mem_pestat] mean and std.dev: (154.89, 129.72)
[M::mem_pestat] low and high boundaries for proper pairs: (1, 1314)
[M::mem_pestat] skip orientation RR as there are not enough pairs
[M::mem_pestat] skip orientation RF
[M::mem_process_seqs] Processed 1012618 reads in 155.522 CPU sec, 21.219 real sec
[M::process] read 1011982 sequences (80000013 bp)...
[M::mem_pestat] # candidate unique pairs for (FF, FR, RF, RR): (4, 359258, 6, 3)
[M::mem_pestat] skip orientation FF as there are not enough pairs
[M::mem_pestat] analyzing insert size distribution for orientation FR...
[M::mem_pestat] (25, 50, 75) percentile: (60, 116, 216)
[M::mem_pestat] low and high boundaries for computing mean and std.dev: (1, 528)
[M::mem_pestat] mean and std.dev: (148.59, 111.77)
[M::mem_pestat] low and high boundaries for proper pairs: (1, 684)
[M::mem_pestat] skip orientation RF as there are not enough pairs
[M::mem_pestat] skip orientation RR as there are not enough pairs
[M::mem_process_seqs] Processed 1011982 reads in 153.910 CPU sec, 21.007 real sec
[M::process] read 1013264 sequences (80000089 bp)...
[M::mem_pestat] # candidate unique pairs for (FF, FR, RF, RR): (6, 358640, 6, 4)
[M::mem_pestat] skip orientation FF as there are not enough pairs
[M::mem_pestat] analyzing insert size distribution for orientation FR...
[M::mem_pestat] (25, 50, 75) percentile: (60, 114, 214)
[M::mem_pestat] low and high boundaries for computing mean and std.dev: (1, 522)
[M::mem_pestat] mean and std.dev: (147.29, 110.28)
[M::mem_pestat] low and high boundaries for proper pairs: (1, 676)
[M::mem_pestat] skip orientation RF as there are not enough pairs
[M::mem_pestat] skip orientation RR as there are not enough pairs
[M::mem_process_seqs] Processed 1013264 reads in 153.543 CPU sec, 20.631 real sec
[M::process] read 1015510 sequences (80000029 bp)...
[M::mem_pestat] # candidate unique pairs for (FF, FR, RF, RR): (4, 359261, 3, 3)
[M::mem_pestat] skip orientation FF as there are not enough pairs
[M::mem_pestat] analyzing insert size distribution for orientation FR...
[M::mem_pestat] (25, 50, 75) percentile: (59, 112, 211)
[M::mem_pestat] low and high boundaries for computing mean and std.dev: (1, 515)
[M::mem_pestat] mean and std.dev: (145.44, 108.34)
[M::mem_pestat] low and high boundaries for proper pairs: (1, 667)
[M::mem_pestat] skip orientation RF as there are not enough pairs
[M::mem_pestat] skip orientation RR as there are not enough pairs
[M::mem_process_seqs] Processed 1015510 reads in 153.672 CPU sec, 20.786 real sec
[M::process] read 1018822 sequences (80000062 bp)...
[M::mem_pestat] # candidate unique pairs for (FF, FR, RF, RR): (2, 359309, 3, 6)
[M::mem_pestat] skip orientation FF as there are not enough pairs
[M::mem_pestat] analyzing insert size distribution for orientation FR...
[M::mem_pestat] (25, 50, 75) percentile: (59, 110, 208)
[M::mem_pestat] low and high boundaries for computing mean and std.dev: (1, 506)
[M::mem_pestat] mean and std.dev: (143.12, 105.84)
[M::mem_pestat] low and high boundaries for proper pairs: (1, 655)
[M::mem_pestat] skip orientation RF as there are not enough pairs
[M::mem_pestat] skip orientation RR as there are not enough pairs
[M::mem_process_seqs] Processed 1018822 reads in 155.084 CPU sec, 20.751 real sec
[M::process] read 1019140 sequences (80000089 bp)...
[M::mem_pestat] # candidate unique pairs for (FF, FR, RF, RR): (0, 359047, 6, 1)
[M::mem_pestat] skip orientation FF as there are not enough pairs
[M::mem_pestat] analyzing insert size distribution for orientation FR...
[M::mem_pestat] (25, 50, 75) percentile: (59, 109, 207)
[M::mem_pestat] low and high boundaries for computing mean and std.dev: (1, 503)
[M::mem_pestat] mean and std.dev: (142.35, 105.12)
[M::mem_pestat] low and high boundaries for proper pairs: (1, 651)
[M::mem_pestat] skip orientation RF as there are not enough pairs
[M::mem_pestat] skip orientation RR as there are not enough pairs
[M::mem_process_seqs] Processed 1019140 reads in 153.168 CPU sec, 20.731 real sec
[M::process] read 1024154 sequences (80000062 bp)...
[M::mem_pestat] # candidate unique pairs for (FF, FR, RF, RR): (4, 360425, 9, 1)
[M::mem_pestat] skip orientation FF as there are not enough pairs
[M::mem_pestat] analyzing insert size distribution for orientation FR...
[M::mem_pestat] (25, 50, 75) percentile: (58, 106, 205)
[M::mem_pestat] low and high boundaries for computing mean and std.dev: (1, 499)
[M::mem_pestat] mean and std.dev: (140.15, 104.00)
[M::mem_pestat] low and high boundaries for proper pairs: (1, 646)
[M::mem_pestat] skip orientation RF as there are not enough pairs
[M::mem_pestat] skip orientation RR as there are not enough pairs
[M::mem_process_seqs] Processed 1024154 reads in 154.116 CPU sec, 20.939 real sec
[M::process] read 1008652 sequences (80000124 bp)...
[M::mem_pestat] # candidate unique pairs for (FF, FR, RF, RR): (4, 358188, 13, 2)
[M::mem_pestat] skip orientation FF as there are not enough pairs
[M::mem_pestat] analyzing insert size distribution for orientation FR...
[M::mem_pestat] (25, 50, 75) percentile: (61, 120, 221)
[M::mem_pestat] low and high boundaries for computing mean and std.dev: (1, 541)
[M::mem_pestat] mean and std.dev: (151.93, 115.81)
[M::mem_pestat] low and high boundaries for proper pairs: (1, 701)
[M::mem_pestat] analyzing insert size distribution for orientation RF...
[M::mem_pestat] (25, 50, 75) percentile: (92, 223, 1095)
[M::mem_pestat] low and high boundaries for computing mean and std.dev: (1, 3101)
[M::mem_pestat] mean and std.dev: (237.27, 288.44)
[M::mem_pestat] low and high boundaries for proper pairs: (1, 4104)
[M::mem_pestat] skip orientation RR as there are not enough pairs
[M::mem_pestat] skip orientation RF
[M::mem_process_seqs] Processed 1008652 reads in 153.694 CPU sec, 20.531 real sec
[M::process] read 1014626 sequences (80000009 bp)...
[M::mem_pestat] # candidate unique pairs for (FF, FR, RF, RR): (3, 358725, 10, 2)
[M::mem_pestat] skip orientation FF as there are not enough pairs
[M::mem_pestat] analyzing insert size distribution for orientation FR...
[M::mem_pestat] (25, 50, 75) percentile: (60, 113, 212)
[M::mem_pestat] low and high boundaries for computing mean and std.dev: (1, 516)
[M::mem_pestat] mean and std.dev: (145.53, 108.50)
[M::mem_pestat] low and high boundaries for proper pairs: (1, 668)
[M::mem_pestat] analyzing insert size distribution for orientation RF...
[M::mem_pestat] (25, 50, 75) percentile: (65, 212, 326)
[M::mem_pestat] low and high boundaries for computing mean and std.dev: (1, 848)
[M::mem_pestat] mean and std.dev: (201.80, 141.29)
[M::mem_pestat] low and high boundaries for proper pairs: (1, 1109)
[M::mem_pestat] skip orientation RR as there are not enough pairs
[M::mem_pestat] skip orientation RF
[M::mem_process_seqs] Processed 1014626 reads in 154.555 CPU sec, 20.813 real sec
[M::process] read 1018294 sequences (80000030 bp)...
[M::mem_pestat] # candidate unique pairs for (FF, FR, RF, RR): (4, 358962, 4, 2)
[M::mem_pestat] skip orientation FF as there are not enough pairs
[M::mem_pestat] analyzing insert size distribution for orientation FR...
[M::mem_pestat] (25, 50, 75) percentile: (59, 110, 208)
[M::mem_pestat] low and high boundaries for computing mean and std.dev: (1, 506)
[M::mem_pestat] mean and std.dev: (142.73, 105.43)
[M::mem_pestat] low and high boundaries for proper pairs: (1, 655)
[M::mem_pestat] skip orientation RF as there are not enough pairs
[M::mem_pestat] skip orientation RR as there are not enough pairs
[M::mem_process_seqs] Processed 1018294 reads in 153.468 CPU sec, 20.628 real sec
[M::process] read 1019018 sequences (80000060 bp)...
[M::mem_pestat] # candidate unique pairs for (FF, FR, RF, RR): (5, 358990, 8, 2)
[M::mem_pestat] skip orientation FF as there are not enough pairs
[M::mem_pestat] analyzing insert size distribution for orientation FR...
[M::mem_pestat] (25, 50, 75) percentile: (59, 109, 208)
[M::mem_pestat] low and high boundaries for computing mean and std.dev: (1, 506)
[M::mem_pestat] mean and std.dev: (142.71, 105.69)
[M::mem_pestat] low and high boundaries for proper pairs: (1, 655)
[M::mem_pestat] skip orientation RF as there are not enough pairs
[M::mem_pestat] skip orientation RR as there are not enough pairs
[M::process] read 1018164 sequences (80000015 bp)...
[M::mem_process_seqs] Processed 1019018 reads in 153.150 CPU sec, 21.264 real sec
[M::mem_pestat] # candidate unique pairs for (FF, FR, RF, RR): (4, 359468, 6, 5)
[M::mem_pestat] skip orientation FF as there are not enough pairs
[M::mem_pestat] analyzing insert size distribution for orientation FR...
[M::mem_pestat] (25, 50, 75) percentile: (59, 110, 208)
[M::mem_pestat] low and high boundaries for computing mean and std.dev: (1, 506)
[M::mem_pestat] mean and std.dev: (143.00, 105.95)
[M::mem_pestat] low and high boundaries for proper pairs: (1, 655)
[M::mem_pestat] skip orientation RF as there are not enough pairs
[M::mem_pestat] skip orientation RR as there are not enough pairs
[M::mem_process_seqs] Processed 1018164 reads in 152.849 CPU sec, 20.538 real sec
[M::process] read 1016368 sequences (80000097 bp)...
[M::mem_pestat] # candidate unique pairs for (FF, FR, RF, RR): (2, 358975, 7, 2)
[M::mem_pestat] skip orientation FF as there are not enough pairs
[M::mem_pestat] analyzing insert size distribution for orientation FR...
[M::mem_pestat] (25, 50, 75) percentile: (59, 111, 209)
[M::mem_pestat] low and high boundaries for computing mean and std.dev: (1, 509)
[M::mem_pestat] mean and std.dev: (143.57, 106.51)
[M::mem_pestat] low and high boundaries for proper pairs: (1, 659)
[M::mem_pestat] skip orientation RF as there are not enough pairs
[M::mem_pestat] skip orientation RR as there are not enough pairs
[M::mem_process_seqs] Processed 1016368 reads in 150.845 CPU sec, 20.061 real sec
[M::process] read 1014322 sequences (80000059 bp)...
[M::mem_pestat] # candidate unique pairs for (FF, FR, RF, RR): (4, 358339, 5, 8)
[M::mem_pestat] skip orientation FF as there are not enough pairs
[M::mem_pestat] analyzing insert size distribution for orientation FR...
[M::mem_pestat] (25, 50, 75) percentile: (60, 113, 211)
[M::mem_pestat] low and high boundaries for computing mean and std.dev: (1, 513)
[M::mem_pestat] mean and std.dev: (144.82, 107.29)
[M::mem_pestat] low and high boundaries for proper pairs: (1, 664)
[M::mem_pestat] skip orientation RF as there are not enough pairs
[M::mem_pestat] skip orientation RR as there are not enough pairs
[M::mem_process_seqs] Processed 1014322 reads in 153.171 CPU sec, 20.461 real sec
[M::process] read 1013846 sequences (80000029 bp)...
[M::mem_pestat] # candidate unique pairs for (FF, FR, RF, RR): (0, 357884, 12, 0)
[M::mem_pestat] skip orientation FF as there are not enough pairs
[M::mem_pestat] analyzing insert size distribution for orientation FR...
[M::mem_pestat] (25, 50, 75) percentile: (60, 113, 212)
[M::mem_pestat] low and high boundaries for computing mean and std.dev: (1, 516)
[M::mem_pestat] mean and std.dev: (145.48, 107.75)
[M::mem_pestat] low and high boundaries for proper pairs: (1, 668)
[M::mem_pestat] analyzing insert size distribution for orientation RF...
[M::mem_pestat] (25, 50, 75) percentile: (85, 217, 955)
[M::mem_pestat] low and high boundaries for computing mean and std.dev: (1, 2695)
[M::mem_pestat] mean and std.dev: (365.91, 470.39)
[M::mem_pestat] low and high boundaries for proper pairs: (1, 3565)
[M::mem_pestat] skip orientation RR as there are not enough pairs
[M::mem_pestat] skip orientation RF
[M::mem_process_seqs] Processed 1013846 reads in 153.328 CPU sec, 20.481 real sec
[M::process] read 1009842 sequences (80000086 bp)...
[M::mem_pestat] # candidate unique pairs for (FF, FR, RF, RR): (3, 356575, 6, 2)
[M::mem_pestat] skip orientation FF as there are not enough pairs
[M::mem_pestat] analyzing insert size distribution for orientation FR...
[M::mem_pestat] (25, 50, 75) percentile: (61, 118, 215)
[M::mem_pestat] low and high boundaries for computing mean and std.dev: (1, 523)
[M::mem_pestat] mean and std.dev: (148.86, 110.40)
[M::mem_pestat] low and high boundaries for proper pairs: (1, 677)
[M::mem_pestat] skip orientation RF as there are not enough pairs
[M::mem_pestat] skip orientation RR as there are not enough pairs
[M::mem_process_seqs] Processed 1009842 reads in 154.685 CPU sec, 20.856 real sec
[M::process] read 1004314 sequences (80000019 bp)...
[M::mem_pestat] # candidate unique pairs for (FF, FR, RF, RR): (3, 357466, 8, 1)
[M::mem_pestat] skip orientation FF as there are not enough pairs
[M::mem_pestat] analyzing insert size distribution for orientation FR...
[M::mem_pestat] (25, 50, 75) percentile: (61, 123, 220)
[M::mem_pestat] low and high boundaries for computing mean and std.dev: (1, 538)
[M::mem_pestat] mean and std.dev: (152.94, 114.73)
[M::mem_pestat] low and high boundaries for proper pairs: (1, 697)
[M::mem_pestat] skip orientation RF as there are not enough pairs
[M::mem_pestat] skip orientation RR as there are not enough pairs
[M::process] read 1007240 sequences (80000081 bp)...
[M::mem_process_seqs] Processed 1004314 reads in 154.650 CPU sec, 20.953 real sec
[M::mem_pestat] # candidate unique pairs for (FF, FR, RF, RR): (5, 358007, 4, 5)
[M::mem_pestat] skip orientation FF as there are not enough pairs
[M::mem_pestat] analyzing insert size distribution for orientation FR...
[M::mem_pestat] (25, 50, 75) percentile: (61, 118, 216)
[M::mem_pestat] low and high boundaries for computing mean and std.dev: (1, 526)
[M::mem_pestat] mean and std.dev: (149.73, 111.33)
[M::mem_pestat] low and high boundaries for proper pairs: (1, 681)
[M::mem_pestat] skip orientation RF as there are not enough pairs
[M::mem_pestat] skip orientation RR as there are not enough pairs
[M::mem_process_seqs] Processed 1007240 reads in 154.054 CPU sec, 20.800 real sec
[M::process] read 1008504 sequences (80000049 bp)...
[M::mem_pestat] # candidate unique pairs for (FF, FR, RF, RR): (1, 357640, 9, 1)
[M::mem_pestat] skip orientation FF as there are not enough pairs
[M::mem_pestat] analyzing insert size distribution for orientation FR...
[M::mem_pestat] (25, 50, 75) percentile: (60, 117, 215)
[M::mem_pestat] low and high boundaries for computing mean and std.dev: (1, 525)
[M::mem_pestat] mean and std.dev: (148.70, 110.35)
[M::mem_pestat] low and high boundaries for proper pairs: (1, 680)
[M::mem_pestat] skip orientation RF as there are not enough pairs
[M::mem_pestat] skip orientation RR as there are not enough pairs
[M::mem_process_seqs] Processed 1008504 reads in 151.806 CPU sec, 20.487 real sec
[M::process] read 1010164 sequences (80000192 bp)...
[M::mem_pestat] # candidate unique pairs for (FF, FR, RF, RR): (4, 357463, 6, 3)
[M::mem_pestat] skip orientation FF as there are not enough pairs
[M::mem_pestat] analyzing insert size distribution for orientation FR...
[M::mem_pestat] (25, 50, 75) percentile: (60, 115, 213)
[M::mem_pestat] low and high boundaries for computing mean and std.dev: (1, 519)
[M::mem_pestat] mean and std.dev: (147.33, 108.95)
[M::mem_pestat] low and high boundaries for proper pairs: (1, 672)
[M::mem_pestat] skip orientation RF as there are not enough pairs
[M::mem_pestat] skip orientation RR as there are not enough pairs
[M::process] read 1012248 sequences (80000072 bp)...
[M::mem_process_seqs] Processed 1010164 reads in 154.395 CPU sec, 20.802 real sec
[M::mem_pestat] # candidate unique pairs for (FF, FR, RF, RR): (2, 357929, 6, 2)
[M::mem_pestat] skip orientation FF as there are not enough pairs
[M::mem_pestat] analyzing insert size distribution for orientation FR...
[M::mem_pestat] (25, 50, 75) percentile: (60, 113, 210)
[M::mem_pestat] low and high boundaries for computing mean and std.dev: (1, 510)
[M::mem_pestat] mean and std.dev: (145.37, 106.92)
[M::mem_pestat] low and high boundaries for proper pairs: (1, 660)
[M::mem_pestat] skip orientation RF as there are not enough pairs
[M::mem_pestat] skip orientation RR as there are not enough pairs
[M::mem_process_seqs] Processed 1012248 reads in 151.818 CPU sec, 20.704 real sec
[M::process] read 1014648 sequences (80000045 bp)...
[M::mem_pestat] # candidate unique pairs for (FF, FR, RF, RR): (2, 358388, 7, 3)
[M::mem_pestat] skip orientation FF as there are not enough pairs
[M::mem_pestat] analyzing insert size distribution for orientation FR...
[M::mem_pestat] (25, 50, 75) percentile: (60, 112, 209)
[M::mem_pestat] low and high boundaries for computing mean and std.dev: (1, 507)
[M::mem_pestat] mean and std.dev: (144.06, 105.99)
[M::mem_pestat] low and high boundaries for proper pairs: (1, 656)
[M::mem_pestat] skip orientation RF as there are not enough pairs
[M::mem_pestat] skip orientation RR as there are not enough pairs
[M::mem_process_seqs] Processed 1014648 reads in 152.173 CPU sec, 20.382 real sec
[M::process] read 1011262 sequences (80000081 bp)...
[M::mem_pestat] # candidate unique pairs for (FF, FR, RF, RR): (7, 358228, 6, 2)
[M::mem_pestat] skip orientation FF as there are not enough pairs
[M::mem_pestat] analyzing insert size distribution for orientation FR...
[M::mem_pestat] (25, 50, 75) percentile: (60, 116, 216)
[M::mem_pestat] low and high boundaries for computing mean and std.dev: (1, 528)
[M::mem_pestat] mean and std.dev: (148.65, 112.24)
[M::mem_pestat] low and high boundaries for proper pairs: (1, 684)
[M::mem_pestat] skip orientation RF as there are not enough pairs
[M::mem_pestat] skip orientation RR as there are not enough pairs
[M::mem_process_seqs] Processed 1011262 reads in 154.262 CPU sec, 21.074 real sec
[M::process] read 1008018 sequences (80000013 bp)...
[M::mem_pestat] # candidate unique pairs for (FF, FR, RF, RR): (5, 357937, 12, 6)
[M::mem_pestat] skip orientation FF as there are not enough pairs
[M::mem_pestat] analyzing insert size distribution for orientation FR...
[M::mem_pestat] (25, 50, 75) percentile: (61, 118, 217)
[M::mem_pestat] low and high boundaries for computing mean and std.dev: (1, 529)
[M::mem_pestat] mean and std.dev: (149.70, 111.83)
[M::mem_pestat] low and high boundaries for proper pairs: (1, 685)
[M::mem_pestat] analyzing insert size distribution for orientation RF...
[M::mem_pestat] (25, 50, 75) percentile: (110, 252, 1915)
[M::mem_pestat] low and high boundaries for computing mean and std.dev: (1, 5525)
[M::mem_pestat] mean and std.dev: (744.75, 811.18)
[M::mem_pestat] low and high boundaries for proper pairs: (1, 7330)
[M::mem_pestat] skip orientation RR as there are not enough pairs
[M::mem_pestat] skip orientation RF
[M::process] read 1013290 sequences (80000170 bp)...
[M::mem_process_seqs] Processed 1008018 reads in 153.933 CPU sec, 20.509 real sec
[M::mem_pestat] # candidate unique pairs for (FF, FR, RF, RR): (1, 357394, 11, 4)
[M::mem_pestat] skip orientation FF as there are not enough pairs
[M::mem_pestat] analyzing insert size distribution for orientation FR...
[M::mem_pestat] (25, 50, 75) percentile: (60, 113, 209)
[M::mem_pestat] low and high boundaries for computing mean and std.dev: (1, 507)
[M::mem_pestat] mean and std.dev: (144.29, 105.85)
[M::mem_pestat] low and high boundaries for proper pairs: (1, 656)
[M::mem_pestat] analyzing insert size distribution for orientation RF...
[M::mem_pestat] (25, 50, 75) percentile: (78, 210, 935)
[M::mem_pestat] low and high boundaries for computing mean and std.dev: (1, 2649)
[M::mem_pestat] mean and std.dev: (371.70, 384.44)
[M::mem_pestat] low and high boundaries for proper pairs: (1, 3506)
[M::mem_pestat] skip orientation RR as there are not enough pairs
[M::mem_pestat] skip orientation RF
[M::mem_process_seqs] Processed 1013290 reads in 151.658 CPU sec, 20.218 real sec
[M::process] read 1013038 sequences (80000104 bp)...
[M::process] read 1011670 sequences (80000029 bp)...
[M::mem_pestat] # candidate unique pairs for (FF, FR, RF, RR): (9, 357677, 6, 3)
[M::mem_pestat] skip orientation FF as there are not enough pairs
[M::mem_pestat] analyzing insert size distribution for orientation FR...
[M::mem_pestat] (25, 50, 75) percentile: (60, 113, 209)
[M::mem_pestat] low and high boundaries for computing mean and std.dev: (1, 507)
[M::mem_pestat] mean and std.dev: (144.56, 105.97)
[M::mem_pestat] low and high boundaries for proper pairs: (1, 656)
[M::mem_pestat] skip orientation RF as there are not enough pairs
[M::mem_pestat] skip orientation RR as there are not enough pairs
[M::mem_process_seqs] Processed 1013038 reads in 153.419 CPU sec, 21.186 real sec
[M::mem_pestat] # candidate unique pairs for (FF, FR, RF, RR): (1, 357623, 6, 6)
[M::mem_pestat] skip orientation FF as there are not enough pairs
[M::mem_pestat] analyzing insert size distribution for orientation FR...
[M::mem_pestat] (25, 50, 75) percentile: (60, 114, 211)
[M::mem_pestat] low and high boundaries for computing mean and std.dev: (1, 513)
[M::mem_pestat] mean and std.dev: (145.80, 107.19)
[M::mem_pestat] low and high boundaries for proper pairs: (1, 664)
[M::mem_pestat] skip orientation RF as there are not enough pairs
[M::mem_pestat] skip orientation RR as there are not enough pairs
[M::mem_process_seqs] Processed 1011670 reads in 152.154 CPU sec, 20.263 real sec
[M::process] read 1011222 sequences (80000071 bp)...
[M::mem_pestat] # candidate unique pairs for (FF, FR, RF, RR): (2, 357705, 5, 4)
[M::mem_pestat] skip orientation FF as there are not enough pairs
[M::mem_pestat] analyzing insert size distribution for orientation FR...
[M::mem_pestat] (25, 50, 75) percentile: (61, 114, 211)
[M::mem_pestat] low and high boundaries for computing mean and std.dev: (1, 511)
[M::mem_pestat] mean and std.dev: (145.53, 106.99)
[M::mem_pestat] low and high boundaries for proper pairs: (1, 661)
[M::mem_pestat] skip orientation RF as there are not enough pairs
[M::mem_pestat] skip orientation RR as there are not enough pairs
[M::process] read 1008470 sequences (80000164 bp)...
[M::mem_process_seqs] Processed 1011222 reads in 153.935 CPU sec, 20.874 real sec
[M::mem_pestat] # candidate unique pairs for (FF, FR, RF, RR): (3, 355807, 10, 3)
[M::mem_pestat] skip orientation FF as there are not enough pairs
[M::mem_pestat] analyzing insert size distribution for orientation FR...
[M::mem_pestat] (25, 50, 75) percentile: (61, 116, 212)
[M::mem_pestat] low and high boundaries for computing mean and std.dev: (1, 514)
[M::mem_pestat] mean and std.dev: (146.82, 107.41)
[M::mem_pestat] low and high boundaries for proper pairs: (1, 665)
[M::mem_pestat] analyzing insert size distribution for orientation RF...
[M::mem_pestat] (25, 50, 75) percentile: (53, 188, 216)
[M::mem_pestat] low and high boundaries for computing mean and std.dev: (1, 542)
[M::mem_pestat] mean and std.dev: (143.56, 106.77)
[M::mem_pestat] low and high boundaries for proper pairs: (1, 705)
[M::mem_pestat] skip orientation RR as there are not enough pairs
[M::mem_pestat] skip orientation RF
[M::mem_process_seqs] Processed 1008470 reads in 153.223 CPU sec, 20.455 real sec
[M::process] read 1002448 sequences (80000140 bp)...
[M::mem_pestat] # candidate unique pairs for (FF, FR, RF, RR): (4, 354846, 7, 7)
[M::mem_pestat] skip orientation FF as there are not enough pairs
[M::mem_pestat] analyzing insert size distribution for orientation FR...
[M::mem_pestat] (25, 50, 75) percentile: (62, 119, 213)
[M::mem_pestat] low and high boundaries for computing mean and std.dev: (1, 515)
[M::mem_pestat] mean and std.dev: (148.36, 107.84)
[M::mem_pestat] low and high boundaries for proper pairs: (1, 666)
[M::mem_pestat] skip orientation RF as there are not enough pairs
[M::mem_pestat] skip orientation RR as there are not enough pairs
[M::mem_process_seqs] Processed 1002448 reads in 150.906 CPU sec, 20.238 real sec
[M::process] read 1008124 sequences (80000109 bp)...
[M::mem_pestat] # candidate unique pairs for (FF, FR, RF, RR): (6, 356050, 6, 3)
[M::mem_pestat] skip orientation FF as there are not enough pairs
[M::mem_pestat] analyzing insert size distribution for orientation FR...
[M::mem_pestat] (25, 50, 75) percentile: (62, 116, 212)
[M::mem_pestat] low and high boundaries for computing mean and std.dev: (1, 512)
[M::mem_pestat] mean and std.dev: (146.86, 107.15)
[M::mem_pestat] low and high boundaries for proper pairs: (1, 662)
[M::mem_pestat] skip orientation RF as there are not enough pairs
[M::mem_pestat] skip orientation RR as there are not enough pairs
[M::mem_process_seqs] Processed 1008124 reads in 153.904 CPU sec, 20.782 real sec
[M::process] read 994376 sequences (80000168 bp)...
[M::mem_pestat] # candidate unique pairs for (FF, FR, RF, RR): (1, 355652, 6, 1)
[M::mem_pestat] skip orientation FF as there are not enough pairs
[M::mem_pestat] analyzing insert size distribution for orientation FR...
[M::mem_pestat] (25, 50, 75) percentile: (63, 135, 233)
[M::mem_pestat] low and high boundaries for computing mean and std.dev: (1, 573)
[M::mem_pestat] mean and std.dev: (163.19, 125.49)
[M::mem_pestat] low and high boundaries for proper pairs: (1, 743)
[M::mem_pestat] skip orientation RF as there are not enough pairs
[M::mem_pestat] skip orientation RR as there are not enough pairs
[M::mem_process_seqs] Processed 994376 reads in 155.945 CPU sec, 21.065 real sec
[M::process] read 991792 sequences (80000090 bp)...
[M::mem_pestat] # candidate unique pairs for (FF, FR, RF, RR): (4, 356177, 5, 2)
[M::mem_pestat] skip orientation FF as there are not enough pairs
[M::mem_pestat] analyzing insert size distribution for orientation FR...
[M::mem_pestat] (25, 50, 75) percentile: (64, 138, 238)
[M::mem_pestat] low and high boundaries for computing mean and std.dev: (1, 586)
[M::mem_pestat] mean and std.dev: (167.12, 130.02)
[M::mem_pestat] low and high boundaries for proper pairs: (1, 760)
[M::mem_pestat] skip orientation RF as there are not enough pairs
[M::mem_pestat] skip orientation RR as there are not enough pairs
[M::mem_process_seqs] Processed 991792 reads in 155.200 CPU sec, 20.934 real sec
[M::process] read 992052 sequences (80000173 bp)...
[M::mem_pestat] # candidate unique pairs for (FF, FR, RF, RR): (4, 355661, 8, 4)
[M::mem_pestat] skip orientation FF as there are not enough pairs
[M::mem_pestat] analyzing insert size distribution for orientation FR...
[M::mem_pestat] (25, 50, 75) percentile: (63, 137, 237)
[M::mem_pestat] low and high boundaries for computing mean and std.dev: (1, 585)
[M::mem_pestat] mean and std.dev: (166.39, 129.26)
[M::mem_pestat] low and high boundaries for proper pairs: (1, 759)
[M::mem_pestat] skip orientation RF as there are not enough pairs
[M::mem_pestat] skip orientation RR as there are not enough pairs
[M::process] read 993170 sequences (80000015 bp)...
[M::mem_process_seqs] Processed 992052 reads in 155.652 CPU sec, 20.696 real sec
[M::mem_pestat] # candidate unique pairs for (FF, FR, RF, RR): (1, 355888, 5, 2)
[M::mem_pestat] skip orientation FF as there are not enough pairs
[M::mem_pestat] analyzing insert size distribution for orientation FR...
[M::mem_pestat] (25, 50, 75) percentile: (63, 135, 235)
[M::mem_pestat] low and high boundaries for computing mean and std.dev: (1, 579)
[M::mem_pestat] mean and std.dev: (164.78, 127.77)
[M::mem_pestat] low and high boundaries for proper pairs: (1, 751)
[M::mem_pestat] skip orientation RF as there are not enough pairs
[M::mem_pestat] skip orientation RR as there are not enough pairs
[M::mem_process_seqs] Processed 993170 reads in 155.288 CPU sec, 21.390 real sec
[M::process] read 993994 sequences (80000098 bp)...
[M::mem_pestat] # candidate unique pairs for (FF, FR, RF, RR): (7, 355610, 3, 2)
[M::mem_pestat] skip orientation FF as there are not enough pairs
[M::mem_pestat] analyzing insert size distribution for orientation FR...
[M::mem_pestat] (25, 50, 75) percentile: (63, 135, 234)
[M::mem_pestat] low and high boundaries for computing mean and std.dev: (1, 576)
[M::mem_pestat] mean and std.dev: (163.93, 126.53)
[M::mem_pestat] low and high boundaries for proper pairs: (1, 747)
[M::mem_pestat] skip orientation RF as there are not enough pairs
[M::mem_pestat] skip orientation RR as there are not enough pairs
[M::mem_process_seqs] Processed 993994 reads in 155.040 CPU sec, 20.871 real sec
[M::process] read 995554 sequences (80000063 bp)...
[M::mem_pestat] # candidate unique pairs for (FF, FR, RF, RR): (4, 355828, 4, 6)
[M::mem_pestat] skip orientation FF as there are not enough pairs
[M::mem_pestat] analyzing insert size distribution for orientation FR...
[M::mem_pestat] (25, 50, 75) percentile: (63, 133, 232)
[M::mem_pestat] low and high boundaries for computing mean and std.dev: (1, 570)
[M::mem_pestat] mean and std.dev: (161.83, 124.48)
[M::mem_pestat] low and high boundaries for proper pairs: (1, 739)
[M::mem_pestat] skip orientation RF as there are not enough pairs
[M::mem_pestat] skip orientation RR as there are not enough pairs
[M::mem_process_seqs] Processed 995554 reads in 158.341 CPU sec, 21.316 real sec
[M::process] read 998388 sequences (80000114 bp)...
[M::mem_pestat] # candidate unique pairs for (FF, FR, RF, RR): (4, 356421, 12, 5)
[M::mem_pestat] skip orientation FF as there are not enough pairs
[M::mem_pestat] analyzing insert size distribution for orientation FR...
[M::mem_pestat] (25, 50, 75) percentile: (62, 128, 228)
[M::mem_pestat] low and high boundaries for computing mean and std.dev: (1, 560)
[M::mem_pestat] mean and std.dev: (158.67, 121.93)
[M::mem_pestat] low and high boundaries for proper pairs: (1, 726)
[M::mem_pestat] analyzing insert size distribution for orientation RF...
[M::mem_pestat] (25, 50, 75) percentile: (118, 200, 659)
[M::mem_pestat] low and high boundaries for computing mean and std.dev: (1, 1741)
[M::mem_pestat] mean and std.dev: (338.08, 350.93)
[M::mem_pestat] low and high boundaries for proper pairs: (1, 2282)
[M::mem_pestat] skip orientation RR as there are not enough pairs
[M::mem_pestat] skip orientation RF
[M::mem_process_seqs] Processed 998388 reads in 154.019 CPU sec, 20.590 real sec
[M::process] read 999434 sequences (80000018 bp)...
[M::mem_pestat] # candidate unique pairs for (FF, FR, RF, RR): (3, 356011, 6, 7)
[M::mem_pestat] skip orientation FF as there are not enough pairs
[M::mem_pestat] analyzing insert size distribution for orientation FR...
[M::mem_pestat] (25, 50, 75) percentile: (62, 128, 228)
[M::mem_pestat] low and high boundaries for computing mean and std.dev: (1, 560)
[M::mem_pestat] mean and std.dev: (158.65, 121.71)
[M::mem_pestat] low and high boundaries for proper pairs: (1, 726)
[M::mem_pestat] skip orientation RF as there are not enough pairs
[M::mem_pestat] skip orientation RR as there are not enough pairs
[M::mem_process_seqs] Processed 999434 reads in 157.676 CPU sec, 21.325 real sec
[M::process] read 997756 sequences (80000041 bp)...
[M::mem_pestat] # candidate unique pairs for (FF, FR, RF, RR): (6, 355511, 10, 3)
[M::mem_pestat] skip orientation FF as there are not enough pairs
[M::mem_pestat] analyzing insert size distribution for orientation FR...
[M::mem_pestat] (25, 50, 75) percentile: (63, 129, 228)
[M::mem_pestat] low and high boundaries for computing mean and std.dev: (1, 558)
[M::mem_pestat] mean and std.dev: (158.72, 121.12)
[M::mem_pestat] low and high boundaries for proper pairs: (1, 723)
[M::mem_pestat] analyzing insert size distribution for orientation RF...
[M::mem_pestat] (25, 50, 75) percentile: (170, 865, 2190)
[M::mem_pestat] low and high boundaries for computing mean and std.dev: (1, 6230)
[M::mem_pestat] mean and std.dev: (1297.20, 1455.82)
[M::mem_pestat] low and high boundaries for proper pairs: (1, 8250)
[M::mem_pestat] skip orientation RR as there are not enough pairs
[M::mem_pestat] skip orientation RF
[M::mem_process_seqs] Processed 997756 reads in 157.122 CPU sec, 21.186 real sec
[M::process] read 997968 sequences (80000078 bp)...
[M::mem_pestat] # candidate unique pairs for (FF, FR, RF, RR): (2, 355918, 5, 6)
[M::mem_pestat] skip orientation FF as there are not enough pairs
[M::mem_pestat] analyzing insert size distribution for orientation FR...
[M::mem_pestat] (25, 50, 75) percentile: (63, 128, 227)
[M::mem_pestat] low and high boundaries for computing mean and std.dev: (1, 555)
[M::mem_pestat] mean and std.dev: (157.73, 119.76)
[M::mem_pestat] low and high boundaries for proper pairs: (1, 719)
[M::mem_pestat] skip orientation RF as there are not enough pairs
[M::mem_pestat] skip orientation RR as there are not enough pairs
[M::mem_process_seqs] Processed 997968 reads in 162.526 CPU sec, 21.837 real sec
[M::process] read 998280 sequences (80000033 bp)...
[M::mem_pestat] # candidate unique pairs for (FF, FR, RF, RR): (2, 355146, 9, 2)
[M::mem_pestat] skip orientation FF as there are not enough pairs
[M::mem_pestat] analyzing insert size distribution for orientation FR...
[M::mem_pestat] (25, 50, 75) percentile: (63, 128, 226)
[M::mem_pestat] low and high boundaries for computing mean and std.dev: (1, 552)
[M::mem_pestat] mean and std.dev: (157.48, 118.95)
[M::mem_pestat] low and high boundaries for proper pairs: (1, 715)
[M::mem_pestat] skip orientation RF as there are not enough pairs
[M::mem_pestat] skip orientation RR as there are not enough pairs
[M::mem_process_seqs] Processed 998280 reads in 161.741 CPU sec, 21.902 real sec
[M::process] read 998098 sequences (80000154 bp)...
[M::mem_pestat] # candidate unique pairs for (FF, FR, RF, RR): (8, 354070, 3, 1)
[M::mem_pestat] skip orientation FF as there are not enough pairs
[M::mem_pestat] analyzing insert size distribution for orientation FR...
[M::mem_pestat] (25, 50, 75) percentile: (63, 128, 225)
[M::mem_pestat] low and high boundaries for computing mean and std.dev: (1, 549)
[M::mem_pestat] mean and std.dev: (156.84, 117.87)
[M::mem_pestat] low and high boundaries for proper pairs: (1, 711)
[M::mem_pestat] skip orientation RF as there are not enough pairs
[M::mem_pestat] skip orientation RR as there are not enough pairs
[M::process] read 998486 sequences (80000063 bp)...
[M::mem_process_seqs] Processed 998098 reads in 171.112 CPU sec, 23.233 real sec
[M::mem_pestat] # candidate unique pairs for (FF, FR, RF, RR): (6, 353869, 14, 4)
[M::mem_pestat] skip orientation FF as there are not enough pairs
[M::mem_pestat] analyzing insert size distribution for orientation FR...
[M::mem_pestat] (25, 50, 75) percentile: (63, 127, 224)
[M::mem_pestat] low and high boundaries for computing mean and std.dev: (1, 546)
[M::mem_pestat] mean and std.dev: (156.26, 117.29)
[M::mem_pestat] low and high boundaries for proper pairs: (1, 707)
[M::mem_pestat] analyzing insert size distribution for orientation RF...
[M::mem_pestat] (25, 50, 75) percentile: (19, 191, 1134)
[M::mem_pestat] low and high boundaries for computing mean and std.dev: (1, 3364)
[M::mem_pestat] mean and std.dev: (419.67, 839.24)
[M::mem_pestat] low and high boundaries for proper pairs: (1, 4479)
[M::mem_pestat] skip orientation RR as there are not enough pairs
[M::mem_pestat] skip orientation RF
[M::mem_process_seqs] Processed 998486 reads in 172.542 CPU sec, 23.430 real sec
[M::process] read 998218 sequences (80000117 bp)...
[M::mem_pestat] # candidate unique pairs for (FF, FR, RF, RR): (10, 354297, 2, 4)
[M::mem_pestat] analyzing insert size distribution for orientation FF...
[M::mem_pestat] (25, 50, 75) percentile: (150, 261, 279)
[M::mem_pestat] low and high boundaries for computing mean and std.dev: (1, 537)
[M::mem_pestat] mean and std.dev: (189.25, 81.72)
[M::mem_pestat] low and high boundaries for proper pairs: (1, 666)
[M::mem_pestat] analyzing insert size distribution for orientation FR...
[M::mem_pestat] (25, 50, 75) percentile: (63, 127, 224)
[M::mem_pestat] low and high boundaries for computing mean and std.dev: (1, 546)
[M::mem_pestat] mean and std.dev: (156.02, 116.85)
[M::mem_pestat] low and high boundaries for proper pairs: (1, 707)
[M::mem_pestat] skip orientation RF as there are not enough pairs
[M::mem_pestat] skip orientation RR as there are not enough pairs
[M::mem_pestat] skip orientation FF
[M::mem_process_seqs] Processed 998218 reads in 175.281 CPU sec, 23.246 real sec
[M::process] read 997448 sequences (80000123 bp)...
[M::mem_pestat] # candidate unique pairs for (FF, FR, RF, RR): (3, 353677, 5, 5)
[M::mem_pestat] skip orientation FF as there are not enough pairs
[M::mem_pestat] analyzing insert size distribution for orientation FR...
[M::mem_pestat] (25, 50, 75) percentile: (63, 127, 223)
[M::mem_pestat] low and high boundaries for computing mean and std.dev: (1, 543)
[M::mem_pestat] mean and std.dev: (155.62, 115.80)
[M::mem_pestat] low and high boundaries for proper pairs: (1, 703)
[M::mem_pestat] skip orientation RF as there are not enough pairs
[M::mem_pestat] skip orientation RR as there are not enough pairs
[M::mem_process_seqs] Processed 997448 reads in 168.230 CPU sec, 22.415 real sec
[M::process] read 998172 sequences (80000058 bp)...
[M::mem_pestat] # candidate unique pairs for (FF, FR, RF, RR): (5, 354408, 10, 8)
[M::mem_pestat] skip orientation FF as there are not enough pairs
[M::mem_pestat] analyzing insert size distribution for orientation FR...
[M::mem_pestat] (25, 50, 75) percentile: (63, 125, 220)
[M::mem_pestat] low and high boundaries for computing mean and std.dev: (1, 534)
[M::mem_pestat] mean and std.dev: (153.45, 113.25)
[M::mem_pestat] low and high boundaries for proper pairs: (1, 691)
[M::mem_pestat] analyzing insert size distribution for orientation RF...
[M::mem_pestat] (25, 50, 75) percentile: (42, 217, 418)
[M::mem_pestat] low and high boundaries for computing mean and std.dev: (1, 1170)
[M::mem_pestat] mean and std.dev: (145.75, 129.95)
[M::mem_pestat] low and high boundaries for proper pairs: (1, 1546)
[M::mem_pestat] skip orientation RR as there are not enough pairs
[M::mem_pestat] skip orientation RF
[M::process] read 997922 sequences (80000099 bp)...
[M::mem_process_seqs] Processed 998172 reads in 164.362 CPU sec, 22.044 real sec
[M::mem_pestat] # candidate unique pairs for (FF, FR, RF, RR): (1, 355305, 9, 2)
[M::mem_pestat] skip orientation FF as there are not enough pairs
[M::mem_pestat] analyzing insert size distribution for orientation FR...
[M::mem_pestat] (25, 50, 75) percentile: (63, 130, 230)
[M::mem_pestat] low and high boundaries for computing mean and std.dev: (1, 564)
[M::mem_pestat] mean and std.dev: (160.23, 122.80)
[M::mem_pestat] low and high boundaries for proper pairs: (1, 731)
[M::mem_pestat] skip orientation RF as there are not enough pairs
[M::mem_pestat] skip orientation RR as there are not enough pairs
[M::mem_process_seqs] Processed 997922 reads in 159.271 CPU sec, 21.215 real sec
[M::process] read 996188 sequences (80000161 bp)...
[M::mem_pestat] # candidate unique pairs for (FF, FR, RF, RR): (0, 357076, 7, 2)
[M::mem_pestat] skip orientation FF as there are not enough pairs
[M::mem_pestat] analyzing insert size distribution for orientation FR...
[M::mem_pestat] (25, 50, 75) percentile: (63, 135, 235)
[M::mem_pestat] low and high boundaries for computing mean and std.dev: (1, 579)
[M::mem_pestat] mean and std.dev: (164.41, 128.36)
[M::mem_pestat] low and high boundaries for proper pairs: (1, 751)
[M::mem_pestat] skip orientation RF as there are not enough pairs
[M::mem_pestat] skip orientation RR as there are not enough pairs
[M::mem_process_seqs] Processed 996188 reads in 155.530 CPU sec, 20.712 real sec
[M::process] read 997278 sequences (80000007 bp)...
[M::mem_pestat] # candidate unique pairs for (FF, FR, RF, RR): (6, 357400, 15, 4)
[M::mem_pestat] skip orientation FF as there are not enough pairs
[M::mem_pestat] analyzing insert size distribution for orientation FR...
[M::mem_pestat] (25, 50, 75) percentile: (63, 132, 234)
[M::mem_pestat] low and high boundaries for computing mean and std.dev: (1, 576)
[M::mem_pestat] mean and std.dev: (163.14, 126.98)
[M::mem_pestat] low and high boundaries for proper pairs: (1, 747)
[M::mem_pestat] analyzing insert size distribution for orientation RF...
[M::mem_pestat] (25, 50, 75) percentile: (187, 330, 1227)
[M::mem_pestat] low and high boundaries for computing mean and std.dev: (1, 3307)
[M::mem_pestat] mean and std.dev: (325.25, 305.37)
[M::mem_pestat] low and high boundaries for proper pairs: (1, 4347)
[M::mem_pestat] skip orientation RR as there are not enough pairs
[M::mem_pestat] skip orientation RF
[M::mem_process_seqs] Processed 997278 reads in 155.149 CPU sec, 20.789 real sec
[M::process] read 998694 sequences (80000047 bp)...
[M::mem_pestat] # candidate unique pairs for (FF, FR, RF, RR): (5, 357404, 10, 3)
[M::mem_pestat] skip orientation FF as there are not enough pairs
[M::mem_pestat] analyzing insert size distribution for orientation FR...
[M::mem_pestat] (25, 50, 75) percentile: (62, 132, 233)
[M::mem_pestat] low and high boundaries for computing mean and std.dev: (1, 575)
[M::mem_pestat] mean and std.dev: (162.79, 126.55)
[M::mem_pestat] low and high boundaries for proper pairs: (1, 746)
[M::mem_pestat] analyzing insert size distribution for orientation RF...
[M::mem_pestat] (25, 50, 75) percentile: (46, 235, 869)
[M::mem_pestat] low and high boundaries for computing mean and std.dev: (1, 2515)
[M::mem_pestat] mean and std.dev: (444.50, 448.70)
[M::mem_pestat] low and high boundaries for proper pairs: (1, 3338)
[M::mem_pestat] skip orientation RR as there are not enough pairs
[M::mem_pestat] skip orientation RF
[M::mem_process_seqs] Processed 998694 reads in 153.724 CPU sec, 21.030 real sec
[M::process] read 999018 sequences (80000082 bp)...
[M::mem_pestat] # candidate unique pairs for (FF, FR, RF, RR): (1, 357421, 9, 2)
[M::mem_pestat] skip orientation FF as there are not enough pairs
[M::mem_pestat] analyzing insert size distribution for orientation FR...
[M::mem_pestat] (25, 50, 75) percentile: (62, 130, 231)
[M::mem_pestat] low and high boundaries for computing mean and std.dev: (1, 569)
[M::mem_pestat] mean and std.dev: (161.10, 124.64)
[M::mem_pestat] low and high boundaries for proper pairs: (1, 738)
[M::mem_pestat] skip orientation RF as there are not enough pairs
[M::mem_pestat] skip orientation RR as there are not enough pairs
[M::process] read 999756 sequences (80000021 bp)...
[M::mem_process_seqs] Processed 999018 reads in 154.795 CPU sec, 20.895 real sec
[M::mem_pestat] # candidate unique pairs for (FF, FR, RF, RR): (0, 357001, 11, 4)
[M::mem_pestat] skip orientation FF as there are not enough pairs
[M::mem_pestat] analyzing insert size distribution for orientation FR...
[M::mem_pestat] (25, 50, 75) percentile: (62, 129, 229)
[M::mem_pestat] low and high boundaries for computing mean and std.dev: (1, 563)
[M::mem_pestat] mean and std.dev: (159.49, 122.97)
[M::mem_pestat] low and high boundaries for proper pairs: (1, 730)
[M::mem_pestat] analyzing insert size distribution for orientation RF...
[M::mem_pestat] (25, 50, 75) percentile: (170, 202, 331)
[M::mem_pestat] low and high boundaries for computing mean and std.dev: (1, 653)
[M::mem_pestat] mean and std.dev: (172.78, 83.29)
[M::mem_pestat] low and high boundaries for proper pairs: (1, 814)
[M::mem_pestat] skip orientation RR as there are not enough pairs
[M::mem_pestat] skip orientation RF
[M::mem_process_seqs] Processed 999756 reads in 154.831 CPU sec, 21.049 real sec
[M::process] read 1004908 sequences (80000147 bp)...
[M::mem_pestat] # candidate unique pairs for (FF, FR, RF, RR): (10, 357422, 7, 5)
[M::mem_pestat] analyzing insert size distribution for orientation FF...
[M::mem_pestat] (25, 50, 75) percentile: (56, 277, 510)
[M::mem_pestat] low and high boundaries for computing mean and std.dev: (1, 1418)
[M::mem_pestat] mean and std.dev: (297.89, 311.57)
[M::mem_pestat] low and high boundaries for proper pairs: (1, 1872)
[M::mem_pestat] analyzing insert size distribution for orientation FR...
[M::mem_pestat] (25, 50, 75) percentile: (61, 123, 225)
[M::mem_pestat] low and high boundaries for computing mean and std.dev: (1, 553)
[M::mem_pestat] mean and std.dev: (155.42, 119.66)
[M::mem_pestat] low and high boundaries for proper pairs: (1, 717)
[M::mem_pestat] skip orientation RF as there are not enough pairs
[M::mem_pestat] skip orientation RR as there are not enough pairs
[M::mem_pestat] skip orientation FF
[M::mem_process_seqs] Processed 1004908 reads in 153.792 CPU sec, 20.627 real sec
[M::process] read 1003670 sequences (80000014 bp)...
[M::mem_pestat] # candidate unique pairs for (FF, FR, RF, RR): (6, 357339, 14, 6)
[M::mem_pestat] skip orientation FF as there are not enough pairs
[M::mem_pestat] analyzing insert size distribution for orientation FR...
[M::mem_pestat] (25, 50, 75) percentile: (61, 124, 226)
[M::mem_pestat] low and high boundaries for computing mean and std.dev: (1, 556)
[M::mem_pestat] mean and std.dev: (156.18, 120.49)
[M::mem_pestat] low and high boundaries for proper pairs: (1, 721)
[M::mem_pestat] analyzing insert size distribution for orientation RF...
[M::mem_pestat] (25, 50, 75) percentile: (74, 192, 523)
[M::mem_pestat] low and high boundaries for computing mean and std.dev: (1, 1421)
[M::mem_pestat] mean and std.dev: (200.55, 167.35)
[M::mem_pestat] low and high boundaries for proper pairs: (1, 1870)
[M::mem_pestat] skip orientation RR as there are not enough pairs
[M::mem_pestat] skip orientation RF
[M::mem_process_seqs] Processed 1003670 reads in 153.613 CPU sec, 20.585 real sec
[M::process] read 1001712 sequences (80000074 bp)...
[M::mem_pestat] # candidate unique pairs for (FF, FR, RF, RR): (3, 356775, 10, 4)
[M::mem_pestat] skip orientation FF as there are not enough pairs
[M::mem_pestat] analyzing insert size distribution for orientation FR...
[M::mem_pestat] (25, 50, 75) percentile: (62, 125, 225)
[M::mem_pestat] low and high boundaries for computing mean and std.dev: (1, 551)
[M::mem_pestat] mean and std.dev: (155.79, 118.92)
[M::mem_pestat] low and high boundaries for proper pairs: (1, 714)
[M::mem_pestat] analyzing insert size distribution for orientation RF...
[M::mem_pestat] (25, 50, 75) percentile: (87, 223, 398)
[M::mem_pestat] low and high boundaries for computing mean and std.dev: (1, 1020)
[M::mem_pestat] mean and std.dev: (235.67, 171.61)
[M::mem_pestat] low and high boundaries for proper pairs: (1, 1331)
[M::mem_pestat] skip orientation RR as there are not enough pairs
[M::mem_pestat] skip orientation RF
[M::mem_process_seqs] Processed 1001712 reads in 153.833 CPU sec, 21.077 real sec
[M::process] read 1002556 sequences (80000045 bp)...
[M::mem_pestat] # candidate unique pairs for (FF, FR, RF, RR): (4, 357045, 8, 3)
[M::mem_pestat] skip orientation FF as there are not enough pairs
[M::mem_pestat] analyzing insert size distribution for orientation FR...
[M::mem_pestat] (25, 50, 75) percentile: (62, 124, 224)
[M::mem_pestat] low and high boundaries for computing mean and std.dev: (1, 548)
[M::mem_pestat] mean and std.dev: (154.57, 117.55)
[M::mem_pestat] low and high boundaries for proper pairs: (1, 710)
[M::mem_pestat] skip orientation RF as there are not enough pairs
[M::mem_pestat] skip orientation RR as there are not enough pairs
[M::mem_process_seqs] Processed 1002556 reads in 154.364 CPU sec, 20.795 real sec
[M::process] read 1003752 sequences (80000116 bp)...
[M::mem_pestat] # candidate unique pairs for (FF, FR, RF, RR): (4, 356653, 9, 3)
[M::mem_pestat] skip orientation FF as there are not enough pairs
[M::mem_pestat] analyzing insert size distribution for orientation FR...
[M::mem_pestat] (25, 50, 75) percentile: (62, 123, 222)
[M::mem_pestat] low and high boundaries for computing mean and std.dev: (1, 542)
[M::mem_pestat] mean and std.dev: (153.60, 116.24)
[M::mem_pestat] low and high boundaries for proper pairs: (1, 702)
[M::mem_pestat] skip orientation RF as there are not enough pairs
[M::mem_pestat] skip orientation RR as there are not enough pairs
[M::mem_process_seqs] Processed 1003752 reads in 153.732 CPU sec, 20.783 real sec
[M::process] read 1004408 sequences (80000059 bp)...
[M::mem_pestat] # candidate unique pairs for (FF, FR, RF, RR): (4, 357183, 9, 4)
[M::mem_pestat] skip orientation FF as there are not enough pairs
[M::mem_pestat] analyzing insert size distribution for orientation FR...
[M::mem_pestat] (25, 50, 75) percentile: (62, 122, 222)
[M::mem_pestat] low and high boundaries for computing mean and std.dev: (1, 542)
[M::mem_pestat] mean and std.dev: (153.39, 116.11)
[M::mem_pestat] low and high boundaries for proper pairs: (1, 702)
[M::mem_pestat] skip orientation RF as there are not enough pairs
[M::mem_pestat] skip orientation RR as there are not enough pairs
[M::mem_process_seqs] Processed 1004408 reads in 155.010 CPU sec, 20.868 real sec
[M::process] read 1004348 sequences (80000197 bp)...
[M::mem_pestat] # candidate unique pairs for (FF, FR, RF, RR): (5, 357121, 5, 4)
[M::mem_pestat] skip orientation FF as there are not enough pairs
[M::mem_pestat] analyzing insert size distribution for orientation FR...
[M::mem_pestat] (25, 50, 75) percentile: (62, 121, 221)
[M::mem_pestat] low and high boundaries for computing mean and std.dev: (1, 539)
[M::mem_pestat] mean and std.dev: (152.55, 115.21)
[M::mem_pestat] low and high boundaries for proper pairs: (1, 698)
[M::mem_pestat] skip orientation RF as there are not enough pairs
[M::mem_pestat] skip orientation RR as there are not enough pairs
[M::mem_process_seqs] Processed 1004348 reads in 152.526 CPU sec, 20.246 real sec
[M::process] read 1005324 sequences (80000119 bp)...
[M::mem_pestat] # candidate unique pairs for (FF, FR, RF, RR): (5, 357344, 9, 2)
[M::mem_pestat] skip orientation FF as there are not enough pairs
[M::mem_pestat] analyzing insert size distribution for orientation FR...
[M::mem_pestat] (25, 50, 75) percentile: (61, 121, 220)
[M::mem_pestat] low and high boundaries for computing mean and std.dev: (1, 538)
[M::mem_pestat] mean and std.dev: (152.13, 114.66)
[M::mem_pestat] low and high boundaries for proper pairs: (1, 697)
[M::mem_pestat] skip orientation RF as there are not enough pairs
[M::mem_pestat] skip orientation RR as there are not enough pairs
[M::mem_process_seqs] Processed 1005324 reads in 153.520 CPU sec, 20.804 real sec
[M::process] read 1003398 sequences (80000139 bp)...
[M::mem_pestat] # candidate unique pairs for (FF, FR, RF, RR): (1, 356492, 4, 4)
[M::mem_pestat] skip orientation FF as there are not enough pairs
[M::mem_pestat] analyzing insert size distribution for orientation FR...
[M::mem_pestat] (25, 50, 75) percentile: (62, 121, 219)
[M::mem_pestat] low and high boundaries for computing mean and std.dev: (1, 533)
[M::mem_pestat] mean and std.dev: (151.67, 113.59)
[M::mem_pestat] low and high boundaries for proper pairs: (1, 690)
[M::mem_pestat] skip orientation RF as there are not enough pairs
[M::mem_pestat] skip orientation RR as there are not enough pairs
[M::mem_process_seqs] Processed 1003398 reads in 153.164 CPU sec, 20.510 real sec
[M::process] read 1005748 sequences (80000080 bp)...
[M::mem_pestat] # candidate unique pairs for (FF, FR, RF, RR): (4, 356855, 8, 1)
[M::mem_pestat] skip orientation FF as there are not enough pairs
[M::mem_pestat] analyzing insert size distribution for orientation FR...
[M::mem_pestat] (25, 50, 75) percentile: (62, 120, 217)
[M::mem_pestat] low and high boundaries for computing mean and std.dev: (1, 527)
[M::mem_pestat] mean and std.dev: (149.99, 111.38)
[M::mem_pestat] low and high boundaries for proper pairs: (1, 682)
[M::mem_pestat] skip orientation RF as there are not enough pairs
[M::mem_pestat] skip orientation RR as there are not enough pairs
[M::mem_process_seqs] Processed 1005748 reads in 154.102 CPU sec, 20.919 real sec
[M::process] read 994412 sequences (80000120 bp)...
[M::mem_pestat] # candidate unique pairs for (FF, FR, RF, RR): (6, 354288, 9, 5)
[M::mem_pestat] skip orientation FF as there are not enough pairs
[M::mem_pestat] analyzing insert size distribution for orientation FR...
[M::mem_pestat] (25, 50, 75) percentile: (64, 135, 233)
[M::mem_pestat] low and high boundaries for computing mean and std.dev: (1, 571)
[M::mem_pestat] mean and std.dev: (163.21, 125.01)
[M::mem_pestat] low and high boundaries for proper pairs: (1, 740)
[M::mem_pestat] skip orientation RF as there are not enough pairs
[M::mem_pestat] skip orientation RR as there are not enough pairs
[M::process] read 992762 sequences (80000059 bp)...
[M::mem_process_seqs] Processed 994412 reads in 163.547 CPU sec, 21.998 real sec
[M::mem_pestat] # candidate unique pairs for (FF, FR, RF, RR): (3, 355713, 12, 1)
[M::mem_pestat] skip orientation FF as there are not enough pairs
[M::mem_pestat] analyzing insert size distribution for orientation FR...
[M::mem_pestat] (25, 50, 75) percentile: (64, 138, 237)
[M::mem_pestat] low and high boundaries for computing mean and std.dev: (1, 583)
[M::mem_pestat] mean and std.dev: (166.84, 129.24)
[M::mem_pestat] low and high boundaries for proper pairs: (1, 756)
[M::mem_pestat] analyzing insert size distribution for orientation RF...
[M::mem_pestat] (25, 50, 75) percentile: (162, 312, 557)
[M::mem_pestat] low and high boundaries for computing mean and std.dev: (1, 1347)
[M::mem_pestat] mean and std.dev: (354.27, 296.14)
[M::mem_pestat] low and high boundaries for proper pairs: (1, 1742)
[M::mem_pestat] skip orientation RR as there are not enough pairs
[M::mem_pestat] skip orientation RF
[M::mem_process_seqs] Processed 992762 reads in 162.066 CPU sec, 22.014 real sec
[M::process] read 991266 sequences (80000131 bp)...
[M::process] read 993116 sequences (80000005 bp)...
[M::mem_pestat] # candidate unique pairs for (FF, FR, RF, RR): (3, 354893, 8, 4)
[M::mem_pestat] skip orientation FF as there are not enough pairs
[M::mem_pestat] analyzing insert size distribution for orientation FR...
[M::mem_pestat] (25, 50, 75) percentile: (64, 137, 236)
[M::mem_pestat] low and high boundaries for computing mean and std.dev: (1, 580)
[M::mem_pestat] mean and std.dev: (165.99, 128.11)
[M::mem_pestat] low and high boundaries for proper pairs: (1, 752)
[M::mem_pestat] skip orientation RF as there are not enough pairs
[M::mem_pestat] skip orientation RR as there are not enough pairs
[M::mem_process_seqs] Processed 991266 reads in 157.781 CPU sec, 20.889 real sec
[M::mem_pestat] # candidate unique pairs for (FF, FR, RF, RR): (5, 355394, 9, 3)
[M::mem_pestat] skip orientation FF as there are not enough pairs
[M::mem_pestat] analyzing insert size distribution for orientation FR...
[M::mem_pestat] (25, 50, 75) percentile: (63, 137, 235)
[M::mem_pestat] low and high boundaries for computing mean and std.dev: (1, 579)
[M::mem_pestat] mean and std.dev: (165.13, 127.34)
[M::mem_pestat] low and high boundaries for proper pairs: (1, 751)
[M::mem_pestat] skip orientation RF as there are not enough pairs
[M::mem_pestat] skip orientation RR as there are not enough pairs
[M::mem_process_seqs] Processed 993116 reads in 156.956 CPU sec, 21.181 real sec
[M::process] read 993752 sequences (80000192 bp)...
[M::mem_pestat] # candidate unique pairs for (FF, FR, RF, RR): (5, 355165, 8, 2)
[M::mem_pestat] skip orientation FF as there are not enough pairs
[M::mem_pestat] analyzing insert size distribution for orientation FR...
[M::mem_pestat] (25, 50, 75) percentile: (63, 135, 233)
[M::mem_pestat] low and high boundaries for computing mean and std.dev: (1, 573)
[M::mem_pestat] mean and std.dev: (163.60, 125.74)
[M::mem_pestat] low and high boundaries for proper pairs: (1, 743)
[M::mem_pestat] skip orientation RF as there are not enough pairs
[M::mem_pestat] skip orientation RR as there are not enough pairs
[M::mem_process_seqs] Processed 993752 reads in 160.768 CPU sec, 21.508 real sec
[M::process] read 994372 sequences (80000084 bp)...
[M::mem_pestat] # candidate unique pairs for (FF, FR, RF, RR): (3, 355007, 5, 4)
[M::mem_pestat] skip orientation FF as there are not enough pairs
[M::mem_pestat] analyzing insert size distribution for orientation FR...
[M::mem_pestat] (25, 50, 75) percentile: (63, 133, 231)
[M::mem_pestat] low and high boundaries for computing mean and std.dev: (1, 567)
[M::mem_pestat] mean and std.dev: (162.03, 123.79)
[M::mem_pestat] low and high boundaries for proper pairs: (1, 735)
[M::mem_pestat] skip orientation RF as there are not enough pairs
[M::mem_pestat] skip orientation RR as there are not enough pairs
[M::mem_process_seqs] Processed 994372 reads in 154.912 CPU sec, 20.819 real sec
[M::process] read 995468 sequences (80000103 bp)...
[M::mem_pestat] # candidate unique pairs for (FF, FR, RF, RR): (3, 355847, 14, 6)
[M::mem_pestat] skip orientation FF as there are not enough pairs
[M::mem_pestat] analyzing insert size distribution for orientation FR...
[M::mem_pestat] (25, 50, 75) percentile: (63, 132, 229)
[M::mem_pestat] low and high boundaries for computing mean and std.dev: (1, 561)
[M::mem_pestat] mean and std.dev: (160.37, 122.03)
[M::mem_pestat] low and high boundaries for proper pairs: (1, 727)
[M::mem_pestat] analyzing insert size distribution for orientation RF...
[M::mem_pestat] (25, 50, 75) percentile: (202, 408, 555)
[M::mem_pestat] low and high boundaries for computing mean and std.dev: (1, 1261)
[M::mem_pestat] mean and std.dev: (347.31, 253.90)
[M::mem_pestat] low and high boundaries for proper pairs: (1, 1614)
[M::mem_pestat] skip orientation RR as there are not enough pairs
[M::mem_pestat] skip orientation RF
[M::mem_process_seqs] Processed 995468 reads in 156.226 CPU sec, 21.031 real sec
[M::process] read 1004266 sequences (80000015 bp)...
[M::mem_pestat] # candidate unique pairs for (FF, FR, RF, RR): (3, 357198, 9, 1)
[M::mem_pestat] skip orientation FF as there are not enough pairs
[M::mem_pestat] analyzing insert size distribution for orientation FR...
[M::mem_pestat] (25, 50, 75) percentile: (61, 123, 224)
[M::mem_pestat] low and high boundaries for computing mean and std.dev: (1, 550)
[M::mem_pestat] mean and std.dev: (154.52, 118.33)
[M::mem_pestat] low and high boundaries for proper pairs: (1, 713)
[M::mem_pestat] skip orientation RF as there are not enough pairs
[M::mem_pestat] skip orientation RR as there are not enough pairs
[M::mem_process_seqs] Processed 1004266 reads in 155.858 CPU sec, 21.139 real sec
[M::process] read 997838 sequences (80000161 bp)...
[M::mem_pestat] # candidate unique pairs for (FF, FR, RF, RR): (6, 356157, 11, 5)
[M::mem_pestat] skip orientation FF as there are not enough pairs
[M::mem_pestat] analyzing insert size distribution for orientation FR...
[M::mem_pestat] (25, 50, 75) percentile: (63, 129, 227)
[M::mem_pestat] low and high boundaries for computing mean and std.dev: (1, 555)
[M::mem_pestat] mean and std.dev: (158.33, 120.24)
[M::mem_pestat] low and high boundaries for proper pairs: (1, 719)
[M::mem_pestat] analyzing insert size distribution for orientation RF...
[M::mem_pestat] (25, 50, 75) percentile: (95, 156, 1669)
[M::mem_pestat] low and high boundaries for computing mean and std.dev: (1, 4817)
[M::mem_pestat] mean and std.dev: (1003.91, 1519.29)
[M::mem_pestat] low and high boundaries for proper pairs: (1, 7081)
[M::mem_pestat] skip orientation RR as there are not enough pairs
[M::mem_pestat] skip orientation RF
[M::mem_process_seqs] Processed 997838 reads in 155.837 CPU sec, 21.057 real sec
[M::process] read 997692 sequences (80000171 bp)...
[M::mem_pestat] # candidate unique pairs for (FF, FR, RF, RR): (7, 355433, 8, 2)
[M::mem_pestat] skip orientation FF as there are not enough pairs
[M::mem_pestat] analyzing insert size distribution for orientation FR...
[M::mem_pestat] (25, 50, 75) percentile: (63, 128, 225)
[M::mem_pestat] low and high boundaries for computing mean and std.dev: (1, 549)
[M::mem_pestat] mean and std.dev: (156.79, 118.10)
[M::mem_pestat] low and high boundaries for proper pairs: (1, 711)
[M::mem_pestat] skip orientation RF as there are not enough pairs
[M::mem_pestat] skip orientation RR as there are not enough pairs
[M::mem_process_seqs] Processed 997692 reads in 157.449 CPU sec, 21.068 real sec
[M::process] read 999128 sequences (80000121 bp)...
[M::mem_pestat] # candidate unique pairs for (FF, FR, RF, RR): (5, 355505, 6, 5)
[M::mem_pestat] skip orientation FF as there are not enough pairs
[M::mem_pestat] analyzing insert size distribution for orientation FR...
[M::mem_pestat] (25, 50, 75) percentile: (62, 126, 223)
[M::mem_pestat] low and high boundaries for computing mean and std.dev: (1, 545)
[M::mem_pestat] mean and std.dev: (155.29, 116.51)
[M::mem_pestat] low and high boundaries for proper pairs: (1, 706)
[M::mem_pestat] skip orientation RF as there are not enough pairs
[M::mem_pestat] skip orientation RR as there are not enough pairs
[M::process] read 998858 sequences (80000141 bp)...
[M::mem_process_seqs] Processed 999128 reads in 159.045 CPU sec, 21.129 real sec
[M::mem_pestat] # candidate unique pairs for (FF, FR, RF, RR): (4, 354477, 7, 2)
[M::mem_pestat] skip orientation FF as there are not enough pairs
[M::mem_pestat] analyzing insert size distribution for orientation FR...
[M::mem_pestat] (25, 50, 75) percentile: (63, 127, 223)
[M::mem_pestat] low and high boundaries for computing mean and std.dev: (1, 543)
[M::mem_pestat] mean and std.dev: (155.44, 116.10)
[M::mem_pestat] low and high boundaries for proper pairs: (1, 703)
[M::mem_pestat] skip orientation RF as there are not enough pairs
[M::mem_pestat] skip orientation RR as there are not enough pairs
[M::mem_process_seqs] Processed 998858 reads in 163.682 CPU sec, 22.250 real sec
[M::process] read 998072 sequences (80000037 bp)...
[M::mem_pestat] # candidate unique pairs for (FF, FR, RF, RR): (4, 354745, 12, 1)
[M::mem_pestat] skip orientation FF as there are not enough pairs
[M::mem_pestat] analyzing insert size distribution for orientation FR...
[M::mem_pestat] (25, 50, 75) percentile: (63, 128, 223)
[M::mem_pestat] low and high boundaries for computing mean and std.dev: (1, 543)
[M::mem_pestat] mean and std.dev: (155.77, 115.84)
[M::mem_pestat] low and high boundaries for proper pairs: (1, 703)
[M::mem_pestat] analyzing insert size distribution for orientation RF...
[M::mem_pestat] (25, 50, 75) percentile: (101, 450, 1150)
[M::mem_pestat] low and high boundaries for computing mean and std.dev: (1, 3248)
[M::mem_pestat] mean and std.dev: (484.18, 493.12)
[M::mem_pestat] low and high boundaries for proper pairs: (1, 4297)
[M::mem_pestat] skip orientation RR as there are not enough pairs
[M::mem_pestat] skip orientation RF
[M::mem_process_seqs] Processed 998072 reads in 167.207 CPU sec, 22.089 real sec
[M::process] read 998088 sequences (80000129 bp)...
[M::mem_pestat] # candidate unique pairs for (FF, FR, RF, RR): (6, 354036, 10, 6)
[M::mem_pestat] skip orientation FF as there are not enough pairs
[M::mem_pestat] analyzing insert size distribution for orientation FR...
[M::mem_pestat] (25, 50, 75) percentile: (63, 127, 222)
[M::mem_pestat] low and high boundaries for computing mean and std.dev: (1, 540)
[M::mem_pestat] mean and std.dev: (154.86, 114.72)
[M::mem_pestat] low and high boundaries for proper pairs: (1, 699)
[M::mem_pestat] analyzing insert size distribution for orientation RF...
[M::mem_pestat] (25, 50, 75) percentile: (162, 197, 392)
[M::mem_pestat] low and high boundaries for computing mean and std.dev: (1, 852)
[M::mem_pestat] mean and std.dev: (234.00, 165.95)
[M::mem_pestat] low and high boundaries for proper pairs: (1, 1082)
[M::mem_pestat] skip orientation RR as there are not enough pairs
[M::mem_pestat] skip orientation RF
[M::mem_process_seqs] Processed 998088 reads in 164.553 CPU sec, 21.737 real sec
[M::process] read 991270 sequences (80000015 bp)...
[M::mem_pestat] # candidate unique pairs for (FF, FR, RF, RR): (4, 350322, 4, 0)
[M::mem_pestat] skip orientation FF as there are not enough pairs
[M::mem_pestat] analyzing insert size distribution for orientation FR...
[M::mem_pestat] (25, 50, 75) percentile: (65, 132, 223)
[M::mem_pestat] low and high boundaries for computing mean and std.dev: (1, 539)
[M::mem_pestat] mean and std.dev: (156.61, 114.47)
[M::mem_pestat] low and high boundaries for proper pairs: (1, 697)
[M::mem_pestat] skip orientation RF as there are not enough pairs
[M::mem_pestat] skip orientation RR as there are not enough pairs
[M::process] read 996994 sequences (80000179 bp)...
[M::mem_process_seqs] Processed 991270 reads in 170.000 CPU sec, 22.773 real sec
[M::mem_pestat] # candidate unique pairs for (FF, FR, RF, RR): (3, 353798, 8, 5)
[M::mem_pestat] skip orientation FF as there are not enough pairs
[M::mem_pestat] analyzing insert size distribution for orientation FR...
[M::mem_pestat] (25, 50, 75) percentile: (63, 126, 220)
[M::mem_pestat] low and high boundaries for computing mean and std.dev: (1, 534)
[M::mem_pestat] mean and std.dev: (153.54, 112.82)
[M::mem_pestat] low and high boundaries for proper pairs: (1, 691)
[M::mem_pestat] skip orientation RF as there are not enough pairs
[M::mem_pestat] skip orientation RR as there are not enough pairs
[M::mem_process_seqs] Processed 996994 reads in 161.271 CPU sec, 21.777 real sec
[M::process] read 833996 sequences (66709179 bp)...
[M::mem_pestat] # candidate unique pairs for (FF, FR, RF, RR): (5, 295899, 5, 4)
[M::mem_pestat] skip orientation FF as there are not enough pairs
[M::mem_pestat] analyzing insert size distribution for orientation FR...
[M::mem_pestat] (25, 50, 75) percentile: (63, 123, 217)
[M::mem_pestat] low and high boundaries for computing mean and std.dev: (1, 525)
[M::mem_pestat] mean and std.dev: (151.20, 110.52)
[M::mem_pestat] low and high boundaries for proper pairs: (1, 679)
[M::mem_pestat] skip orientation RF as there are not enough pairs
[M::mem_pestat] skip orientation RR as there are not enough pairs
[M::mem_process_seqs] Processed 833996 reads in 131.698 CPU sec, 17.833 real sec
[main] Version: 0.7.17-r1188
[main] CMD: bwa mem -M -t 8 /data/project/sen-lab/genome/hg38/bwa/Homo_sapiens_assembly38.fasta /data/scratch/flanary/atac-seq/untreated/GSE138293/trimmed_fastq/SRR10215689_1_val_1.fq /data/scratch/flanary/atac-seq/untreated/GSE138293/trimmed_fastq/SRR10215689_2_val_2.fq
[main] Real time: 2259.461 sec; CPU: 14719.800 sec
