
The following have been reloaded with a version change:
  1) GCC/10.2.0 => GCC/7.3.0-2.30
  2) GCCcore/10.2.0 => GCCcore/7.3.0
  3) binutils/2.35-GCCcore-10.2.0 => binutils/2.30-GCCcore-7.3.0
  4) zlib/1.2.11-GCCcore-10.2.0 => zlib/1.2.11-GCCcore-7.3.0


The following have been reloaded with a version change:
  1) SAMtools/1.12-GCC-10.2.0 => SAMtools/1.9-foss-2018b
  2) XZ/5.2.5-GCCcore-10.2.0 => XZ/5.2.4-GCCcore-7.3.0
  3) bzip2/1.0.8-GCCcore-10.2.0 => bzip2/1.0.6-GCCcore-7.3.0
  4) cURL/7.72.0-GCCcore-10.2.0 => cURL/7.60.0-GCCcore-7.3.0
  5) ncurses/6.2-GCCcore-10.2.0 => ncurses/6.1-GCCcore-7.3.0

[M::bwa_idx_load_from_disk] read 0 ALT contigs
[M::process] read 1955170 sequences (80000022 bp)...
[M::process] read 1955206 sequences (80000003 bp)...
[M::mem_pestat] # candidate unique pairs for (FF, FR, RF, RR): (2, 420969, 3, 3)
[M::mem_pestat] skip orientation FF as there are not enough pairs
[M::mem_pestat] analyzing insert size distribution for orientation FR...
[M::mem_pestat] (25, 50, 75) percentile: (49, 71, 143)
[M::mem_pestat] low and high boundaries for computing mean and std.dev: (1, 331)
[M::mem_pestat] mean and std.dev: (97.83, 66.79)
[M::mem_pestat] low and high boundaries for proper pairs: (1, 425)
[M::mem_pestat] skip orientation RF as there are not enough pairs
[M::mem_pestat] skip orientation RR as there are not enough pairs
[M::mem_process_seqs] Processed 1955170 reads in 154.411 CPU sec, 26.052 real sec
[M::mem_pestat] # candidate unique pairs for (FF, FR, RF, RR): (0, 419866, 3, 0)
[M::mem_pestat] skip orientation FF as there are not enough pairs
[M::mem_pestat] analyzing insert size distribution for orientation FR...
[M::mem_pestat] (25, 50, 75) percentile: (49, 71, 138)
[M::mem_pestat] low and high boundaries for computing mean and std.dev: (1, 316)
[M::mem_pestat] mean and std.dev: (96.15, 64.70)
[M::mem_pestat] low and high boundaries for proper pairs: (1, 405)
[M::mem_pestat] skip orientation RF as there are not enough pairs
[M::mem_pestat] skip orientation RR as there are not enough pairs
[M::mem_process_seqs] Processed 1955206 reads in 149.631 CPU sec, 19.332 real sec
[M::process] read 1954716 sequences (80000056 bp)...
[M::mem_pestat] # candidate unique pairs for (FF, FR, RF, RR): (2, 422031, 3, 0)
[M::mem_pestat] skip orientation FF as there are not enough pairs
[M::mem_pestat] analyzing insert size distribution for orientation FR...
[M::mem_pestat] (25, 50, 75) percentile: (49, 72, 146)
[M::mem_pestat] low and high boundaries for computing mean and std.dev: (1, 340)
[M::mem_pestat] mean and std.dev: (98.62, 67.77)
[M::mem_pestat] low and high boundaries for proper pairs: (1, 437)
[M::mem_pestat] skip orientation RF as there are not enough pairs
[M::mem_pestat] skip orientation RR as there are not enough pairs
[M::mem_process_seqs] Processed 1954716 reads in 152.208 CPU sec, 19.923 real sec
[M::process] read 1954974 sequences (80000026 bp)...
[M::mem_pestat] # candidate unique pairs for (FF, FR, RF, RR): (1, 420317, 8, 2)
[M::mem_pestat] skip orientation FF as there are not enough pairs
[M::mem_pestat] analyzing insert size distribution for orientation FR...
[M::mem_pestat] (25, 50, 75) percentile: (49, 71, 140)
[M::mem_pestat] low and high boundaries for computing mean and std.dev: (1, 322)
[M::mem_pestat] mean and std.dev: (96.87, 65.43)
[M::mem_pestat] low and high boundaries for proper pairs: (1, 413)
[M::mem_pestat] skip orientation RF as there are not enough pairs
[M::mem_pestat] skip orientation RR as there are not enough pairs
[M::mem_process_seqs] Processed 1954974 reads in 150.915 CPU sec, 19.613 real sec
[M::process] read 1954472 sequences (80000021 bp)...
[M::mem_pestat] # candidate unique pairs for (FF, FR, RF, RR): (1, 421157, 3, 1)
[M::mem_pestat] skip orientation FF as there are not enough pairs
[M::mem_pestat] analyzing insert size distribution for orientation FR...
[M::mem_pestat] (25, 50, 75) percentile: (49, 72, 145)
[M::mem_pestat] low and high boundaries for computing mean and std.dev: (1, 337)
[M::mem_pestat] mean and std.dev: (98.39, 67.43)
[M::mem_pestat] low and high boundaries for proper pairs: (1, 433)
[M::mem_pestat] skip orientation RF as there are not enough pairs
[M::mem_pestat] skip orientation RR as there are not enough pairs
[M::mem_process_seqs] Processed 1954472 reads in 150.633 CPU sec, 19.341 real sec
[M::process] read 1955294 sequences (80000029 bp)...
[M::mem_pestat] # candidate unique pairs for (FF, FR, RF, RR): (0, 414243, 5, 0)
[M::mem_pestat] skip orientation FF as there are not enough pairs
[M::mem_pestat] analyzing insert size distribution for orientation FR...
[M::mem_pestat] (25, 50, 75) percentile: (49, 71, 138)
[M::mem_pestat] low and high boundaries for computing mean and std.dev: (1, 316)
[M::mem_pestat] mean and std.dev: (96.32, 64.84)
[M::mem_pestat] low and high boundaries for proper pairs: (1, 405)
[M::mem_pestat] skip orientation RF as there are not enough pairs
[M::mem_pestat] skip orientation RR as there are not enough pairs
[M::mem_process_seqs] Processed 1955294 reads in 152.125 CPU sec, 19.886 real sec
[M::process] read 1955462 sequences (80000015 bp)...
[M::mem_pestat] # candidate unique pairs for (FF, FR, RF, RR): (0, 421166, 3, 1)
[M::mem_pestat] skip orientation FF as there are not enough pairs
[M::mem_pestat] analyzing insert size distribution for orientation FR...
[M::mem_pestat] (25, 50, 75) percentile: (48, 69, 133)
[M::mem_pestat] low and high boundaries for computing mean and std.dev: (1, 303)
[M::mem_pestat] mean and std.dev: (94.48, 63.32)
[M::mem_pestat] low and high boundaries for proper pairs: (1, 388)
[M::mem_pestat] skip orientation RF as there are not enough pairs
[M::mem_pestat] skip orientation RR as there are not enough pairs
[M::mem_process_seqs] Processed 1955462 reads in 148.868 CPU sec, 19.246 real sec
[M::process] read 1955182 sequences (80000006 bp)...
[M::mem_pestat] # candidate unique pairs for (FF, FR, RF, RR): (2, 419711, 3, 2)
[M::mem_pestat] skip orientation FF as there are not enough pairs
[M::mem_pestat] analyzing insert size distribution for orientation FR...
[M::mem_pestat] (25, 50, 75) percentile: (49, 71, 137)
[M::mem_pestat] low and high boundaries for computing mean and std.dev: (1, 313)
[M::mem_pestat] mean and std.dev: (95.89, 64.40)
[M::mem_pestat] low and high boundaries for proper pairs: (1, 401)
[M::mem_pestat] skip orientation RF as there are not enough pairs
[M::mem_pestat] skip orientation RR as there are not enough pairs
[M::mem_process_seqs] Processed 1955182 reads in 149.245 CPU sec, 19.539 real sec
[M::process] read 1955172 sequences (80000016 bp)...
[M::mem_pestat] # candidate unique pairs for (FF, FR, RF, RR): (1, 420031, 4, 2)
[M::mem_pestat] skip orientation FF as there are not enough pairs
[M::mem_pestat] analyzing insert size distribution for orientation FR...
[M::mem_pestat] (25, 50, 75) percentile: (48, 70, 133)
[M::mem_pestat] low and high boundaries for computing mean and std.dev: (1, 303)
[M::mem_pestat] mean and std.dev: (94.53, 63.26)
[M::mem_pestat] low and high boundaries for proper pairs: (1, 388)
[M::mem_pestat] skip orientation RF as there are not enough pairs
[M::mem_pestat] skip orientation RR as there are not enough pairs
[M::mem_process_seqs] Processed 1955172 reads in 148.817 CPU sec, 19.423 real sec
[M::process] read 1954900 sequences (80000057 bp)...
[M::mem_pestat] # candidate unique pairs for (FF, FR, RF, RR): (0, 419739, 3, 0)
[M::mem_pestat] skip orientation FF as there are not enough pairs
[M::mem_pestat] analyzing insert size distribution for orientation FR...
[M::mem_pestat] (25, 50, 75) percentile: (49, 71, 137)
[M::mem_pestat] low and high boundaries for computing mean and std.dev: (1, 313)
[M::mem_pestat] mean and std.dev: (95.88, 64.45)
[M::mem_pestat] low and high boundaries for proper pairs: (1, 401)
[M::mem_pestat] skip orientation RF as there are not enough pairs
[M::mem_pestat] skip orientation RR as there are not enough pairs
[M::mem_process_seqs] Processed 1954900 reads in 149.855 CPU sec, 19.611 real sec
[M::process] read 1955116 sequences (80000014 bp)...
[M::mem_pestat] # candidate unique pairs for (FF, FR, RF, RR): (1, 420585, 2, 0)
[M::mem_pestat] skip orientation FF as there are not enough pairs
[M::mem_pestat] analyzing insert size distribution for orientation FR...
[M::mem_pestat] (25, 50, 75) percentile: (49, 70, 135)
[M::mem_pestat] low and high boundaries for computing mean and std.dev: (1, 307)
[M::mem_pestat] mean and std.dev: (95.28, 63.76)
[M::mem_pestat] low and high boundaries for proper pairs: (1, 393)
[M::mem_pestat] skip orientation RF as there are not enough pairs
[M::mem_pestat] skip orientation RR as there are not enough pairs
[M::mem_process_seqs] Processed 1955116 reads in 149.115 CPU sec, 19.172 real sec
[M::process] read 1955654 sequences (80000022 bp)...
[M::mem_pestat] # candidate unique pairs for (FF, FR, RF, RR): (1, 420187, 3, 0)
[M::mem_pestat] skip orientation FF as there are not enough pairs
[M::mem_pestat] analyzing insert size distribution for orientation FR...
[M::mem_pestat] (25, 50, 75) percentile: (48, 70, 135)
[M::mem_pestat] low and high boundaries for computing mean and std.dev: (1, 309)
[M::mem_pestat] mean and std.dev: (95.16, 63.92)
[M::mem_pestat] low and high boundaries for proper pairs: (1, 396)
[M::mem_pestat] skip orientation RF as there are not enough pairs
[M::mem_pestat] skip orientation RR as there are not enough pairs
[M::mem_process_seqs] Processed 1955654 reads in 149.806 CPU sec, 19.547 real sec
[M::process] read 1956072 sequences (80000069 bp)...
[M::mem_pestat] # candidate unique pairs for (FF, FR, RF, RR): (3, 418413, 1, 0)
[M::mem_pestat] skip orientation FF as there are not enough pairs
[M::mem_pestat] analyzing insert size distribution for orientation FR...
[M::mem_pestat] (25, 50, 75) percentile: (48, 70, 132)
[M::mem_pestat] low and high boundaries for computing mean and std.dev: (1, 300)
[M::mem_pestat] mean and std.dev: (94.32, 62.90)
[M::mem_pestat] low and high boundaries for proper pairs: (1, 384)
[M::mem_pestat] skip orientation RF as there are not enough pairs
[M::mem_pestat] skip orientation RR as there are not enough pairs
[M::mem_process_seqs] Processed 1956072 reads in 149.407 CPU sec, 19.553 real sec
[M::process] read 1955206 sequences (80000049 bp)...
[M::mem_pestat] # candidate unique pairs for (FF, FR, RF, RR): (1, 418438, 7, 1)
[M::mem_pestat] skip orientation FF as there are not enough pairs
[M::mem_pestat] analyzing insert size distribution for orientation FR...
[M::mem_pestat] (25, 50, 75) percentile: (49, 71, 139)
[M::mem_pestat] low and high boundaries for computing mean and std.dev: (1, 319)
[M::mem_pestat] mean and std.dev: (96.63, 65.36)
[M::mem_pestat] low and high boundaries for proper pairs: (1, 409)
[M::mem_pestat] skip orientation RF as there are not enough pairs
[M::mem_pestat] skip orientation RR as there are not enough pairs
[M::mem_process_seqs] Processed 1955206 reads in 150.851 CPU sec, 19.809 real sec
[M::process] read 1955630 sequences (80000061 bp)...
[M::mem_pestat] # candidate unique pairs for (FF, FR, RF, RR): (1, 416865, 7, 0)
[M::mem_pestat] skip orientation FF as there are not enough pairs
[M::mem_pestat] analyzing insert size distribution for orientation FR...
[M::mem_pestat] (25, 50, 75) percentile: (49, 71, 137)
[M::mem_pestat] low and high boundaries for computing mean and std.dev: (1, 313)
[M::mem_pestat] mean and std.dev: (95.98, 64.29)
[M::mem_pestat] low and high boundaries for proper pairs: (1, 401)
[M::mem_pestat] skip orientation RF as there are not enough pairs
[M::mem_pestat] skip orientation RR as there are not enough pairs
[M::mem_process_seqs] Processed 1955630 reads in 150.725 CPU sec, 19.558 real sec
[M::process] read 1955734 sequences (80000064 bp)...
[M::mem_pestat] # candidate unique pairs for (FF, FR, RF, RR): (0, 421480, 5, 0)
[M::mem_pestat] skip orientation FF as there are not enough pairs
[M::mem_pestat] analyzing insert size distribution for orientation FR...
[M::mem_pestat] (25, 50, 75) percentile: (49, 70, 138)
[M::mem_pestat] low and high boundaries for computing mean and std.dev: (1, 316)
[M::mem_pestat] mean and std.dev: (96.08, 64.94)
[M::mem_pestat] low and high boundaries for proper pairs: (1, 405)
[M::mem_pestat] skip orientation RF as there are not enough pairs
[M::mem_pestat] skip orientation RR as there are not enough pairs
[M::mem_process_seqs] Processed 1955734 reads in 151.020 CPU sec, 19.783 real sec
[M::process] read 1955686 sequences (80000068 bp)...
[M::mem_pestat] # candidate unique pairs for (FF, FR, RF, RR): (0, 417835, 0, 2)
[M::mem_pestat] skip orientation FF as there are not enough pairs
[M::mem_pestat] analyzing insert size distribution for orientation FR...
[M::mem_pestat] (25, 50, 75) percentile: (49, 71, 137)
[M::mem_pestat] low and high boundaries for computing mean and std.dev: (1, 313)
[M::mem_pestat] mean and std.dev: (96.08, 64.35)
[M::mem_pestat] low and high boundaries for proper pairs: (1, 401)
[M::mem_pestat] skip orientation RF as there are not enough pairs
[M::mem_pestat] skip orientation RR as there are not enough pairs
[M::mem_process_seqs] Processed 1955686 reads in 149.742 CPU sec, 19.385 real sec
[M::process] read 1955596 sequences (80000058 bp)...
[M::mem_pestat] # candidate unique pairs for (FF, FR, RF, RR): (0, 421265, 0, 1)
[M::mem_pestat] skip orientation FF as there are not enough pairs
[M::mem_pestat] analyzing insert size distribution for orientation FR...
[M::mem_pestat] (25, 50, 75) percentile: (48, 69, 134)
[M::mem_pestat] low and high boundaries for computing mean and std.dev: (1, 306)
[M::mem_pestat] mean and std.dev: (94.76, 63.63)
[M::mem_pestat] low and high boundaries for proper pairs: (1, 392)
[M::mem_pestat] skip orientation RF as there are not enough pairs
[M::mem_pestat] skip orientation RR as there are not enough pairs
[M::mem_process_seqs] Processed 1955596 reads in 147.892 CPU sec, 19.212 real sec
[M::process] read 1956112 sequences (80000010 bp)...
[M::mem_pestat] # candidate unique pairs for (FF, FR, RF, RR): (1, 418024, 5, 2)
[M::mem_pestat] skip orientation FF as there are not enough pairs
[M::mem_pestat] analyzing insert size distribution for orientation FR...
[M::mem_pestat] (25, 50, 75) percentile: (48, 69, 130)
[M::mem_pestat] low and high boundaries for computing mean and std.dev: (1, 294)
[M::mem_pestat] mean and std.dev: (93.74, 62.14)
[M::mem_pestat] low and high boundaries for proper pairs: (1, 376)
[M::mem_pestat] skip orientation RF as there are not enough pairs
[M::mem_pestat] skip orientation RR as there are not enough pairs
[M::mem_process_seqs] Processed 1956112 reads in 150.427 CPU sec, 19.526 real sec
[M::process] read 1955602 sequences (80000080 bp)...
[M::mem_pestat] # candidate unique pairs for (FF, FR, RF, RR): (1, 419254, 1, 0)
[M::mem_pestat] skip orientation FF as there are not enough pairs
[M::mem_pestat] analyzing insert size distribution for orientation FR...
[M::mem_pestat] (25, 50, 75) percentile: (48, 69, 133)
[M::mem_pestat] low and high boundaries for computing mean and std.dev: (1, 303)
[M::mem_pestat] mean and std.dev: (94.51, 63.19)
[M::mem_pestat] low and high boundaries for proper pairs: (1, 388)
[M::mem_pestat] skip orientation RF as there are not enough pairs
[M::mem_pestat] skip orientation RR as there are not enough pairs
[M::mem_process_seqs] Processed 1955602 reads in 150.228 CPU sec, 19.595 real sec
[M::process] read 1955696 sequences (80000064 bp)...
[M::mem_pestat] # candidate unique pairs for (FF, FR, RF, RR): (0, 418670, 3, 0)
[M::mem_pestat] skip orientation FF as there are not enough pairs
[M::mem_pestat] analyzing insert size distribution for orientation FR...
[M::mem_pestat] (25, 50, 75) percentile: (49, 70, 135)
[M::mem_pestat] low and high boundaries for computing mean and std.dev: (1, 307)
[M::mem_pestat] mean and std.dev: (95.10, 63.58)
[M::mem_pestat] low and high boundaries for proper pairs: (1, 393)
[M::mem_pestat] skip orientation RF as there are not enough pairs
[M::mem_pestat] skip orientation RR as there are not enough pairs
[M::mem_process_seqs] Processed 1955696 reads in 151.706 CPU sec, 19.837 real sec
[M::process] read 1956140 sequences (80000025 bp)...
[M::mem_pestat] # candidate unique pairs for (FF, FR, RF, RR): (0, 418154, 3, 1)
[M::mem_pestat] skip orientation FF as there are not enough pairs
[M::mem_pestat] analyzing insert size distribution for orientation FR...
[M::mem_pestat] (25, 50, 75) percentile: (48, 69, 130)
[M::mem_pestat] low and high boundaries for computing mean and std.dev: (1, 294)
[M::mem_pestat] mean and std.dev: (93.58, 62.18)
[M::mem_pestat] low and high boundaries for proper pairs: (1, 376)
[M::mem_pestat] skip orientation RF as there are not enough pairs
[M::mem_pestat] skip orientation RR as there are not enough pairs
[M::mem_process_seqs] Processed 1956140 reads in 148.105 CPU sec, 19.138 real sec
[M::process] read 1955634 sequences (80000019 bp)...
[M::mem_pestat] # candidate unique pairs for (FF, FR, RF, RR): (1, 419820, 3, 0)
[M::mem_pestat] skip orientation FF as there are not enough pairs
[M::mem_pestat] analyzing insert size distribution for orientation FR...
[M::mem_pestat] (25, 50, 75) percentile: (49, 70, 137)
[M::mem_pestat] low and high boundaries for computing mean and std.dev: (1, 313)
[M::mem_pestat] mean and std.dev: (95.87, 64.55)
[M::mem_pestat] low and high boundaries for proper pairs: (1, 401)
[M::mem_pestat] skip orientation RF as there are not enough pairs
[M::mem_pestat] skip orientation RR as there are not enough pairs
[M::mem_process_seqs] Processed 1955634 reads in 149.707 CPU sec, 19.594 real sec
[M::process] read 1956092 sequences (80000001 bp)...
[M::mem_pestat] # candidate unique pairs for (FF, FR, RF, RR): (0, 419916, 0, 1)
[M::mem_pestat] skip orientation FF as there are not enough pairs
[M::mem_pestat] analyzing insert size distribution for orientation FR...
[M::mem_pestat] (25, 50, 75) percentile: (48, 70, 133)
[M::mem_pestat] low and high boundaries for computing mean and std.dev: (1, 303)
[M::mem_pestat] mean and std.dev: (94.34, 63.07)
[M::mem_pestat] low and high boundaries for proper pairs: (1, 388)
[M::mem_pestat] skip orientation RF as there are not enough pairs
[M::mem_pestat] skip orientation RR as there are not enough pairs
[M::mem_process_seqs] Processed 1956092 reads in 151.124 CPU sec, 19.796 real sec
[M::process] read 1955458 sequences (80000056 bp)...
[M::mem_pestat] # candidate unique pairs for (FF, FR, RF, RR): (1, 420933, 3, 0)
[M::mem_pestat] skip orientation FF as there are not enough pairs
[M::mem_pestat] analyzing insert size distribution for orientation FR...
[M::mem_pestat] (25, 50, 75) percentile: (48, 70, 137)
[M::mem_pestat] low and high boundaries for computing mean and std.dev: (1, 315)
[M::mem_pestat] mean and std.dev: (95.94, 64.77)
[M::mem_pestat] low and high boundaries for proper pairs: (1, 404)
[M::mem_pestat] skip orientation RF as there are not enough pairs
[M::mem_pestat] skip orientation RR as there are not enough pairs
[M::mem_process_seqs] Processed 1955458 reads in 150.896 CPU sec, 19.495 real sec
[M::process] read 1955908 sequences (80000051 bp)...
[M::mem_pestat] # candidate unique pairs for (FF, FR, RF, RR): (1, 419891, 8, 0)
[M::mem_pestat] skip orientation FF as there are not enough pairs
[M::mem_pestat] analyzing insert size distribution for orientation FR...
[M::mem_pestat] (25, 50, 75) percentile: (48, 69, 132)
[M::mem_pestat] low and high boundaries for computing mean and std.dev: (1, 300)
[M::mem_pestat] mean and std.dev: (94.21, 62.83)
[M::mem_pestat] low and high boundaries for proper pairs: (1, 384)
[M::mem_pestat] skip orientation RF as there are not enough pairs
[M::mem_pestat] skip orientation RR as there are not enough pairs
[M::mem_process_seqs] Processed 1955908 reads in 149.931 CPU sec, 19.409 real sec
[M::process] read 1955510 sequences (80000079 bp)...
[M::mem_pestat] # candidate unique pairs for (FF, FR, RF, RR): (0, 421011, 3, 0)
[M::mem_pestat] skip orientation FF as there are not enough pairs
[M::mem_pestat] analyzing insert size distribution for orientation FR...
[M::mem_pestat] (25, 50, 75) percentile: (48, 70, 136)
[M::mem_pestat] low and high boundaries for computing mean and std.dev: (1, 312)
[M::mem_pestat] mean and std.dev: (95.61, 64.41)
[M::mem_pestat] low and high boundaries for proper pairs: (1, 400)
[M::mem_pestat] skip orientation RF as there are not enough pairs
[M::mem_pestat] skip orientation RR as there are not enough pairs
[M::mem_process_seqs] Processed 1955510 reads in 150.810 CPU sec, 19.816 real sec
[M::process] read 1955950 sequences (80000001 bp)...
[M::mem_pestat] # candidate unique pairs for (FF, FR, RF, RR): (0, 420100, 4, 1)
[M::mem_pestat] skip orientation FF as there are not enough pairs
[M::mem_pestat] analyzing insert size distribution for orientation FR...
[M::mem_pestat] (25, 50, 75) percentile: (48, 69, 132)
[M::mem_pestat] low and high boundaries for computing mean and std.dev: (1, 300)
[M::mem_pestat] mean and std.dev: (94.05, 62.80)
[M::mem_pestat] low and high boundaries for proper pairs: (1, 384)
[M::mem_pestat] skip orientation RF as there are not enough pairs
[M::mem_pestat] skip orientation RR as there are not enough pairs
[M::mem_process_seqs] Processed 1955950 reads in 150.984 CPU sec, 19.781 real sec
[M::process] read 1955858 sequences (80000072 bp)...
[M::mem_pestat] # candidate unique pairs for (FF, FR, RF, RR): (1, 421675, 6, 3)
[M::mem_pestat] skip orientation FF as there are not enough pairs
[M::mem_pestat] analyzing insert size distribution for orientation FR...
[M::mem_pestat] (25, 50, 75) percentile: (48, 70, 134)
[M::mem_pestat] low and high boundaries for computing mean and std.dev: (1, 306)
[M::mem_pestat] mean and std.dev: (94.83, 63.60)
[M::mem_pestat] low and high boundaries for proper pairs: (1, 392)
[M::mem_pestat] skip orientation RF as there are not enough pairs
[M::mem_pestat] skip orientation RR as there are not enough pairs
[M::mem_process_seqs] Processed 1955858 reads in 149.893 CPU sec, 19.540 real sec
[M::process] read 1955410 sequences (80000034 bp)...
[M::mem_pestat] # candidate unique pairs for (FF, FR, RF, RR): (0, 420596, 2, 1)
[M::mem_pestat] skip orientation FF as there are not enough pairs
[M::mem_pestat] analyzing insert size distribution for orientation FR...
[M::mem_pestat] (25, 50, 75) percentile: (48, 70, 135)
[M::mem_pestat] low and high boundaries for computing mean and std.dev: (1, 309)
[M::mem_pestat] mean and std.dev: (95.07, 63.97)
[M::mem_pestat] low and high boundaries for proper pairs: (1, 396)
[M::mem_pestat] skip orientation RF as there are not enough pairs
[M::mem_pestat] skip orientation RR as there are not enough pairs
[M::mem_process_seqs] Processed 1955410 reads in 150.679 CPU sec, 19.538 real sec
[M::process] read 1955876 sequences (80000072 bp)...
[M::mem_pestat] # candidate unique pairs for (FF, FR, RF, RR): (0, 420563, 1, 1)
[M::mem_pestat] skip orientation FF as there are not enough pairs
[M::mem_pestat] analyzing insert size distribution for orientation FR...
[M::mem_pestat] (25, 50, 75) percentile: (48, 69, 129)
[M::mem_pestat] low and high boundaries for computing mean and std.dev: (1, 291)
[M::mem_pestat] mean and std.dev: (93.24, 61.86)
[M::mem_pestat] low and high boundaries for proper pairs: (1, 372)
[M::mem_pestat] skip orientation RF as there are not enough pairs
[M::mem_pestat] skip orientation RR as there are not enough pairs
[M::mem_process_seqs] Processed 1955876 reads in 149.187 CPU sec, 19.518 real sec
[M::process] read 1955562 sequences (80000067 bp)...
[M::mem_pestat] # candidate unique pairs for (FF, FR, RF, RR): (2, 421069, 2, 0)
[M::mem_pestat] skip orientation FF as there are not enough pairs
[M::mem_pestat] analyzing insert size distribution for orientation FR...
[M::mem_pestat] (25, 50, 75) percentile: (48, 70, 134)
[M::mem_pestat] low and high boundaries for computing mean and std.dev: (1, 306)
[M::mem_pestat] mean and std.dev: (94.84, 63.63)
[M::mem_pestat] low and high boundaries for proper pairs: (1, 392)
[M::mem_pestat] skip orientation RF as there are not enough pairs
[M::mem_pestat] skip orientation RR as there are not enough pairs
[M::mem_process_seqs] Processed 1955562 reads in 148.845 CPU sec, 19.567 real sec
[M::process] read 1955506 sequences (80000082 bp)...
[M::mem_pestat] # candidate unique pairs for (FF, FR, RF, RR): (2, 420294, 3, 0)
[M::mem_pestat] skip orientation FF as there are not enough pairs
[M::mem_pestat] analyzing insert size distribution for orientation FR...
[M::mem_pestat] (25, 50, 75) percentile: (49, 70, 136)
[M::mem_pestat] low and high boundaries for computing mean and std.dev: (1, 310)
[M::mem_pestat] mean and std.dev: (95.33, 64.02)
[M::mem_pestat] low and high boundaries for proper pairs: (1, 397)
[M::mem_pestat] skip orientation RF as there are not enough pairs
[M::mem_pestat] skip orientation RR as there are not enough pairs
[M::mem_process_seqs] Processed 1955506 reads in 149.899 CPU sec, 19.671 real sec
[M::process] read 1955096 sequences (80000006 bp)...
[M::mem_pestat] # candidate unique pairs for (FF, FR, RF, RR): (0, 418735, 5, 0)
[M::mem_pestat] skip orientation FF as there are not enough pairs
[M::mem_pestat] analyzing insert size distribution for orientation FR...
[M::mem_pestat] (25, 50, 75) percentile: (49, 72, 144)
[M::mem_pestat] low and high boundaries for computing mean and std.dev: (1, 334)
[M::mem_pestat] mean and std.dev: (98.31, 66.88)
[M::mem_pestat] low and high boundaries for proper pairs: (1, 429)
[M::mem_pestat] skip orientation RF as there are not enough pairs
[M::mem_pestat] skip orientation RR as there are not enough pairs
[M::mem_process_seqs] Processed 1955096 reads in 148.879 CPU sec, 19.211 real sec
[M::process] read 1955488 sequences (80000062 bp)...
[M::mem_pestat] # candidate unique pairs for (FF, FR, RF, RR): (1, 420771, 2, 0)
[M::mem_pestat] skip orientation FF as there are not enough pairs
[M::mem_pestat] analyzing insert size distribution for orientation FR...
[M::mem_pestat] (25, 50, 75) percentile: (49, 71, 138)
[M::mem_pestat] low and high boundaries for computing mean and std.dev: (1, 316)
[M::mem_pestat] mean and std.dev: (96.13, 64.90)
[M::mem_pestat] low and high boundaries for proper pairs: (1, 405)
[M::mem_pestat] skip orientation RF as there are not enough pairs
[M::mem_pestat] skip orientation RR as there are not enough pairs
[M::mem_process_seqs] Processed 1955488 reads in 150.632 CPU sec, 19.579 real sec
[M::process] read 1955224 sequences (80000045 bp)...
[M::mem_pestat] # candidate unique pairs for (FF, FR, RF, RR): (0, 417902, 0, 0)
[M::mem_pestat] skip orientation FF as there are not enough pairs
[M::mem_pestat] analyzing insert size distribution for orientation FR...
[M::mem_pestat] (25, 50, 75) percentile: (49, 71, 142)
[M::mem_pestat] low and high boundaries for computing mean and std.dev: (1, 328)
[M::mem_pestat] mean and std.dev: (97.60, 66.18)
[M::mem_pestat] low and high boundaries for proper pairs: (1, 421)
[M::mem_pestat] skip orientation RF as there are not enough pairs
[M::mem_pestat] skip orientation RR as there are not enough pairs
[M::mem_process_seqs] Processed 1955224 reads in 152.294 CPU sec, 19.936 real sec
[M::process] read 1955682 sequences (80000080 bp)...
[M::mem_pestat] # candidate unique pairs for (FF, FR, RF, RR): (1, 419311, 3, 1)
[M::mem_pestat] skip orientation FF as there are not enough pairs
[M::mem_pestat] analyzing insert size distribution for orientation FR...
[M::mem_pestat] (25, 50, 75) percentile: (48, 70, 134)
[M::mem_pestat] low and high boundaries for computing mean and std.dev: (1, 306)
[M::mem_pestat] mean and std.dev: (94.77, 63.40)
[M::mem_pestat] low and high boundaries for proper pairs: (1, 392)
[M::mem_pestat] skip orientation RF as there are not enough pairs
[M::mem_pestat] skip orientation RR as there are not enough pairs
[M::mem_process_seqs] Processed 1955682 reads in 147.967 CPU sec, 19.189 real sec
[M::process] read 1955806 sequences (80000006 bp)...
[M::mem_pestat] # candidate unique pairs for (FF, FR, RF, RR): (0, 418163, 2, 0)
[M::mem_pestat] skip orientation FF as there are not enough pairs
[M::mem_pestat] analyzing insert size distribution for orientation FR...
[M::mem_pestat] (25, 50, 75) percentile: (49, 70, 137)
[M::mem_pestat] low and high boundaries for computing mean and std.dev: (1, 313)
[M::mem_pestat] mean and std.dev: (95.82, 64.44)
[M::mem_pestat] low and high boundaries for proper pairs: (1, 401)
[M::mem_pestat] skip orientation RF as there are not enough pairs
[M::mem_pestat] skip orientation RR as there are not enough pairs
[M::mem_process_seqs] Processed 1955806 reads in 150.387 CPU sec, 19.734 real sec
[M::process] read 1955102 sequences (80000061 bp)...
[M::mem_pestat] # candidate unique pairs for (FF, FR, RF, RR): (3, 417687, 1, 1)
[M::mem_pestat] skip orientation FF as there are not enough pairs
[M::mem_pestat] analyzing insert size distribution for orientation FR...
[M::mem_pestat] (25, 50, 75) percentile: (49, 71, 141)
[M::mem_pestat] low and high boundaries for computing mean and std.dev: (1, 325)
[M::mem_pestat] mean and std.dev: (97.26, 65.67)
[M::mem_pestat] low and high boundaries for proper pairs: (1, 417)
[M::mem_pestat] skip orientation RF as there are not enough pairs
[M::mem_pestat] skip orientation RR as there are not enough pairs
[M::mem_process_seqs] Processed 1955102 reads in 150.330 CPU sec, 19.621 real sec
[M::process] read 1955634 sequences (80000077 bp)...
[M::mem_pestat] # candidate unique pairs for (FF, FR, RF, RR): (2, 421065, 3, 1)
[M::mem_pestat] skip orientation FF as there are not enough pairs
[M::mem_pestat] analyzing insert size distribution for orientation FR...
[M::mem_pestat] (25, 50, 75) percentile: (48, 70, 135)
[M::mem_pestat] low and high boundaries for computing mean and std.dev: (1, 309)
[M::mem_pestat] mean and std.dev: (95.23, 64.02)
[M::mem_pestat] low and high boundaries for proper pairs: (1, 396)
[M::mem_pestat] skip orientation RF as there are not enough pairs
[M::mem_pestat] skip orientation RR as there are not enough pairs
[M::mem_process_seqs] Processed 1955634 reads in 150.704 CPU sec, 19.370 real sec
[M::process] read 1954900 sequences (80000020 bp)...
[M::mem_pestat] # candidate unique pairs for (FF, FR, RF, RR): (0, 418659, 3, 3)
[M::mem_pestat] skip orientation FF as there are not enough pairs
[M::mem_pestat] analyzing insert size distribution for orientation FR...
[M::mem_pestat] (25, 50, 75) percentile: (49, 72, 144)
[M::mem_pestat] low and high boundaries for computing mean and std.dev: (1, 334)
[M::mem_pestat] mean and std.dev: (98.35, 66.85)
[M::mem_pestat] low and high boundaries for proper pairs: (1, 429)
[M::mem_pestat] skip orientation RF as there are not enough pairs
[M::mem_pestat] skip orientation RR as there are not enough pairs
[M::mem_process_seqs] Processed 1954900 reads in 150.876 CPU sec, 19.484 real sec
[M::process] read 1955636 sequences (80000071 bp)...
[M::mem_pestat] # candidate unique pairs for (FF, FR, RF, RR): (0, 419432, 1, 0)
[M::mem_pestat] skip orientation FF as there are not enough pairs
[M::mem_pestat] analyzing insert size distribution for orientation FR...
[M::mem_pestat] (25, 50, 75) percentile: (48, 70, 134)
[M::mem_pestat] low and high boundaries for computing mean and std.dev: (1, 306)
[M::mem_pestat] mean and std.dev: (94.87, 63.55)
[M::mem_pestat] low and high boundaries for proper pairs: (1, 392)
[M::mem_pestat] skip orientation RF as there are not enough pairs
[M::mem_pestat] skip orientation RR as there are not enough pairs
[M::mem_process_seqs] Processed 1955636 reads in 148.838 CPU sec, 19.495 real sec
[M::process] read 1955868 sequences (80000070 bp)...
[M::mem_pestat] # candidate unique pairs for (FF, FR, RF, RR): (2, 418395, 5, 1)
[M::mem_pestat] skip orientation FF as there are not enough pairs
[M::mem_pestat] analyzing insert size distribution for orientation FR...
[M::mem_pestat] (25, 50, 75) percentile: (48, 70, 134)
[M::mem_pestat] low and high boundaries for computing mean and std.dev: (1, 306)
[M::mem_pestat] mean and std.dev: (94.86, 63.52)
[M::mem_pestat] low and high boundaries for proper pairs: (1, 392)
[M::mem_pestat] skip orientation RF as there are not enough pairs
[M::mem_pestat] skip orientation RR as there are not enough pairs
[M::mem_process_seqs] Processed 1955868 reads in 148.874 CPU sec, 19.604 real sec
[M::process] read 1375846 sequences (56270159 bp)...
[M::mem_pestat] # candidate unique pairs for (FF, FR, RF, RR): (2, 294271, 3, 0)
[M::mem_pestat] skip orientation FF as there are not enough pairs
[M::mem_pestat] analyzing insert size distribution for orientation FR...
[M::mem_pestat] (25, 50, 75) percentile: (48, 69, 132)
[M::mem_pestat] low and high boundaries for computing mean and std.dev: (1, 300)
[M::mem_pestat] mean and std.dev: (94.07, 62.81)
[M::mem_pestat] low and high boundaries for proper pairs: (1, 384)
[M::mem_pestat] skip orientation RF as there are not enough pairs
[M::mem_pestat] skip orientation RR as there are not enough pairs
[M::mem_process_seqs] Processed 1375846 reads in 104.197 CPU sec, 13.669 real sec
[main] Version: 0.7.17-r1188
[main] CMD: bwa mem -M -t 8 /data/project/sen-lab/genome/hg38/bwa/Homo_sapiens_assembly38.fasta /data/scratch/flanary/atac-seq/untreated/GSE138293/trimmed_fastq/SRR10215676_1_val_1.fq /data/scratch/flanary/atac-seq/untreated/GSE138293/trimmed_fastq/SRR10215676_2_val_2.fq
[main] Real time: 1221.031 sec; CPU: 6632.470 sec
