
The following have been reloaded with a version change:
  1) GCC/10.2.0 => GCC/7.3.0-2.30
  2) GCCcore/10.2.0 => GCCcore/7.3.0
  3) binutils/2.35-GCCcore-10.2.0 => binutils/2.30-GCCcore-7.3.0
  4) zlib/1.2.11-GCCcore-10.2.0 => zlib/1.2.11-GCCcore-7.3.0


The following have been reloaded with a version change:
  1) SAMtools/1.12-GCC-10.2.0 => SAMtools/1.9-foss-2018b
  2) XZ/5.2.5-GCCcore-10.2.0 => XZ/5.2.4-GCCcore-7.3.0
  3) bzip2/1.0.8-GCCcore-10.2.0 => bzip2/1.0.6-GCCcore-7.3.0
  4) cURL/7.72.0-GCCcore-10.2.0 => cURL/7.60.0-GCCcore-7.3.0
  5) ncurses/6.2-GCCcore-10.2.0 => ncurses/6.1-GCCcore-7.3.0

[M::bwa_idx_load_from_disk] read 0 ALT contigs
[M::process] read 1014030 sequences (80000061 bp)...
[M::process] read 1018944 sequences (80000115 bp)...
[M::mem_pestat] # candidate unique pairs for (FF, FR, RF, RR): (4, 404125, 3, 2)
[M::mem_pestat] skip orientation FF as there are not enough pairs
[M::mem_pestat] analyzing insert size distribution for orientation FR...
[M::mem_pestat] (25, 50, 75) percentile: (53, 150, 243)
[M::mem_pestat] low and high boundaries for computing mean and std.dev: (1, 623)
[M::mem_pestat] mean and std.dev: (171.91, 141.30)
[M::mem_pestat] low and high boundaries for proper pairs: (1, 813)
[M::mem_pestat] skip orientation RF as there are not enough pairs
[M::mem_pestat] skip orientation RR as there are not enough pairs
[M::mem_process_seqs] Processed 1014030 reads in 131.968 CPU sec, 22.802 real sec
[M::mem_pestat] # candidate unique pairs for (FF, FR, RF, RR): (4, 405513, 5, 5)
[M::mem_pestat] skip orientation FF as there are not enough pairs
[M::mem_pestat] analyzing insert size distribution for orientation FR...
[M::mem_pestat] (25, 50, 75) percentile: (53, 141, 237)
[M::mem_pestat] low and high boundaries for computing mean and std.dev: (1, 605)
[M::mem_pestat] mean and std.dev: (166.51, 136.14)
[M::mem_pestat] low and high boundaries for proper pairs: (1, 789)
[M::mem_pestat] skip orientation RF as there are not enough pairs
[M::mem_pestat] skip orientation RR as there are not enough pairs
[M::mem_process_seqs] Processed 1018944 reads in 130.779 CPU sec, 17.175 real sec
[M::process] read 1022260 sequences (80000111 bp)...
[M::mem_pestat] # candidate unique pairs for (FF, FR, RF, RR): (8, 407115, 1, 6)
[M::mem_pestat] skip orientation FF as there are not enough pairs
[M::mem_pestat] analyzing insert size distribution for orientation FR...
[M::mem_pestat] (25, 50, 75) percentile: (52, 136, 235)
[M::mem_pestat] low and high boundaries for computing mean and std.dev: (1, 601)
[M::mem_pestat] mean and std.dev: (164.19, 134.40)
[M::mem_pestat] low and high boundaries for proper pairs: (1, 784)
[M::mem_pestat] skip orientation RF as there are not enough pairs
[M::mem_pestat] skip orientation RR as there are not enough pairs
[M::mem_process_seqs] Processed 1022260 reads in 128.739 CPU sec, 16.865 real sec
[M::process] read 1026534 sequences (80000047 bp)...
[M::mem_pestat] # candidate unique pairs for (FF, FR, RF, RR): (8, 408266, 4, 4)
[M::mem_pestat] skip orientation FF as there are not enough pairs
[M::mem_pestat] analyzing insert size distribution for orientation FR...
[M::mem_pestat] (25, 50, 75) percentile: (52, 126, 231)
[M::mem_pestat] low and high boundaries for computing mean and std.dev: (1, 589)
[M::mem_pestat] mean and std.dev: (160.29, 130.86)
[M::mem_pestat] low and high boundaries for proper pairs: (1, 768)
[M::mem_pestat] skip orientation RF as there are not enough pairs
[M::mem_pestat] skip orientation RR as there are not enough pairs
[M::mem_process_seqs] Processed 1026534 reads in 128.262 CPU sec, 16.899 real sec
[M::process] read 1025864 sequences (80000061 bp)...
[M::mem_pestat] # candidate unique pairs for (FF, FR, RF, RR): (3, 408089, 3, 3)
[M::mem_pestat] skip orientation FF as there are not enough pairs
[M::mem_pestat] analyzing insert size distribution for orientation FR...
[M::mem_pestat] (25, 50, 75) percentile: (52, 128, 232)
[M::mem_pestat] low and high boundaries for computing mean and std.dev: (1, 592)
[M::mem_pestat] mean and std.dev: (161.42, 131.97)
[M::mem_pestat] low and high boundaries for proper pairs: (1, 772)
[M::mem_pestat] skip orientation RF as there are not enough pairs
[M::mem_pestat] skip orientation RR as there are not enough pairs
[M::mem_process_seqs] Processed 1025864 reads in 129.065 CPU sec, 16.823 real sec
[M::process] read 1030808 sequences (80000012 bp)...
[M::mem_pestat] # candidate unique pairs for (FF, FR, RF, RR): (2, 409003, 7, 3)
[M::mem_pestat] skip orientation FF as there are not enough pairs
[M::mem_pestat] analyzing insert size distribution for orientation FR...
[M::mem_pestat] (25, 50, 75) percentile: (52, 120, 229)
[M::mem_pestat] low and high boundaries for computing mean and std.dev: (1, 583)
[M::mem_pestat] mean and std.dev: (157.92, 128.76)
[M::mem_pestat] low and high boundaries for proper pairs: (1, 760)
[M::mem_pestat] skip orientation RF as there are not enough pairs
[M::mem_pestat] skip orientation RR as there are not enough pairs
[M::mem_process_seqs] Processed 1030808 reads in 130.034 CPU sec, 16.984 real sec
[M::process] read 1034482 sequences (80000184 bp)...
[M::mem_pestat] # candidate unique pairs for (FF, FR, RF, RR): (2, 409892, 6, 4)
[M::mem_pestat] skip orientation FF as there are not enough pairs
[M::mem_pestat] analyzing insert size distribution for orientation FR...
[M::mem_pestat] (25, 50, 75) percentile: (52, 117, 227)
[M::mem_pestat] low and high boundaries for computing mean and std.dev: (1, 577)
[M::mem_pestat] mean and std.dev: (156.02, 126.88)
[M::mem_pestat] low and high boundaries for proper pairs: (1, 752)
[M::mem_pestat] skip orientation RF as there are not enough pairs
[M::mem_pestat] skip orientation RR as there are not enough pairs
[M::mem_process_seqs] Processed 1034482 reads in 129.572 CPU sec, 16.805 real sec
[M::process] read 1036222 sequences (80000023 bp)...
[M::mem_pestat] # candidate unique pairs for (FF, FR, RF, RR): (6, 410174, 4, 4)
[M::mem_pestat] skip orientation FF as there are not enough pairs
[M::mem_pestat] analyzing insert size distribution for orientation FR...
[M::mem_pestat] (25, 50, 75) percentile: (52, 113, 226)
[M::mem_pestat] low and high boundaries for computing mean and std.dev: (1, 574)
[M::mem_pestat] mean and std.dev: (154.47, 125.56)
[M::mem_pestat] low and high boundaries for proper pairs: (1, 748)
[M::mem_pestat] skip orientation RF as there are not enough pairs
[M::mem_pestat] skip orientation RR as there are not enough pairs
[M::mem_process_seqs] Processed 1036222 reads in 130.396 CPU sec, 16.850 real sec
[M::process] read 1037536 sequences (80000018 bp)...
[M::mem_pestat] # candidate unique pairs for (FF, FR, RF, RR): (3, 410785, 4, 3)
[M::mem_pestat] skip orientation FF as there are not enough pairs
[M::mem_pestat] analyzing insert size distribution for orientation FR...
[M::mem_pestat] (25, 50, 75) percentile: (52, 113, 226)
[M::mem_pestat] low and high boundaries for computing mean and std.dev: (1, 574)
[M::mem_pestat] mean and std.dev: (154.19, 125.18)
[M::mem_pestat] low and high boundaries for proper pairs: (1, 748)
[M::mem_pestat] skip orientation RF as there are not enough pairs
[M::mem_pestat] skip orientation RR as there are not enough pairs
[M::mem_process_seqs] Processed 1037536 reads in 131.162 CPU sec, 17.005 real sec
[M::process] read 1012338 sequences (80000075 bp)...
[M::mem_pestat] # candidate unique pairs for (FF, FR, RF, RR): (3, 403854, 6, 3)
[M::mem_pestat] skip orientation FF as there are not enough pairs
[M::mem_pestat] analyzing insert size distribution for orientation FR...
[M::mem_pestat] (25, 50, 75) percentile: (53, 152, 245)
[M::mem_pestat] low and high boundaries for computing mean and std.dev: (1, 629)
[M::mem_pestat] mean and std.dev: (173.64, 142.97)
[M::mem_pestat] low and high boundaries for proper pairs: (1, 821)
[M::mem_pestat] skip orientation RF as there are not enough pairs
[M::mem_pestat] skip orientation RR as there are not enough pairs
[M::mem_process_seqs] Processed 1012338 reads in 128.904 CPU sec, 16.625 real sec
[M::process] read 1017936 sequences (80000168 bp)...
[M::mem_pestat] # candidate unique pairs for (FF, FR, RF, RR): (7, 405380, 3, 2)
[M::mem_pestat] skip orientation FF as there are not enough pairs
[M::mem_pestat] analyzing insert size distribution for orientation FR...
[M::mem_pestat] (25, 50, 75) percentile: (53, 146, 240)
[M::mem_pestat] low and high boundaries for computing mean and std.dev: (1, 614)
[M::mem_pestat] mean and std.dev: (169.10, 138.99)
[M::mem_pestat] low and high boundaries for proper pairs: (1, 801)
[M::mem_pestat] skip orientation RF as there are not enough pairs
[M::mem_pestat] skip orientation RR as there are not enough pairs
[M::mem_process_seqs] Processed 1017936 reads in 130.572 CPU sec, 16.947 real sec
[M::process] read 1019972 sequences (80000194 bp)...
[M::mem_pestat] # candidate unique pairs for (FF, FR, RF, RR): (2, 406376, 3, 5)
[M::mem_pestat] skip orientation FF as there are not enough pairs
[M::mem_pestat] analyzing insert size distribution for orientation FR...
[M::mem_pestat] (25, 50, 75) percentile: (53, 140, 238)
[M::mem_pestat] low and high boundaries for computing mean and std.dev: (1, 608)
[M::mem_pestat] mean and std.dev: (167.27, 137.48)
[M::mem_pestat] low and high boundaries for proper pairs: (1, 793)
[M::mem_pestat] skip orientation RF as there are not enough pairs
[M::mem_pestat] skip orientation RR as there are not enough pairs
[M::mem_process_seqs] Processed 1019972 reads in 130.997 CPU sec, 17.048 real sec
[M::process] read 1029686 sequences (80000016 bp)...
[M::mem_pestat] # candidate unique pairs for (FF, FR, RF, RR): (2, 409303, 2, 5)
[M::mem_pestat] skip orientation FF as there are not enough pairs
[M::mem_pestat] analyzing insert size distribution for orientation FR...
[M::mem_pestat] (25, 50, 75) percentile: (52, 123, 231)
[M::mem_pestat] low and high boundaries for computing mean and std.dev: (1, 589)
[M::mem_pestat] mean and std.dev: (159.73, 131.06)
[M::mem_pestat] low and high boundaries for proper pairs: (1, 768)
[M::mem_pestat] skip orientation RF as there are not enough pairs
[M::mem_pestat] skip orientation RR as there are not enough pairs
[M::mem_process_seqs] Processed 1029686 reads in 131.233 CPU sec, 17.102 real sec
[M::process] read 1028952 sequences (80000078 bp)...
[M::mem_pestat] # candidate unique pairs for (FF, FR, RF, RR): (5, 408591, 5, 1)
[M::mem_pestat] skip orientation FF as there are not enough pairs
[M::mem_pestat] analyzing insert size distribution for orientation FR...
[M::mem_pestat] (25, 50, 75) percentile: (52, 124, 232)
[M::mem_pestat] low and high boundaries for computing mean and std.dev: (1, 592)
[M::mem_pestat] mean and std.dev: (160.43, 131.69)
[M::mem_pestat] low and high boundaries for proper pairs: (1, 772)
[M::mem_pestat] skip orientation RF as there are not enough pairs
[M::mem_pestat] skip orientation RR as there are not enough pairs
[M::mem_process_seqs] Processed 1028952 reads in 130.937 CPU sec, 17.023 real sec
[M::process] read 1031952 sequences (80000026 bp)...
[M::mem_pestat] # candidate unique pairs for (FF, FR, RF, RR): (5, 409471, 2, 5)
[M::mem_pestat] skip orientation FF as there are not enough pairs
[M::mem_pestat] analyzing insert size distribution for orientation FR...
[M::mem_pestat] (25, 50, 75) percentile: (52, 120, 229)
[M::mem_pestat] low and high boundaries for computing mean and std.dev: (1, 583)
[M::mem_pestat] mean and std.dev: (157.82, 128.93)
[M::mem_pestat] low and high boundaries for proper pairs: (1, 760)
[M::mem_pestat] skip orientation RF as there are not enough pairs
[M::mem_pestat] skip orientation RR as there are not enough pairs
[M::mem_process_seqs] Processed 1031952 reads in 132.706 CPU sec, 17.366 real sec
[M::process] read 1034358 sequences (80000036 bp)...
[M::mem_pestat] # candidate unique pairs for (FF, FR, RF, RR): (5, 409969, 3, 3)
[M::mem_pestat] skip orientation FF as there are not enough pairs
[M::mem_pestat] analyzing insert size distribution for orientation FR...
[M::mem_pestat] (25, 50, 75) percentile: (52, 116, 227)
[M::mem_pestat] low and high boundaries for computing mean and std.dev: (1, 577)
[M::mem_pestat] mean and std.dev: (155.87, 127.21)
[M::mem_pestat] low and high boundaries for proper pairs: (1, 752)
[M::mem_pestat] skip orientation RF as there are not enough pairs
[M::mem_pestat] skip orientation RR as there are not enough pairs
[M::mem_process_seqs] Processed 1034358 reads in 132.611 CPU sec, 17.342 real sec
[M::process] read 1038110 sequences (80000191 bp)...
[M::mem_pestat] # candidate unique pairs for (FF, FR, RF, RR): (7, 411247, 6, 1)
[M::mem_pestat] skip orientation FF as there are not enough pairs
[M::mem_pestat] analyzing insert size distribution for orientation FR...
[M::mem_pestat] (25, 50, 75) percentile: (52, 113, 226)
[M::mem_pestat] low and high boundaries for computing mean and std.dev: (1, 574)
[M::mem_pestat] mean and std.dev: (154.42, 125.94)
[M::mem_pestat] low and high boundaries for proper pairs: (1, 748)
[M::mem_pestat] skip orientation RF as there are not enough pairs
[M::mem_pestat] skip orientation RR as there are not enough pairs
[M::mem_process_seqs] Processed 1038110 reads in 131.016 CPU sec, 17.093 real sec
[M::process] read 1034244 sequences (80000187 bp)...
[M::mem_pestat] # candidate unique pairs for (FF, FR, RF, RR): (4, 409924, 2, 3)
[M::mem_pestat] skip orientation FF as there are not enough pairs
[M::mem_pestat] analyzing insert size distribution for orientation FR...
[M::mem_pestat] (25, 50, 75) percentile: (52, 123, 230)
[M::mem_pestat] low and high boundaries for computing mean and std.dev: (1, 586)
[M::mem_pestat] mean and std.dev: (159.05, 129.33)
[M::mem_pestat] low and high boundaries for proper pairs: (1, 764)
[M::mem_pestat] skip orientation RF as there are not enough pairs
[M::mem_pestat] skip orientation RR as there are not enough pairs
[M::mem_process_seqs] Processed 1034244 reads in 134.853 CPU sec, 17.453 real sec
[M::process] read 1010056 sequences (80000036 bp)...
[M::mem_pestat] # candidate unique pairs for (FF, FR, RF, RR): (6, 402850, 5, 2)
[M::mem_pestat] skip orientation FF as there are not enough pairs
[M::mem_pestat] analyzing insert size distribution for orientation FR...
[M::mem_pestat] (25, 50, 75) percentile: (54, 156, 246)
[M::mem_pestat] low and high boundaries for computing mean and std.dev: (1, 630)
[M::mem_pestat] mean and std.dev: (174.78, 143.63)
[M::mem_pestat] low and high boundaries for proper pairs: (1, 822)
[M::mem_pestat] skip orientation RF as there are not enough pairs
[M::mem_pestat] skip orientation RR as there are not enough pairs
[M::mem_process_seqs] Processed 1010056 reads in 129.244 CPU sec, 16.808 real sec
[M::process] read 1011416 sequences (80000193 bp)...
[M::mem_pestat] # candidate unique pairs for (FF, FR, RF, RR): (6, 403374, 3, 4)
[M::mem_pestat] skip orientation FF as there are not enough pairs
[M::mem_pestat] analyzing insert size distribution for orientation FR...
[M::mem_pestat] (25, 50, 75) percentile: (54, 152, 244)
[M::mem_pestat] low and high boundaries for computing mean and std.dev: (1, 624)
[M::mem_pestat] mean and std.dev: (172.87, 141.56)
[M::mem_pestat] low and high boundaries for proper pairs: (1, 814)
[M::mem_pestat] skip orientation RF as there are not enough pairs
[M::mem_pestat] skip orientation RR as there are not enough pairs
[M::mem_process_seqs] Processed 1011416 reads in 128.371 CPU sec, 16.732 real sec
[M::process] read 1015780 sequences (80000102 bp)...
[M::mem_pestat] # candidate unique pairs for (FF, FR, RF, RR): (6, 405335, 4, 3)
[M::mem_pestat] skip orientation FF as there are not enough pairs
[M::mem_pestat] analyzing insert size distribution for orientation FR...
[M::mem_pestat] (25, 50, 75) percentile: (53, 147, 240)
[M::mem_pestat] low and high boundaries for computing mean and std.dev: (1, 614)
[M::mem_pestat] mean and std.dev: (169.40, 138.88)
[M::mem_pestat] low and high boundaries for proper pairs: (1, 801)
[M::mem_pestat] skip orientation RF as there are not enough pairs
[M::mem_pestat] skip orientation RR as there are not enough pairs
[M::mem_process_seqs] Processed 1015780 reads in 128.810 CPU sec, 16.783 real sec
[M::process] read 1021720 sequences (80000009 bp)...
[M::mem_pestat] # candidate unique pairs for (FF, FR, RF, RR): (4, 406483, 1, 4)
[M::mem_pestat] skip orientation FF as there are not enough pairs
[M::mem_pestat] analyzing insert size distribution for orientation FR...
[M::mem_pestat] (25, 50, 75) percentile: (52, 136, 235)
[M::mem_pestat] low and high boundaries for computing mean and std.dev: (1, 601)
[M::mem_pestat] mean and std.dev: (164.48, 134.48)
[M::mem_pestat] low and high boundaries for proper pairs: (1, 784)
[M::mem_pestat] skip orientation RF as there are not enough pairs
[M::mem_pestat] skip orientation RR as there are not enough pairs
[M::mem_process_seqs] Processed 1021720 reads in 127.919 CPU sec, 16.781 real sec
[M::process] read 1020558 sequences (80000141 bp)...
[M::mem_pestat] # candidate unique pairs for (FF, FR, RF, RR): (4, 405806, 7, 5)
[M::mem_pestat] skip orientation FF as there are not enough pairs
[M::mem_pestat] analyzing insert size distribution for orientation FR...
[M::mem_pestat] (25, 50, 75) percentile: (53, 137, 236)
[M::mem_pestat] low and high boundaries for computing mean and std.dev: (1, 602)
[M::mem_pestat] mean and std.dev: (165.36, 135.03)
[M::mem_pestat] low and high boundaries for proper pairs: (1, 785)
[M::mem_pestat] skip orientation RF as there are not enough pairs
[M::mem_pestat] skip orientation RR as there are not enough pairs
[M::mem_process_seqs] Processed 1020558 reads in 128.877 CPU sec, 16.737 real sec
[M::process] read 1021790 sequences (80000013 bp)...
[M::mem_pestat] # candidate unique pairs for (FF, FR, RF, RR): (9, 405877, 2, 5)
[M::mem_pestat] skip orientation FF as there are not enough pairs
[M::mem_pestat] analyzing insert size distribution for orientation FR...
[M::mem_pestat] (25, 50, 75) percentile: (53, 135, 234)
[M::mem_pestat] low and high boundaries for computing mean and std.dev: (1, 596)
[M::mem_pestat] mean and std.dev: (163.61, 132.93)
[M::mem_pestat] low and high boundaries for proper pairs: (1, 777)
[M::mem_pestat] skip orientation RF as there are not enough pairs
[M::mem_pestat] skip orientation RR as there are not enough pairs
[M::mem_process_seqs] Processed 1021790 reads in 129.682 CPU sec, 16.771 real sec
[M::process] read 1023514 sequences (80000150 bp)...
[M::mem_pestat] # candidate unique pairs for (FF, FR, RF, RR): (2, 406388, 3, 6)
[M::mem_pestat] skip orientation FF as there are not enough pairs
[M::mem_pestat] analyzing insert size distribution for orientation FR...
[M::mem_pestat] (25, 50, 75) percentile: (53, 131, 232)
[M::mem_pestat] low and high boundaries for computing mean and std.dev: (1, 590)
[M::mem_pestat] mean and std.dev: (161.87, 131.26)
[M::mem_pestat] low and high boundaries for proper pairs: (1, 769)
[M::mem_pestat] skip orientation RF as there are not enough pairs
[M::mem_pestat] skip orientation RR as there are not enough pairs
[M::mem_process_seqs] Processed 1023514 reads in 130.444 CPU sec, 16.905 real sec
[M::process] read 1025278 sequences (80000070 bp)...
[M::mem_pestat] # candidate unique pairs for (FF, FR, RF, RR): (0, 406306, 5, 6)
[M::mem_pestat] skip orientation FF as there are not enough pairs
[M::mem_pestat] analyzing insert size distribution for orientation FR...
[M::mem_pestat] (25, 50, 75) percentile: (53, 127, 231)
[M::mem_pestat] low and high boundaries for computing mean and std.dev: (1, 587)
[M::mem_pestat] mean and std.dev: (160.32, 129.65)
[M::mem_pestat] low and high boundaries for proper pairs: (1, 765)
[M::mem_pestat] skip orientation RF as there are not enough pairs
[M::mem_pestat] skip orientation RR as there are not enough pairs
[M::mem_process_seqs] Processed 1025278 reads in 130.692 CPU sec, 16.967 real sec
[M::process] read 1026184 sequences (80000141 bp)...
[M::mem_pestat] # candidate unique pairs for (FF, FR, RF, RR): (6, 406156, 2, 5)
[M::mem_pestat] skip orientation FF as there are not enough pairs
[M::mem_pestat] analyzing insert size distribution for orientation FR...
[M::mem_pestat] (25, 50, 75) percentile: (53, 126, 229)
[M::mem_pestat] low and high boundaries for computing mean and std.dev: (1, 581)
[M::mem_pestat] mean and std.dev: (158.97, 127.63)
[M::mem_pestat] low and high boundaries for proper pairs: (1, 757)
[M::mem_pestat] skip orientation RF as there are not enough pairs
[M::mem_pestat] skip orientation RR as there are not enough pairs
[M::mem_process_seqs] Processed 1026184 reads in 131.295 CPU sec, 17.174 real sec
[M::process] read 1016356 sequences (80000119 bp)...
[M::mem_pestat] # candidate unique pairs for (FF, FR, RF, RR): (7, 404340, 2, 2)
[M::mem_pestat] skip orientation FF as there are not enough pairs
[M::mem_pestat] analyzing insert size distribution for orientation FR...
[M::mem_pestat] (25, 50, 75) percentile: (53, 148, 240)
[M::mem_pestat] low and high boundaries for computing mean and std.dev: (1, 614)
[M::mem_pestat] mean and std.dev: (169.61, 138.79)
[M::mem_pestat] low and high boundaries for proper pairs: (1, 801)
[M::mem_pestat] skip orientation RF as there are not enough pairs
[M::mem_pestat] skip orientation RR as there are not enough pairs
[M::mem_process_seqs] Processed 1016356 reads in 130.968 CPU sec, 17.152 real sec
[M::process] read 1013702 sequences (80000056 bp)...
[M::mem_pestat] # candidate unique pairs for (FF, FR, RF, RR): (5, 403991, 4, 2)
[M::mem_pestat] skip orientation FF as there are not enough pairs
[M::mem_pestat] analyzing insert size distribution for orientation FR...
[M::mem_pestat] (25, 50, 75) percentile: (53, 151, 243)
[M::mem_pestat] low and high boundaries for computing mean and std.dev: (1, 623)
[M::mem_pestat] mean and std.dev: (172.12, 141.72)
[M::mem_pestat] low and high boundaries for proper pairs: (1, 813)
[M::mem_pestat] skip orientation RF as there are not enough pairs
[M::mem_pestat] skip orientation RR as there are not enough pairs
[M::mem_process_seqs] Processed 1013702 reads in 131.827 CPU sec, 17.160 real sec
[M::process] read 1017378 sequences (80000148 bp)...
[M::mem_pestat] # candidate unique pairs for (FF, FR, RF, RR): (10, 404990, 4, 6)
[M::mem_pestat] analyzing insert size distribution for orientation FF...
[M::mem_pestat] (25, 50, 75) percentile: (37, 72, 195)
[M::mem_pestat] low and high boundaries for computing mean and std.dev: (1, 511)
[M::mem_pestat] mean and std.dev: (92.22, 69.12)
[M::mem_pestat] low and high boundaries for proper pairs: (1, 669)
[M::mem_pestat] analyzing insert size distribution for orientation FR...
[M::mem_pestat] (25, 50, 75) percentile: (53, 146, 240)
[M::mem_pestat] low and high boundaries for computing mean and std.dev: (1, 614)
[M::mem_pestat] mean and std.dev: (169.01, 139.15)
[M::mem_pestat] low and high boundaries for proper pairs: (1, 801)
[M::mem_pestat] skip orientation RF as there are not enough pairs
[M::mem_pestat] skip orientation RR as there are not enough pairs
[M::mem_pestat] skip orientation FF
[M::mem_process_seqs] Processed 1017378 reads in 132.411 CPU sec, 17.360 real sec
[M::process] read 1021986 sequences (80000110 bp)...
[M::mem_pestat] # candidate unique pairs for (FF, FR, RF, RR): (7, 406983, 1, 6)
[M::mem_pestat] skip orientation FF as there are not enough pairs
[M::mem_pestat] analyzing insert size distribution for orientation FR...
[M::mem_pestat] (25, 50, 75) percentile: (52, 137, 236)
[M::mem_pestat] low and high boundaries for computing mean and std.dev: (1, 604)
[M::mem_pestat] mean and std.dev: (165.35, 135.85)
[M::mem_pestat] low and high boundaries for proper pairs: (1, 788)
[M::mem_pestat] skip orientation RF as there are not enough pairs
[M::mem_pestat] skip orientation RR as there are not enough pairs
[M::mem_process_seqs] Processed 1021986 reads in 132.026 CPU sec, 17.271 real sec
[M::process] read 1021920 sequences (80000093 bp)...
[M::mem_pestat] # candidate unique pairs for (FF, FR, RF, RR): (5, 406276, 5, 5)
[M::mem_pestat] skip orientation FF as there are not enough pairs
[M::mem_pestat] analyzing insert size distribution for orientation FR...
[M::mem_pestat] (25, 50, 75) percentile: (53, 136, 236)
[M::mem_pestat] low and high boundaries for computing mean and std.dev: (1, 602)
[M::mem_pestat] mean and std.dev: (165.17, 135.30)
[M::mem_pestat] low and high boundaries for proper pairs: (1, 785)
[M::mem_pestat] skip orientation RF as there are not enough pairs
[M::mem_pestat] skip orientation RR as there are not enough pairs
[M::mem_process_seqs] Processed 1021920 reads in 132.958 CPU sec, 17.389 real sec
[M::process] read 1023284 sequences (80000161 bp)...
[M::mem_pestat] # candidate unique pairs for (FF, FR, RF, RR): (3, 405793, 6, 2)
[M::mem_pestat] skip orientation FF as there are not enough pairs
[M::mem_pestat] analyzing insert size distribution for orientation FR...
[M::mem_pestat] (25, 50, 75) percentile: (53, 135, 235)
[M::mem_pestat] low and high boundaries for computing mean and std.dev: (1, 599)
[M::mem_pestat] mean and std.dev: (164.01, 133.92)
[M::mem_pestat] low and high boundaries for proper pairs: (1, 781)
[M::mem_pestat] skip orientation RF as there are not enough pairs
[M::mem_pestat] skip orientation RR as there are not enough pairs
[M::mem_process_seqs] Processed 1023284 reads in 132.803 CPU sec, 17.244 real sec
[M::process] read 1024894 sequences (80000076 bp)...
[M::mem_pestat] # candidate unique pairs for (FF, FR, RF, RR): (5, 406036, 1, 4)
[M::mem_pestat] skip orientation FF as there are not enough pairs
[M::mem_pestat] analyzing insert size distribution for orientation FR...
[M::mem_pestat] (25, 50, 75) percentile: (53, 129, 232)
[M::mem_pestat] low and high boundaries for computing mean and std.dev: (1, 590)
[M::mem_pestat] mean and std.dev: (161.27, 130.90)
[M::mem_pestat] low and high boundaries for proper pairs: (1, 769)
[M::mem_pestat] skip orientation RF as there are not enough pairs
[M::mem_pestat] skip orientation RR as there are not enough pairs
[M::mem_process_seqs] Processed 1024894 reads in 133.554 CPU sec, 17.402 real sec
[M::process] read 1026952 sequences (80000145 bp)...
[M::mem_pestat] # candidate unique pairs for (FF, FR, RF, RR): (7, 406689, 4, 4)
[M::mem_pestat] skip orientation FF as there are not enough pairs
[M::mem_pestat] analyzing insert size distribution for orientation FR...
[M::mem_pestat] (25, 50, 75) percentile: (52, 128, 231)
[M::mem_pestat] low and high boundaries for computing mean and std.dev: (1, 589)
[M::mem_pestat] mean and std.dev: (160.77, 130.45)
[M::mem_pestat] low and high boundaries for proper pairs: (1, 768)
[M::mem_pestat] skip orientation RF as there are not enough pairs
[M::mem_pestat] skip orientation RR as there are not enough pairs
[M::mem_process_seqs] Processed 1026952 reads in 133.450 CPU sec, 17.354 real sec
[M::process] read 1026958 sequences (80000184 bp)...
[M::mem_pestat] # candidate unique pairs for (FF, FR, RF, RR): (2, 406300, 1, 1)
[M::mem_pestat] skip orientation FF as there are not enough pairs
[M::mem_pestat] analyzing insert size distribution for orientation FR...
[M::mem_pestat] (25, 50, 75) percentile: (53, 126, 229)
[M::mem_pestat] low and high boundaries for computing mean and std.dev: (1, 581)
[M::mem_pestat] mean and std.dev: (158.87, 127.74)
[M::mem_pestat] low and high boundaries for proper pairs: (1, 757)
[M::mem_pestat] skip orientation RF as there are not enough pairs
[M::mem_pestat] skip orientation RR as there are not enough pairs
[M::mem_process_seqs] Processed 1026958 reads in 133.222 CPU sec, 17.168 real sec
[M::process] read 1025476 sequences (80000083 bp)...
[M::mem_pestat] # candidate unique pairs for (FF, FR, RF, RR): (5, 405045, 3, 3)
[M::mem_pestat] skip orientation FF as there are not enough pairs
[M::mem_pestat] analyzing insert size distribution for orientation FR...
[M::mem_pestat] (25, 50, 75) percentile: (53, 133, 232)
[M::mem_pestat] low and high boundaries for computing mean and std.dev: (1, 590)
[M::mem_pestat] mean and std.dev: (161.94, 130.36)
[M::mem_pestat] low and high boundaries for proper pairs: (1, 769)
[M::mem_pestat] skip orientation RF as there are not enough pairs
[M::mem_pestat] skip orientation RR as there are not enough pairs
[M::mem_process_seqs] Processed 1025476 reads in 138.808 CPU sec, 17.940 real sec
[M::process] read 1012166 sequences (80000033 bp)...
[M::mem_pestat] # candidate unique pairs for (FF, FR, RF, RR): (2, 398173, 3, 3)
[M::mem_pestat] skip orientation FF as there are not enough pairs
[M::mem_pestat] analyzing insert size distribution for orientation FR...
[M::mem_pestat] (25, 50, 75) percentile: (55, 159, 248)
[M::mem_pestat] low and high boundaries for computing mean and std.dev: (1, 634)
[M::mem_pestat] mean and std.dev: (176.47, 144.63)
[M::mem_pestat] low and high boundaries for proper pairs: (1, 827)
[M::mem_pestat] skip orientation RF as there are not enough pairs
[M::mem_pestat] skip orientation RR as there are not enough pairs
[M::mem_process_seqs] Processed 1012166 reads in 148.369 CPU sec, 19.299 real sec
[M::process] read 1014168 sequences (80000145 bp)...
[M::mem_pestat] # candidate unique pairs for (FF, FR, RF, RR): (3, 400339, 5, 4)
[M::mem_pestat] skip orientation FF as there are not enough pairs
[M::mem_pestat] analyzing insert size distribution for orientation FR...
[M::mem_pestat] (25, 50, 75) percentile: (54, 154, 245)
[M::mem_pestat] low and high boundaries for computing mean and std.dev: (1, 627)
[M::mem_pestat] mean and std.dev: (173.84, 142.58)
[M::mem_pestat] low and high boundaries for proper pairs: (1, 818)
[M::mem_pestat] skip orientation RF as there are not enough pairs
[M::mem_pestat] skip orientation RR as there are not enough pairs
[M::mem_process_seqs] Processed 1014168 reads in 153.609 CPU sec, 20.039 real sec
[M::process] read 1016576 sequences (80000074 bp)...
[M::mem_pestat] # candidate unique pairs for (FF, FR, RF, RR): (8, 403206, 4, 5)
[M::mem_pestat] skip orientation FF as there are not enough pairs
[M::mem_pestat] analyzing insert size distribution for orientation FR...
[M::mem_pestat] (25, 50, 75) percentile: (53, 149, 241)
[M::mem_pestat] low and high boundaries for computing mean and std.dev: (1, 617)
[M::mem_pestat] mean and std.dev: (170.40, 140.00)
[M::mem_pestat] low and high boundaries for proper pairs: (1, 805)
[M::mem_pestat] skip orientation RF as there are not enough pairs
[M::mem_pestat] skip orientation RR as there are not enough pairs
[M::mem_process_seqs] Processed 1016576 reads in 147.964 CPU sec, 19.196 real sec
[M::process] read 1025190 sequences (80000118 bp)...
[M::mem_pestat] # candidate unique pairs for (FF, FR, RF, RR): (7, 405113, 5, 3)
[M::mem_pestat] skip orientation FF as there are not enough pairs
[M::mem_pestat] analyzing insert size distribution for orientation FR...
[M::mem_pestat] (25, 50, 75) percentile: (52, 132, 235)
[M::mem_pestat] low and high boundaries for computing mean and std.dev: (1, 601)
[M::mem_pestat] mean and std.dev: (163.56, 134.42)
[M::mem_pestat] low and high boundaries for proper pairs: (1, 784)
[M::mem_pestat] skip orientation RF as there are not enough pairs
[M::mem_pestat] skip orientation RR as there are not enough pairs
[M::mem_process_seqs] Processed 1025190 reads in 140.312 CPU sec, 18.166 real sec
[M::process] read 1025236 sequences (80000022 bp)...
[M::mem_pestat] # candidate unique pairs for (FF, FR, RF, RR): (6, 403105, 2, 7)
[M::mem_pestat] skip orientation FF as there are not enough pairs
[M::mem_pestat] analyzing insert size distribution for orientation FR...
[M::mem_pestat] (25, 50, 75) percentile: (53, 132, 234)
[M::mem_pestat] low and high boundaries for computing mean and std.dev: (1, 596)
[M::mem_pestat] mean and std.dev: (163.20, 133.25)
[M::mem_pestat] low and high boundaries for proper pairs: (1, 777)
[M::mem_pestat] skip orientation RF as there are not enough pairs
[M::mem_pestat] skip orientation RR as there are not enough pairs
[M::mem_process_seqs] Processed 1025236 reads in 147.392 CPU sec, 19.128 real sec
[M::process] read 1024282 sequences (80000115 bp)...
[M::mem_pestat] # candidate unique pairs for (FF, FR, RF, RR): (7, 405443, 3, 4)
[M::mem_pestat] skip orientation FF as there are not enough pairs
[M::mem_pestat] analyzing insert size distribution for orientation FR...
[M::mem_pestat] (25, 50, 75) percentile: (52, 131, 233)
[M::mem_pestat] low and high boundaries for computing mean and std.dev: (1, 595)
[M::mem_pestat] mean and std.dev: (162.32, 132.22)
[M::mem_pestat] low and high boundaries for proper pairs: (1, 776)
[M::mem_pestat] skip orientation RF as there are not enough pairs
[M::mem_pestat] skip orientation RR as there are not enough pairs
[M::mem_process_seqs] Processed 1024282 reads in 137.626 CPU sec, 17.903 real sec
[M::process] read 1028828 sequences (80000198 bp)...
[M::mem_pestat] # candidate unique pairs for (FF, FR, RF, RR): (3, 405614, 2, 5)
[M::mem_pestat] skip orientation FF as there are not enough pairs
[M::mem_pestat] analyzing insert size distribution for orientation FR...
[M::mem_pestat] (25, 50, 75) percentile: (52, 125, 231)
[M::mem_pestat] low and high boundaries for computing mean and std.dev: (1, 589)
[M::mem_pestat] mean and std.dev: (160.27, 130.53)
[M::mem_pestat] low and high boundaries for proper pairs: (1, 768)
[M::mem_pestat] skip orientation RF as there are not enough pairs
[M::mem_pestat] skip orientation RR as there are not enough pairs
[M::mem_process_seqs] Processed 1028828 reads in 147.038 CPU sec, 19.131 real sec
[M::process] read 1030790 sequences (80000083 bp)...
[M::mem_pestat] # candidate unique pairs for (FF, FR, RF, RR): (2, 405746, 5, 2)
[M::mem_pestat] skip orientation FF as there are not enough pairs
[M::mem_pestat] analyzing insert size distribution for orientation FR...
[M::mem_pestat] (25, 50, 75) percentile: (52, 121, 229)
[M::mem_pestat] low and high boundaries for computing mean and std.dev: (1, 583)
[M::mem_pestat] mean and std.dev: (158.23, 128.32)
[M::mem_pestat] low and high boundaries for proper pairs: (1, 760)
[M::mem_pestat] skip orientation RF as there are not enough pairs
[M::mem_pestat] skip orientation RR as there are not enough pairs
[M::mem_process_seqs] Processed 1030790 reads in 140.978 CPU sec, 18.226 real sec
[M::process] read 1024392 sequences (80000126 bp)...
[M::mem_pestat] # candidate unique pairs for (FF, FR, RF, RR): (7, 398151, 1, 5)
[M::mem_pestat] skip orientation FF as there are not enough pairs
[M::mem_pestat] analyzing insert size distribution for orientation FR...
[M::mem_pestat] (25, 50, 75) percentile: (55, 147, 236)
[M::mem_pestat] low and high boundaries for computing mean and std.dev: (1, 598)
[M::mem_pestat] mean and std.dev: (166.49, 133.25)
[M::mem_pestat] low and high boundaries for proper pairs: (1, 779)
[M::mem_pestat] skip orientation RF as there are not enough pairs
[M::mem_pestat] skip orientation RR as there are not enough pairs
[M::mem_process_seqs] Processed 1024392 reads in 142.863 CPU sec, 18.870 real sec
[M::process] read 1008202 sequences (80000151 bp)...
[M::mem_pestat] # candidate unique pairs for (FF, FR, RF, RR): (4, 401332, 3, 8)
[M::mem_pestat] skip orientation FF as there are not enough pairs
[M::mem_pestat] analyzing insert size distribution for orientation FR...
[M::mem_pestat] (25, 50, 75) percentile: (54, 161, 249)
[M::mem_pestat] low and high boundaries for computing mean and std.dev: (1, 639)
[M::mem_pestat] mean and std.dev: (177.18, 145.63)
[M::mem_pestat] low and high boundaries for proper pairs: (1, 834)
[M::mem_pestat] skip orientation RF as there are not enough pairs
[M::mem_pestat] skip orientation RR as there are not enough pairs
[M::mem_process_seqs] Processed 1008202 reads in 133.724 CPU sec, 17.548 real sec
[M::process] read 1010874 sequences (80000086 bp)...
[M::mem_pestat] # candidate unique pairs for (FF, FR, RF, RR): (6, 401795, 10, 4)
[M::mem_pestat] skip orientation FF as there are not enough pairs
[M::mem_pestat] analyzing insert size distribution for orientation FR...
[M::mem_pestat] (25, 50, 75) percentile: (54, 157, 246)
[M::mem_pestat] low and high boundaries for computing mean and std.dev: (1, 630)
[M::mem_pestat] mean and std.dev: (174.80, 143.42)
[M::mem_pestat] low and high boundaries for proper pairs: (1, 822)
[M::mem_pestat] analyzing insert size distribution for orientation RF...
[M::mem_pestat] (25, 50, 75) percentile: (76, 195, 359)
[M::mem_pestat] low and high boundaries for computing mean and std.dev: (1, 925)
[M::mem_pestat] mean and std.dev: (235.40, 193.26)
[M::mem_pestat] low and high boundaries for proper pairs: (1, 1208)
[M::mem_pestat] skip orientation RR as there are not enough pairs
[M::mem_pestat] skip orientation RF
[M::mem_process_seqs] Processed 1010874 reads in 136.566 CPU sec, 17.757 real sec
[M::process] read 1012782 sequences (80000009 bp)...
[M::mem_pestat] # candidate unique pairs for (FF, FR, RF, RR): (2, 403553, 7, 3)
[M::mem_pestat] skip orientation FF as there are not enough pairs
[M::mem_pestat] analyzing insert size distribution for orientation FR...
[M::mem_pestat] (25, 50, 75) percentile: (54, 151, 243)
[M::mem_pestat] low and high boundaries for computing mean and std.dev: (1, 621)
[M::mem_pestat] mean and std.dev: (172.20, 141.03)
[M::mem_pestat] low and high boundaries for proper pairs: (1, 810)
[M::mem_pestat] skip orientation RF as there are not enough pairs
[M::mem_pestat] skip orientation RR as there are not enough pairs
[M::mem_process_seqs] Processed 1012782 reads in 135.939 CPU sec, 17.674 real sec
[M::process] read 1018464 sequences (80000069 bp)...
[M::mem_pestat] # candidate unique pairs for (FF, FR, RF, RR): (4, 404671, 5, 4)
[M::mem_pestat] skip orientation FF as there are not enough pairs
[M::mem_pestat] analyzing insert size distribution for orientation FR...
[M::mem_pestat] (25, 50, 75) percentile: (53, 144, 238)
[M::mem_pestat] low and high boundaries for computing mean and std.dev: (1, 608)
[M::mem_pestat] mean and std.dev: (167.58, 137.05)
[M::mem_pestat] low and high boundaries for proper pairs: (1, 793)
[M::mem_pestat] skip orientation RF as there are not enough pairs
[M::mem_pestat] skip orientation RR as there are not enough pairs
[M::mem_process_seqs] Processed 1018464 reads in 136.102 CPU sec, 17.729 real sec
[M::process] read 1017422 sequences (80000038 bp)...
[M::mem_pestat] # candidate unique pairs for (FF, FR, RF, RR): (3, 403336, 5, 1)
[M::mem_pestat] skip orientation FF as there are not enough pairs
[M::mem_pestat] analyzing insert size distribution for orientation FR...
[M::mem_pestat] (25, 50, 75) percentile: (53, 146, 239)
[M::mem_pestat] low and high boundaries for computing mean and std.dev: (1, 611)
[M::mem_pestat] mean and std.dev: (168.47, 137.63)
[M::mem_pestat] low and high boundaries for proper pairs: (1, 797)
[M::mem_pestat] skip orientation RF as there are not enough pairs
[M::mem_pestat] skip orientation RR as there are not enough pairs
[M::mem_process_seqs] Processed 1017422 reads in 135.549 CPU sec, 17.602 real sec
[M::process] read 1019526 sequences (80000138 bp)...
[M::mem_pestat] # candidate unique pairs for (FF, FR, RF, RR): (4, 405031, 3, 1)
[M::mem_pestat] skip orientation FF as there are not enough pairs
[M::mem_pestat] analyzing insert size distribution for orientation FR...
[M::mem_pestat] (25, 50, 75) percentile: (53, 138, 236)
[M::mem_pestat] low and high boundaries for computing mean and std.dev: (1, 602)
[M::mem_pestat] mean and std.dev: (165.54, 134.76)
[M::mem_pestat] low and high boundaries for proper pairs: (1, 785)
[M::mem_pestat] skip orientation RF as there are not enough pairs
[M::mem_pestat] skip orientation RR as there are not enough pairs
[M::mem_process_seqs] Processed 1019526 reads in 132.172 CPU sec, 17.165 real sec
[M::process] read 1021018 sequences (80000115 bp)...
[M::mem_pestat] # candidate unique pairs for (FF, FR, RF, RR): (4, 405499, 2, 3)
[M::mem_pestat] skip orientation FF as there are not enough pairs
[M::mem_pestat] analyzing insert size distribution for orientation FR...
[M::mem_pestat] (25, 50, 75) percentile: (53, 137, 234)
[M::mem_pestat] low and high boundaries for computing mean and std.dev: (1, 596)
[M::mem_pestat] mean and std.dev: (163.91, 132.91)
[M::mem_pestat] low and high boundaries for proper pairs: (1, 777)
[M::mem_pestat] skip orientation RF as there are not enough pairs
[M::mem_pestat] skip orientation RR as there are not enough pairs
[M::mem_process_seqs] Processed 1021018 reads in 132.826 CPU sec, 17.429 real sec
[M::process] read 1022200 sequences (80000187 bp)...
[M::mem_pestat] # candidate unique pairs for (FF, FR, RF, RR): (3, 405289, 8, 3)
[M::mem_pestat] skip orientation FF as there are not enough pairs
[M::mem_pestat] analyzing insert size distribution for orientation FR...
[M::mem_pestat] (25, 50, 75) percentile: (53, 135, 233)
[M::mem_pestat] low and high boundaries for computing mean and std.dev: (1, 593)
[M::mem_pestat] mean and std.dev: (162.95, 131.82)
[M::mem_pestat] low and high boundaries for proper pairs: (1, 773)
[M::mem_pestat] skip orientation RF as there are not enough pairs
[M::mem_pestat] skip orientation RR as there are not enough pairs
[M::mem_process_seqs] Processed 1022200 reads in 134.868 CPU sec, 17.661 real sec
[M::process] read 1024676 sequences (80000064 bp)...
[M::mem_pestat] # candidate unique pairs for (FF, FR, RF, RR): (6, 405094, 5, 1)
[M::mem_pestat] skip orientation FF as there are not enough pairs
[M::mem_pestat] analyzing insert size distribution for orientation FR...
[M::mem_pestat] (25, 50, 75) percentile: (53, 131, 231)
[M::mem_pestat] low and high boundaries for computing mean and std.dev: (1, 587)
[M::mem_pestat] mean and std.dev: (160.87, 129.48)
[M::mem_pestat] low and high boundaries for proper pairs: (1, 765)
[M::mem_pestat] skip orientation RF as there are not enough pairs
[M::mem_pestat] skip orientation RR as there are not enough pairs
[M::mem_process_seqs] Processed 1024676 reads in 134.593 CPU sec, 17.693 real sec
[M::process] read 340480 sequences (26420818 bp)...
[M::mem_pestat] # candidate unique pairs for (FF, FR, RF, RR): (0, 134851, 1, 2)
[M::mem_pestat] skip orientation FF as there are not enough pairs
[M::mem_pestat] analyzing insert size distribution for orientation FR...
[M::mem_pestat] (25, 50, 75) percentile: (53, 129, 229)
[M::mem_pestat] low and high boundaries for computing mean and std.dev: (1, 581)
[M::mem_pestat] mean and std.dev: (159.32, 126.86)
[M::mem_pestat] low and high boundaries for proper pairs: (1, 757)
[M::mem_pestat] skip orientation RF as there are not enough pairs
[M::mem_pestat] skip orientation RR as there are not enough pairs
[M::mem_process_seqs] Processed 340480 reads in 46.350 CPU sec, 5.978 real sec
[main] Version: 0.7.17-r1188
[main] CMD: bwa mem -M -t 8 /data/project/sen-lab/genome/hg38/bwa/Homo_sapiens_assembly38.fasta /data/scratch/flanary/atac-seq/untreated/GSE138293/trimmed_fastq/SRR10215686_1_val_1.fq /data/scratch/flanary/atac-seq/untreated/GSE138293/trimmed_fastq/SRR10215686_2_val_2.fq
[main] Real time: 1398.829 sec; CPU: 7481.529 sec
