null device 
          1 
null device 
          1 
[1] "Clustering at Louvain resolution 0.1"
Modularity Optimizer version 1.3.0 by Ludo Waltman and Nees Jan van Eck

Number of nodes: 326245
Number of edges: 11279364

Running Louvain algorithm...
Maximum modularity in 10 random starts: 0.9858
Number of communities: 30
Elapsed time: 137 seconds
[1] "Finished clustering at Louvain resolution 0.1"
[1] "Clustering at Louvain resolution 0.2"
Modularity Optimizer version 1.3.0 by Ludo Waltman and Nees Jan van Eck

Number of nodes: 326245
Number of edges: 11279364

Running Louvain algorithm...
Maximum modularity in 10 random starts: 0.9792
Number of communities: 40
Elapsed time: 144 seconds
[1] "Finished clustering at Louvain resolution 0.2"
[1] "Clustering at Louvain resolution 0.3"
Modularity Optimizer version 1.3.0 by Ludo Waltman and Nees Jan van Eck

Number of nodes: 326245
Number of edges: 11279364

Running Louvain algorithm...
Maximum modularity in 10 random starts: 0.9746
Number of communities: 46
Elapsed time: 141 seconds
[1] "Finished clustering at Louvain resolution 0.3"
[1] "Clustering at Louvain resolution 0.4"
Modularity Optimizer version 1.3.0 by Ludo Waltman and Nees Jan van Eck

Number of nodes: 326245
Number of edges: 11279364

Running Louvain algorithm...
Maximum modularity in 10 random starts: 0.9704
Number of communities: 51
Elapsed time: 150 seconds
[1] "Finished clustering at Louvain resolution 0.4"
[1] "Clustering at Louvain resolution 0.5"
Modularity Optimizer version 1.3.0 by Ludo Waltman and Nees Jan van Eck

Number of nodes: 326245
Number of edges: 11279364

Running Louvain algorithm...
Maximum modularity in 10 random starts: 0.9670
Number of communities: 57
Elapsed time: 151 seconds
[1] "Finished clustering at Louvain resolution 0.5"
[1] "Clustering at Louvain resolution 0.6"
Modularity Optimizer version 1.3.0 by Ludo Waltman and Nees Jan van Eck

Number of nodes: 326245
Number of edges: 11279364

Running Louvain algorithm...
Maximum modularity in 10 random starts: 0.9638
Number of communities: 59
Elapsed time: 140 seconds
[1] "Finished clustering at Louvain resolution 0.6"
[1] "Clustering at Louvain resolution 0.7"
Modularity Optimizer version 1.3.0 by Ludo Waltman and Nees Jan van Eck

Number of nodes: 326245
Number of edges: 11279364

Running Louvain algorithm...
Maximum modularity in 10 random starts: 0.9611
Number of communities: 65
Elapsed time: 152 seconds
[1] "Finished clustering at Louvain resolution 0.7"
[1] "Clustering at Louvain resolution 0.8"
Modularity Optimizer version 1.3.0 by Ludo Waltman and Nees Jan van Eck

Number of nodes: 326245
Number of edges: 11279364

Running Louvain algorithm...
Maximum modularity in 10 random starts: 0.9584
Number of communities: 70
Elapsed time: 169 seconds
[1] "Finished clustering at Louvain resolution 0.8"
[1] "Clustering at Louvain resolution 0.9"
Modularity Optimizer version 1.3.0 by Ludo Waltman and Nees Jan van Eck

Number of nodes: 326245
Number of edges: 11279364

Running Louvain algorithm...
Maximum modularity in 10 random starts: 0.9565
Number of communities: 73
Elapsed time: 145 seconds
[1] "Finished clustering at Louvain resolution 0.9"
null device 
          1 
null device 
          1 
[1] "Clustering at Louvain resolution 0.1"
Modularity Optimizer version 1.3.0 by Ludo Waltman and Nees Jan van Eck

Number of nodes: 326245
Number of edges: 10421483

Running Louvain algorithm...
Maximum modularity in 10 random starts: 0.9796
Number of communities: 20
Elapsed time: 203 seconds
[1] "Finished clustering at Louvain resolution 0.1"
[1] "Clustering at Louvain resolution 0.2"
Modularity Optimizer version 1.3.0 by Ludo Waltman and Nees Jan van Eck

Number of nodes: 326245
Number of edges: 10421483

Running Louvain algorithm...
Maximum modularity in 10 random starts: 0.9690
Number of communities: 27
Elapsed time: 183 seconds
[1] "Finished clustering at Louvain resolution 0.2"
[1] "Clustering at Louvain resolution 0.3"
Modularity Optimizer version 1.3.0 by Ludo Waltman and Nees Jan van Eck

Number of nodes: 326245
Number of edges: 10421483

Running Louvain algorithm...
Maximum modularity in 10 random starts: 0.9613
Number of communities: 32
Elapsed time: 217 seconds
[1] "Finished clustering at Louvain resolution 0.3"
[1] "Clustering at Louvain resolution 0.4"
Modularity Optimizer version 1.3.0 by Ludo Waltman and Nees Jan van Eck

Number of nodes: 326245
Number of edges: 10421483

Running Louvain algorithm...
Maximum modularity in 10 random starts: 0.9549
Number of communities: 40
Elapsed time: 201 seconds
[1] "Finished clustering at Louvain resolution 0.4"
[1] "Clustering at Louvain resolution 0.5"
Modularity Optimizer version 1.3.0 by Ludo Waltman and Nees Jan van Eck

Number of nodes: 326245
Number of edges: 10421483

Running Louvain algorithm...
Maximum modularity in 10 random starts: 0.9503
Number of communities: 43
Elapsed time: 211 seconds
[1] "Finished clustering at Louvain resolution 0.5"
[1] "Clustering at Louvain resolution 0.6"
Modularity Optimizer version 1.3.0 by Ludo Waltman and Nees Jan van Eck

Number of nodes: 326245
Number of edges: 10421483

Running Louvain algorithm...
Maximum modularity in 10 random starts: 0.9464
Number of communities: 47
Elapsed time: 204 seconds
[1] "Finished clustering at Louvain resolution 0.6"
[1] "Clustering at Louvain resolution 0.7"
Modularity Optimizer version 1.3.0 by Ludo Waltman and Nees Jan van Eck

Number of nodes: 326245
Number of edges: 10421483

Running Louvain algorithm...
Maximum modularity in 10 random starts: 0.9423
Number of communities: 49
Elapsed time: 204 seconds
[1] "Finished clustering at Louvain resolution 0.7"
[1] "Clustering at Louvain resolution 0.8"
Modularity Optimizer version 1.3.0 by Ludo Waltman and Nees Jan van Eck

Number of nodes: 326245
Number of edges: 10421483

Running Louvain algorithm...
Maximum modularity in 10 random starts: 0.9391
Number of communities: 51
Elapsed time: 187 seconds
[1] "Finished clustering at Louvain resolution 0.8"
[1] "Clustering at Louvain resolution 0.9"
Modularity Optimizer version 1.3.0 by Ludo Waltman and Nees Jan van Eck

Number of nodes: 326245
Number of edges: 10421483

Running Louvain algorithm...
Maximum modularity in 10 random starts: 0.9357
Number of communities: 56
Elapsed time: 210 seconds
[1] "Finished clustering at Louvain resolution 0.9"
null device 
          1 
null device 
          1 
done
