[2025-02-02 17:10:52,456] multiqc.core.tmp_dir                               [DEBUG  ]  Using new temporary directory: /scratch/local/tmpqsh_cgbt
[2025-02-02 17:10:52,457] root                                               [DEBUG  ]  Logging to file: /scratch/local/tmpqsh_cgbt/multiqc.log

/// MultiQC v1.27

[2025-02-02 17:10:52,460] multiqc.core.update_config                         [DEBUG  ]  This is MultiQC v1.27
[2025-02-02 17:10:52,460] multiqc.core.update_config                         [DEBUG  ]  Running Python 3.11.11 | packaged by conda-forge | (main, Dec  5 2024, 14:17:24) [GCC 13.3.0]
[2025-02-02 17:10:52,505] urllib3.connectionpool                             [DEBUG  ]  Starting new HTTPS connection (1): api.multiqc.info:443
[2025-02-02 17:10:53,004] urllib3.connectionpool                             [DEBUG  ]  https://api.multiqc.info:443 "GET /version?version_multiqc=1.27&version_python=3.11.11&operating_system=Linux&is_docker=False&is_singularity=False&is_conda=True&is_ci=False&is_notebook=False&ai_summary=False&ai_summary_full=False&ai_provider=seqera HTTP/1.1" 200 178
[2025-02-02 17:10:53,005] multiqc.core.version_check                         [DEBUG  ]  Latest MultiQC version is v1.27, released 2025-01-22
[2025-02-02 17:10:53,006] multiqc.multiqc                                    [DEBUG  ]  Working dir : /data/user/home/flanary/Dry_Lab/13cRA/atac-seq/untreated/GSE138293/04_post-trim_qc
[2025-02-02 17:10:53,006] multiqc.multiqc                                    [DEBUG  ]  Template    : default
[2025-02-02 17:10:53,006] multiqc.multiqc                                    [DEBUG  ]  Command used: /home/flanary/.conda/envs/atac-seq/bin/multiqc -v /home/flanary/Dry_Lab/13cRA/atac-seq/untreated/GSE138293/04_post-trim_qc/fastqc_output -o /home/flanary/Dry_Lab/13cRA/atac-seq/untreated/GSE138293/04_post-trim_qc/multiqc_output
[2025-02-02 17:10:53,006] multiqc.core.file_search                           [INFO   ]  Search path: /home/flanary/Dry_Lab/13cRA/atac-seq/untreated/GSE138293/04_post-trim_qc/fastqc_output
[2025-02-02 17:10:53,008] multiqc.core.file_search                           [DEBUG  ]  Analysing modules: cellranger_arc, custom_content, ccs, ngsderive, purple, conpair, isoseq, lima, peddy, percolator, haplocheck, somalier, methylqa, mosdepth, phantompeakqualtools, qualimap, bamdst, preseq, hifiasm, quast, qorts, rna_seqc, rockhopper, rsem, rseqc, busco, checkm, bustools, goleft_indexcov, gffcompare, disambiguate, supernova, deeptools, sargasso, verifybamid, mirtrace, happy, mirtop, glimpse, gopeaks, homer, hops, macs2, theta2, snpeff, gatk, htseq, bcftools, featurecounts, fgbio, dragen, dragen_fastqc, dedup, pbmarkdup, damageprofiler, mapdamage, biobambam2, jcvi, mtnucratio, picard, vep, bakta, prokka, checkm2, qc3C, nanoq, nanostat, samblaster, samtools, bamtools, sambamba, ngsbits, pairtools, sexdeterrmine, seqera_cli, eigenstratdatabasetools, jellyfish, vcftools, longranger, stacks, varscan2, snippy, umicollapse, umitools, truvari, megahit, ganon, gtdbtk, bbmap, bismark, biscuit, diamond, hicexplorer, hicup, hicpro, salmon, kallisto, slamdunk, star, hisat2, tophat, bowtie2, bowtie1, hostile, cellranger, snpsplit, odgi, vg, pangolin, nextclade, freyja, humid, kat, leehom, librarian, nonpareil, adapterremoval, bbduk, clipandmerge, cutadapt, flexbar, sourmash, kaiju, kraken, malt, motus, trimmomatic, sickle, skewer, sortmerna, biobloomtools, fastq_screen, afterqc, fastp, fastqc, sequali, filtlong, prinseqplusplus, pychopper, porechop, pycoqc, minionqc, anglerfish, multivcfanalyzer, clusterflow, checkqc, bcl2fastq, bclconvert, interop, ivar, flash, seqyclean, optitype, whatshap, spaceranger, xenome, xengsort, metaphlan, seqwho, telseq, ataqv, mgikit, mosaicatcher, software_versions
[2025-02-02 17:11:01,172] multiqc.report                                     [DEBUG  ]  Summary of files that were skipped by the search: |skipped_module_specific_max_filesize: 56|, |skipped_no_match: 56|
[2025-02-02 17:11:01,175] multiqc.core.exec_modules                          [DEBUG  ]  Running module: custom_content
[2025-02-02 17:11:01,274] multiqc.core.exec_modules                          [DEBUG  ]  No samples found: custom_content
[2025-02-02 17:11:01,274] multiqc.core.exec_modules                          [DEBUG  ]  Running module: fastqc
[2025-02-02 17:11:01,796] multiqc.modules.fastqc.fastqc                      [INFO   ]  Found 56 reports
[2025-02-02 17:11:03,107] multiqc.plots.table_object                         [DEBUG  ]  Table key 'samples' not found in data for 'fastqc_top_overrepresented_sequences_table'. Skipping. Check for possible typos between data keys and header keys
[2025-02-02 17:11:03,107] multiqc.plots.table_object                         [DEBUG  ]  Table key 'total_count' not found in data for 'fastqc_top_overrepresented_sequences_table'. Skipping. Check for possible typos between data keys and header keys
[2025-02-02 17:11:03,108] multiqc.plots.table_object                         [DEBUG  ]  Table key 'total_percent' not found in data for 'fastqc_top_overrepresented_sequences_table'. Skipping. Check for possible typos between data keys and header keys
[2025-02-02 17:11:03,253] multiqc.report                                     [DEBUG  ]  Wrote data file multiqc_fastqc.txt
[2025-02-02 17:11:03,258] multiqc.report                                     [DEBUG  ]  Wrote data file multiqc_fastqc.json
[2025-02-02 17:11:03,262] multiqc.base_module                                [DEBUG  ]  fastqc: deleting attribute self.sample_names
[2025-02-02 17:11:03,263] multiqc.base_module                                [DEBUG  ]  fastqc: deleting attribute self.order_of_duplication_levels
[2025-02-02 17:11:03,263] multiqc.base_module                                [DEBUG  ]  fastqc: deleting attribute self.status_colours
[2025-02-02 17:11:03,263] multiqc.core.software_versions                     [DEBUG  ]  Reading software versions from config.software_versions
[2025-02-02 17:11:03,342] multiqc.report                                     [DEBUG  ]  Wrote data file multiqc_software_versions.txt
[2025-02-02 17:11:03,342] multiqc.core.write_results                         [DEBUG  ]  Rendering plots
[2025-02-02 17:11:03,586] multiqc.report                                     [DEBUG  ]  Wrote data file multiqc_general_stats.txt
[2025-02-02 17:11:03,589] multiqc.report                                     [DEBUG  ]  Wrote data file multiqc_general_stats.json
[2025-02-02 17:11:03,598] multiqc.core.write_results                         [DEBUG  ]  Exporting plot data to files
[2025-02-02 17:11:03,599] multiqc.report                                     [DEBUG  ]  Wrote data file fastqc_sequence_counts_plot.txt
[2025-02-02 17:11:03,612] multiqc.report                                     [DEBUG  ]  Wrote data file fastqc_per_base_sequence_quality_plot.txt
[2025-02-02 17:11:03,618] multiqc.report                                     [DEBUG  ]  Wrote data file fastqc_per_sequence_quality_scores_plot.txt
[2025-02-02 17:11:03,644] multiqc.report                                     [DEBUG  ]  Wrote data file fastqc_per_sequence_gc_content_plot_Percentages.txt
[2025-02-02 17:11:03,665] multiqc.report                                     [DEBUG  ]  Wrote data file fastqc_per_sequence_gc_content_plot_Counts.txt
[2025-02-02 17:11:03,678] multiqc.report                                     [DEBUG  ]  Wrote data file fastqc_per_base_n_content_plot.txt
[2025-02-02 17:11:03,686] multiqc.report                                     [DEBUG  ]  Wrote data file fastqc_sequence_length_distribution_plot.txt
[2025-02-02 17:11:03,691] multiqc.report                                     [DEBUG  ]  Wrote data file fastqc_sequence_duplication_levels_plot.txt
[2025-02-02 17:11:03,692] multiqc.report                                     [DEBUG  ]  Wrote data file fastqc_top_overrepresented_sequences_table.txt
[2025-02-02 17:11:03,693] multiqc.report                                     [DEBUG  ]  Wrote data file fastqc-status-check-heatmap.txt
[2025-02-02 17:11:03,693] multiqc.core.write_results                         [DEBUG  ]  Moving data file from '/scratch/local/tmpqsh_cgbt/multiqc_data' to '/data/user/home/flanary/Dry_Lab/13cRA/atac-seq/untreated/GSE138293/04_post-trim_qc/multiqc_output/multiqc_data'
[2025-02-02 17:11:04,394] multiqc.core.write_results                         [INFO   ]  Data        : multiqc_output/multiqc_data
[2025-02-02 17:11:05,501] multiqc.core.write_results                         [DEBUG  ]  Compressing plot data
[2025-02-02 17:11:06,179] multiqc.core.write_results                         [INFO   ]  Report      : multiqc_output/multiqc_report.html
[2025-02-02 17:11:06,180] multiqc.core.write_results                         [DEBUG  ]  Report HTML written to /data/user/home/flanary/Dry_Lab/13cRA/atac-seq/untreated/GSE138293/04_post-trim_qc/multiqc_output/multiqc_report.html
[2025-02-02 17:11:06,180] multiqc.multiqc                                    [INFO   ]  MultiQC complete
