[2025-01-20 21:00:49,783] multiqc                                            [DEBUG  ]  No MultiQC config found: /data/rc/apps/ngs-ccts/MultiQC/0.8/lib/python2.7/site-packages/multiqc_config.yaml
[2025-01-20 21:00:49,783] multiqc                                            [DEBUG  ]  No MultiQC config found: /home/flanary/.multiqc_config.yaml
[2025-01-20 21:00:49,783] multiqc                                            [DEBUG  ]  No MultiQC config found: multiqc_config.yaml
[2025-01-20 21:00:49,783] multiqc                                            [DEBUG  ]  No MultiQC config found: /data/rc/apps/ngs-ccts/MultiQC/0.8/lib/python2.7/site-packages/multiqc_config.yaml
[2025-01-20 21:00:49,783] multiqc                                            [DEBUG  ]  No MultiQC config found: /home/flanary/.multiqc_config.yaml
[2025-01-20 21:00:49,783] multiqc                                            [DEBUG  ]  No MultiQC config found: multiqc_config.yaml
[2025-01-20 21:00:49,783] multiqc                                            [DEBUG  ]  Command used: /share/apps/ngs-ccts/MultiQC/0.8/bin/multiqc -v /home/flanary/Dry_Lab/13cRA/atac-seq/untreated/GSE138293/04_post-trim_qc/fastqc_output -o /home/flanary/Dry_Lab/13cRA/atac-seq/untreated/GSE138293/04_post-trim_qc/multiqc_output
[2025-01-20 21:00:49,783] multiqc                                            [DEBUG  ]  Could not connect to multiqc.info for version check
[2025-01-20 21:00:49,783] multiqc                                            [INFO   ]  This is MultiQC v0.8
[2025-01-20 21:00:49,783] multiqc                                            [DEBUG  ]  Command     : /share/apps/ngs-ccts/MultiQC/0.8/bin/multiqc -v /home/flanary/Dry_Lab/13cRA/atac-seq/untreated/GSE138293/04_post-trim_qc/fastqc_output -o /home/flanary/Dry_Lab/13cRA/atac-seq/untreated/GSE138293/04_post-trim_qc/multiqc_output
[2025-01-20 21:00:49,783] multiqc                                            [DEBUG  ]  Working dir : /data/user/home/flanary/Dry_Lab/13cRA/atac-seq/untreated/GSE138293/04_post-trim_qc
[2025-01-20 21:00:49,783] multiqc                                            [INFO   ]  Template    : default
[2025-01-20 21:00:49,784] multiqc                                            [INFO   ]  Searching '/home/flanary/Dry_Lab/13cRA/atac-seq/untreated/GSE138293/04_post-trim_qc/fastqc_output'
[2025-01-20 21:00:49,784] multiqc                                            [DEBUG  ]  Analysing modules: gatk, quast, snpeff, qualimap, bcftools, featureCounts, methylQA, rseqc, picard, preseq, samblaster, samtools, bamtools, bismark, hicup, salmon, kallisto, star, tophat, bowtie2, bowtie1, cutadapt, trimmomatic, skewer, fastq_screen, fastqc
[2025-01-20 21:00:49,784] multiqc                                            [DEBUG  ]  Using temporary directory for creating report: /scratch/local/tmp5zfewN
[2025-01-20 21:00:55,713] multiqc.modules.gatk.gatk                          [DEBUG  ]  Could not find any reports in ('/home/flanary/Dry_Lab/13cRA/atac-seq/untreated/GSE138293/04_post-trim_qc/fastqc_output',)
[2025-01-20 21:00:55,731] multiqc.modules.quast.quast                        [DEBUG  ]  Could not find any reports in ('/home/flanary/Dry_Lab/13cRA/atac-seq/untreated/GSE138293/04_post-trim_qc/fastqc_output',)
[2025-01-20 21:01:00,331] multiqc.modules.snpeff.snpeff                      [DEBUG  ]  Could not find any data in ('/home/flanary/Dry_Lab/13cRA/atac-seq/untreated/GSE138293/04_post-trim_qc/fastqc_output',)
[2025-01-20 21:01:00,411] multiqc.modules.qualimap.qualimap                  [DEBUG  ]  Could not find any reports in ('/home/flanary/Dry_Lab/13cRA/atac-seq/untreated/GSE138293/04_post-trim_qc/fastqc_output',)
[2025-01-20 21:01:00,835] multiqc.modules.bcftools.bcftools                  [DEBUG  ]  Could not find any reports in ('/home/flanary/Dry_Lab/13cRA/atac-seq/untreated/GSE138293/04_post-trim_qc/fastqc_output',)
[2025-01-20 21:01:00,854] multiqc.modules.featureCounts.feature_counts       [DEBUG  ]  Could not find any reports in ('/home/flanary/Dry_Lab/13cRA/atac-seq/untreated/GSE138293/04_post-trim_qc/fastqc_output',)
[2025-01-20 21:01:00,877] multiqc.modules.methylQA.methylQA                  [DEBUG  ]  Could not find any reports in ('/home/flanary/Dry_Lab/13cRA/atac-seq/untreated/GSE138293/04_post-trim_qc/fastqc_output',)
[2025-01-20 21:01:01,633] multiqc.modules.rseqc.rseqc                        [DEBUG  ]  Could not find any reports in ('/home/flanary/Dry_Lab/13cRA/atac-seq/untreated/GSE138293/04_post-trim_qc/fastqc_output',)
[2025-01-20 21:01:03,063] multiqc.modules.picard.picard                      [DEBUG  ]  Could not find any reports in ('/home/flanary/Dry_Lab/13cRA/atac-seq/untreated/GSE138293/04_post-trim_qc/fastqc_output',)
[2025-01-20 21:01:03,237] multiqc.modules.preseq.preseq                      [DEBUG  ]  Could not find any preseq data in ('/home/flanary/Dry_Lab/13cRA/atac-seq/untreated/GSE138293/04_post-trim_qc/fastqc_output',)
[2025-01-20 21:01:03,435] multiqc.modules.samblaster.samblaster              [DEBUG  ]  Could not find any data in ('/home/flanary/Dry_Lab/13cRA/atac-seq/untreated/GSE138293/04_post-trim_qc/fastqc_output',)
[2025-01-20 21:01:03,858] multiqc.modules.samtools.samtools                  [DEBUG  ]  Could not find any reports in ('/home/flanary/Dry_Lab/13cRA/atac-seq/untreated/GSE138293/04_post-trim_qc/fastqc_output',)
[2025-01-20 21:01:04,055] multiqc.modules.bamtools.bamtools                  [DEBUG  ]  Could not find any reports in ('/home/flanary/Dry_Lab/13cRA/atac-seq/untreated/GSE138293/04_post-trim_qc/fastqc_output',)
[2025-01-20 21:01:04,088] multiqc.modules.bismark.bismark                    [DEBUG  ]  Could not find any reports in ('/home/flanary/Dry_Lab/13cRA/atac-seq/untreated/GSE138293/04_post-trim_qc/fastqc_output',)
[2025-01-20 21:01:04,103] multiqc.modules.hicup.hicup                        [DEBUG  ]  Could not find any HiCUP data in ('/home/flanary/Dry_Lab/13cRA/atac-seq/untreated/GSE138293/04_post-trim_qc/fastqc_output',)
[2025-01-20 21:01:04,113] multiqc.modules.salmon.salmon                      [DEBUG  ]  Could not find any Salmon data in ('/home/flanary/Dry_Lab/13cRA/atac-seq/untreated/GSE138293/04_post-trim_qc/fastqc_output',)
[2025-01-20 21:01:04,305] multiqc.modules.kallisto.kallisto                  [DEBUG  ]  Could not find any reports in ('/home/flanary/Dry_Lab/13cRA/atac-seq/untreated/GSE138293/04_post-trim_qc/fastqc_output',)
[2025-01-20 21:01:04,325] multiqc.modules.star.star                          [DEBUG  ]  Could not find any reports in ('/home/flanary/Dry_Lab/13cRA/atac-seq/untreated/GSE138293/04_post-trim_qc/fastqc_output',)
[2025-01-20 21:01:04,332] multiqc.modules.tophat.tophat                      [DEBUG  ]  Could not find any reports in ('/home/flanary/Dry_Lab/13cRA/atac-seq/untreated/GSE138293/04_post-trim_qc/fastqc_output',)
[2025-01-20 21:01:04,514] multiqc.modules.bowtie2.bowtie2                    [DEBUG  ]  Could not find any reports in ('/home/flanary/Dry_Lab/13cRA/atac-seq/untreated/GSE138293/04_post-trim_qc/fastqc_output',)
[2025-01-20 21:01:04,690] multiqc.modules.bowtie1.bowtie1                    [DEBUG  ]  Could not find any reports in ('/home/flanary/Dry_Lab/13cRA/atac-seq/untreated/GSE138293/04_post-trim_qc/fastqc_output',)
[2025-01-20 21:01:04,882] multiqc.modules.cutadapt.cutadapt                  [DEBUG  ]  Could not find any reports in ('/home/flanary/Dry_Lab/13cRA/atac-seq/untreated/GSE138293/04_post-trim_qc/fastqc_output',)
[2025-01-20 21:01:05,073] multiqc.modules.trimmomatic.trimmomatic            [DEBUG  ]  Could not find any Trimmomatic data in ('/home/flanary/Dry_Lab/13cRA/atac-seq/untreated/GSE138293/04_post-trim_qc/fastqc_output',)
[2025-01-20 21:01:05,259] multiqc.modules.skewer.skewer                      [DEBUG  ]  Could not find any data in ('/home/flanary/Dry_Lab/13cRA/atac-seq/untreated/GSE138293/04_post-trim_qc/fastqc_output',)
[2025-01-20 21:01:05,288] multiqc.modules.fastq_screen.fastq_screen          [DEBUG  ]  Could not find any reports in ('/home/flanary/Dry_Lab/13cRA/atac-seq/untreated/GSE138293/04_post-trim_qc/fastqc_output',)
[2025-01-20 21:01:08,518] multiqc.modules.fastqc.fastqc                      [INFO   ]  Found 56 reports
[2025-01-20 21:01:10,280] multiqc                                            [INFO   ]  Report      : ../../../../../../../../../../home/flanary/Dry_Lab/13cRA/atac-seq/untreated/GSE138293/04_post-trim_qc/multiqc_output/multiqc_report.html
[2025-01-20 21:01:10,282] multiqc                                            [INFO   ]  Data        : ../../../../../../../../../../home/flanary/Dry_Lab/13cRA/atac-seq/untreated/GSE138293/04_post-trim_qc/multiqc_output/multiqc_data
[2025-01-20 21:01:10,282] multiqc                                            [DEBUG  ]  Moving data file from '/scratch/local/tmp5zfewN/multiqc_data/multiqc_fastqc.txt' to '/home/flanary/Dry_Lab/13cRA/atac-seq/untreated/GSE138293/04_post-trim_qc/multiqc_output/multiqc_data'
[2025-01-20 21:01:10,580] multiqc                                            [DEBUG  ]  Moving data file from '/scratch/local/tmp5zfewN/multiqc_data/multiqc_general_stats.txt' to '/home/flanary/Dry_Lab/13cRA/atac-seq/untreated/GSE138293/04_post-trim_qc/multiqc_output/multiqc_data'
[2025-01-20 21:01:10,584] multiqc                                            [DEBUG  ]  Moving data file from '/scratch/local/tmp5zfewN/multiqc_data/multiqc_sources.txt' to '/home/flanary/Dry_Lab/13cRA/atac-seq/untreated/GSE138293/04_post-trim_qc/multiqc_output/multiqc_data'
[2025-01-20 21:01:11,486] multiqc                                            [INFO   ]  MultiQC complete
