
    0     1    10    11    12    13    14    15    16    17    18    19     2 
55682 51285  7675  6698  6155  5140  4738  4626  4308  2579  2264  2033 41643 
   20    21     3     4     5     6     7     8     9 
 1987  1254 37509 21195 18217 18190 12349 10992  9726 

   0    1   10   11   12   13   14   15   16   17   18   19    2   20   21    3 
1000 1000 1000 1000 1000 1000 1000 1000 1000 1000 1000 1000 1000 1000 1000 1000 
   4    5    6    7    8    9 
1000 1000 1000 1000 1000 1000 
null device 
          1 
null device 
          1 
null device 
          1 
null device 
          1 
null device 
          1 
null device 
          1 
done
