[2025-01-20 20:57:46,082] multiqc                                            [DEBUG  ]  No MultiQC config found: /data/rc/apps/ngs-ccts/MultiQC/0.8/lib/python2.7/site-packages/multiqc_config.yaml
[2025-01-20 20:57:46,084] multiqc                                            [DEBUG  ]  No MultiQC config found: /home/flanary/.multiqc_config.yaml
[2025-01-20 20:57:46,084] multiqc                                            [DEBUG  ]  No MultiQC config found: multiqc_config.yaml
[2025-01-20 20:57:46,084] multiqc                                            [DEBUG  ]  No MultiQC config found: /data/rc/apps/ngs-ccts/MultiQC/0.8/lib/python2.7/site-packages/multiqc_config.yaml
[2025-01-20 20:57:46,084] multiqc                                            [DEBUG  ]  No MultiQC config found: /home/flanary/.multiqc_config.yaml
[2025-01-20 20:57:46,084] multiqc                                            [DEBUG  ]  No MultiQC config found: multiqc_config.yaml
[2025-01-20 20:57:46,084] multiqc                                            [DEBUG  ]  Command used: /share/apps/ngs-ccts/MultiQC/0.8/bin/multiqc -v /home/flanary/Dry_Lab/13cRA/atac-seq/untreated/GSE108517/04_post-trim_qc/fastqc_output -o /home/flanary/Dry_Lab/13cRA/atac-seq/untreated/GSE108517/04_post-trim_qc/multiqc_output
[2025-01-20 20:57:46,084] multiqc                                            [DEBUG  ]  Could not connect to multiqc.info for version check
[2025-01-20 20:57:46,084] multiqc                                            [INFO   ]  This is MultiQC v0.8
[2025-01-20 20:57:46,084] multiqc                                            [DEBUG  ]  Command     : /share/apps/ngs-ccts/MultiQC/0.8/bin/multiqc -v /home/flanary/Dry_Lab/13cRA/atac-seq/untreated/GSE108517/04_post-trim_qc/fastqc_output -o /home/flanary/Dry_Lab/13cRA/atac-seq/untreated/GSE108517/04_post-trim_qc/multiqc_output
[2025-01-20 20:57:46,084] multiqc                                            [DEBUG  ]  Working dir : /data/user/home/flanary/Dry_Lab/13cRA/atac-seq/untreated/GSE108517/04_post-trim_qc
[2025-01-20 20:57:46,084] multiqc                                            [INFO   ]  Template    : default
[2025-01-20 20:57:46,085] multiqc                                            [INFO   ]  Searching '/home/flanary/Dry_Lab/13cRA/atac-seq/untreated/GSE108517/04_post-trim_qc/fastqc_output'
[2025-01-20 20:57:46,085] multiqc                                            [DEBUG  ]  Analysing modules: gatk, quast, snpeff, qualimap, bcftools, featureCounts, methylQA, rseqc, picard, preseq, samblaster, samtools, bamtools, bismark, hicup, salmon, kallisto, star, tophat, bowtie2, bowtie1, cutadapt, trimmomatic, skewer, fastq_screen, fastqc
[2025-01-20 20:57:46,085] multiqc                                            [DEBUG  ]  Using temporary directory for creating report: /scratch/local/tmpufBPiQ
[2025-01-20 20:57:46,326] multiqc.modules.gatk.gatk                          [DEBUG  ]  Could not find any reports in ('/home/flanary/Dry_Lab/13cRA/atac-seq/untreated/GSE108517/04_post-trim_qc/fastqc_output',)
[2025-01-20 20:57:46,356] multiqc.modules.quast.quast                        [DEBUG  ]  Could not find any reports in ('/home/flanary/Dry_Lab/13cRA/atac-seq/untreated/GSE108517/04_post-trim_qc/fastqc_output',)
[2025-01-20 20:57:46,387] multiqc.modules.snpeff.snpeff                      [DEBUG  ]  Could not find any data in ('/home/flanary/Dry_Lab/13cRA/atac-seq/untreated/GSE108517/04_post-trim_qc/fastqc_output',)
[2025-01-20 20:57:46,420] multiqc.modules.qualimap.qualimap                  [DEBUG  ]  Could not find any reports in ('/home/flanary/Dry_Lab/13cRA/atac-seq/untreated/GSE108517/04_post-trim_qc/fastqc_output',)
[2025-01-20 20:57:46,448] multiqc.modules.bcftools.bcftools                  [DEBUG  ]  Could not find any reports in ('/home/flanary/Dry_Lab/13cRA/atac-seq/untreated/GSE108517/04_post-trim_qc/fastqc_output',)
[2025-01-20 20:57:46,460] multiqc.modules.featureCounts.feature_counts       [DEBUG  ]  Could not find any reports in ('/home/flanary/Dry_Lab/13cRA/atac-seq/untreated/GSE108517/04_post-trim_qc/fastqc_output',)
[2025-01-20 20:57:46,483] multiqc.modules.methylQA.methylQA                  [DEBUG  ]  Could not find any reports in ('/home/flanary/Dry_Lab/13cRA/atac-seq/untreated/GSE108517/04_post-trim_qc/fastqc_output',)
[2025-01-20 20:57:46,588] multiqc.modules.rseqc.rseqc                        [DEBUG  ]  Could not find any reports in ('/home/flanary/Dry_Lab/13cRA/atac-seq/untreated/GSE108517/04_post-trim_qc/fastqc_output',)
[2025-01-20 20:57:46,801] multiqc.modules.picard.picard                      [DEBUG  ]  Could not find any reports in ('/home/flanary/Dry_Lab/13cRA/atac-seq/untreated/GSE108517/04_post-trim_qc/fastqc_output',)
[2025-01-20 20:57:46,821] multiqc.modules.preseq.preseq                      [DEBUG  ]  Could not find any preseq data in ('/home/flanary/Dry_Lab/13cRA/atac-seq/untreated/GSE108517/04_post-trim_qc/fastqc_output',)
[2025-01-20 20:57:46,871] multiqc.modules.samblaster.samblaster              [DEBUG  ]  Could not find any data in ('/home/flanary/Dry_Lab/13cRA/atac-seq/untreated/GSE108517/04_post-trim_qc/fastqc_output',)
[2025-01-20 20:57:46,962] multiqc.modules.samtools.samtools                  [DEBUG  ]  Could not find any reports in ('/home/flanary/Dry_Lab/13cRA/atac-seq/untreated/GSE108517/04_post-trim_qc/fastqc_output',)
[2025-01-20 20:57:46,996] multiqc.modules.bamtools.bamtools                  [DEBUG  ]  Could not find any reports in ('/home/flanary/Dry_Lab/13cRA/atac-seq/untreated/GSE108517/04_post-trim_qc/fastqc_output',)
[2025-01-20 20:57:47,017] multiqc.modules.bismark.bismark                    [DEBUG  ]  Could not find any reports in ('/home/flanary/Dry_Lab/13cRA/atac-seq/untreated/GSE108517/04_post-trim_qc/fastqc_output',)
[2025-01-20 20:57:47,035] multiqc.modules.hicup.hicup                        [DEBUG  ]  Could not find any HiCUP data in ('/home/flanary/Dry_Lab/13cRA/atac-seq/untreated/GSE108517/04_post-trim_qc/fastqc_output',)
[2025-01-20 20:57:47,041] multiqc.modules.salmon.salmon                      [DEBUG  ]  Could not find any Salmon data in ('/home/flanary/Dry_Lab/13cRA/atac-seq/untreated/GSE108517/04_post-trim_qc/fastqc_output',)
[2025-01-20 20:57:47,072] multiqc.modules.kallisto.kallisto                  [DEBUG  ]  Could not find any reports in ('/home/flanary/Dry_Lab/13cRA/atac-seq/untreated/GSE108517/04_post-trim_qc/fastqc_output',)
[2025-01-20 20:57:47,096] multiqc.modules.star.star                          [DEBUG  ]  Could not find any reports in ('/home/flanary/Dry_Lab/13cRA/atac-seq/untreated/GSE108517/04_post-trim_qc/fastqc_output',)
[2025-01-20 20:57:47,118] multiqc.modules.tophat.tophat                      [DEBUG  ]  Could not find any reports in ('/home/flanary/Dry_Lab/13cRA/atac-seq/untreated/GSE108517/04_post-trim_qc/fastqc_output',)
[2025-01-20 20:57:47,166] multiqc.modules.bowtie2.bowtie2                    [DEBUG  ]  Could not find any reports in ('/home/flanary/Dry_Lab/13cRA/atac-seq/untreated/GSE108517/04_post-trim_qc/fastqc_output',)
[2025-01-20 20:57:47,196] multiqc.modules.bowtie1.bowtie1                    [DEBUG  ]  Could not find any reports in ('/home/flanary/Dry_Lab/13cRA/atac-seq/untreated/GSE108517/04_post-trim_qc/fastqc_output',)
[2025-01-20 20:57:47,231] multiqc.modules.cutadapt.cutadapt                  [DEBUG  ]  Could not find any reports in ('/home/flanary/Dry_Lab/13cRA/atac-seq/untreated/GSE108517/04_post-trim_qc/fastqc_output',)
[2025-01-20 20:57:47,289] multiqc.modules.trimmomatic.trimmomatic            [DEBUG  ]  Could not find any Trimmomatic data in ('/home/flanary/Dry_Lab/13cRA/atac-seq/untreated/GSE108517/04_post-trim_qc/fastqc_output',)
[2025-01-20 20:57:47,317] multiqc.modules.skewer.skewer                      [DEBUG  ]  Could not find any data in ('/home/flanary/Dry_Lab/13cRA/atac-seq/untreated/GSE108517/04_post-trim_qc/fastqc_output',)
[2025-01-20 20:57:47,326] multiqc.modules.fastq_screen.fastq_screen          [DEBUG  ]  Could not find any reports in ('/home/flanary/Dry_Lab/13cRA/atac-seq/untreated/GSE108517/04_post-trim_qc/fastqc_output',)
[2025-01-20 20:57:47,604] multiqc.modules.fastqc.fastqc                      [INFO   ]  Found 4 reports
[2025-01-20 20:57:47,811] multiqc                                            [INFO   ]  Report      : ../../../../../../../../../../home/flanary/Dry_Lab/13cRA/atac-seq/untreated/GSE108517/04_post-trim_qc/multiqc_output/multiqc_report.html
[2025-01-20 20:57:47,813] multiqc                                            [INFO   ]  Data        : ../../../../../../../../../../home/flanary/Dry_Lab/13cRA/atac-seq/untreated/GSE108517/04_post-trim_qc/multiqc_output/multiqc_data
[2025-01-20 20:57:47,814] multiqc                                            [DEBUG  ]  Moving data file from '/scratch/local/tmpufBPiQ/multiqc_data/multiqc_fastqc.txt' to '/home/flanary/Dry_Lab/13cRA/atac-seq/untreated/GSE108517/04_post-trim_qc/multiqc_output/multiqc_data'
[2025-01-20 20:57:47,814] multiqc                                            [DEBUG  ]  Moving data file from '/scratch/local/tmpufBPiQ/multiqc_data/multiqc_general_stats.txt' to '/home/flanary/Dry_Lab/13cRA/atac-seq/untreated/GSE108517/04_post-trim_qc/multiqc_output/multiqc_data'
[2025-01-20 20:57:47,815] multiqc                                            [DEBUG  ]  Moving data file from '/scratch/local/tmpufBPiQ/multiqc_data/multiqc_sources.txt' to '/home/flanary/Dry_Lab/13cRA/atac-seq/untreated/GSE108517/04_post-trim_qc/multiqc_output/multiqc_data'
[2025-01-20 20:57:48,438] multiqc                                            [INFO   ]  MultiQC complete
