Path to Cutadapt set as: 'cutadapt' (default)
Cutadapt seems to be working fine (tested command 'cutadapt --version')
Cutadapt version: 2.6
Could not detect version of Python used by Cutadapt from the first line of Cutadapt (but found this: >>>#!/bin/sh<<<)
Letting the (modified) Cutadapt deal with the Python version instead
Parallel gzip (pigz) detected. Proceeding with multicore (de)compression using 8 cores

Proceeding with 'pigz -p 4' for decompression
To decrease CPU usage of decompression, please install 'igzip' and run again

No quality encoding type selected. Assuming that the data provided uses Sanger encoded Phred scores (default)

Output will be written into the directory: /scratch/flanary/atac-seq/untreated/GSE138293/trimmed_fastq/


AUTO-DETECTING ADAPTER TYPE
===========================
Attempting to auto-detect adapter type from the first 1 million sequences of the first file (>> /data/scratch/flanary/atac-seq/untreated/GSE138293/fastq/SRR10215663_1.fastq <<)

Found perfect matches for the following adapter sequences:
Adapter type	Count	Sequence	Sequences analysed	Percentage
Nextera	329436	CTGTCTCTTATA	1000000	32.94
smallRNA	3	TGGAATTCTCGG	1000000	0.00
Illumina	0	AGATCGGAAGAGC	1000000	0.00
Using Nextera adapter for trimming (count: 329436). Second best hit was smallRNA (count: 3)

Writing report to '/scratch/flanary/atac-seq/untreated/GSE138293/trimmed_fastq/SRR10215663_1.fastq_trimming_report.txt'

SUMMARISING RUN PARAMETERS
==========================
Input filename: /data/scratch/flanary/atac-seq/untreated/GSE138293/fastq/SRR10215663_1.fastq
Trimming mode: paired-end
Trim Galore version: 0.6.10
Cutadapt version: 2.6
Python version: could not detect
Number of cores used for trimming: 8
Quality Phred score cutoff: 20
Quality encoding type selected: ASCII+33
Adapter sequence: 'CTGTCTCTTATA' (Nextera Transposase sequence; auto-detected)
Maximum trimming error rate: 0.1 (default)
Minimum required adapter overlap (stringency): 1 bp
Minimum required sequence length for both reads before a sequence pair gets removed: 30 bp

Cutadapt seems to be fairly up-to-date (version 2.6). Setting -j 8
Writing final adapter and quality trimmed output to SRR10215663_1_trimmed.fq


  >>> Now performing quality (cutoff '-q 20') and adapter trimming in a single pass for the adapter sequence: 'CTGTCTCTTATA' from file /data/scratch/flanary/atac-seq/untreated/GSE138293/fastq/SRR10215663_1.fastq <<< 
10000000 sequences processed
20000000 sequences processed
30000000 sequences processed
40000000 sequences processed
50000000 sequences processed
60000000 sequences processed
This is cutadapt 2.6 with Python 3.7.16
Command line parameters: -j 8 -e 0.1 -q 20 -O 1 -a CTGTCTCTTATA /data/scratch/flanary/atac-seq/untreated/GSE138293/fastq/SRR10215663_1.fastq
Processing reads on 8 cores in single-end mode ...
Finished in 465.66 s (7 us/read; 8.96 M reads/minute).

=== Summary ===

Total reads processed:              69,533,732
Reads with adapters:                38,768,047 (55.8%)
Reads written (passing filters):    69,533,732 (100.0%)

Total basepairs processed: 6,953,373,200 bp
Quality-trimmed:             256,640,161 bp (3.7%)
Total written (filtered):  5,744,686,685 bp (82.6%)

=== Adapter 1 ===

Sequence: CTGTCTCTTATA; Type: regular 3'; Length: 12; Trimmed: 38768047 times.

No. of allowed errors:
0-9 bp: 0; 10-12 bp: 1

Bases preceding removed adapters:
  A: 15.8%
  C: 37.0%
  G: 23.6%
  T: 23.6%
  none/other: 0.0%

Overview of removed sequences
length	count	expect	max.err	error counts
1	9332781	17383433.0	0	9332781
2	3204685	4345858.2	0	3204685
3	1099607	1086464.6	0	1099607
4	391287	271616.1	0	391287
5	260278	67904.0	0	260278
6	245717	16976.0	0	245717
7	237401	4244.0	0	237401
8	251554	1061.0	0	251554
9	271921	265.3	0	269906 2015
10	235129	66.3	1	228562 6567
11	281660	16.6	1	275205 6455
12	283317	4.1	1	276870 6447
13	271759	4.1	1	266660 5099
14	273402	4.1	1	268423 4979
15	299582	4.1	1	293585 5997
16	334639	4.1	1	326956 7683
17	357397	4.1	1	349431 7966
18	345443	4.1	1	337846 7597
19	402725	4.1	1	392225 10500
20	387556	4.1	1	375721 11835
21	476735	4.1	1	460132 16603
22	287748	4.1	1	280725 7023
23	292268	4.1	1	286802 5466
24	311644	4.1	1	306921 4723
25	324730	4.1	1	319286 5444
26	364086	4.1	1	357613 6473
27	413902	4.1	1	404804 9098
28	428528	4.1	1	420047 8481
29	488381	4.1	1	475609 12772
30	369313	4.1	1	360532 8781
31	293387	4.1	1	288360 5027
32	292147	4.1	1	285983 6164
33	314657	4.1	1	309489 5168
34	364830	4.1	1	359502 5328
35	419458	4.1	1	412342 7116
36	466370	4.1	1	456795 9575
37	534826	4.1	1	522930 11896
38	607949	4.1	1	596502 11447
39	504656	4.1	1	496084 8572
40	419679	4.1	1	413071 6608
41	425808	4.1	1	418597 7211
42	579610	4.1	1	568728 10882
43	815709	4.1	1	802098 13611
44	496155	4.1	1	490013 6142
45	591715	4.1	1	585118 6597
46	555379	4.1	1	548842 6537
47	759280	4.1	1	750962 8318
48	733886	4.1	1	727179 6707
49	526231	4.1	1	521837 4394
50	464861	4.1	1	460736 4125
51	436560	4.1	1	431934 4626
52	364996	4.1	1	361650 3346
53	417963	4.1	1	414026 3937
54	670787	4.1	1	664656 6131
55	523753	4.1	1	519307 4446
56	318728	4.1	1	316337 2391
57	432864	4.1	1	429438 3426
58	586987	4.1	1	582387 4600
59	577619	4.1	1	573110 4509
60	437543	4.1	1	433970 3573
61	320559	4.1	1	317850 2709
62	187720	4.1	1	185665 2055
63	200011	4.1	1	198091 1920
64	187769	4.1	1	185909 1860
65	137788	4.1	1	136265 1523
66	61825	4.1	1	60986 839
67	29873	4.1	1	28197 1676
68	24510	4.1	1	23818 692
69	27875	4.1	1	26898 977
70	35351	4.1	1	34622 729
71	33567	4.1	1	32935 632
72	26920	4.1	1	25621 1299
73	8011	4.1	1	7525 486
74	6316	4.1	1	1959 4357
75	1435	4.1	1	75 1360
76	394	4.1	1	18 376
77	1627	4.1	1	19 1608
78	407	4.1	1	18 389
79	1189	4.1	1	16 1173
80	633	4.1	1	10 623
81	317	4.1	1	10 307
82	1283	4.1	1	12 1271
83	313	4.1	1	20 293
84	3005	4.1	1	18 2987
85	512	4.1	1	28 484
86	543	4.1	1	7 536
87	1527	4.1	1	12 1515
88	398	4.1	1	8 390
89	400	4.1	1	8 392
90	657	4.1	1	17 640
91	424	4.1	1	11 413
92	1670	4.1	1	19 1651
93	256	4.1	1	4 252
94	298	4.1	1	7 291
95	171	4.1	1	10 161
96	244	4.1	1	11 233
97	1534	4.1	1	18 1516
98	340	4.1	1	16 324
99	606	4.1	1	17 589
100	201	4.1	1	67 134

RUN STATISTICS FOR INPUT FILE: /data/scratch/flanary/atac-seq/untreated/GSE138293/fastq/SRR10215663_1.fastq
=============================================
69533732 sequences processed in total
The length threshold of paired-end sequences gets evaluated later on (in the validation step)

Writing report to '/scratch/flanary/atac-seq/untreated/GSE138293/trimmed_fastq/SRR10215663_2.fastq_trimming_report.txt'

SUMMARISING RUN PARAMETERS
==========================
Input filename: /data/scratch/flanary/atac-seq/untreated/GSE138293/fastq/SRR10215663_2.fastq
Trimming mode: paired-end
Trim Galore version: 0.6.10
Cutadapt version: 2.6
Python version: could not detect
Number of cores used for trimming: 8
Quality Phred score cutoff: 20
Quality encoding type selected: ASCII+33
Adapter sequence: 'CTGTCTCTTATA' (Nextera Transposase sequence; auto-detected)
Maximum trimming error rate: 0.1 (default)
Minimum required adapter overlap (stringency): 1 bp
Minimum required sequence length for both reads before a sequence pair gets removed: 30 bp

Cutadapt seems to be fairly up-to-date (version 2.6). Setting -j -j 8
Writing final adapter and quality trimmed output to SRR10215663_2_trimmed.fq


  >>> Now performing quality (cutoff '-q 20') and adapter trimming in a single pass for the adapter sequence: 'CTGTCTCTTATA' from file /data/scratch/flanary/atac-seq/untreated/GSE138293/fastq/SRR10215663_2.fastq <<< 
10000000 sequences processed
20000000 sequences processed
30000000 sequences processed
40000000 sequences processed
50000000 sequences processed
60000000 sequences processed
This is cutadapt 2.6 with Python 3.7.16
Command line parameters: -j 8 -e 0.1 -q 20 -O 1 -a CTGTCTCTTATA /data/scratch/flanary/atac-seq/untreated/GSE138293/fastq/SRR10215663_2.fastq
Processing reads on 8 cores in single-end mode ...
Finished in 433.99 s (6 us/read; 9.61 M reads/minute).

=== Summary ===

Total reads processed:              69,533,732
Reads with adapters:                38,549,515 (55.4%)
Reads written (passing filters):    69,533,732 (100.0%)

Total basepairs processed: 6,953,373,200 bp
Quality-trimmed:             552,571,575 bp (7.9%)
Total written (filtered):  5,602,444,118 bp (80.6%)

=== Adapter 1 ===

Sequence: CTGTCTCTTATA; Type: regular 3'; Length: 12; Trimmed: 38549515 times.

No. of allowed errors:
0-9 bp: 0; 10-12 bp: 1

Bases preceding removed adapters:
  A: 16.2%
  C: 35.6%
  G: 24.0%
  T: 24.2%
  none/other: 0.0%

Overview of removed sequences
length	count	expect	max.err	error counts
1	9101188	17383433.0	0	9101188
2	3155248	4345858.2	0	3155248
3	1044783	1086464.6	0	1044783
4	412921	271616.1	0	412921
5	270992	67904.0	0	270992
6	261319	16976.0	0	261319
7	246534	4244.0	0	246534
8	258065	1061.0	0	258065
9	270211	265.3	0	268119 2092
10	242566	66.3	1	236803 5763
11	279696	16.6	1	274498 5198
12	271242	4.1	1	266790 4452
13	276035	4.1	1	271775 4260
14	297842	4.1	1	292815 5027
15	317986	4.1	1	312249 5737
16	358467	4.1	1	351924 6543
17	379643	4.1	1	372808 6835
18	374085	4.1	1	366993 7092
19	449270	4.1	1	439394 9876
20	404468	4.1	1	395262 9206
21	444211	4.1	1	434375 9836
22	545503	4.1	1	531994 13509
23	506130	4.1	1	496243 9887
24	802800	4.1	1	786136 16664
25	500804	4.1	1	491165 9639
26	716074	4.1	1	704371 11703
27	535576	4.1	1	527391 8185
28	898163	4.1	1	883570 14593
29	1233797	4.1	1	1214883 18914
30	375110	4.1	1	368607 6503
31	563455	4.1	1	555507 7948
32	942514	4.1	1	929024 13490
33	835121	4.1	1	823818 11303
34	2207290	4.1	1	2181000 26290
35	487749	4.1	1	481665 6084
36	1105853	4.1	1	1093038 12815
37	217532	4.1	1	213709 3823
38	249067	4.1	1	246335 2732
39	436719	4.1	1	431987 4732
40	297914	4.1	1	294252 3662
41	234064	4.1	1	231004 3060
42	212609	4.1	1	210028 2581
43	323517	4.1	1	319827 3690
44	432852	4.1	1	427735 5117
45	523363	4.1	1	517514 5849
46	1391054	4.1	1	1374280 16774
47	201691	4.1	1	198773 2918
48	518430	4.1	1	512903 5527
49	899402	4.1	1	889141 10261
50	44875	4.1	1	43438 1437
51	66958	4.1	1	65354 1604
52	73687	4.1	1	72474 1213
53	75768	4.1	1	74515 1253
54	247158	4.1	1	243712 3446
55	208443	4.1	1	205334 3109
56	12443	4.1	1	11816 627
57	16859	4.1	1	15805 1054
58	45384	4.1	1	44427 957
59	58247	4.1	1	57099 1148
60	62516	4.1	1	61271 1245
61	66652	4.1	1	65486 1166
62	50456	4.1	1	49078 1378
63	38401	4.1	1	37457 944
64	39750	4.1	1	38774 976
65	27552	4.1	1	26664 888
66	18959	4.1	1	18334 625
67	18243	4.1	1	16627 1616
68	13804	4.1	1	13078 726
69	13492	4.1	1	12670 822
70	9050	4.1	1	8472 578
71	4434	4.1	1	4043 391
72	2531	4.1	1	1536 995
73	1008	4.1	1	642 366
74	3744	4.1	1	274 3470
75	1245	4.1	1	25 1220
76	323	4.1	1	9 314
77	1399	4.1	1	8 1391
78	327	4.1	1	7 320
79	1051	4.1	1	7 1044
80	601	4.1	1	6 595
81	293	4.1	1	3 290
82	1187	4.1	1	9 1178
83	278	4.1	1	5 273
84	2626	4.1	1	7 2619
85	481	4.1	1	6 475
86	473	4.1	1	7 466
87	1313	4.1	1	8 1305
88	355	4.1	1	6 349
89	305	4.1	1	6 299
90	619	4.1	1	8 611
91	402	4.1	1	4 398
92	1621	4.1	1	27 1594
93	263	4.1	1	4 259
94	261	4.1	1	8 253
95	131	4.1	1	7 124
96	243	4.1	1	7 236
97	1354	4.1	1	12 1342
98	308	4.1	1	9 299
99	526	4.1	1	5 521
100	191	4.1	1	40 151

RUN STATISTICS FOR INPUT FILE: /data/scratch/flanary/atac-seq/untreated/GSE138293/fastq/SRR10215663_2.fastq
=============================================
69533732 sequences processed in total
The length threshold of paired-end sequences gets evaluated later on (in the validation step)

Validate paired-end files SRR10215663_1_trimmed.fq and SRR10215663_2_trimmed.fq
file_1: SRR10215663_1_trimmed.fq, file_2: SRR10215663_2_trimmed.fq


>>>>> Now validing the length of the 2 paired-end infiles: SRR10215663_1_trimmed.fq and SRR10215663_2_trimmed.fq <<<<<
Writing validated paired-end Read 1 reads to SRR10215663_1_val_1.fq
Writing validated paired-end Read 2 reads to SRR10215663_2_val_2.fq

Total number of sequences analysed: 69533732

Number of sequence pairs removed because at least one read was shorter than the length cutoff (30 bp): 2550775 (3.67%)

Deleting both intermediate output files SRR10215663_1_trimmed.fq and SRR10215663_2_trimmed.fq

====================================================================================================

