Path to Cutadapt set as: 'cutadapt' (default)
Cutadapt seems to be working fine (tested command 'cutadapt --version')
Cutadapt version: 5.0
Could not detect version of Python used by Cutadapt from the first line of Cutadapt (but found this: >>>#!/bin/sh<<<)
Letting the (modified) Cutadapt deal with the Python version instead
Parallel gzip (pigz) detected. Proceeding with multicore (de)compression using 8 cores

igzip detected. Using igzip for decompressing

No quality encoding type selected. Assuming that the data provided uses Sanger encoded Phred scores (default)

Output will be written into the directory: /scratch/flanary/atac-seq/untreated/GSE138293/trimmed_fastq/


AUTO-DETECTING ADAPTER TYPE
===========================
Attempting to auto-detect adapter type from the first 1 million sequences of the first file (>> /data/scratch/flanary/atac-seq/untreated/GSE138293/fastq/SRR10215673_1.fastq <<)

Found perfect matches for the following adapter sequences:
Adapter type	Count	Sequence	Sequences analysed	Percentage
Nextera	368958	CTGTCTCTTATA	1000000	36.90
Illumina	1	AGATCGGAAGAGC	1000000	0.00
smallRNA	0	TGGAATTCTCGG	1000000	0.00
Using Nextera adapter for trimming (count: 368958). Second best hit was Illumina (count: 1)

Writing report to '/scratch/flanary/atac-seq/untreated/GSE138293/trimmed_fastq/SRR10215673_1.fastq_trimming_report.txt'

SUMMARISING RUN PARAMETERS
==========================
Input filename: /data/scratch/flanary/atac-seq/untreated/GSE138293/fastq/SRR10215673_1.fastq
Trimming mode: paired-end
Trim Galore version: 0.6.10
Cutadapt version: 5.0
Python version: could not detect
Number of cores used for trimming: 8
Quality Phred score cutoff: 20
Quality encoding type selected: ASCII+33
Adapter sequence: 'CTGTCTCTTATA' (Nextera Transposase sequence; auto-detected)
Maximum trimming error rate: 0.1 (default)
Minimum required adapter overlap (stringency): 1 bp
Minimum required sequence length for both reads before a sequence pair gets removed: 20 bp

Cutadapt seems to be fairly up-to-date (version 5.0). Setting -j 8
Writing final adapter and quality trimmed output to SRR10215673_1_trimmed.fq


  >>> Now performing quality (cutoff '-q 20') and adapter trimming in a single pass for the adapter sequence: 'CTGTCTCTTATA' from file /data/scratch/flanary/atac-seq/untreated/GSE138293/fastq/SRR10215673_1.fastq <<< 
10000000 sequences processed
20000000 sequences processed
30000000 sequences processed
40000000 sequences processed
This is cutadapt 5.0 with Python 3.11.11
Command line parameters: -j 8 -e 0.1 -q 20 -O 1 -a CTGTCTCTTATA /data/scratch/flanary/atac-seq/untreated/GSE138293/fastq/SRR10215673_1.fastq
Processing single-end reads on 8 cores ...

=== Summary ===

Total reads processed:              44,656,330
Reads with adapters:                26,510,583 (59.4%)
Reads written (passing filters):    44,656,330 (100.0%)

Total basepairs processed: 4,465,633,000 bp
Quality-trimmed:             121,543,013 bp (2.7%)
Total written (filtered):  3,649,420,356 bp (81.7%)

=== Adapter 1 ===

Sequence: CTGTCTCTTATA; Type: regular 3'; Length: 12; Trimmed: 26510583 times

Minimum overlap: 1
No. of allowed errors:
1-9 bp: 0; 10-12 bp: 1

Bases preceding removed adapters:
  A: 14.8%
  C: 38.3%
  G: 24.2%
  T: 22.1%
  none/other: 0.7%

Overview of removed sequences
length	count	expect	max.err	error counts
1	6025234	11164082.5	0	6025234
2	1976458	2791020.6	0	1976458
3	631600	697755.2	0	631600
4	262505	174438.8	0	262505
5	201839	43609.7	0	201839
6	194151	10902.4	0	194151
7	184322	2725.6	0	184322
8	187564	681.4	0	187564
9	197633	170.4	0	196789 844
10	171603	42.6	1	168476 3127
11	195416	10.6	1	192068 3348
12	194023	2.7	1	191427 2596
13	197998	2.7	1	195823 2175
14	205473	2.7	1	203236 2237
15	222667	2.7	1	219878 2789
16	239694	2.7	1	236562 3132
17	243500	2.7	1	240298 3202
18	229449	2.7	1	226045 3404
19	243813	2.7	1	240067 3746
20	226311	2.7	1	221774 4537
21	262126	2.7	1	255841 6285
22	211415	2.7	1	207331 4084
23	210525	2.7	1	208008 2517
24	225687	2.7	1	223627 2060
25	240473	2.7	1	237116 3357
26	263972	2.7	1	261048 2924
27	290597	2.7	1	286570 4027
28	284929	2.7	1	281426 3503
29	296064	2.7	1	291026 5038
30	215756	2.7	1	211874 3882
31	203535	2.7	1	201314 2221
32	206761	2.7	1	203159 3602
33	233561	2.7	1	230751 2810
34	276765	2.7	1	274122 2643
35	305382	2.7	1	301758 3624
36	331960	2.7	1	327038 4922
37	336010	2.7	1	331483 4527
38	342817	2.7	1	339689 3128
39	316790	2.7	1	313951 2839
40	288248	2.7	1	284954 3294
41	372120	2.7	1	365844 6276
42	308859	2.7	1	304711 4148
43	369004	2.7	1	364654 4350
44	306396	2.7	1	303017 3379
45	358223	2.7	1	354783 3440
46	386995	2.7	1	382621 4374
47	502652	2.7	1	497474 5178
48	515367	2.7	1	511174 4193
49	419545	2.7	1	415395 4150
50	355941	2.7	1	351947 3994
51	295903	2.7	1	291882 4021
52	258721	2.7	1	255734 2987
53	299115	2.7	1	295607 3508
54	424225	2.7	1	419709 4516
55	368934	2.7	1	365074 3860
56	295134	2.7	1	292504 2630
57	377033	2.7	1	373051 3982
58	513369	2.7	1	508502 4867
59	510244	2.7	1	505711 4533
60	415726	2.7	1	411730 3996
61	290146	2.7	1	288084 2062
62	158553	2.7	1	156632 1921
63	153995	2.7	1	152662 1333
64	142871	2.7	1	141421 1450
65	109764	2.7	1	108463 1301
66	57190	2.7	1	56560 630
67	32729	2.7	1	30362 2367
68	27783	2.7	1	27108 675
69	35386	2.7	1	34055 1331
70	51589	2.7	1	50558 1031
71	57334	2.7	1	55872 1462
72	90586	2.7	1	88262 2324
73	26146	2.7	1	25598 548
74	14928	2.7	1	7206 7722
75	2726	2.7	1	479 2247
76	759	2.7	1	497 262
77	2915	2.7	1	645 2270
78	708	2.7	1	476 232
79	2186	2.7	1	268 1918
80	876	2.7	1	177 699
81	312	2.7	1	117 195
82	2139	2.7	1	108 2031
83	356	2.7	1	124 232
84	5347	2.7	1	143 5204
85	808	2.7	1	276 532
86	645	2.7	1	104 541
87	2319	2.7	1	89 2230
88	290	2.7	1	90 200
89	418	2.7	1	108 310
90	467	2.7	1	116 351
91	475	2.7	1	129 346
92	1687	2.7	1	106 1581
93	498	2.7	1	107 391
94	299	2.7	1	139 160
95	266	2.7	1	159 107
96	410	2.7	1	198 212
97	2586	2.7	1	228 2358
98	608	2.7	1	247 361
99	1316	2.7	1	304 1012
100	2035	2.7	1	1881 154

RUN STATISTICS FOR INPUT FILE: /data/scratch/flanary/atac-seq/untreated/GSE138293/fastq/SRR10215673_1.fastq
=============================================
44656330 sequences processed in total
The length threshold of paired-end sequences gets evaluated later on (in the validation step)

Writing report to '/scratch/flanary/atac-seq/untreated/GSE138293/trimmed_fastq/SRR10215673_2.fastq_trimming_report.txt'

SUMMARISING RUN PARAMETERS
==========================
Input filename: /data/scratch/flanary/atac-seq/untreated/GSE138293/fastq/SRR10215673_2.fastq
Trimming mode: paired-end
Trim Galore version: 0.6.10
Cutadapt version: 5.0
Python version: could not detect
Number of cores used for trimming: 8
Quality Phred score cutoff: 20
Quality encoding type selected: ASCII+33
Adapter sequence: 'CTGTCTCTTATA' (Nextera Transposase sequence; auto-detected)
Maximum trimming error rate: 0.1 (default)
Minimum required adapter overlap (stringency): 1 bp
Minimum required sequence length for both reads before a sequence pair gets removed: 20 bp

Cutadapt seems to be fairly up-to-date (version 5.0). Setting -j -j 8
Writing final adapter and quality trimmed output to SRR10215673_2_trimmed.fq


  >>> Now performing quality (cutoff '-q 20') and adapter trimming in a single pass for the adapter sequence: 'CTGTCTCTTATA' from file /data/scratch/flanary/atac-seq/untreated/GSE138293/fastq/SRR10215673_2.fastq <<< 
10000000 sequences processed
20000000 sequences processed
30000000 sequences processed
40000000 sequences processed
This is cutadapt 5.0 with Python 3.11.11
Command line parameters: -j 8 -e 0.1 -q 20 -O 1 -a CTGTCTCTTATA /data/scratch/flanary/atac-seq/untreated/GSE138293/fastq/SRR10215673_2.fastq
Processing single-end reads on 8 cores ...

=== Summary ===

Total reads processed:              44,656,330
Reads with adapters:                26,459,425 (59.3%)
Reads written (passing filters):    44,656,330 (100.0%)

Total basepairs processed: 4,465,633,000 bp
Quality-trimmed:             245,296,654 bp (5.5%)
Total written (filtered):  3,602,539,671 bp (80.7%)

=== Adapter 1 ===

Sequence: CTGTCTCTTATA; Type: regular 3'; Length: 12; Trimmed: 26459425 times

Minimum overlap: 1
No. of allowed errors:
1-9 bp: 0; 10-12 bp: 1

Bases preceding removed adapters:
  A: 15.0%
  C: 37.5%
  G: 24.5%
  T: 22.3%
  none/other: 0.7%

Overview of removed sequences
length	count	expect	max.err	error counts
1	5902925	11164082.5	0	5902925
2	1956350	2791020.6	0	1956350
3	609302	697755.2	0	609302
4	277820	174438.8	0	277820
5	207244	43609.7	0	207244
6	203798	10902.4	0	203798
7	188914	2725.6	0	188914
8	191988	681.4	0	191988
9	198003	170.4	0	197170 833
10	176554	42.6	1	173118 3436
11	195977	10.6	1	192607 3370
12	191746	2.7	1	189317 2429
13	201549	2.7	1	199080 2469
14	219500	2.7	1	216633 2867
15	232995	2.7	1	229424 3571
16	252716	2.7	1	249079 3637
17	255279	2.7	1	251722 3557
18	244995	2.7	1	241197 3798
19	265310	2.7	1	260920 4390
20	239568	2.7	1	235011 4557
21	251231	2.7	1	246885 4346
22	297570	2.7	1	291459 6111
23	287133	2.7	1	282669 4464
24	394490	2.7	1	388302 6188
25	306658	2.7	1	301337 5321
26	396157	2.7	1	390662 5495
27	330789	2.7	1	326241 4548
28	482947	2.7	1	476052 6895
29	583788	2.7	1	576301 7487
30	226813	2.7	1	222633 4180
31	303927	2.7	1	300108 3819
32	469509	2.7	1	462664 6845
33	425475	2.7	1	419661 5814
34	1043355	2.7	1	1033027 10328
35	342478	2.7	1	338532 3946
36	766311	2.7	1	758280 8031
37	217296	2.7	1	213877 3419
38	256110	2.7	1	253671 2439
39	375891	2.7	1	372688 3203
40	216299	2.7	1	214289 2010
41	189199	2.7	1	187105 2094
42	188231	2.7	1	186392 1839
43	265554	2.7	1	263184 2370
44	345187	2.7	1	342054 3133
45	409309	2.7	1	405710 3599
46	1128610	2.7	1	1117998 10612
47	245421	2.7	1	243047 2374
48	530199	2.7	1	526036 4163
49	993904	2.7	1	985263 8641
50	60756	2.7	1	59263 1493
51	92484	2.7	1	90690 1794
52	100069	2.7	1	98895 1174
53	103282	2.7	1	102015 1267
54	330434	2.7	1	327120 3314
55	288937	2.7	1	285824 3113
56	21837	2.7	1	21310 527
57	43572	2.7	1	42139 1433
58	91851	2.7	1	90684 1167
59	117785	2.7	1	116241 1544
60	134678	2.7	1	132528 2150
61	118516	2.7	1	116918 1598
62	83880	2.7	1	81918 1962
63	55625	2.7	1	54481 1144
64	53855	2.7	1	52585 1270
65	38728	2.7	1	37738 990
66	27144	2.7	1	26419 725
67	30504	2.7	1	27984 2520
68	32550	2.7	1	31220 1330
69	44030	2.7	1	42204 1826
70	44908	2.7	1	43526 1382
71	18216	2.7	1	17509 707
72	8515	2.7	1	7069 1446
73	2713	2.7	1	2338 375
74	6708	2.7	1	848 5860
75	2033	2.7	1	210 1823
76	379	2.7	1	111 268
77	2029	2.7	1	84 1945
78	275	2.7	1	42 233
79	1757	2.7	1	42 1715
80	640	2.7	1	34 606
81	264	2.7	1	38 226
82	1852	2.7	1	67 1785
83	235	2.7	1	36 199
84	4677	2.7	1	27 4650
85	488	2.7	1	15 473
86	504	2.7	1	17 487
87	1909	2.7	1	15 1894
88	242	2.7	1	20 222
89	346	2.7	1	15 331
90	337	2.7	1	27 310
91	388	2.7	1	36 352
92	1585	2.7	1	66 1519
93	379	2.7	1	40 339
94	215	2.7	1	44 171
95	135	2.7	1	31 104
96	257	2.7	1	34 223
97	2113	2.7	1	56 2057
98	414	2.7	1	63 351
99	1040	2.7	1	115 925
100	981	2.7	1	830 151

RUN STATISTICS FOR INPUT FILE: /data/scratch/flanary/atac-seq/untreated/GSE138293/fastq/SRR10215673_2.fastq
=============================================
44656330 sequences processed in total
The length threshold of paired-end sequences gets evaluated later on (in the validation step)

Validate paired-end files SRR10215673_1_trimmed.fq and SRR10215673_2_trimmed.fq
file_1: SRR10215673_1_trimmed.fq, file_2: SRR10215673_2_trimmed.fq


>>>>> Now validing the length of the 2 paired-end infiles: SRR10215673_1_trimmed.fq and SRR10215673_2_trimmed.fq <<<<<
Writing validated paired-end Read 1 reads to SRR10215673_1_val_1.fq
Writing validated paired-end Read 2 reads to SRR10215673_2_val_2.fq

Total number of sequences analysed: 44656330

Number of sequence pairs removed because at least one read was shorter than the length cutoff (20 bp): 947779 (2.12%)

Deleting both intermediate output files SRR10215673_1_trimmed.fq and SRR10215673_2_trimmed.fq

====================================================================================================

