Path to Cutadapt set as: 'cutadapt' (default)
Cutadapt seems to be working fine (tested command 'cutadapt --version')
Cutadapt version: 5.0
Could not detect version of Python used by Cutadapt from the first line of Cutadapt (but found this: >>>#!/bin/sh<<<)
Letting the (modified) Cutadapt deal with the Python version instead
Parallel gzip (pigz) detected. Proceeding with multicore (de)compression using 8 cores

igzip detected. Using igzip for decompressing

No quality encoding type selected. Assuming that the data provided uses Sanger encoded Phred scores (default)

Output will be written into the directory: /scratch/flanary/atac-seq/untreated/GSE138293/trimmed_fastq/


AUTO-DETECTING ADAPTER TYPE
===========================
Attempting to auto-detect adapter type from the first 1 million sequences of the first file (>> /data/scratch/flanary/atac-seq/untreated/GSE138293/fastq/SRR10215664_1.fastq <<)

Found perfect matches for the following adapter sequences:
Adapter type	Count	Sequence	Sequences analysed	Percentage
Nextera	485395	CTGTCTCTTATA	1000000	48.54
Illumina	0	AGATCGGAAGAGC	1000000	0.00
smallRNA	0	TGGAATTCTCGG	1000000	0.00
Using Nextera adapter for trimming (count: 485395). Second best hit was Illumina (count: 0)

Writing report to '/scratch/flanary/atac-seq/untreated/GSE138293/trimmed_fastq/SRR10215664_1.fastq_trimming_report.txt'

SUMMARISING RUN PARAMETERS
==========================
Input filename: /data/scratch/flanary/atac-seq/untreated/GSE138293/fastq/SRR10215664_1.fastq
Trimming mode: paired-end
Trim Galore version: 0.6.10
Cutadapt version: 5.0
Python version: could not detect
Number of cores used for trimming: 8
Quality Phred score cutoff: 20
Quality encoding type selected: ASCII+33
Adapter sequence: 'CTGTCTCTTATA' (Nextera Transposase sequence; auto-detected)
Maximum trimming error rate: 0.1 (default)
Minimum required adapter overlap (stringency): 1 bp
Minimum required sequence length for both reads before a sequence pair gets removed: 20 bp

Cutadapt seems to be fairly up-to-date (version 5.0). Setting -j 8
Writing final adapter and quality trimmed output to SRR10215664_1_trimmed.fq


  >>> Now performing quality (cutoff '-q 20') and adapter trimming in a single pass for the adapter sequence: 'CTGTCTCTTATA' from file /data/scratch/flanary/atac-seq/untreated/GSE138293/fastq/SRR10215664_1.fastq <<< 
10000000 sequences processed
20000000 sequences processed
30000000 sequences processed
This is cutadapt 5.0 with Python 3.11.11
Command line parameters: -j 8 -e 0.1 -q 20 -O 1 -a CTGTCTCTTATA /data/scratch/flanary/atac-seq/untreated/GSE138293/fastq/SRR10215664_1.fastq
Processing single-end reads on 8 cores ...

=== Summary ===

Total reads processed:              38,785,701
Reads with adapters:                26,401,232 (68.1%)
Reads written (passing filters):    38,785,701 (100.0%)

Total basepairs processed: 3,878,570,100 bp
Quality-trimmed:             146,067,971 bp (3.8%)
Total written (filtered):  2,955,973,892 bp (76.2%)

=== Adapter 1 ===

Sequence: CTGTCTCTTATA; Type: regular 3'; Length: 12; Trimmed: 26401232 times

Minimum overlap: 1
No. of allowed errors:
1-9 bp: 0; 10-12 bp: 1

Bases preceding removed adapters:
  A: 13.5%
  C: 40.4%
  G: 25.2%
  T: 20.9%
  none/other: 0.0%

Overview of removed sequences
length	count	expect	max.err	error counts
1	4318501	9696425.2	0	4318501
2	1339110	2424106.3	0	1339110
3	505651	606026.6	0	505651
4	225025	151506.6	0	225025
5	200071	37876.7	0	200071
6	196136	9469.2	0	196136
7	196664	2367.3	0	196664
8	206508	591.8	0	206508
9	227833	148.0	0	227237 596
10	198128	37.0	1	194695 3433
11	231088	9.2	1	227114 3974
12	223118	2.3	1	219370 3748
13	225070	2.3	1	221754 3316
14	222586	2.3	1	219398 3188
15	240661	2.3	1	236550 4111
16	257698	2.3	1	252928 4770
17	263523	2.3	1	259188 4335
18	262285	2.3	1	257426 4859
19	288589	2.3	1	283010 5579
20	286239	2.3	1	279547 6692
21	389526	2.3	1	377296 12230
22	249625	2.3	1	244430 5195
23	242686	2.3	1	239270 3416
24	248381	2.3	1	245470 2911
25	256533	2.3	1	252883 3650
26	284061	2.3	1	280734 3327
27	339497	2.3	1	333278 6219
28	339423	2.3	1	333297 6126
29	434230	2.3	1	423191 11039
30	328010	2.3	1	320575 7435
31	273823	2.3	1	270195 3628
32	282241	2.3	1	277266 4975
33	280883	2.3	1	277361 3522
34	330074	2.3	1	326258 3816
35	401985	2.3	1	395312 6673
36	318612	2.3	1	314134 4478
37	339494	2.3	1	334896 4598
38	352291	2.3	1	348342 3949
39	341230	2.3	1	337484 3746
40	366451	2.3	1	361866 4585
41	503575	2.3	1	495088 8487
42	413319	2.3	1	407672 5647
43	582450	2.3	1	575281 7169
44	364159	2.3	1	360584 3575
45	279786	2.3	1	277285 2501
46	325315	2.3	1	321819 3496
47	427281	2.3	1	423182 4099
48	499361	2.3	1	494855 4506
49	392873	2.3	1	389210 3663
50	379244	2.3	1	375299 3945
51	354294	2.3	1	350208 4086
52	353079	2.3	1	349604 3475
53	408958	2.3	1	404859 4099
54	537138	2.3	1	531931 5207
55	482273	2.3	1	477735 4538
56	260528	2.3	1	258189 2339
57	346588	2.3	1	343117 3471
58	475738	2.3	1	471705 4033
59	486996	2.3	1	482947 4049
60	442049	2.3	1	438125 3924
61	361185	2.3	1	358688 2497
62	241438	2.3	1	239196 2242
63	248401	2.3	1	246435 1966
64	229192	2.3	1	227303 1889
65	147210	2.3	1	145858 1352
66	66722	2.3	1	66047 675
67	34036	2.3	1	32106 1930
68	25440	2.3	1	24942 498
69	29398	2.3	1	28529 869
70	39892	2.3	1	39252 640
71	48529	2.3	1	47915 614
72	47160	2.3	1	45564 1596
73	17798	2.3	1	17383 415
74	15736	2.3	1	7787 7949
75	2286	2.3	1	326 1960
76	242	2.3	1	44 198
77	2024	2.3	1	29 1995
78	176	2.3	1	11 165
79	1563	2.3	1	6 1557
80	493	2.3	1	8 485
81	151	2.3	1	7 144
82	1427	2.3	1	3 1424
83	140	2.3	1	8 132
84	4168	2.3	1	13 4155
85	378	2.3	1	15 363
86	406	2.3	1	11 395
87	1655	2.3	1	3 1652
88	127	2.3	1	0 127
89	205	2.3	1	4 201
90	222	2.3	1	6 216
91	198	2.3	1	4 194
92	1144	2.3	1	5 1139
93	232	2.3	1	4 228
94	93	2.3	1	7 86
95	61	2.3	1	6 55
96	118	2.3	1	5 113
97	1883	2.3	1	7 1876
98	278	2.3	1	5 273
99	762	2.3	1	12 750
100	119	2.3	1	43 76

RUN STATISTICS FOR INPUT FILE: /data/scratch/flanary/atac-seq/untreated/GSE138293/fastq/SRR10215664_1.fastq
=============================================
38785701 sequences processed in total
The length threshold of paired-end sequences gets evaluated later on (in the validation step)

Writing report to '/scratch/flanary/atac-seq/untreated/GSE138293/trimmed_fastq/SRR10215664_2.fastq_trimming_report.txt'

SUMMARISING RUN PARAMETERS
==========================
Input filename: /data/scratch/flanary/atac-seq/untreated/GSE138293/fastq/SRR10215664_2.fastq
Trimming mode: paired-end
Trim Galore version: 0.6.10
Cutadapt version: 5.0
Python version: could not detect
Number of cores used for trimming: 8
Quality Phred score cutoff: 20
Quality encoding type selected: ASCII+33
Adapter sequence: 'CTGTCTCTTATA' (Nextera Transposase sequence; auto-detected)
Maximum trimming error rate: 0.1 (default)
Minimum required adapter overlap (stringency): 1 bp
Minimum required sequence length for both reads before a sequence pair gets removed: 20 bp

Cutadapt seems to be fairly up-to-date (version 5.0). Setting -j -j 8
Writing final adapter and quality trimmed output to SRR10215664_2_trimmed.fq


  >>> Now performing quality (cutoff '-q 20') and adapter trimming in a single pass for the adapter sequence: 'CTGTCTCTTATA' from file /data/scratch/flanary/atac-seq/untreated/GSE138293/fastq/SRR10215664_2.fastq <<< 
10000000 sequences processed
20000000 sequences processed
30000000 sequences processed
This is cutadapt 5.0 with Python 3.11.11
Command line parameters: -j 8 -e 0.1 -q 20 -O 1 -a CTGTCTCTTATA /data/scratch/flanary/atac-seq/untreated/GSE138293/fastq/SRR10215664_2.fastq
Processing single-end reads on 8 cores ...

=== Summary ===

Total reads processed:              38,785,701
Reads with adapters:                26,661,874 (68.7%)
Reads written (passing filters):    38,785,701 (100.0%)

Total basepairs processed: 3,878,570,100 bp
Quality-trimmed:             216,456,596 bp (5.6%)
Total written (filtered):  2,958,548,992 bp (76.3%)

=== Adapter 1 ===

Sequence: CTGTCTCTTATA; Type: regular 3'; Length: 12; Trimmed: 26661874 times

Minimum overlap: 1
No. of allowed errors:
1-9 bp: 0; 10-12 bp: 1

Bases preceding removed adapters:
  A: 13.7%
  C: 39.5%
  G: 25.5%
  T: 21.3%
  none/other: 0.0%

Overview of removed sequences
length	count	expect	max.err	error counts
1	4169010	9696425.2	0	4169010
2	1335321	2424106.3	0	1335321
3	470415	606026.6	0	470415
4	249033	151506.6	0	249033
5	210005	37876.7	0	210005
6	211087	9469.2	0	211087
7	204368	2367.3	0	204368
8	213594	591.8	0	213594
9	228989	148.0	0	228419 570
10	205453	37.0	1	202811 2642
11	230600	9.2	1	228212 2388
12	219034	2.3	1	217063 1971
13	227012	2.3	1	225006 2006
14	239225	2.3	1	236891 2334
15	250767	2.3	1	248193 2574
16	268874	2.3	1	265839 3035
17	274567	2.3	1	271418 3149
18	274927	2.3	1	271397 3530
19	306822	2.3	1	302751 4071
20	288739	2.3	1	284519 4220
21	311506	2.3	1	307335 4171
22	366319	2.3	1	359960 6359
23	336760	2.3	1	332367 4393
24	455519	2.3	1	449063 6456
25	328856	2.3	1	324379 4477
26	421839	2.3	1	417139 4700
27	351382	2.3	1	347352 4030
28	614580	2.3	1	607278 7302
29	771000	2.3	1	763005 7995
30	269526	2.3	1	265880 3646
31	386938	2.3	1	383611 3327
32	611972	2.3	1	605086 6886
33	523144	2.3	1	517825 5319
34	1337382	2.3	1	1326059 11323
35	363098	2.3	1	359796 3302
36	963020	2.3	1	954436 8584
37	203543	2.3	1	200692 2851
38	257029	2.3	1	254858 2171
39	521190	2.3	1	516988 4202
40	202487	2.3	1	200655 1832
41	193224	2.3	1	191186 2038
42	216348	2.3	1	214070 2278
43	303865	2.3	1	301010 2855
44	404574	2.3	1	400553 4021
45	483269	2.3	1	478909 4360
46	1457463	2.3	1	1443434 14029
47	214233	2.3	1	211535 2698
48	527683	2.3	1	522887 4796
49	1150678	2.3	1	1140580 10098
50	58409	2.3	1	56849 1560
51	90857	2.3	1	89127 1730
52	104133	2.3	1	102968 1165
53	111883	2.3	1	110650 1233
54	358643	2.3	1	354836 3807
55	274667	2.3	1	271720 2947
56	17381	2.3	1	16884 497
57	30064	2.3	1	28896 1168
58	68838	2.3	1	67842 996
59	92597	2.3	1	91232 1365
60	126453	2.3	1	124494 1959
61	137715	2.3	1	135787 1928
62	128068	2.3	1	125943 2125
63	84430	2.3	1	82964 1466
64	89177	2.3	1	87576 1601
65	62002	2.3	1	60815 1187
66	36833	2.3	1	36117 716
67	33031	2.3	1	31202 1829
68	25902	2.3	1	24993 909
69	31335	2.3	1	30197 1138
70	25946	2.3	1	25195 751
71	13890	2.3	1	13313 577
72	6375	2.3	1	5367 1008
73	2435	2.3	1	2151 284
74	6398	2.3	1	950 5448
75	1567	2.3	1	32 1535
76	208	2.3	1	9 199
77	1642	2.3	1	4 1638
78	175	2.3	1	2 173
79	1420	2.3	1	2 1418
80	446	2.3	1	2 444
81	160	2.3	1	7 153
82	1252	2.3	1	2 1250
83	150	2.3	1	4 146
84	3697	2.3	1	3 3694
85	365	2.3	1	1 364
86	396	2.3	1	1 395
87	1365	2.3	1	0 1365
88	115	2.3	1	2 113
89	209	2.3	1	2 207
90	199	2.3	1	2 197
91	225	2.3	1	5 220
92	1126	2.3	1	8 1118
93	245	2.3	1	7 238
94	135	2.3	1	10 125
95	82	2.3	1	3 79
96	177	2.3	1	0 177
97	1727	2.3	1	2 1725
98	255	2.3	1	1 254
99	714	2.3	1	7 707
100	91	2.3	1	19 72

RUN STATISTICS FOR INPUT FILE: /data/scratch/flanary/atac-seq/untreated/GSE138293/fastq/SRR10215664_2.fastq
=============================================
38785701 sequences processed in total
The length threshold of paired-end sequences gets evaluated later on (in the validation step)

Validate paired-end files SRR10215664_1_trimmed.fq and SRR10215664_2_trimmed.fq
file_1: SRR10215664_1_trimmed.fq, file_2: SRR10215664_2_trimmed.fq


>>>>> Now validing the length of the 2 paired-end infiles: SRR10215664_1_trimmed.fq and SRR10215664_2_trimmed.fq <<<<<
Writing validated paired-end Read 1 reads to SRR10215664_1_val_1.fq
Writing validated paired-end Read 2 reads to SRR10215664_2_val_2.fq

Total number of sequences analysed: 38785701

Number of sequence pairs removed because at least one read was shorter than the length cutoff (20 bp): 432658 (1.12%)

Deleting both intermediate output files SRR10215664_1_trimmed.fq and SRR10215664_2_trimmed.fq

====================================================================================================

