Path to Cutadapt set as: 'cutadapt' (default)
Cutadapt seems to be working fine (tested command 'cutadapt --version')
Cutadapt version: 2.6
Could not detect version of Python used by Cutadapt from the first line of Cutadapt (but found this: >>>#!/bin/sh<<<)
Letting the (modified) Cutadapt deal with the Python version instead
Parallel gzip (pigz) detected. Proceeding with multicore (de)compression using 8 cores

Proceeding with 'pigz -p 4' for decompression
To decrease CPU usage of decompression, please install 'igzip' and run again

No quality encoding type selected. Assuming that the data provided uses Sanger encoded Phred scores (default)

Output will be written into the directory: /scratch/flanary/atac-seq/untreated/GSE138293/trimmed_fastq/


AUTO-DETECTING ADAPTER TYPE
===========================
Attempting to auto-detect adapter type from the first 1 million sequences of the first file (>> /data/scratch/flanary/atac-seq/untreated/GSE138293/fastq/SRR10215687_1.fastq <<)

Found perfect matches for the following adapter sequences:
Adapter type	Count	Sequence	Sequences analysed	Percentage
Nextera	421403	CTGTCTCTTATA	1000000	42.14
smallRNA	0	TGGAATTCTCGG	1000000	0.00
Illumina	0	AGATCGGAAGAGC	1000000	0.00
Using Nextera adapter for trimming (count: 421403). Second best hit was smallRNA (count: 0)

Writing report to '/scratch/flanary/atac-seq/untreated/GSE138293/trimmed_fastq/SRR10215687_1.fastq_trimming_report.txt'

SUMMARISING RUN PARAMETERS
==========================
Input filename: /data/scratch/flanary/atac-seq/untreated/GSE138293/fastq/SRR10215687_1.fastq
Trimming mode: paired-end
Trim Galore version: 0.6.10
Cutadapt version: 2.6
Python version: could not detect
Number of cores used for trimming: 8
Quality Phred score cutoff: 20
Quality encoding type selected: ASCII+33
Adapter sequence: 'CTGTCTCTTATA' (Nextera Transposase sequence; auto-detected)
Maximum trimming error rate: 0.1 (default)
Minimum required adapter overlap (stringency): 1 bp
Minimum required sequence length for both reads before a sequence pair gets removed: 30 bp

Cutadapt seems to be fairly up-to-date (version 2.6). Setting -j 8
Writing final adapter and quality trimmed output to SRR10215687_1_trimmed.fq


  >>> Now performing quality (cutoff '-q 20') and adapter trimming in a single pass for the adapter sequence: 'CTGTCTCTTATA' from file /data/scratch/flanary/atac-seq/untreated/GSE138293/fastq/SRR10215687_1.fastq <<< 
10000000 sequences processed
20000000 sequences processed
30000000 sequences processed
This is cutadapt 2.6 with Python 3.7.16
Command line parameters: -j 8 -e 0.1 -q 20 -O 1 -a CTGTCTCTTATA /data/scratch/flanary/atac-seq/untreated/GSE138293/fastq/SRR10215687_1.fastq
Processing reads on 8 cores in single-end mode ...
Finished in 82.20 s (3 us/read; 23.86 M reads/minute).

=== Summary ===

Total reads processed:              32,694,833
Reads with adapters:                20,816,559 (63.7%)
Reads written (passing filters):    32,694,833 (100.0%)

Total basepairs processed: 3,269,483,300 bp
Quality-trimmed:              37,108,486 bp (1.1%)
Total written (filtered):  2,576,981,092 bp (78.8%)

=== Adapter 1 ===

Sequence: CTGTCTCTTATA; Type: regular 3'; Length: 12; Trimmed: 20816559 times.

No. of allowed errors:
0-9 bp: 0; 10-12 bp: 1

Bases preceding removed adapters:
  A: 13.8%
  C: 39.5%
  G: 25.6%
  T: 21.0%
  none/other: 0.0%

Overview of removed sequences
length	count	expect	max.err	error counts
1	4130341	8173708.2	0	4130341
2	1320529	2043427.1	0	1320529
3	459044	510856.8	0	459044
4	170129	127714.2	0	170129
5	107692	31928.5	0	107692
6	97665	7982.1	0	97665
7	90873	1995.5	0	90873
8	91117	498.9	0	91117
9	90967	124.7	0	90109 858
10	85329	31.2	1	83222 2107
11	93627	7.8	1	92057 1570
12	99127	1.9	1	97764 1363
13	106909	1.9	1	105635 1274
14	112725	1.9	1	111397 1328
15	121239	1.9	1	119947 1292
16	127627	1.9	1	126078 1549
17	131132	1.9	1	128322 2810
18	125517	1.9	1	123320 2197
19	127848	1.9	1	125313 2535
20	121339	1.9	1	117766 3573
21	138703	1.9	1	134276 4427
22	120892	1.9	1	117561 3331
23	130537	1.9	1	126550 3987
24	140248	1.9	1	136272 3976
25	148678	1.9	1	144084 4594
26	165209	1.9	1	160491 4718
27	179775	1.9	1	174226 5549
28	179202	1.9	1	174037 5165
29	172779	1.9	1	168098 4681
30	140354	1.9	1	136551 3803
31	134426	1.9	1	131843 2583
32	143145	1.9	1	140708 2437
33	162930	1.9	1	160494 2436
34	191241	1.9	1	188715 2526
35	212091	1.9	1	209406 2685
36	241435	1.9	1	238575 2860
37	262033	1.9	1	259181 2852
38	277219	1.9	1	274358 2861
39	246819	1.9	1	244300 2519
40	204249	1.9	1	201837 2412
41	209773	1.9	1	206987 2786
42	194762	1.9	1	193021 1741
43	229550	1.9	1	227616 1934
44	240203	1.9	1	238466 1737
45	264558	1.9	1	262724 1834
46	321298	1.9	1	318920 2378
47	470886	1.9	1	467671 3215
48	598261	1.9	1	594166 4095
49	520608	1.9	1	517572 3036
50	375290	1.9	1	373012 2278
51	269666	1.9	1	267794 1872
52	237480	1.9	1	235846 1634
53	274629	1.9	1	272608 2021
54	343317	1.9	1	340856 2461
55	369098	1.9	1	366651 2447
56	369772	1.9	1	367626 2146
57	457388	1.9	1	454287 3101
58	703034	1.9	1	698410 4624
59	760374	1.9	1	755329 5045
60	606112	1.9	1	601622 4490
61	374686	1.9	1	371870 2816
62	249904	1.9	1	247825 2079
63	238384	1.9	1	236240 2144
64	212530	1.9	1	210677 1853
65	143850	1.9	1	142456 1394
66	69751	1.9	1	69036 715
67	40686	1.9	1	39973 713
68	28550	1.9	1	28076 474
69	33788	1.9	1	33238 550
70	31483	1.9	1	30943 540
71	36332	1.9	1	35698 634
72	38027	1.9	1	36943 1084
73	39603	1.9	1	38563 1040
74	45205	1.9	1	43648 1557
75	4672	1.9	1	4226 446
76	2469	1.9	1	2100 369
77	1500	1.9	1	996 504
78	468	1.9	1	270 198
79	407	1.9	1	123 284
80	279	1.9	1	57 222
81	158	1.9	1	29 129
82	371	1.9	1	24 347
83	170	1.9	1	26 144
84	631	1.9	1	18 613
85	220	1.9	1	41 179
86	219	1.9	1	31 188
87	492	1.9	1	40 452
88	181	1.9	1	28 153
89	158	1.9	1	19 139
90	301	1.9	1	14 287
91	180	1.9	1	15 165
92	594	1.9	1	27 567
93	119	1.9	1	17 102
94	111	1.9	1	15 96
95	72	1.9	1	22 50
96	112	1.9	1	25 87
97	412	1.9	1	27 385
98	123	1.9	1	28 95
99	166	1.9	1	41 125
100	395	1.9	1	297 98

RUN STATISTICS FOR INPUT FILE: /data/scratch/flanary/atac-seq/untreated/GSE138293/fastq/SRR10215687_1.fastq
=============================================
32694833 sequences processed in total
The length threshold of paired-end sequences gets evaluated later on (in the validation step)

Writing report to '/scratch/flanary/atac-seq/untreated/GSE138293/trimmed_fastq/SRR10215687_2.fastq_trimming_report.txt'

SUMMARISING RUN PARAMETERS
==========================
Input filename: /data/scratch/flanary/atac-seq/untreated/GSE138293/fastq/SRR10215687_2.fastq
Trimming mode: paired-end
Trim Galore version: 0.6.10
Cutadapt version: 2.6
Python version: could not detect
Number of cores used for trimming: 8
Quality Phred score cutoff: 20
Quality encoding type selected: ASCII+33
Adapter sequence: 'CTGTCTCTTATA' (Nextera Transposase sequence; auto-detected)
Maximum trimming error rate: 0.1 (default)
Minimum required adapter overlap (stringency): 1 bp
Minimum required sequence length for both reads before a sequence pair gets removed: 30 bp

Cutadapt seems to be fairly up-to-date (version 2.6). Setting -j -j 8
Writing final adapter and quality trimmed output to SRR10215687_2_trimmed.fq


  >>> Now performing quality (cutoff '-q 20') and adapter trimming in a single pass for the adapter sequence: 'CTGTCTCTTATA' from file /data/scratch/flanary/atac-seq/untreated/GSE138293/fastq/SRR10215687_2.fastq <<< 
10000000 sequences processed
20000000 sequences processed
30000000 sequences processed
This is cutadapt 2.6 with Python 3.7.16
Command line parameters: -j 8 -e 0.1 -q 20 -O 1 -a CTGTCTCTTATA /data/scratch/flanary/atac-seq/untreated/GSE138293/fastq/SRR10215687_2.fastq
Processing reads on 8 cores in single-end mode ...
Finished in 82.46 s (3 us/read; 23.79 M reads/minute).

=== Summary ===

Total reads processed:              32,694,833
Reads with adapters:                20,611,331 (63.0%)
Reads written (passing filters):    32,694,833 (100.0%)

Total basepairs processed: 3,269,483,300 bp
Quality-trimmed:              85,618,880 bp (2.6%)
Total written (filtered):  2,538,682,661 bp (77.6%)

=== Adapter 1 ===

Sequence: CTGTCTCTTATA; Type: regular 3'; Length: 12; Trimmed: 20611331 times.

No. of allowed errors:
0-9 bp: 0; 10-12 bp: 1

Bases preceding removed adapters:
  A: 13.9%
  C: 39.3%
  G: 25.6%
  T: 21.1%
  none/other: 0.0%

Overview of removed sequences
length	count	expect	max.err	error counts
1	4084095	8173708.2	0	4084095
2	1310245	2043427.1	0	1310245
3	457504	510856.8	0	457504
4	169514	127714.2	0	169514
5	106738	31928.5	0	106738
6	97625	7982.1	0	97625
7	90867	1995.5	0	90867
8	91556	498.9	0	91556
9	93914	124.7	0	93032 882
10	84977	31.2	1	82963 2014
11	93630	7.8	1	92088 1542
12	98726	1.9	1	97417 1309
13	105199	1.9	1	104048 1151
14	114647	1.9	1	113156 1491
15	121457	1.9	1	119955 1502
16	130479	1.9	1	128748 1731
17	133840	1.9	1	132226 1614
18	126005	1.9	1	124648 1357
19	133068	1.9	1	131348 1720
20	113734	1.9	1	112375 1359
21	123436	1.9	1	121934 1502
22	134960	1.9	1	133053 1907
23	134656	1.9	1	133478 1178
24	147595	1.9	1	146240 1355
25	160580	1.9	1	158943 1637
26	169266	1.9	1	165550 3716
27	177935	1.9	1	173890 4045
28	209858	1.9	1	205098 4760
29	166214	1.9	1	161517 4697
30	135397	1.9	1	131926 3471
31	144851	1.9	1	140905 3946
32	159965	1.9	1	155298 4667
33	173226	1.9	1	168530 4696
34	207017	1.9	1	201160 5857
35	191183	1.9	1	186566 4617
36	222505	1.9	1	216583 5922
37	245467	1.9	1	239186 6281
38	266022	1.9	1	263158 2864
39	236871	1.9	1	234097 2774
40	193396	1.9	1	191969 1427
41	178470	1.9	1	176948 1522
42	176597	1.9	1	175276 1321
43	219496	1.9	1	217691 1805
44	264658	1.9	1	262535 2123
45	289497	1.9	1	287283 2214
46	368861	1.9	1	365675 3186
47	449438	1.9	1	446683 2755
48	613307	1.9	1	607453 5854
49	527386	1.9	1	522708 4678
50	353262	1.9	1	350616 2646
51	259923	1.9	1	257322 2601
52	224075	1.9	1	221967 2108
53	252199	1.9	1	249463 2736
54	344544	1.9	1	340365 4179
55	372965	1.9	1	368706 4259
56	354401	1.9	1	350401 4000
57	436724	1.9	1	431594 5130
58	676280	1.9	1	668184 8096
59	732050	1.9	1	723450 8600
60	582357	1.9	1	577210 5147
61	364136	1.9	1	360933 3203
62	257026	1.9	1	254591 2435
63	236080	1.9	1	233868 2212
64	208648	1.9	1	206771 1877
65	136724	1.9	1	135387 1337
66	71188	1.9	1	70481 707
67	54989	1.9	1	54056 933
68	45693	1.9	1	44904 789
69	72626	1.9	1	71229 1397
70	71838	1.9	1	70724 1114
71	28319	1.9	1	27839 480
72	15587	1.9	1	15070 517
73	5286	1.9	1	5072 214
74	2078	1.9	1	1410 668
75	321	1.9	1	67 254
76	137	1.9	1	10 127
77	369	1.9	1	17 352
78	167	1.9	1	15 152
79	259	1.9	1	18 241
80	233	1.9	1	18 215
81	167	1.9	1	21 146
82	346	1.9	1	33 313
83	165	1.9	1	45 120
84	547	1.9	1	22 525
85	205	1.9	1	11 194
86	175	1.9	1	11 164
87	415	1.9	1	14 401
88	168	1.9	1	15 153
89	133	1.9	1	10 123
90	297	1.9	1	16 281
91	161	1.9	1	16 145
92	559	1.9	1	38 521
93	121	1.9	1	43 78
94	131	1.9	1	26 105
95	80	1.9	1	25 55
96	107	1.9	1	27 80
97	413	1.9	1	26 387
98	137	1.9	1	33 104
99	179	1.9	1	49 130
100	411	1.9	1	345 66

RUN STATISTICS FOR INPUT FILE: /data/scratch/flanary/atac-seq/untreated/GSE138293/fastq/SRR10215687_2.fastq
=============================================
32694833 sequences processed in total
The length threshold of paired-end sequences gets evaluated later on (in the validation step)

Validate paired-end files SRR10215687_1_trimmed.fq and SRR10215687_2_trimmed.fq
file_1: SRR10215687_1_trimmed.fq, file_2: SRR10215687_2_trimmed.fq


>>>>> Now validing the length of the 2 paired-end infiles: SRR10215687_1_trimmed.fq and SRR10215687_2_trimmed.fq <<<<<
Writing validated paired-end Read 1 reads to SRR10215687_1_val_1.fq
Writing validated paired-end Read 2 reads to SRR10215687_2_val_2.fq

Total number of sequences analysed: 32694833

Number of sequence pairs removed because at least one read was shorter than the length cutoff (30 bp): 656479 (2.01%)

Deleting both intermediate output files SRR10215687_1_trimmed.fq and SRR10215687_2_trimmed.fq

====================================================================================================

