Path to Cutadapt set as: 'cutadapt' (default)
Cutadapt seems to be working fine (tested command 'cutadapt --version')
Cutadapt version: 2.6
Could not detect version of Python used by Cutadapt from the first line of Cutadapt (but found this: >>>#!/bin/sh<<<)
Letting the (modified) Cutadapt deal with the Python version instead
Parallel gzip (pigz) detected. Proceeding with multicore (de)compression using 8 cores

Proceeding with 'pigz -p 4' for decompression
To decrease CPU usage of decompression, please install 'igzip' and run again

No quality encoding type selected. Assuming that the data provided uses Sanger encoded Phred scores (default)

Output will be written into the directory: /scratch/flanary/atac-seq/untreated/GSE138293/trimmed_fastq/


AUTO-DETECTING ADAPTER TYPE
===========================
Attempting to auto-detect adapter type from the first 1 million sequences of the first file (>> /data/scratch/flanary/atac-seq/untreated/GSE138293/fastq/SRR10215678_1.fastq <<)

Found perfect matches for the following adapter sequences:
Adapter type	Count	Sequence	Sequences analysed	Percentage
Nextera	463214	CTGTCTCTTATA	1000000	46.32
smallRNA	1	TGGAATTCTCGG	1000000	0.00
Illumina	0	AGATCGGAAGAGC	1000000	0.00
Using Nextera adapter for trimming (count: 463214). Second best hit was smallRNA (count: 1)

Writing report to '/scratch/flanary/atac-seq/untreated/GSE138293/trimmed_fastq/SRR10215678_1.fastq_trimming_report.txt'

SUMMARISING RUN PARAMETERS
==========================
Input filename: /data/scratch/flanary/atac-seq/untreated/GSE138293/fastq/SRR10215678_1.fastq
Trimming mode: paired-end
Trim Galore version: 0.6.10
Cutadapt version: 2.6
Python version: could not detect
Number of cores used for trimming: 8
Quality Phred score cutoff: 20
Quality encoding type selected: ASCII+33
Adapter sequence: 'CTGTCTCTTATA' (Nextera Transposase sequence; auto-detected)
Maximum trimming error rate: 0.1 (default)
Minimum required adapter overlap (stringency): 1 bp
Minimum required sequence length for both reads before a sequence pair gets removed: 30 bp

Cutadapt seems to be fairly up-to-date (version 2.6). Setting -j 8
Writing final adapter and quality trimmed output to SRR10215678_1_trimmed.fq


  >>> Now performing quality (cutoff '-q 20') and adapter trimming in a single pass for the adapter sequence: 'CTGTCTCTTATA' from file /data/scratch/flanary/atac-seq/untreated/GSE138293/fastq/SRR10215678_1.fastq <<< 
10000000 sequences processed
20000000 sequences processed
30000000 sequences processed
40000000 sequences processed
50000000 sequences processed
This is cutadapt 2.6 with Python 3.7.16
Command line parameters: -j 8 -e 0.1 -q 20 -O 1 -a CTGTCTCTTATA /data/scratch/flanary/atac-seq/untreated/GSE138293/fastq/SRR10215678_1.fastq
Processing reads on 8 cores in single-end mode ...
Finished in 435.70 s (9 us/read; 7.03 M reads/minute).

=== Summary ===

Total reads processed:              51,047,751
Reads with adapters:                34,008,693 (66.6%)
Reads written (passing filters):    51,047,751 (100.0%)

Total basepairs processed: 5,104,775,100 bp
Quality-trimmed:              52,757,661 bp (1.0%)
Total written (filtered):  4,005,141,784 bp (78.5%)

=== Adapter 1 ===

Sequence: CTGTCTCTTATA; Type: regular 3'; Length: 12; Trimmed: 34008693 times.

No. of allowed errors:
0-9 bp: 0; 10-12 bp: 1

Bases preceding removed adapters:
  A: 14.3%
  C: 38.7%
  G: 24.5%
  T: 22.6%
  none/other: 0.0%

Overview of removed sequences
length	count	expect	max.err	error counts
1	5593930	12761937.8	0	5593930
2	1889365	3190484.4	0	1889365
3	624112	797621.1	0	624112
4	306969	199405.3	0	306969
5	232303	49851.3	0	232303
6	234292	12462.8	0	234292
7	220059	3115.7	0	220059
8	230019	778.9	0	230019
9	231386	194.7	0	230305 1081
10	215453	48.7	1	211162 4291
11	231879	12.2	1	228224 3655
12	229608	3.0	1	226666 2942
13	243752	3.0	1	241015 2737
14	258084	3.0	1	255372 2712
15	273592	3.0	1	270286 3306
16	294166	3.0	1	290633 3533
17	305323	3.0	1	299046 6277
18	302102	3.0	1	296579 5523
19	316552	3.0	1	310189 6363
20	298365	3.0	1	289625 8740
21	334222	3.0	1	323314 10908
22	286559	3.0	1	277878 8681
23	296689	3.0	1	287699 8990
24	305904	3.0	1	297379 8525
25	325334	3.0	1	314414 10920
26	362808	3.0	1	352504 10304
27	385162	3.0	1	372884 12278
28	384838	3.0	1	373590 11248
29	402628	3.0	1	391280 11348
30	331001	3.0	1	321436 9565
31	318035	3.0	1	311640 6395
32	332185	3.0	1	325602 6583
33	365294	3.0	1	359192 6102
34	415573	3.0	1	409810 5763
35	447922	3.0	1	441591 6331
36	436259	3.0	1	431064 5195
37	453105	3.0	1	447831 5274
38	468160	3.0	1	463377 4783
39	445045	3.0	1	440483 4562
40	412872	3.0	1	408221 4651
41	444913	3.0	1	439512 5401
42	415764	3.0	1	411828 3936
43	499297	3.0	1	494658 4639
44	477857	3.0	1	474461 3396
45	439711	3.0	1	436722 2989
46	525022	3.0	1	520899 4123
47	611004	3.0	1	606771 4233
48	705298	3.0	1	700325 4973
49	664747	3.0	1	660802 3945
50	571212	3.0	1	567450 3762
51	480167	3.0	1	476801 3366
52	472562	3.0	1	469337 3225
53	519054	3.0	1	515399 3655
54	628961	3.0	1	624753 4208
55	660314	3.0	1	655751 4563
56	641501	3.0	1	637667 3834
57	674068	3.0	1	669244 4824
58	822293	3.0	1	816644 5649
59	796475	3.0	1	791085 5390
60	669018	3.0	1	663901 5117
61	506034	3.0	1	501967 4067
62	371157	3.0	1	367757 3400
63	336704	3.0	1	333791 2913
64	310421	3.0	1	307574 2847
65	209780	3.0	1	207698 2082
66	109708	3.0	1	108608 1100
67	66205	3.0	1	64494 1711
68	48101	3.0	1	47283 818
69	45738	3.0	1	44799 939
70	45564	3.0	1	44866 698
71	49591	3.0	1	48860 731
72	45917	3.0	1	44515 1402
73	42044	3.0	1	41267 777
74	41812	3.0	1	37361 4451
75	4474	3.0	1	3226 1248
76	940	3.0	1	716 224
77	1501	3.0	1	251 1250
78	207	3.0	1	51 156
79	987	3.0	1	18 969
80	377	3.0	1	12 365
81	132	3.0	1	5 127
82	1122	3.0	1	8 1114
83	170	3.0	1	4 166
84	3057	3.0	1	7 3050
85	330	3.0	1	9 321
86	347	3.0	1	4 343
87	1403	3.0	1	11 1392
88	177	3.0	1	6 171
89	215	3.0	1	7 208
90	311	3.0	1	5 306
91	242	3.0	1	4 238
92	1099	3.0	1	8 1091
93	166	3.0	1	4 162
94	133	3.0	1	2 131
95	71	3.0	1	4 67
96	133	3.0	1	9 124
97	1296	3.0	1	7 1289
98	205	3.0	1	8 197
99	546	3.0	1	8 538
100	132	3.0	1	50 82

RUN STATISTICS FOR INPUT FILE: /data/scratch/flanary/atac-seq/untreated/GSE138293/fastq/SRR10215678_1.fastq
=============================================
51047751 sequences processed in total
The length threshold of paired-end sequences gets evaluated later on (in the validation step)

Writing report to '/scratch/flanary/atac-seq/untreated/GSE138293/trimmed_fastq/SRR10215678_2.fastq_trimming_report.txt'

SUMMARISING RUN PARAMETERS
==========================
Input filename: /data/scratch/flanary/atac-seq/untreated/GSE138293/fastq/SRR10215678_2.fastq
Trimming mode: paired-end
Trim Galore version: 0.6.10
Cutadapt version: 2.6
Python version: could not detect
Number of cores used for trimming: 8
Quality Phred score cutoff: 20
Quality encoding type selected: ASCII+33
Adapter sequence: 'CTGTCTCTTATA' (Nextera Transposase sequence; auto-detected)
Maximum trimming error rate: 0.1 (default)
Minimum required adapter overlap (stringency): 1 bp
Minimum required sequence length for both reads before a sequence pair gets removed: 30 bp

Cutadapt seems to be fairly up-to-date (version 2.6). Setting -j -j 8
Writing final adapter and quality trimmed output to SRR10215678_2_trimmed.fq


  >>> Now performing quality (cutoff '-q 20') and adapter trimming in a single pass for the adapter sequence: 'CTGTCTCTTATA' from file /data/scratch/flanary/atac-seq/untreated/GSE138293/fastq/SRR10215678_2.fastq <<< 
10000000 sequences processed
20000000 sequences processed
30000000 sequences processed
40000000 sequences processed
50000000 sequences processed
This is cutadapt 2.6 with Python 3.7.16
Command line parameters: -j 8 -e 0.1 -q 20 -O 1 -a CTGTCTCTTATA /data/scratch/flanary/atac-seq/untreated/GSE138293/fastq/SRR10215678_2.fastq
Processing reads on 8 cores in single-end mode ...
Finished in 328.99 s (6 us/read; 9.31 M reads/minute).

=== Summary ===

Total reads processed:              51,047,751
Reads with adapters:                33,868,540 (66.3%)
Reads written (passing filters):    51,047,751 (100.0%)

Total basepairs processed: 5,104,775,100 bp
Quality-trimmed:              72,777,655 bp (1.4%)
Total written (filtered):  3,979,901,755 bp (78.0%)

=== Adapter 1 ===

Sequence: CTGTCTCTTATA; Type: regular 3'; Length: 12; Trimmed: 33868540 times.

No. of allowed errors:
0-9 bp: 0; 10-12 bp: 1

Bases preceding removed adapters:
  A: 14.4%
  C: 38.3%
  G: 24.6%
  T: 22.7%
  none/other: 0.0%

Overview of removed sequences
length	count	expect	max.err	error counts
1	5514721	12761937.8	0	5514721
2	1874070	3190484.4	0	1874070
3	616625	797621.1	0	616625
4	310037	199405.3	0	310037
5	232161	49851.3	0	232161
6	235170	12462.8	0	235170
7	219622	3115.7	0	219622
8	229587	778.9	0	229587
9	232402	194.7	0	231357 1045
10	212885	48.7	1	209440 3445
11	226070	12.2	1	223252 2818
12	222273	3.0	1	220078 2195
13	237225	3.0	1	235280 1945
14	257106	3.0	1	254587 2519
15	268476	3.0	1	265616 2860
16	290206	3.0	1	287270 2936
17	298477	3.0	1	296107 2370
18	294269	3.0	1	291988 2281
19	305919	3.0	1	303374 2545
20	266188	3.0	1	263856 2332
21	279061	3.0	1	276704 2357
22	292262	3.0	1	288967 3295
23	299418	3.0	1	297573 1845
24	312909	3.0	1	311110 1799
25	337544	3.0	1	334404 3140
26	363130	3.0	1	355665 7465
27	375435	3.0	1	367447 7988
28	410481	3.0	1	402246 8235
29	353557	3.0	1	344403 9154
30	308650	3.0	1	300892 7758
31	324926	3.0	1	316436 8490
32	344937	3.0	1	334930 10007
33	376551	3.0	1	366583 9968
34	427115	3.0	1	415180 11935
35	393592	3.0	1	383956 9636
36	430428	3.0	1	419013 11415
37	436366	3.0	1	425094 11272
38	452171	3.0	1	447611 4560
39	431837	3.0	1	427154 4683
40	386171	3.0	1	383660 2511
41	383601	3.0	1	380785 2816
42	374692	3.0	1	372249 2443
43	420907	3.0	1	418110 2797
44	495337	3.0	1	492111 3226
45	533098	3.0	1	529743 3355
46	607607	3.0	1	602943 4664
47	618967	3.0	1	615322 3645
48	745863	3.0	1	739164 6699
49	706071	3.0	1	700079 5992
50	566930	3.0	1	562637 4293
51	479388	3.0	1	474638 4750
52	463969	3.0	1	459812 4157
53	494122	3.0	1	489066 5056
54	630742	3.0	1	623342 7400
55	676601	3.0	1	669236 7365
56	659490	3.0	1	652462 7028
57	688064	3.0	1	679739 8325
58	832218	3.0	1	822667 9551
59	808117	3.0	1	798754 9363
60	673007	3.0	1	667106 5901
61	512436	3.0	1	507891 4545
62	398592	3.0	1	394612 3980
63	350118	3.0	1	346953 3165
64	319563	3.0	1	316653 2910
65	209103	3.0	1	207148 1955
66	116049	3.0	1	115018 1031
67	85296	3.0	1	83459 1837
68	69149	3.0	1	68077 1072
69	91491	3.0	1	89608 1883
70	91428	3.0	1	89876 1552
71	40810	3.0	1	40098 712
72	20802	3.0	1	19745 1057
73	6219	3.0	1	5966 253
74	4809	3.0	1	1303 3506
75	1107	3.0	1	63 1044
76	140	3.0	1	10 130
77	1117	3.0	1	4 1113
78	153	3.0	1	8 145
79	853	3.0	1	4 849
80	376	3.0	1	6 370
81	125	3.0	1	5 120
82	949	3.0	1	8 941
83	127	3.0	1	13 114
84	2486	3.0	1	7 2479
85	319	3.0	1	5 314
86	286	3.0	1	1 285
87	1171	3.0	1	8 1163
88	188	3.0	1	6 182
89	197	3.0	1	3 194
90	323	3.0	1	8 315
91	209	3.0	1	12 197
92	1094	3.0	1	16 1078
93	172	3.0	1	16 156
94	135	3.0	1	7 128
95	67	3.0	1	9 58
96	147	3.0	1	13 134
97	1269	3.0	1	13 1256
98	210	3.0	1	3 207
99	519	3.0	1	13 506
100	115	3.0	1	39 76

RUN STATISTICS FOR INPUT FILE: /data/scratch/flanary/atac-seq/untreated/GSE138293/fastq/SRR10215678_2.fastq
=============================================
51047751 sequences processed in total
The length threshold of paired-end sequences gets evaluated later on (in the validation step)

Validate paired-end files SRR10215678_1_trimmed.fq and SRR10215678_2_trimmed.fq
file_1: SRR10215678_1_trimmed.fq, file_2: SRR10215678_2_trimmed.fq


>>>>> Now validing the length of the 2 paired-end infiles: SRR10215678_1_trimmed.fq and SRR10215678_2_trimmed.fq <<<<<
Writing validated paired-end Read 1 reads to SRR10215678_1_val_1.fq
Writing validated paired-end Read 2 reads to SRR10215678_2_val_2.fq

Total number of sequences analysed: 51047751

Number of sequence pairs removed because at least one read was shorter than the length cutoff (30 bp): 639580 (1.25%)

Deleting both intermediate output files SRR10215678_1_trimmed.fq and SRR10215678_2_trimmed.fq

====================================================================================================

