Path to Cutadapt set as: 'cutadapt' (default)
Cutadapt seems to be working fine (tested command 'cutadapt --version')
Cutadapt version: 2.6
Could not detect version of Python used by Cutadapt from the first line of Cutadapt (but found this: >>>#!/bin/sh<<<)
Letting the (modified) Cutadapt deal with the Python version instead
Parallel gzip (pigz) detected. Proceeding with multicore (de)compression using 8 cores

Proceeding with 'pigz -p 4' for decompression
To decrease CPU usage of decompression, please install 'igzip' and run again

No quality encoding type selected. Assuming that the data provided uses Sanger encoded Phred scores (default)

Output will be written into the directory: /scratch/flanary/atac-seq/untreated/GSE138293/trimmed_fastq/


AUTO-DETECTING ADAPTER TYPE
===========================
Attempting to auto-detect adapter type from the first 1 million sequences of the first file (>> /data/scratch/flanary/atac-seq/untreated/GSE138293/fastq/SRR10215670_1.fastq <<)

Found perfect matches for the following adapter sequences:
Adapter type	Count	Sequence	Sequences analysed	Percentage
Nextera	557789	CTGTCTCTTATA	1000000	55.78
Illumina	0	AGATCGGAAGAGC	1000000	0.00
smallRNA	0	TGGAATTCTCGG	1000000	0.00
Using Nextera adapter for trimming (count: 557789). Second best hit was Illumina (count: 0)

Writing report to '/scratch/flanary/atac-seq/untreated/GSE138293/trimmed_fastq/SRR10215670_1.fastq_trimming_report.txt'

SUMMARISING RUN PARAMETERS
==========================
Input filename: /data/scratch/flanary/atac-seq/untreated/GSE138293/fastq/SRR10215670_1.fastq
Trimming mode: paired-end
Trim Galore version: 0.6.10
Cutadapt version: 2.6
Python version: could not detect
Number of cores used for trimming: 8
Quality Phred score cutoff: 20
Quality encoding type selected: ASCII+33
Adapter sequence: 'CTGTCTCTTATA' (Nextera Transposase sequence; auto-detected)
Maximum trimming error rate: 0.1 (default)
Minimum required adapter overlap (stringency): 1 bp
Minimum required sequence length for both reads before a sequence pair gets removed: 30 bp

Cutadapt seems to be fairly up-to-date (version 2.6). Setting -j 8
Writing final adapter and quality trimmed output to SRR10215670_1_trimmed.fq


  >>> Now performing quality (cutoff '-q 20') and adapter trimming in a single pass for the adapter sequence: 'CTGTCTCTTATA' from file /data/scratch/flanary/atac-seq/untreated/GSE138293/fastq/SRR10215670_1.fastq <<< 
10000000 sequences processed
20000000 sequences processed
30000000 sequences processed
40000000 sequences processed
50000000 sequences processed
60000000 sequences processed
This is cutadapt 2.6 with Python 3.7.16
Command line parameters: -j 8 -e 0.1 -q 20 -O 1 -a CTGTCTCTTATA /data/scratch/flanary/atac-seq/untreated/GSE138293/fastq/SRR10215670_1.fastq
Processing reads on 8 cores in single-end mode ...
Finished in 165.17 s (2 us/read; 24.80 M reads/minute).

=== Summary ===

Total reads processed:              68,283,099
Reads with adapters:                49,777,475 (72.9%)
Reads written (passing filters):    68,283,099 (100.0%)

Total basepairs processed: 6,828,309,900 bp
Quality-trimmed:             121,311,211 bp (1.8%)
Total written (filtered):  5,069,575,447 bp (74.2%)

=== Adapter 1 ===

Sequence: CTGTCTCTTATA; Type: regular 3'; Length: 12; Trimmed: 49777475 times.

No. of allowed errors:
0-9 bp: 0; 10-12 bp: 1

Bases preceding removed adapters:
  A: 14.0%
  C: 38.7%
  G: 24.5%
  T: 22.8%
  none/other: 0.0%

Overview of removed sequences
length	count	expect	max.err	error counts
1	6199860	17070774.8	0	6199860
2	2169889	4267693.7	0	2169889
3	746568	1066923.4	0	746568
4	415097	266730.9	0	415097
5	343672	66682.7	0	343672
6	356195	16670.7	0	356195
7	339716	4167.7	0	339716
8	366915	1041.9	0	366915
9	365662	260.5	0	364568 1094
10	347090	65.1	1	341476 5614
11	382658	16.3	1	377480 5178
12	385953	4.1	1	380898 5055
13	398277	4.1	1	393439 4838
14	412920	4.1	1	408169 4751
15	430928	4.1	1	425405 5523
16	471633	4.1	1	465140 6493
17	500148	4.1	1	493242 6906
18	481736	4.1	1	474750 6986
19	547396	4.1	1	538512 8884
20	526374	4.1	1	515730 10644
21	565931	4.1	1	554024 11907
22	475398	4.1	1	468192 7206
23	469764	4.1	1	464682 5082
24	473129	4.1	1	469046 4083
25	490263	4.1	1	484831 5432
26	546260	4.1	1	541258 5002
27	578497	4.1	1	572175 6322
28	592148	4.1	1	585293 6855
29	646272	4.1	1	636115 10157
30	530314	4.1	1	523022 7292
31	513995	4.1	1	508722 5273
32	518710	4.1	1	512875 5835
33	556273	4.1	1	551325 4948
34	623818	4.1	1	618416 5402
35	619652	4.1	1	613772 5880
36	661735	4.1	1	654724 7011
37	686989	4.1	1	678589 8400
38	700030	4.1	1	692399 7631
39	721885	4.1	1	712312 9573
40	734636	4.1	1	723391 11245
41	661066	4.1	1	652163 8903
42	796703	4.1	1	783105 13598
43	876955	4.1	1	863122 13833
44	724391	4.1	1	716687 7704
45	734268	4.1	1	726717 7551
46	816755	4.1	1	807585 9170
47	939543	4.1	1	927742 11801
48	1021804	4.1	1	1011015 10789
49	930997	4.1	1	921857 9140
50	846327	4.1	1	837840 8487
51	792456	4.1	1	783058 9398
52	777517	4.1	1	769355 8162
53	867938	4.1	1	858147 9791
54	1035256	4.1	1	1023039 12217
55	1024074	4.1	1	1013722 10352
56	929573	4.1	1	921427 8146
57	954811	4.1	1	945869 8942
58	1131200	4.1	1	1120205 10995
59	1088207	4.1	1	1077687 10520
60	960885	4.1	1	950456 10429
61	804816	4.1	1	795912 8904
62	632390	4.1	1	625387 7003
63	626540	4.1	1	619935 6605
64	602704	4.1	1	595812 6892
65	422940	4.1	1	418173 4767
66	232944	4.1	1	230251 2693
67	120917	4.1	1	118736 2181
68	73963	4.1	1	72893 1070
69	64401	4.1	1	63255 1146
70	67844	4.1	1	66916 928
71	80625	4.1	1	79508 1117
72	94100	4.1	1	92128 1972
73	61219	4.1	1	60366 853
74	57771	4.1	1	50024 7747
75	4440	4.1	1	4032 408
76	1705	4.1	1	1504 201
77	3063	4.1	1	1047 2016
78	677	4.1	1	499 178
79	1711	4.1	1	226 1485
80	698	4.1	1	156 542
81	244	4.1	1	106 138
82	1159	4.1	1	92 1067
83	283	4.1	1	136 147
84	4037	4.1	1	188 3849
85	855	4.1	1	484 371
86	628	4.1	1	202 426
87	1891	4.1	1	141 1750
88	262	4.1	1	73 189
89	277	4.1	1	61 216
90	349	4.1	1	59 290
91	303	4.1	1	55 248
92	1043	4.1	1	65 978
93	269	4.1	1	62 207
94	201	4.1	1	98 103
95	175	4.1	1	104 71
96	212	4.1	1	93 119
97	1781	4.1	1	144 1637
98	450	4.1	1	177 273
99	859	4.1	1	201 658
100	1617	4.1	1	1499 118

RUN STATISTICS FOR INPUT FILE: /data/scratch/flanary/atac-seq/untreated/GSE138293/fastq/SRR10215670_1.fastq
=============================================
68283099 sequences processed in total
The length threshold of paired-end sequences gets evaluated later on (in the validation step)

Writing report to '/scratch/flanary/atac-seq/untreated/GSE138293/trimmed_fastq/SRR10215670_2.fastq_trimming_report.txt'

SUMMARISING RUN PARAMETERS
==========================
Input filename: /data/scratch/flanary/atac-seq/untreated/GSE138293/fastq/SRR10215670_2.fastq
Trimming mode: paired-end
Trim Galore version: 0.6.10
Cutadapt version: 2.6
Python version: could not detect
Number of cores used for trimming: 8
Quality Phred score cutoff: 20
Quality encoding type selected: ASCII+33
Adapter sequence: 'CTGTCTCTTATA' (Nextera Transposase sequence; auto-detected)
Maximum trimming error rate: 0.1 (default)
Minimum required adapter overlap (stringency): 1 bp
Minimum required sequence length for both reads before a sequence pair gets removed: 30 bp

Cutadapt seems to be fairly up-to-date (version 2.6). Setting -j -j 8
Writing final adapter and quality trimmed output to SRR10215670_2_trimmed.fq


  >>> Now performing quality (cutoff '-q 20') and adapter trimming in a single pass for the adapter sequence: 'CTGTCTCTTATA' from file /data/scratch/flanary/atac-seq/untreated/GSE138293/fastq/SRR10215670_2.fastq <<< 
10000000 sequences processed
20000000 sequences processed
30000000 sequences processed
40000000 sequences processed
50000000 sequences processed
60000000 sequences processed
This is cutadapt 2.6 with Python 3.7.16
Command line parameters: -j 8 -e 0.1 -q 20 -O 1 -a CTGTCTCTTATA /data/scratch/flanary/atac-seq/untreated/GSE138293/fastq/SRR10215670_2.fastq
Processing reads on 8 cores in single-end mode ...
Finished in 199.57 s (3 us/read; 20.53 M reads/minute).

=== Summary ===

Total reads processed:              68,283,099
Reads with adapters:                49,268,725 (72.2%)
Reads written (passing filters):    68,283,099 (100.0%)

Total basepairs processed: 6,828,309,900 bp
Quality-trimmed:             500,742,209 bp (7.3%)
Total written (filtered):  4,978,605,723 bp (72.9%)

=== Adapter 1 ===

Sequence: CTGTCTCTTATA; Type: regular 3'; Length: 12; Trimmed: 49268725 times.

No. of allowed errors:
0-9 bp: 0; 10-12 bp: 1

Bases preceding removed adapters:
  A: 14.3%
  C: 38.1%
  G: 24.7%
  T: 22.9%
  none/other: 0.0%

Overview of removed sequences
length	count	expect	max.err	error counts
1	6052902	17070774.8	0	6052902
2	2130363	4267693.7	0	2130363
3	743539	1066923.4	0	743539
4	416740	266730.9	0	416740
5	344676	66682.7	0	344676
6	359839	16670.7	0	359839
7	341011	4167.7	0	341011
8	370333	1041.9	0	370333
9	371337	260.5	0	370286 1051
10	350603	65.1	1	345617 4986
11	391870	16.3	1	387436 4434
12	385163	4.1	1	381669 3494
13	397891	4.1	1	394518 3373
14	426272	4.1	1	422299 3973
15	442619	4.1	1	438327 4292
16	499421	4.1	1	493795 5626
17	528088	4.1	1	522160 5928
18	506987	4.1	1	501502 5485
19	615892	4.1	1	607318 8574
20	570809	4.1	1	562934 7875
21	612702	4.1	1	604645 8057
22	788354	4.1	1	775118 13236
23	684381	4.1	1	675896 8485
24	1143160	4.1	1	1127121 16039
25	700379	4.1	1	691412 8967
26	965816	4.1	1	956324 9492
27	790580	4.1	1	783444 7136
28	1193396	4.1	1	1181689 11707
29	1687683	4.1	1	1673645 14038
30	587888	4.1	1	582492 5396
31	874612	4.1	1	868353 6259
32	1428348	4.1	1	1417741 10607
33	1205755	4.1	1	1197632 8123
34	3163602	4.1	1	3147538 16064
35	893802	4.1	1	888819 4983
36	1957710	4.1	1	1948074 9636
37	389617	4.1	1	386426 3191
38	425733	4.1	1	423769 1964
39	821040	4.1	1	817656 3384
40	534133	4.1	1	531625 2508
41	436872	4.1	1	434720 2152
42	393460	4.1	1	391624 1836
43	580288	4.1	1	577789 2499
44	778381	4.1	1	774846 3535
45	958384	4.1	1	954064 4320
46	2455487	4.1	1	2444831 10656
47	379699	4.1	1	377198 2501
48	926037	4.1	1	922446 3591
49	1775622	4.1	1	1768785 6837
50	121561	4.1	1	120146 1415
51	164478	4.1	1	163219 1259
52	210319	4.1	1	209259 1060
53	236202	4.1	1	235090 1112
54	639036	4.1	1	636116 2920
55	607802	4.1	1	604864 2938
56	35526	4.1	1	35033 493
57	39199	4.1	1	38382 817
58	109026	4.1	1	108371 655
59	141167	4.1	1	140285 882
60	171006	4.1	1	169863 1143
61	187520	4.1	1	186455 1065
62	178859	4.1	1	177221 1638
63	141591	4.1	1	140640 951
64	129244	4.1	1	128073 1171
65	102706	4.1	1	101926 780
66	63677	4.1	1	63134 543
67	48249	4.1	1	46960 1289
68	33355	4.1	1	32834 521
69	34942	4.1	1	34206 736
70	29039	4.1	1	28657 382
71	18309	4.1	1	18023 286
72	11265	4.1	1	10270 995
73	7053	4.1	1	6775 278
74	10653	4.1	1	4106 6547
75	681	4.1	1	336 345
76	271	4.1	1	92 179
77	1897	4.1	1	47 1850
78	197	4.1	1	49 148
79	1533	4.1	1	56 1477
80	501	4.1	1	45 456
81	178	4.1	1	50 128
82	1094	4.1	1	69 1025
83	212	4.1	1	96 116
84	3400	4.1	1	42 3358
85	337	4.1	1	28 309
86	389	4.1	1	15 374
87	1518	4.1	1	15 1503
88	170	4.1	1	11 159
89	209	4.1	1	16 193
90	265	4.1	1	17 248
91	231	4.1	1	14 217
92	1159	4.1	1	27 1132
93	211	4.1	1	17 194
94	137	4.1	1	17 120
95	66	4.1	1	13 53
96	126	4.1	1	9 117
97	1611	4.1	1	14 1597
98	252	4.1	1	23 229
99	621	4.1	1	35 586
100	399	4.1	1	308 91

RUN STATISTICS FOR INPUT FILE: /data/scratch/flanary/atac-seq/untreated/GSE138293/fastq/SRR10215670_2.fastq
=============================================
68283099 sequences processed in total
The length threshold of paired-end sequences gets evaluated later on (in the validation step)

Validate paired-end files SRR10215670_1_trimmed.fq and SRR10215670_2_trimmed.fq
file_1: SRR10215670_1_trimmed.fq, file_2: SRR10215670_2_trimmed.fq


>>>>> Now validing the length of the 2 paired-end infiles: SRR10215670_1_trimmed.fq and SRR10215670_2_trimmed.fq <<<<<
Writing validated paired-end Read 1 reads to SRR10215670_1_val_1.fq
Writing validated paired-end Read 2 reads to SRR10215670_2_val_2.fq

Total number of sequences analysed: 68283099

Number of sequence pairs removed because at least one read was shorter than the length cutoff (30 bp): 1741650 (2.55%)

Deleting both intermediate output files SRR10215670_1_trimmed.fq and SRR10215670_2_trimmed.fq

====================================================================================================

