Path to Cutadapt set as: 'cutadapt' (default)
Cutadapt seems to be working fine (tested command 'cutadapt --version')
Cutadapt version: 2.6
Could not detect version of Python used by Cutadapt from the first line of Cutadapt (but found this: >>>#!/bin/sh<<<)
Letting the (modified) Cutadapt deal with the Python version instead
Parallel gzip (pigz) detected. Proceeding with multicore (de)compression using 8 cores

Proceeding with 'pigz -p 4' for decompression
To decrease CPU usage of decompression, please install 'igzip' and run again

No quality encoding type selected. Assuming that the data provided uses Sanger encoded Phred scores (default)

Output will be written into the directory: /scratch/flanary/atac-seq/untreated/GSE138293/trimmed_fastq/


AUTO-DETECTING ADAPTER TYPE
===========================
Attempting to auto-detect adapter type from the first 1 million sequences of the first file (>> /data/scratch/flanary/atac-seq/untreated/GSE138293/fastq/SRR10215672_1.fastq <<)

Found perfect matches for the following adapter sequences:
Adapter type	Count	Sequence	Sequences analysed	Percentage
Nextera	371522	CTGTCTCTTATA	1000000	37.15
Illumina	0	AGATCGGAAGAGC	1000000	0.00
smallRNA	0	TGGAATTCTCGG	1000000	0.00
Using Nextera adapter for trimming (count: 371522). Second best hit was Illumina (count: 0)

Writing report to '/scratch/flanary/atac-seq/untreated/GSE138293/trimmed_fastq/SRR10215672_1.fastq_trimming_report.txt'

SUMMARISING RUN PARAMETERS
==========================
Input filename: /data/scratch/flanary/atac-seq/untreated/GSE138293/fastq/SRR10215672_1.fastq
Trimming mode: paired-end
Trim Galore version: 0.6.10
Cutadapt version: 2.6
Python version: could not detect
Number of cores used for trimming: 8
Quality Phred score cutoff: 20
Quality encoding type selected: ASCII+33
Adapter sequence: 'CTGTCTCTTATA' (Nextera Transposase sequence; auto-detected)
Maximum trimming error rate: 0.1 (default)
Minimum required adapter overlap (stringency): 1 bp
Minimum required sequence length for both reads before a sequence pair gets removed: 30 bp

Cutadapt seems to be fairly up-to-date (version 2.6). Setting -j 8
Writing final adapter and quality trimmed output to SRR10215672_1_trimmed.fq


  >>> Now performing quality (cutoff '-q 20') and adapter trimming in a single pass for the adapter sequence: 'CTGTCTCTTATA' from file /data/scratch/flanary/atac-seq/untreated/GSE138293/fastq/SRR10215672_1.fastq <<< 
10000000 sequences processed
20000000 sequences processed
30000000 sequences processed
40000000 sequences processed
This is cutadapt 2.6 with Python 3.7.16
Command line parameters: -j 8 -e 0.1 -q 20 -O 1 -a CTGTCTCTTATA /data/scratch/flanary/atac-seq/untreated/GSE138293/fastq/SRR10215672_1.fastq
Processing reads on 8 cores in single-end mode ...
Finished in 148.33 s (3 us/read; 18.26 M reads/minute).

=== Summary ===

Total reads processed:              45,137,408
Reads with adapters:                26,918,498 (59.6%)
Reads written (passing filters):    45,137,408 (100.0%)

Total basepairs processed: 4,513,740,800 bp
Quality-trimmed:             123,242,045 bp (2.7%)
Total written (filtered):  3,681,634,326 bp (81.6%)

=== Adapter 1 ===

Sequence: CTGTCTCTTATA; Type: regular 3'; Length: 12; Trimmed: 26918498 times.

No. of allowed errors:
0-9 bp: 0; 10-12 bp: 1

Bases preceding removed adapters:
  A: 14.8%
  C: 38.6%
  G: 24.3%
  T: 22.3%
  none/other: 0.0%

Overview of removed sequences
length	count	expect	max.err	error counts
1	6058389	11284352.0	0	6058389
2	1989216	2821088.0	0	1989216
3	640569	705272.0	0	640569
4	267682	176318.0	0	267682
5	206175	44079.5	0	206175
6	198077	11019.9	0	198077
7	187631	2755.0	0	187631
8	190084	688.7	0	190084
9	202646	172.2	0	201782 864
10	175047	43.0	1	172017 3030
11	200652	10.8	1	197383 3269
12	199271	2.7	1	196576 2695
13	203780	2.7	1	201479 2301
14	211819	2.7	1	209589 2230
15	229602	2.7	1	226630 2972
16	248849	2.7	1	245468 3381
17	248396	2.7	1	245067 3329
18	236328	2.7	1	232916 3412
19	251735	2.7	1	247706 4029
20	234582	2.7	1	229687 4895
21	293119	2.7	1	285954 7165
22	202130	2.7	1	198301 3829
23	207148	2.7	1	204629 2519
24	222365	2.7	1	220413 1952
25	236786	2.7	1	233517 3269
26	267815	2.7	1	264904 2911
27	289127	2.7	1	285240 3887
28	271505	2.7	1	268569 2936
29	288200	2.7	1	283455 4745
30	219556	2.7	1	215946 3610
31	204286	2.7	1	202094 2192
32	211101	2.7	1	207793 3308
33	241324	2.7	1	238471 2853
34	291606	2.7	1	288749 2857
35	326198	2.7	1	322255 3943
36	393375	2.7	1	387020 6355
37	382436	2.7	1	377451 4985
38	322292	2.7	1	320091 2201
39	319361	2.7	1	316738 2623
40	351244	2.7	1	347097 4147
41	369264	2.7	1	364549 4715
42	235761	2.7	1	233484 2277
43	296103	2.7	1	293660 2443
44	303622	2.7	1	300914 2708
45	347357	2.7	1	344548 2809
46	393911	2.7	1	389898 4013
47	484662	2.7	1	480550 4112
48	522858	2.7	1	519002 3856
49	431016	2.7	1	426706 4310
50	360091	2.7	1	356179 3912
51	309308	2.7	1	305423 3885
52	275948	2.7	1	273046 2902
53	313388	2.7	1	310051 3337
54	429825	2.7	1	425532 4293
55	406301	2.7	1	402312 3989
56	292475	2.7	1	289938 2537
57	385450	2.7	1	381699 3751
58	533317	2.7	1	528652 4665
59	550594	2.7	1	545724 4870
60	432699	2.7	1	428784 3915
61	309070	2.7	1	307006 2064
62	162571	2.7	1	160844 1727
63	159178	2.7	1	157967 1211
64	148221	2.7	1	146889 1332
65	114754	2.7	1	113583 1171
66	58224	2.7	1	57665 559
67	32566	2.7	1	30890 1676
68	28194	2.7	1	27612 582
69	35682	2.7	1	34705 977
70	54830	2.7	1	53953 877
71	61237	2.7	1	59816 1421
72	93661	2.7	1	91931 1730
73	27515	2.7	1	27119 396
74	12257	2.7	1	7541 4716
75	1817	2.7	1	467 1350
76	685	2.7	1	509 176
77	2094	2.7	1	583 1511
78	574	2.7	1	434 140
79	1439	2.7	1	290 1149
80	565	2.7	1	127 438
81	238	2.7	1	102 136
82	1406	2.7	1	83 1323
83	269	2.7	1	153 116
84	3911	2.7	1	182 3729
85	634	2.7	1	299 335
86	516	2.7	1	106 410
87	1649	2.7	1	101 1548
88	249	2.7	1	86 163
89	357	2.7	1	121 236
90	387	2.7	1	123 264
91	350	2.7	1	128 222
92	1170	2.7	1	127 1043
93	352	2.7	1	134 218
94	276	2.7	1	156 120
95	243	2.7	1	168 75
96	331	2.7	1	189 142
97	1789	2.7	1	245 1544
98	548	2.7	1	290 258
99	993	2.7	1	348 645
100	2242	2.7	1	2130 112

RUN STATISTICS FOR INPUT FILE: /data/scratch/flanary/atac-seq/untreated/GSE138293/fastq/SRR10215672_1.fastq
=============================================
45137408 sequences processed in total
The length threshold of paired-end sequences gets evaluated later on (in the validation step)

Writing report to '/scratch/flanary/atac-seq/untreated/GSE138293/trimmed_fastq/SRR10215672_2.fastq_trimming_report.txt'

SUMMARISING RUN PARAMETERS
==========================
Input filename: /data/scratch/flanary/atac-seq/untreated/GSE138293/fastq/SRR10215672_2.fastq
Trimming mode: paired-end
Trim Galore version: 0.6.10
Cutadapt version: 2.6
Python version: could not detect
Number of cores used for trimming: 8
Quality Phred score cutoff: 20
Quality encoding type selected: ASCII+33
Adapter sequence: 'CTGTCTCTTATA' (Nextera Transposase sequence; auto-detected)
Maximum trimming error rate: 0.1 (default)
Minimum required adapter overlap (stringency): 1 bp
Minimum required sequence length for both reads before a sequence pair gets removed: 30 bp

Cutadapt seems to be fairly up-to-date (version 2.6). Setting -j -j 8
Writing final adapter and quality trimmed output to SRR10215672_2_trimmed.fq


  >>> Now performing quality (cutoff '-q 20') and adapter trimming in a single pass for the adapter sequence: 'CTGTCTCTTATA' from file /data/scratch/flanary/atac-seq/untreated/GSE138293/fastq/SRR10215672_2.fastq <<< 
10000000 sequences processed
20000000 sequences processed
30000000 sequences processed
40000000 sequences processed
This is cutadapt 2.6 with Python 3.7.16
Command line parameters: -j 8 -e 0.1 -q 20 -O 1 -a CTGTCTCTTATA /data/scratch/flanary/atac-seq/untreated/GSE138293/fastq/SRR10215672_2.fastq
Processing reads on 8 cores in single-end mode ...
Finished in 146.98 s (3 us/read; 18.43 M reads/minute).

=== Summary ===

Total reads processed:              45,137,408
Reads with adapters:                26,837,508 (59.5%)
Reads written (passing filters):    45,137,408 (100.0%)

Total basepairs processed: 4,513,740,800 bp
Quality-trimmed:             247,188,149 bp (5.5%)
Total written (filtered):  3,633,949,077 bp (80.5%)

=== Adapter 1 ===

Sequence: CTGTCTCTTATA; Type: regular 3'; Length: 12; Trimmed: 26837508 times.

No. of allowed errors:
0-9 bp: 0; 10-12 bp: 1

Bases preceding removed adapters:
  A: 15.1%
  C: 37.7%
  G: 24.7%
  T: 22.5%
  none/other: 0.0%

Overview of removed sequences
length	count	expect	max.err	error counts
1	5927406	11284352.0	0	5927406
2	1967973	2821088.0	0	1967973
3	618940	705272.0	0	618940
4	282878	176318.0	0	282878
5	210824	44079.5	0	210824
6	207027	11019.9	0	207027
7	191596	2755.0	0	191596
8	194791	688.7	0	194791
9	201280	172.2	0	200415 865
10	179961	43.0	1	176515 3446
11	199813	10.8	1	196465 3348
12	195368	2.7	1	192890 2478
13	206864	2.7	1	204286 2578
14	225521	2.7	1	222576 2945
15	238178	2.7	1	234658 3520
16	259560	2.7	1	255846 3714
17	257956	2.7	1	254171 3785
18	247084	2.7	1	243215 3869
19	264217	2.7	1	259993 4224
20	236931	2.7	1	232476 4455
21	249522	2.7	1	244985 4537
22	293604	2.7	1	287470 6134
23	284113	2.7	1	279726 4387
24	395301	2.7	1	388982 6319
25	303895	2.7	1	298442 5453
26	400054	2.7	1	394561 5493
27	331003	2.7	1	326491 4512
28	480700	2.7	1	473787 6913
29	592061	2.7	1	584636 7425
30	225043	2.7	1	221200 3843
31	299930	2.7	1	296211 3719
32	469475	2.7	1	463190 6285
33	431529	2.7	1	425950 5579
34	1040334	2.7	1	1030092 10242
35	349896	2.7	1	345956 3940
36	748468	2.7	1	740815 7653
37	222634	2.7	1	219629 3005
38	259435	2.7	1	256996 2439
39	372534	2.7	1	369425 3109
40	227149	2.7	1	225069 2080
41	200085	2.7	1	198035 2050
42	196428	2.7	1	194605 1823
43	273025	2.7	1	270661 2364
44	357114	2.7	1	354075 3039
45	433205	2.7	1	429540 3665
46	1172510	2.7	1	1161788 10722
47	246324	2.7	1	244034 2290
48	533363	2.7	1	529290 4073
49	1030950	2.7	1	1022282 8668
50	60046	2.7	1	58748 1298
51	94411	2.7	1	92884 1527
52	105047	2.7	1	103986 1061
53	109814	2.7	1	108483 1331
54	346906	2.7	1	343292 3614
55	310340	2.7	1	307052 3288
56	23976	2.7	1	23507 469
57	48110	2.7	1	46901 1209
58	101559	2.7	1	100464 1095
59	133419	2.7	1	131763 1656
60	149676	2.7	1	147635 2041
61	128713	2.7	1	127146 1567
62	90207	2.7	1	88533 1674
63	60944	2.7	1	59982 962
64	58293	2.7	1	57291 1002
65	41228	2.7	1	40358 870
66	28493	2.7	1	27877 616
67	31651	2.7	1	29606 2045
68	33028	2.7	1	31873 1155
69	45471	2.7	1	43797 1674
70	48021	2.7	1	46838 1183
71	19324	2.7	1	18739 585
72	8851	2.7	1	7762 1089
73	2795	2.7	1	2549 246
74	5051	2.7	1	970 4081
75	1383	2.7	1	178 1205
76	269	2.7	1	116 153
77	1405	2.7	1	85 1320
78	193	2.7	1	57 136
79	1173	2.7	1	49 1124
80	443	2.7	1	41 402
81	174	2.7	1	37 137
82	1196	2.7	1	66 1130
83	165	2.7	1	57 108
84	3298	2.7	1	34 3264
85	342	2.7	1	24 318
86	347	2.7	1	27 320
87	1404	2.7	1	23 1381
88	164	2.7	1	28 136
89	263	2.7	1	22 241
90	301	2.7	1	40 261
91	284	2.7	1	49 235
92	1169	2.7	1	75 1094
93	290	2.7	1	54 236
94	205	2.7	1	76 129
95	111	2.7	1	48 63
96	146	2.7	1	40 106
97	1499	2.7	1	52 1447
98	293	2.7	1	71 222
99	691	2.7	1	97 594
100	1074	2.7	1	979 95

RUN STATISTICS FOR INPUT FILE: /data/scratch/flanary/atac-seq/untreated/GSE138293/fastq/SRR10215672_2.fastq
=============================================
45137408 sequences processed in total
The length threshold of paired-end sequences gets evaluated later on (in the validation step)

Validate paired-end files SRR10215672_1_trimmed.fq and SRR10215672_2_trimmed.fq
file_1: SRR10215672_1_trimmed.fq, file_2: SRR10215672_2_trimmed.fq


>>>>> Now validing the length of the 2 paired-end infiles: SRR10215672_1_trimmed.fq and SRR10215672_2_trimmed.fq <<<<<
Writing validated paired-end Read 1 reads to SRR10215672_1_val_1.fq
Writing validated paired-end Read 2 reads to SRR10215672_2_val_2.fq

Total number of sequences analysed: 45137408

Number of sequence pairs removed because at least one read was shorter than the length cutoff (30 bp): 1390407 (3.08%)

Deleting both intermediate output files SRR10215672_1_trimmed.fq and SRR10215672_2_trimmed.fq

====================================================================================================

