Path to Cutadapt set as: 'cutadapt' (default)
Cutadapt seems to be working fine (tested command 'cutadapt --version')
Cutadapt version: 2.6
Could not detect version of Python used by Cutadapt from the first line of Cutadapt (but found this: >>>#!/bin/sh<<<)
Letting the (modified) Cutadapt deal with the Python version instead
Parallel gzip (pigz) detected. Proceeding with multicore (de)compression using 8 cores

Proceeding with 'pigz -p 4' for decompression
To decrease CPU usage of decompression, please install 'igzip' and run again

No quality encoding type selected. Assuming that the data provided uses Sanger encoded Phred scores (default)

Output will be written into the directory: /scratch/flanary/atac-seq/untreated/GSE138293/trimmed_fastq/


AUTO-DETECTING ADAPTER TYPE
===========================
Attempting to auto-detect adapter type from the first 1 million sequences of the first file (>> /data/scratch/flanary/atac-seq/untreated/GSE138293/fastq/SRR10215667_1.fastq <<)

Found perfect matches for the following adapter sequences:
Adapter type	Count	Sequence	Sequences analysed	Percentage
Nextera	368037	CTGTCTCTTATA	1000000	36.80
smallRNA	1	TGGAATTCTCGG	1000000	0.00
Illumina	0	AGATCGGAAGAGC	1000000	0.00
Using Nextera adapter for trimming (count: 368037). Second best hit was smallRNA (count: 1)

Writing report to '/scratch/flanary/atac-seq/untreated/GSE138293/trimmed_fastq/SRR10215667_1.fastq_trimming_report.txt'

SUMMARISING RUN PARAMETERS
==========================
Input filename: /data/scratch/flanary/atac-seq/untreated/GSE138293/fastq/SRR10215667_1.fastq
Trimming mode: paired-end
Trim Galore version: 0.6.10
Cutadapt version: 2.6
Python version: could not detect
Number of cores used for trimming: 8
Quality Phred score cutoff: 20
Quality encoding type selected: ASCII+33
Adapter sequence: 'CTGTCTCTTATA' (Nextera Transposase sequence; auto-detected)
Maximum trimming error rate: 0.1 (default)
Minimum required adapter overlap (stringency): 1 bp
Minimum required sequence length for both reads before a sequence pair gets removed: 30 bp

Cutadapt seems to be fairly up-to-date (version 2.6). Setting -j 8
Writing final adapter and quality trimmed output to SRR10215667_1_trimmed.fq


  >>> Now performing quality (cutoff '-q 20') and adapter trimming in a single pass for the adapter sequence: 'CTGTCTCTTATA' from file /data/scratch/flanary/atac-seq/untreated/GSE138293/fastq/SRR10215667_1.fastq <<< 
10000000 sequences processed
20000000 sequences processed
30000000 sequences processed
40000000 sequences processed
This is cutadapt 2.6 with Python 3.7.16
Command line parameters: -j 8 -e 0.1 -q 20 -O 1 -a CTGTCTCTTATA /data/scratch/flanary/atac-seq/untreated/GSE138293/fastq/SRR10215667_1.fastq
Processing reads on 8 cores in single-end mode ...
Finished in 135.67 s (3 us/read; 19.11 M reads/minute).

=== Summary ===

Total reads processed:              43,200,443
Reads with adapters:                25,077,969 (58.1%)
Reads written (passing filters):    43,200,443 (100.0%)

Total basepairs processed: 4,320,044,300 bp
Quality-trimmed:             120,650,493 bp (2.8%)
Total written (filtered):  3,547,943,684 bp (82.1%)

=== Adapter 1 ===

Sequence: CTGTCTCTTATA; Type: regular 3'; Length: 12; Trimmed: 25077969 times.

No. of allowed errors:
0-9 bp: 0; 10-12 bp: 1

Bases preceding removed adapters:
  A: 15.8%
  C: 36.7%
  G: 23.7%
  T: 23.8%
  none/other: 0.0%

Overview of removed sequences
length	count	expect	max.err	error counts
1	5683166	10800110.8	0	5683166
2	1948614	2700027.7	0	1948614
3	631354	675006.9	0	631354
4	250437	168751.7	0	250437
5	160505	42187.9	0	160505
6	153282	10547.0	0	153282
7	144856	2636.7	0	144856
8	152214	659.2	0	152214
9	153670	164.8	0	152371 1299
10	143981	41.2	1	140170 3811
11	167113	10.3	1	163354 3759
12	173178	2.6	1	169440 3738
13	168167	2.6	1	165247 2920
14	180949	2.6	1	177443 3506
15	194795	2.6	1	190489 4306
16	219022	2.6	1	213810 5212
17	239940	2.6	1	234357 5583
18	220801	2.6	1	215480 5321
19	266174	2.6	1	258903 7271
20	269907	2.6	1	261127 8780
21	299883	2.6	1	289732 10151
22	218662	2.6	1	212731 5931
23	213541	2.6	1	208892 4649
24	216151	2.6	1	212080 4071
25	224474	2.6	1	219910 4564
26	239587	2.6	1	235494 4093
27	268553	2.6	1	263358 5195
28	306085	2.6	1	299391 6694
29	416880	2.6	1	404791 12089
30	298588	2.6	1	291091 7497
31	231592	2.6	1	226814 4778
32	245156	2.6	1	239593 5563
33	237961	2.6	1	233695 4266
34	288605	2.6	1	283493 5112
35	427530	2.6	1	418442 9088
36	286911	2.6	1	281804 5107
37	293678	2.6	1	288546 5132
38	310988	2.6	1	306090 4898
39	241469	2.6	1	238113 3356
40	222964	2.6	1	220038 2926
41	245097	2.6	1	241357 3740
42	249034	2.6	1	245384 3650
43	299320	2.6	1	294820 4500
44	273327	2.6	1	269863 3464
45	276694	2.6	1	273317 3377
46	315034	2.6	1	310712 4322
47	383996	2.6	1	379007 4989
48	430080	2.6	1	425330 4750
49	376893	2.6	1	372645 4248
50	319211	2.6	1	315382 3829
51	306636	2.6	1	302619 4017
52	276916	2.6	1	273651 3265
53	331212	2.6	1	327025 4187
54	402088	2.6	1	397227 4861
55	368857	2.6	1	364833 4024
56	318744	2.6	1	315562 3182
57	347465	2.6	1	343906 3559
58	441130	2.6	1	436845 4285
59	425448	2.6	1	421189 4259
60	356113	2.6	1	352373 3740
61	286554	2.6	1	283411 3143
62	197985	2.6	1	195527 2458
63	198775	2.6	1	196417 2358
64	200280	2.6	1	197862 2418
65	153242	2.6	1	151316 1926
66	81779	2.6	1	80714 1065
67	41292	2.6	1	39975 1317
68	27137	2.6	1	26540 597
69	23440	2.6	1	22787 653
70	24347	2.6	1	23785 562
71	27363	2.6	1	26789 574
72	24764	2.6	1	23812 952
73	13254	2.6	1	12836 418
74	9967	2.6	1	7739 2228
75	1222	2.6	1	516 706
76	450	2.6	1	196 254
77	999	2.6	1	89 910
78	324	2.6	1	88 236
79	718	2.6	1	48 670
80	400	2.6	1	33 367
81	237	2.6	1	31 206
82	741	2.6	1	31 710
83	243	2.6	1	53 190
84	1585	2.6	1	67 1518
85	383	2.6	1	110 273
86	355	2.6	1	53 302
87	878	2.6	1	33 845
88	274	2.6	1	16 258
89	221	2.6	1	16 205
90	406	2.6	1	19 387
91	263	2.6	1	18 245
92	948	2.6	1	25 923
93	183	2.6	1	18 165
94	202	2.6	1	16 186
95	111	2.6	1	30 81
96	193	2.6	1	27 166
97	814	2.6	1	22 792
98	230	2.6	1	19 211
99	346	2.6	1	41 305
100	386	2.6	1	283 103

RUN STATISTICS FOR INPUT FILE: /data/scratch/flanary/atac-seq/untreated/GSE138293/fastq/SRR10215667_1.fastq
=============================================
43200443 sequences processed in total
The length threshold of paired-end sequences gets evaluated later on (in the validation step)

Writing report to '/scratch/flanary/atac-seq/untreated/GSE138293/trimmed_fastq/SRR10215667_2.fastq_trimming_report.txt'

SUMMARISING RUN PARAMETERS
==========================
Input filename: /data/scratch/flanary/atac-seq/untreated/GSE138293/fastq/SRR10215667_2.fastq
Trimming mode: paired-end
Trim Galore version: 0.6.10
Cutadapt version: 2.6
Python version: could not detect
Number of cores used for trimming: 8
Quality Phred score cutoff: 20
Quality encoding type selected: ASCII+33
Adapter sequence: 'CTGTCTCTTATA' (Nextera Transposase sequence; auto-detected)
Maximum trimming error rate: 0.1 (default)
Minimum required adapter overlap (stringency): 1 bp
Minimum required sequence length for both reads before a sequence pair gets removed: 30 bp

Cutadapt seems to be fairly up-to-date (version 2.6). Setting -j -j 8
Writing final adapter and quality trimmed output to SRR10215667_2_trimmed.fq


  >>> Now performing quality (cutoff '-q 20') and adapter trimming in a single pass for the adapter sequence: 'CTGTCTCTTATA' from file /data/scratch/flanary/atac-seq/untreated/GSE138293/fastq/SRR10215667_2.fastq <<< 
10000000 sequences processed
20000000 sequences processed
30000000 sequences processed
40000000 sequences processed
This is cutadapt 2.6 with Python 3.7.16
Command line parameters: -j 8 -e 0.1 -q 20 -O 1 -a CTGTCTCTTATA /data/scratch/flanary/atac-seq/untreated/GSE138293/fastq/SRR10215667_2.fastq
Processing reads on 8 cores in single-end mode ...
Finished in 140.39 s (3 us/read; 18.46 M reads/minute).

=== Summary ===

Total reads processed:              43,200,443
Reads with adapters:                24,702,440 (57.2%)
Reads written (passing filters):    43,200,443 (100.0%)

Total basepairs processed: 4,320,044,300 bp
Quality-trimmed:             404,402,071 bp (9.4%)
Total written (filtered):  3,412,033,016 bp (79.0%)

=== Adapter 1 ===

Sequence: CTGTCTCTTATA; Type: regular 3'; Length: 12; Trimmed: 24702440 times.

No. of allowed errors:
0-9 bp: 0; 10-12 bp: 1

Bases preceding removed adapters:
  A: 16.2%
  C: 35.5%
  G: 23.8%
  T: 24.5%
  none/other: 0.0%

Overview of removed sequences
length	count	expect	max.err	error counts
1	5539640	10800110.8	0	5539640
2	1905509	2700027.7	0	1905509
3	623107	675006.9	0	623107
4	246995	168751.7	0	246995
5	161081	42187.9	0	161081
6	154292	10547.0	0	154292
7	145300	2636.7	0	145300
8	152306	659.2	0	152306
9	152198	164.8	0	150870 1328
10	142465	41.2	1	139141 3324
11	163370	10.3	1	160154 3216
12	162014	2.6	1	159389 2625
13	167603	2.6	1	164997 2606
14	180990	2.6	1	177919 3071
15	195581	2.6	1	192191 3390
16	221080	2.6	1	216697 4383
17	237336	2.6	1	232555 4781
18	230744	2.6	1	226004 4740
19	298277	2.6	1	290117 8160
20	267437	2.6	1	260751 6686
21	298110	2.6	1	290499 7611
22	420126	2.6	1	407136 12990
23	351427	2.6	1	343545 7882
24	689180	2.6	1	673543 15637
25	350595	2.6	1	343383 7212
26	531495	2.6	1	522390 9105
27	395603	2.6	1	389446 6157
28	756567	2.6	1	745308 11259
29	1128301	2.6	1	1114706 13595
30	280947	2.6	1	276684 4263
31	490005	2.6	1	484113 5892
32	797481	2.6	1	788703 8778
33	664629	2.6	1	656869 7760
34	1855578	2.6	1	1838461 17117
35	343301	2.6	1	338853 4448
36	724564	2.6	1	716937 7627
37	119380	2.6	1	117180 2200
38	125973	2.6	1	124480 1493
39	241330	2.6	1	238807 2523
40	162828	2.6	1	161070 1758
41	116902	2.6	1	115483 1419
42	101070	2.6	1	99915 1155
43	159881	2.6	1	158143 1738
44	232262	2.6	1	229435 2827
45	266770	2.6	1	264395 2375
46	643965	2.6	1	638194 5771
47	82183	2.6	1	80898 1285
48	213104	2.6	1	211192 1912
49	323780	2.6	1	321337 2443
50	19552	2.6	1	18934 618
51	26168	2.6	1	25531 637
52	28632	2.6	1	28151 481
53	32559	2.6	1	32072 487
54	96088	2.6	1	95160 928
55	85173	2.6	1	84321 852
56	5184	2.6	1	4907 277
57	5590	2.6	1	5084 506
58	14110	2.6	1	13785 325
59	18162	2.6	1	17778 384
60	22030	2.6	1	21608 422
61	22120	2.6	1	21773 347
62	21224	2.6	1	20694 530
63	15449	2.6	1	15077 372
64	16340	2.6	1	15989 351
65	12813	2.6	1	12438 375
66	8606	2.6	1	8307 299
67	7381	2.6	1	6575 806
68	5278	2.6	1	4928 350
69	4808	2.6	1	4347 461
70	3752	2.6	1	3444 308
71	1989	2.6	1	1767 222
72	1437	2.6	1	870 567
73	740	2.6	1	500 240
74	2170	2.6	1	237 1933
75	662	2.6	1	21 641
76	193	2.6	1	4 189
77	745	2.6	1	11 734
78	253	2.6	1	6 247
79	593	2.6	1	5 588
80	310	2.6	1	5 305
81	171	2.6	1	2 169
82	679	2.6	1	9 670
83	204	2.6	1	6 198
84	1376	2.6	1	5 1371
85	247	2.6	1	6 241
86	276	2.6	1	8 268
87	788	2.6	1	5 783
88	198	2.6	1	3 195
89	214	2.6	1	3 211
90	364	2.6	1	11 353
91	227	2.6	1	4 223
92	898	2.6	1	14 884
93	185	2.6	1	12 173
94	139	2.6	1	6 133
95	116	2.6	1	3 113
96	165	2.6	1	6 159
97	779	2.6	1	4 775
98	190	2.6	1	14 176
99	304	2.6	1	6 298
100	147	2.6	1	60 87

RUN STATISTICS FOR INPUT FILE: /data/scratch/flanary/atac-seq/untreated/GSE138293/fastq/SRR10215667_2.fastq
=============================================
43200443 sequences processed in total
The length threshold of paired-end sequences gets evaluated later on (in the validation step)

Validate paired-end files SRR10215667_1_trimmed.fq and SRR10215667_2_trimmed.fq
file_1: SRR10215667_1_trimmed.fq, file_2: SRR10215667_2_trimmed.fq


>>>>> Now validing the length of the 2 paired-end infiles: SRR10215667_1_trimmed.fq and SRR10215667_2_trimmed.fq <<<<<
Writing validated paired-end Read 1 reads to SRR10215667_1_val_1.fq
Writing validated paired-end Read 2 reads to SRR10215667_2_val_2.fq

Total number of sequences analysed: 43200443

Number of sequence pairs removed because at least one read was shorter than the length cutoff (30 bp): 1689325 (3.91%)

Deleting both intermediate output files SRR10215667_1_trimmed.fq and SRR10215667_2_trimmed.fq

====================================================================================================

