Path to Cutadapt set as: 'cutadapt' (default)
Cutadapt seems to be working fine (tested command 'cutadapt --version')
Cutadapt version: 2.6
Could not detect version of Python used by Cutadapt from the first line of Cutadapt (but found this: >>>#!/bin/sh<<<)
Letting the (modified) Cutadapt deal with the Python version instead
Parallel gzip (pigz) detected. Proceeding with multicore (de)compression using 8 cores

Proceeding with 'pigz -p 4' for decompression
To decrease CPU usage of decompression, please install 'igzip' and run again

No quality encoding type selected. Assuming that the data provided uses Sanger encoded Phred scores (default)

Output will be written into the directory: /scratch/flanary/atac-seq/untreated/GSE138293/trimmed_fastq/


AUTO-DETECTING ADAPTER TYPE
===========================
Attempting to auto-detect adapter type from the first 1 million sequences of the first file (>> /data/scratch/flanary/atac-seq/untreated/GSE138293/fastq/SRR10215683_1.fastq <<)

Found perfect matches for the following adapter sequences:
Adapter type	Count	Sequence	Sequences analysed	Percentage
Nextera	377391	CTGTCTCTTATA	1000000	37.74
Illumina	0	AGATCGGAAGAGC	1000000	0.00
smallRNA	0	TGGAATTCTCGG	1000000	0.00
Using Nextera adapter for trimming (count: 377391). Second best hit was Illumina (count: 0)

Writing report to '/scratch/flanary/atac-seq/untreated/GSE138293/trimmed_fastq/SRR10215683_1.fastq_trimming_report.txt'

SUMMARISING RUN PARAMETERS
==========================
Input filename: /data/scratch/flanary/atac-seq/untreated/GSE138293/fastq/SRR10215683_1.fastq
Trimming mode: paired-end
Trim Galore version: 0.6.10
Cutadapt version: 2.6
Python version: could not detect
Number of cores used for trimming: 8
Quality Phred score cutoff: 20
Quality encoding type selected: ASCII+33
Adapter sequence: 'CTGTCTCTTATA' (Nextera Transposase sequence; auto-detected)
Maximum trimming error rate: 0.1 (default)
Minimum required adapter overlap (stringency): 1 bp
Minimum required sequence length for both reads before a sequence pair gets removed: 30 bp

Cutadapt seems to be fairly up-to-date (version 2.6). Setting -j 8
Writing final adapter and quality trimmed output to SRR10215683_1_trimmed.fq


  >>> Now performing quality (cutoff '-q 20') and adapter trimming in a single pass for the adapter sequence: 'CTGTCTCTTATA' from file /data/scratch/flanary/atac-seq/untreated/GSE138293/fastq/SRR10215683_1.fastq <<< 
10000000 sequences processed
20000000 sequences processed
30000000 sequences processed
40000000 sequences processed
50000000 sequences processed
This is cutadapt 2.6 with Python 3.7.16
Command line parameters: -j 8 -e 0.1 -q 20 -O 1 -a CTGTCTCTTATA /data/scratch/flanary/atac-seq/untreated/GSE138293/fastq/SRR10215683_1.fastq
Processing reads on 8 cores in single-end mode ...
Finished in 161.77 s (3 us/read; 19.46 M reads/minute).

=== Summary ===

Total reads processed:              52,471,115
Reads with adapters:                31,460,994 (60.0%)
Reads written (passing filters):    52,471,115 (100.0%)

Total basepairs processed: 5,247,111,500 bp
Quality-trimmed:             115,126,656 bp (2.2%)
Total written (filtered):  4,269,682,459 bp (81.4%)

=== Adapter 1 ===

Sequence: CTGTCTCTTATA; Type: regular 3'; Length: 12; Trimmed: 31460994 times.

No. of allowed errors:
0-9 bp: 0; 10-12 bp: 1

Bases preceding removed adapters:
  A: 15.2%
  C: 37.9%
  G: 24.2%
  T: 22.7%
  none/other: 0.0%

Overview of removed sequences
length	count	expect	max.err	error counts
1	6781746	13117778.8	0	6781746
2	2259834	3279444.7	0	2259834
3	732083	819861.2	0	732083
4	295006	204965.3	0	295006
5	213310	51241.3	0	213310
6	205233	12810.3	0	205233
7	195464	3202.6	0	195464
8	200879	800.6	0	200879
9	211481	200.2	0	210228 1253
10	186015	50.0	1	181929 4086
11	207557	12.5	1	204251 3306
12	204198	3.1	1	201431 2767
13	211776	3.1	1	209521 2255
14	220647	3.1	1	218161 2486
15	237888	3.1	1	234768 3120
16	255896	3.1	1	252660 3236
17	260229	3.1	1	257051 3178
18	247961	3.1	1	244560 3401
19	260387	3.1	1	256691 3696
20	244453	3.1	1	239715 4738
21	284450	3.1	1	278042 6408
22	236599	3.1	1	232121 4478
23	240715	3.1	1	237857 2858
24	252441	3.1	1	250195 2246
25	269626	3.1	1	266236 3390
26	304757	3.1	1	301984 2773
27	355055	3.1	1	350771 4284
28	353176	3.1	1	348861 4315
29	386936	3.1	1	380380 6556
30	294289	3.1	1	289623 4666
31	249141	3.1	1	246784 2357
32	256225	3.1	1	252978 3247
33	283407	3.1	1	280994 2413
34	333040	3.1	1	330441 2599
35	361509	3.1	1	358450 3059
36	407084	3.1	1	402610 4474
37	417417	3.1	1	413335 4082
38	440318	3.1	1	436590 3728
39	412223	3.1	1	408976 3247
40	367030	3.1	1	363822 3208
41	365838	3.1	1	361810 4028
42	422737	3.1	1	418005 4732
43	482224	3.1	1	477600 4624
44	416506	3.1	1	413266 3240
45	348858	3.1	1	346575 2283
46	428474	3.1	1	425048 3426
47	553712	3.1	1	549740 3972
48	672342	3.1	1	667722 4620
49	582572	3.1	1	577997 4575
50	486117	3.1	1	481962 4155
51	390441	3.1	1	386567 3874
52	365030	3.1	1	361604 3426
53	418838	3.1	1	414870 3968
54	526238	3.1	1	521394 4844
55	548602	3.1	1	544087 4515
56	417953	3.1	1	414718 3235
57	521445	3.1	1	517111 4334
58	690991	3.1	1	685653 5338
59	676810	3.1	1	671765 5045
60	555923	3.1	1	551538 4385
61	367169	3.1	1	365077 2092
62	225349	3.1	1	223452 1897
63	208142	3.1	1	206772 1370
64	193357	3.1	1	191909 1448
65	129856	3.1	1	128728 1128
66	66239	3.1	1	65680 559
67	39330	3.1	1	37690 1640
68	30585	3.1	1	30072 513
69	33180	3.1	1	32438 742
70	38676	3.1	1	38114 562
71	37410	3.1	1	36879 531
72	39163	3.1	1	37828 1335
73	13681	3.1	1	13348 333
74	10781	3.1	1	5939 4842
75	1666	3.1	1	305 1361
76	277	3.1	1	74 203
77	1548	3.1	1	85 1463
78	227	3.1	1	37 190
79	1158	3.1	1	30 1128
80	499	3.1	1	17 482
81	155	3.1	1	15 140
82	1240	3.1	1	17 1223
83	176	3.1	1	16 160
84	3484	3.1	1	28 3456
85	502	3.1	1	58 444
86	447	3.1	1	20 427
87	1592	3.1	1	19 1573
88	206	3.1	1	8 198
89	278	3.1	1	13 265
90	357	3.1	1	14 343
91	301	3.1	1	12 289
92	1238	3.1	1	17 1221
93	224	3.1	1	12 212
94	156	3.1	1	12 144
95	104	3.1	1	24 80
96	197	3.1	1	22 175
97	1660	3.1	1	22 1638
98	298	3.1	1	22 276
99	691	3.1	1	33 658
100	263	3.1	1	172 91

RUN STATISTICS FOR INPUT FILE: /data/scratch/flanary/atac-seq/untreated/GSE138293/fastq/SRR10215683_1.fastq
=============================================
52471115 sequences processed in total
The length threshold of paired-end sequences gets evaluated later on (in the validation step)

Writing report to '/scratch/flanary/atac-seq/untreated/GSE138293/trimmed_fastq/SRR10215683_2.fastq_trimming_report.txt'

SUMMARISING RUN PARAMETERS
==========================
Input filename: /data/scratch/flanary/atac-seq/untreated/GSE138293/fastq/SRR10215683_2.fastq
Trimming mode: paired-end
Trim Galore version: 0.6.10
Cutadapt version: 2.6
Python version: could not detect
Number of cores used for trimming: 8
Quality Phred score cutoff: 20
Quality encoding type selected: ASCII+33
Adapter sequence: 'CTGTCTCTTATA' (Nextera Transposase sequence; auto-detected)
Maximum trimming error rate: 0.1 (default)
Minimum required adapter overlap (stringency): 1 bp
Minimum required sequence length for both reads before a sequence pair gets removed: 30 bp

Cutadapt seems to be fairly up-to-date (version 2.6). Setting -j -j 8
Writing final adapter and quality trimmed output to SRR10215683_2_trimmed.fq


  >>> Now performing quality (cutoff '-q 20') and adapter trimming in a single pass for the adapter sequence: 'CTGTCTCTTATA' from file /data/scratch/flanary/atac-seq/untreated/GSE138293/fastq/SRR10215683_2.fastq <<< 
10000000 sequences processed
20000000 sequences processed
30000000 sequences processed
40000000 sequences processed
50000000 sequences processed
This is cutadapt 2.6 with Python 3.7.16
Command line parameters: -j 8 -e 0.1 -q 20 -O 1 -a CTGTCTCTTATA /data/scratch/flanary/atac-seq/untreated/GSE138293/fastq/SRR10215683_2.fastq
Processing reads on 8 cores in single-end mode ...
Finished in 212.25 s (4 us/read; 14.83 M reads/minute).

=== Summary ===

Total reads processed:              52,471,115
Reads with adapters:                31,463,109 (60.0%)
Reads written (passing filters):    52,471,115 (100.0%)

Total basepairs processed: 5,247,111,500 bp
Quality-trimmed:             235,261,252 bp (4.5%)
Total written (filtered):  4,238,825,106 bp (80.8%)

=== Adapter 1 ===

Sequence: CTGTCTCTTATA; Type: regular 3'; Length: 12; Trimmed: 31463109 times.

No. of allowed errors:
0-9 bp: 0; 10-12 bp: 1

Bases preceding removed adapters:
  A: 15.3%
  C: 37.2%
  G: 24.5%
  T: 22.9%
  none/other: 0.0%

Overview of removed sequences
length	count	expect	max.err	error counts
1	6679598	13117778.8	0	6679598
2	2251803	3279444.7	0	2251803
3	709867	819861.2	0	709867
4	310954	204965.3	0	310954
5	218198	51241.3	0	218198
6	215368	12810.3	0	215368
7	200226	3202.6	0	200226
8	206036	800.6	0	206036
9	212550	200.2	0	211307 1243
10	190535	50.0	1	186718 3817
11	210774	12.5	1	208029 2745
12	205250	3.1	1	203328 1922
13	215516	3.1	1	213628 1888
14	232947	3.1	1	230603 2344
15	248492	3.1	1	245889 2603
16	269977	3.1	1	266923 3054
17	275984	3.1	1	272783 3201
18	264667	3.1	1	261184 3483
19	292929	3.1	1	288887 4042
20	266296	3.1	1	262157 4139
21	286729	3.1	1	282649 4080
22	333128	3.1	1	326895 6233
23	320337	3.1	1	315920 4417
24	442915	3.1	1	436697 6218
25	341674	3.1	1	336884 4790
26	457176	3.1	1	452120 5056
27	389615	3.1	1	385423 4192
28	558569	3.1	1	552474 6095
29	686549	3.1	1	679691 6858
30	279549	3.1	1	276183 3366
31	358693	3.1	1	355622 3071
32	552446	3.1	1	546413 6033
33	500418	3.1	1	495461 4957
34	1181278	3.1	1	1171695 9583
35	410562	3.1	1	406980 3582
36	881887	3.1	1	874636 7251
37	275085	3.1	1	272009 3076
38	334978	3.1	1	332562 2416
39	473300	3.1	1	469719 3581
40	304082	3.1	1	301660 2422
41	266728	3.1	1	264213 2515
42	253623	3.1	1	251047 2576
43	352043	3.1	1	348945 3098
44	451764	3.1	1	447529 4235
45	543720	3.1	1	539068 4652
46	1477428	3.1	1	1464126 13302
47	336138	3.1	1	332634 3504
48	712785	3.1	1	706831 5954
49	1346605	3.1	1	1335540 11065
50	90170	3.1	1	88528 1642
51	131530	3.1	1	129690 1840
52	138880	3.1	1	137402 1478
53	152966	3.1	1	151376 1590
54	476615	3.1	1	471982 4633
55	414394	3.1	1	410386 4008
56	31676	3.1	1	31101 575
57	64426	3.1	1	63019 1407
58	139629	3.1	1	137927 1702
59	174617	3.1	1	172412 2205
60	194977	3.1	1	192605 2372
61	157456	3.1	1	155598 1858
62	119313	3.1	1	117444 1869
63	76472	3.1	1	75399 1073
64	77839	3.1	1	76662 1177
65	53602	3.1	1	52641 961
66	32665	3.1	1	32080 585
67	29204	3.1	1	27595 1609
68	24089	3.1	1	23389 700
69	28013	3.1	1	27106 907
70	23683	3.1	1	23069 614
71	12223	3.1	1	11831 392
72	5904	3.1	1	4836 1068
73	2459	3.1	1	2170 289
74	4897	3.1	1	805 4092
75	1337	3.1	1	32 1305
76	209	3.1	1	17 192
77	1400	3.1	1	12 1388
78	222	3.1	1	8 214
79	1102	3.1	1	12 1090
80	499	3.1	1	6 493
81	188	3.1	1	5 183
82	1151	3.1	1	19 1132
83	152	3.1	1	13 139
84	3201	3.1	1	9 3192
85	408	3.1	1	4 404
86	401	3.1	1	2 399
87	1514	3.1	1	8 1506
88	239	3.1	1	6 233
89	249	3.1	1	9 240
90	382	3.1	1	6 376
91	302	3.1	1	17 285
92	1240	3.1	1	17 1223
93	222	3.1	1	10 212
94	181	3.1	1	10 171
95	81	3.1	1	7 74
96	161	3.1	1	10 151
97	1586	3.1	1	13 1573
98	263	3.1	1	10 253
99	731	3.1	1	16 715
100	218	3.1	1	91 127

RUN STATISTICS FOR INPUT FILE: /data/scratch/flanary/atac-seq/untreated/GSE138293/fastq/SRR10215683_2.fastq
=============================================
52471115 sequences processed in total
The length threshold of paired-end sequences gets evaluated later on (in the validation step)

Validate paired-end files SRR10215683_1_trimmed.fq and SRR10215683_2_trimmed.fq
file_1: SRR10215683_1_trimmed.fq, file_2: SRR10215683_2_trimmed.fq


>>>>> Now validing the length of the 2 paired-end infiles: SRR10215683_1_trimmed.fq and SRR10215683_2_trimmed.fq <<<<<
Writing validated paired-end Read 1 reads to SRR10215683_1_val_1.fq
Writing validated paired-end Read 2 reads to SRR10215683_2_val_2.fq

Total number of sequences analysed: 52471115

Number of sequence pairs removed because at least one read was shorter than the length cutoff (30 bp): 989154 (1.89%)

Deleting both intermediate output files SRR10215683_1_trimmed.fq and SRR10215683_2_trimmed.fq

====================================================================================================

