Path to Cutadapt set as: 'cutadapt' (default)
Cutadapt seems to be working fine (tested command 'cutadapt --version')
Cutadapt version: 2.6
Could not detect version of Python used by Cutadapt from the first line of Cutadapt (but found this: >>>#!/bin/sh<<<)
Letting the (modified) Cutadapt deal with the Python version instead
Parallel gzip (pigz) detected. Proceeding with multicore (de)compression using 8 cores

Proceeding with 'pigz -p 4' for decompression
To decrease CPU usage of decompression, please install 'igzip' and run again

No quality encoding type selected. Assuming that the data provided uses Sanger encoded Phred scores (default)

Output will be written into the directory: /scratch/flanary/atac-seq/untreated/GSE138293/trimmed_fastq/


AUTO-DETECTING ADAPTER TYPE
===========================
Attempting to auto-detect adapter type from the first 1 million sequences of the first file (>> /data/scratch/flanary/atac-seq/untreated/GSE138293/fastq/SRR10215662_1.fastq <<)

Found perfect matches for the following adapter sequences:
Adapter type	Count	Sequence	Sequences analysed	Percentage
Nextera	344443	CTGTCTCTTATA	1000000	34.44
smallRNA	3	TGGAATTCTCGG	1000000	0.00
Illumina	1	AGATCGGAAGAGC	1000000	0.00
Using Nextera adapter for trimming (count: 344443). Second best hit was smallRNA (count: 3)

Writing report to '/scratch/flanary/atac-seq/untreated/GSE138293/trimmed_fastq/SRR10215662_1.fastq_trimming_report.txt'

SUMMARISING RUN PARAMETERS
==========================
Input filename: /data/scratch/flanary/atac-seq/untreated/GSE138293/fastq/SRR10215662_1.fastq
Trimming mode: paired-end
Trim Galore version: 0.6.10
Cutadapt version: 2.6
Python version: could not detect
Number of cores used for trimming: 8
Quality Phred score cutoff: 20
Quality encoding type selected: ASCII+33
Adapter sequence: 'CTGTCTCTTATA' (Nextera Transposase sequence; auto-detected)
Maximum trimming error rate: 0.1 (default)
Minimum required adapter overlap (stringency): 1 bp
Minimum required sequence length for both reads before a sequence pair gets removed: 30 bp

Cutadapt seems to be fairly up-to-date (version 2.6). Setting -j 8
Writing final adapter and quality trimmed output to SRR10215662_1_trimmed.fq


  >>> Now performing quality (cutoff '-q 20') and adapter trimming in a single pass for the adapter sequence: 'CTGTCTCTTATA' from file /data/scratch/flanary/atac-seq/untreated/GSE138293/fastq/SRR10215662_1.fastq <<< 
10000000 sequences processed
20000000 sequences processed
30000000 sequences processed
40000000 sequences processed
50000000 sequences processed
60000000 sequences processed
70000000 sequences processed
80000000 sequences processed
This is cutadapt 2.6 with Python 3.7.16
Command line parameters: -j 8 -e 0.1 -q 20 -O 1 -a CTGTCTCTTATA /data/scratch/flanary/atac-seq/untreated/GSE138293/fastq/SRR10215662_1.fastq
Processing reads on 8 cores in single-end mode ...
Finished in 157.23 s (2 us/read; 31.96 M reads/minute).

=== Summary ===

Total reads processed:              83,746,095
Reads with adapters:                47,657,366 (56.9%)
Reads written (passing filters):    83,746,095 (100.0%)

Total basepairs processed: 8,374,609,500 bp
Quality-trimmed:             226,387,716 bp (2.7%)
Total written (filtered):  7,003,239,577 bp (83.6%)

=== Adapter 1 ===

Sequence: CTGTCTCTTATA; Type: regular 3'; Length: 12; Trimmed: 47657366 times.

No. of allowed errors:
0-9 bp: 0; 10-12 bp: 1

Bases preceding removed adapters:
  A: 15.9%
  C: 37.2%
  G: 23.4%
  T: 23.5%
  none/other: 0.0%

Overview of removed sequences
length	count	expect	max.err	error counts
1	11288452	20936523.8	0	11288452
2	3905845	5234130.9	0	3905845
3	1267394	1308532.7	0	1267394
4	519820	327133.2	0	519820
5	345156	81783.3	0	345156
6	333912	20445.8	0	333912
7	313618	5111.5	0	313618
8	334745	1277.9	0	334745
9	335674	319.5	0	333065 2609
10	314355	79.9	1	306546 7809
11	363777	20.0	1	356057 7720
12	375342	5.0	1	367837 7505
13	370988	5.0	1	364714 6274
14	380392	5.0	1	373791 6601
15	411703	5.0	1	403102 8601
16	462464	5.0	1	452458 10006
17	508701	5.0	1	498080 10621
18	478440	5.0	1	467864 10576
19	589002	5.0	1	574061 14941
20	603263	5.0	1	584965 18298
21	701708	5.0	1	679605 22103
22	436479	5.0	1	426247 10232
23	427799	5.0	1	419496 8303
24	421112	5.0	1	414624 6488
25	431577	5.0	1	423611 7966
26	483351	5.0	1	475913 7438
27	502616	5.0	1	494786 7830
28	523412	5.0	1	514760 8652
29	665960	5.0	1	650813 15147
30	529020	5.0	1	517221 11799
31	437628	5.0	1	429873 7755
32	458582	5.0	1	449262 9320
33	445786	5.0	1	439083 6703
34	531597	5.0	1	523417 8180
35	613609	5.0	1	602446 11163
36	699834	5.0	1	685821 14013
37	879176	5.0	1	861290 17886
38	487762	5.0	1	480485 7277
39	563248	5.0	1	554408 8840
40	626821	5.0	1	616699 10122
41	541565	5.0	1	532781 8784
42	694335	5.0	1	683734 10601
43	666581	5.0	1	657136 9445
44	477638	5.0	1	471816 5822
45	383013	5.0	1	378782 4231
46	487862	5.0	1	481304 6558
47	629504	5.0	1	622166 7338
48	739518	5.0	1	732127 7391
49	632108	5.0	1	625337 6771
50	536465	5.0	1	530245 6220
51	506458	5.0	1	500094 6364
52	467729	5.0	1	462333 5396
53	531380	5.0	1	524779 6601
54	676714	5.0	1	669058 7656
55	621931	5.0	1	615312 6619
56	511529	5.0	1	506357 5172
57	554346	5.0	1	548473 5873
58	702620	5.0	1	696188 6432
59	671849	5.0	1	665198 6651
60	544068	5.0	1	538365 5703
61	414936	5.0	1	410406 4530
62	274545	5.0	1	270843 3702
63	259283	5.0	1	256117 3166
64	237262	5.0	1	234220 3042
65	171618	5.0	1	169220 2398
66	86898	5.0	1	85627 1271
67	45107	5.0	1	42837 2270
68	32199	5.0	1	31238 961
69	31339	5.0	1	30136 1203
70	32619	5.0	1	31740 879
71	35824	5.0	1	34972 852
72	30628	5.0	1	28967 1661
73	17103	5.0	1	16365 738
74	15632	5.0	1	10293 5339
75	2154	5.0	1	615 1539
76	573	5.0	1	103 470
77	1990	5.0	1	43 1947
78	534	5.0	1	22 512
79	1386	5.0	1	24 1362
80	803	5.0	1	19 784
81	380	5.0	1	14 366
82	1600	5.0	1	8 1592
83	383	5.0	1	16 367
84	3704	5.0	1	22 3682
85	666	5.0	1	23 643
86	625	5.0	1	11 614
87	1816	5.0	1	9 1807
88	477	5.0	1	12 465
89	393	5.0	1	7 386
90	796	5.0	1	14 782
91	533	5.0	1	6 527
92	1875	5.0	1	17 1858
93	326	5.0	1	4 322
94	307	5.0	1	10 297
95	191	5.0	1	14 177
96	323	5.0	1	11 312
97	1832	5.0	1	22 1810
98	358	5.0	1	19 339
99	714	5.0	1	18 696
100	301	5.0	1	90 211

RUN STATISTICS FOR INPUT FILE: /data/scratch/flanary/atac-seq/untreated/GSE138293/fastq/SRR10215662_1.fastq
=============================================
83746095 sequences processed in total
The length threshold of paired-end sequences gets evaluated later on (in the validation step)

Writing report to '/scratch/flanary/atac-seq/untreated/GSE138293/trimmed_fastq/SRR10215662_2.fastq_trimming_report.txt'

SUMMARISING RUN PARAMETERS
==========================
Input filename: /data/scratch/flanary/atac-seq/untreated/GSE138293/fastq/SRR10215662_2.fastq
Trimming mode: paired-end
Trim Galore version: 0.6.10
Cutadapt version: 2.6
Python version: could not detect
Number of cores used for trimming: 8
Quality Phred score cutoff: 20
Quality encoding type selected: ASCII+33
Adapter sequence: 'CTGTCTCTTATA' (Nextera Transposase sequence; auto-detected)
Maximum trimming error rate: 0.1 (default)
Minimum required adapter overlap (stringency): 1 bp
Minimum required sequence length for both reads before a sequence pair gets removed: 30 bp

Cutadapt seems to be fairly up-to-date (version 2.6). Setting -j -j 8
Writing final adapter and quality trimmed output to SRR10215662_2_trimmed.fq


  >>> Now performing quality (cutoff '-q 20') and adapter trimming in a single pass for the adapter sequence: 'CTGTCTCTTATA' from file /data/scratch/flanary/atac-seq/untreated/GSE138293/fastq/SRR10215662_2.fastq <<< 
10000000 sequences processed
20000000 sequences processed
30000000 sequences processed
40000000 sequences processed
50000000 sequences processed
60000000 sequences processed
70000000 sequences processed
80000000 sequences processed
This is cutadapt 2.6 with Python 3.7.16
Command line parameters: -j 8 -e 0.1 -q 20 -O 1 -a CTGTCTCTTATA /data/scratch/flanary/atac-seq/untreated/GSE138293/fastq/SRR10215662_2.fastq
Processing reads on 8 cores in single-end mode ...
Finished in 185.71 s (2 us/read; 27.06 M reads/minute).

=== Summary ===

Total reads processed:              83,746,095
Reads with adapters:                46,522,551 (55.6%)
Reads written (passing filters):    83,746,095 (100.0%)

Total basepairs processed: 8,374,609,500 bp
Quality-trimmed:             854,587,393 bp (10.2%)
Total written (filtered):  6,638,653,653 bp (79.3%)

=== Adapter 1 ===

Sequence: CTGTCTCTTATA; Type: regular 3'; Length: 12; Trimmed: 46522551 times.

No. of allowed errors:
0-9 bp: 0; 10-12 bp: 1

Bases preceding removed adapters:
  A: 16.4%
  C: 35.4%
  G: 23.8%
  T: 24.4%
  none/other: 0.0%

Overview of removed sequences
length	count	expect	max.err	error counts
1	10945455	20936523.8	0	10945455
2	3805820	5234130.9	0	3805820
3	1246511	1308532.7	0	1246511
4	508290	327133.2	0	508290
5	340104	81783.3	0	340104
6	331876	20445.8	0	331876
7	313142	5111.5	0	313142
8	333018	1277.9	0	333018
9	332223	319.5	0	329736 2487
10	310441	79.9	1	303505 6936
11	357272	20.0	1	350268 7004
12	351585	5.0	1	345997 5588
13	361501	5.0	1	355913 5588
14	382864	5.0	1	376412 6452
15	414600	5.0	1	407039 7561
16	473449	5.0	1	463723 9726
17	505511	5.0	1	495356 10155
18	495575	5.0	1	485091 10484
19	636085	5.0	1	618337 17748
20	570871	5.0	1	555782 15089
21	627727	5.0	1	611351 16376
22	882252	5.0	1	854417 27835
23	716966	5.0	1	699836 17130
24	1394382	5.0	1	1361792 32590
25	683835	5.0	1	669583 14252
26	1023686	5.0	1	1005524 18162
27	753505	5.0	1	741623 11882
28	1422938	5.0	1	1401425 21513
29	2044685	5.0	1	2018954 25731
30	526079	5.0	1	517900 8179
31	904670	5.0	1	893609 11061
32	1447213	5.0	1	1430246 16967
33	1200171	5.0	1	1185300 14871
34	3275909	5.0	1	3244390 31519
35	599253	5.0	1	591309 7944
36	1229312	5.0	1	1215863 13449
37	180037	5.0	1	176276 3761
38	191697	5.0	1	189401 2296
39	368515	5.0	1	364654 3861
40	280178	5.0	1	277098 3080
41	188840	5.0	1	186377 2463
42	162550	5.0	1	160555 1995
43	250101	5.0	1	247245 2856
44	357441	5.0	1	353133 4308
45	407235	5.0	1	403432 3803
46	950312	5.0	1	941631 8681
47	118881	5.0	1	116954 1927
48	309418	5.0	1	306507 2911
49	452795	5.0	1	449281 3514
50	25812	5.0	1	24652 1160
51	33609	5.0	1	32302 1307
52	36867	5.0	1	36168 699
53	40525	5.0	1	39780 745
54	118055	5.0	1	116812 1243
55	97513	5.0	1	96356 1157
56	5094	5.0	1	4564 530
57	5395	5.0	1	4319 1076
58	13239	5.0	1	12679 560
59	17049	5.0	1	16474 575
60	22516	5.0	1	21727 789
61	22336	5.0	1	21861 475
62	19972	5.0	1	18969 1003
63	13666	5.0	1	13136 530
64	13956	5.0	1	13383 573
65	10281	5.0	1	9640 641
66	7048	5.0	1	6619 429
67	7189	5.0	1	5629 1560
68	5247	5.0	1	4596 651
69	5144	5.0	1	4355 789
70	3917	5.0	1	3437 480
71	2296	5.0	1	1915 381
72	2130	5.0	1	919 1211
73	937	5.0	1	490 447
74	4613	5.0	1	234 4379
75	1486	5.0	1	16 1470
76	396	5.0	1	7 389
77	1757	5.0	1	9 1748
78	410	5.0	1	6 404
79	1305	5.0	1	6 1299
80	693	5.0	1	7 686
81	353	5.0	1	7 346
82	1361	5.0	1	4 1357
83	334	5.0	1	6 328
84	3101	5.0	1	6 3095
85	498	5.0	1	3 495
86	510	5.0	1	1 509
87	1686	5.0	1	8 1678
88	389	5.0	1	4 385
89	386	5.0	1	1 385
90	670	5.0	1	7 663
91	431	5.0	1	4 427
92	1726	5.0	1	10 1716
93	273	5.0	1	7 266
94	300	5.0	1	16 284
95	143	5.0	1	2 141
96	273	5.0	1	2 271
97	1730	5.0	1	7 1723
98	343	5.0	1	4 339
99	638	5.0	1	3 635
100	177	5.0	1	16 161

RUN STATISTICS FOR INPUT FILE: /data/scratch/flanary/atac-seq/untreated/GSE138293/fastq/SRR10215662_2.fastq
=============================================
83746095 sequences processed in total
The length threshold of paired-end sequences gets evaluated later on (in the validation step)

Validate paired-end files SRR10215662_1_trimmed.fq and SRR10215662_2_trimmed.fq
file_1: SRR10215662_1_trimmed.fq, file_2: SRR10215662_2_trimmed.fq


>>>>> Now validing the length of the 2 paired-end infiles: SRR10215662_1_trimmed.fq and SRR10215662_2_trimmed.fq <<<<<
Writing validated paired-end Read 1 reads to SRR10215662_1_val_1.fq
Writing validated paired-end Read 2 reads to SRR10215662_2_val_2.fq

Total number of sequences analysed: 83746095

Number of sequence pairs removed because at least one read was shorter than the length cutoff (30 bp): 4056557 (4.84%)

Deleting both intermediate output files SRR10215662_1_trimmed.fq and SRR10215662_2_trimmed.fq

====================================================================================================

