Path to Cutadapt set as: 'cutadapt' (default)
Cutadapt seems to be working fine (tested command 'cutadapt --version')
Cutadapt version: 2.6
Could not detect version of Python used by Cutadapt from the first line of Cutadapt (but found this: >>>#!/bin/sh<<<)
Letting the (modified) Cutadapt deal with the Python version instead
Parallel gzip (pigz) detected. Proceeding with multicore (de)compression using 8 cores

Proceeding with 'pigz -p 4' for decompression
To decrease CPU usage of decompression, please install 'igzip' and run again

No quality encoding type selected. Assuming that the data provided uses Sanger encoded Phred scores (default)

Output will be written into the directory: /scratch/flanary/atac-seq/untreated/GSE138293/trimmed_fastq/


AUTO-DETECTING ADAPTER TYPE
===========================
Attempting to auto-detect adapter type from the first 1 million sequences of the first file (>> /data/scratch/flanary/atac-seq/untreated/GSE138293/fastq/SRR10215674_1.fastq <<)

Found perfect matches for the following adapter sequences:
Adapter type	Count	Sequence	Sequences analysed	Percentage
Nextera	458385	CTGTCTCTTATA	1000000	45.84
smallRNA	2	TGGAATTCTCGG	1000000	0.00
Illumina	0	AGATCGGAAGAGC	1000000	0.00
Using Nextera adapter for trimming (count: 458385). Second best hit was smallRNA (count: 2)

Writing report to '/scratch/flanary/atac-seq/untreated/GSE138293/trimmed_fastq/SRR10215674_1.fastq_trimming_report.txt'

SUMMARISING RUN PARAMETERS
==========================
Input filename: /data/scratch/flanary/atac-seq/untreated/GSE138293/fastq/SRR10215674_1.fastq
Trimming mode: paired-end
Trim Galore version: 0.6.10
Cutadapt version: 2.6
Python version: could not detect
Number of cores used for trimming: 8
Quality Phred score cutoff: 20
Quality encoding type selected: ASCII+33
Adapter sequence: 'CTGTCTCTTATA' (Nextera Transposase sequence; auto-detected)
Maximum trimming error rate: 0.1 (default)
Minimum required adapter overlap (stringency): 1 bp
Minimum required sequence length for both reads before a sequence pair gets removed: 30 bp

Cutadapt seems to be fairly up-to-date (version 2.6). Setting -j 8
Writing final adapter and quality trimmed output to SRR10215674_1_trimmed.fq


  >>> Now performing quality (cutoff '-q 20') and adapter trimming in a single pass for the adapter sequence: 'CTGTCTCTTATA' from file /data/scratch/flanary/atac-seq/untreated/GSE138293/fastq/SRR10215674_1.fastq <<< 
10000000 sequences processed
20000000 sequences processed
30000000 sequences processed
40000000 sequences processed
50000000 sequences processed
60000000 sequences processed
70000000 sequences processed
This is cutadapt 2.6 with Python 3.7.16
Command line parameters: -j 8 -e 0.1 -q 20 -O 1 -a CTGTCTCTTATA /data/scratch/flanary/atac-seq/untreated/GSE138293/fastq/SRR10215674_1.fastq
Processing reads on 8 cores in single-end mode ...
Finished in 293.33 s (4 us/read; 15.16 M reads/minute).

=== Summary ===

Total reads processed:              74,127,155
Reads with adapters:                48,825,836 (65.9%)
Reads written (passing filters):    74,127,155 (100.0%)

Total basepairs processed: 7,412,715,500 bp
Quality-trimmed:             208,024,860 bp (2.8%)
Total written (filtered):  5,864,200,793 bp (79.1%)

=== Adapter 1 ===

Sequence: CTGTCTCTTATA; Type: regular 3'; Length: 12; Trimmed: 48825836 times.

No. of allowed errors:
0-9 bp: 0; 10-12 bp: 1

Bases preceding removed adapters:
  A: 14.7%
  C: 38.1%
  G: 24.1%
  T: 23.1%
  none/other: 0.0%

Overview of removed sequences
length	count	expect	max.err	error counts
1	8318918	18531788.8	0	8318918
2	2887237	4632947.2	0	2887237
3	966601	1158236.8	0	966601
4	470927	289559.2	0	470927
5	363531	72389.8	0	363531
6	376401	18097.4	0	376401
7	360782	4524.4	0	360782
8	400319	1131.1	0	400319
9	408570	282.8	0	407027 1543
10	377476	70.7	1	370273 7203
11	435799	17.7	1	427573 8226
12	445315	4.4	1	436895 8420
13	438167	4.4	1	431153 7014
14	443829	4.4	1	436757 7072
15	474624	4.4	1	465016 9608
16	534145	4.4	1	522878 11267
17	591683	4.4	1	579614 12069
18	574577	4.4	1	562492 12085
19	709854	4.4	1	693156 16698
20	710636	4.4	1	690426 20210
21	809677	4.4	1	785706 23971
22	513281	4.4	1	502014 11267
23	499829	4.4	1	491076 8753
24	488952	4.4	1	482031 6921
25	501282	4.4	1	492566 8716
26	553710	4.4	1	545668 8042
27	589120	4.4	1	580723 8397
28	621337	4.4	1	611620 9717
29	760227	4.4	1	743286 16941
30	573728	4.4	1	562143 11585
31	485122	4.4	1	477405 7717
32	489367	4.4	1	480662 8705
33	530708	4.4	1	523525 7183
34	620676	4.4	1	612366 8310
35	662585	4.4	1	651637 10948
36	642851	4.4	1	631752 11099
37	721064	4.4	1	707254 13810
38	858457	4.4	1	842198 16259
39	848833	4.4	1	832361 16472
40	869386	4.4	1	852492 16894
41	1548998	4.4	1	1519592 29406
42	357129	4.4	1	351847 5282
43	462269	4.4	1	456394 5875
44	525950	4.4	1	519499 6451
45	573797	4.4	1	567544 6253
46	659036	4.4	1	650010 9026
47	806695	4.4	1	796756 9939
48	924300	4.4	1	914408 9892
49	809956	4.4	1	801073 8883
50	686656	4.4	1	678692 7964
51	627068	4.4	1	619099 7969
52	564292	4.4	1	557723 6569
53	646811	4.4	1	638967 7844
54	809272	4.4	1	800144 9128
55	692129	4.4	1	684763 7366
56	557151	4.4	1	551367 5784
57	583285	4.4	1	577272 6013
58	787295	4.4	1	779901 7394
59	772963	4.4	1	765515 7448
60	618204	4.4	1	611816 6388
61	466302	4.4	1	461159 5143
62	304164	4.4	1	300221 3943
63	298169	4.4	1	294706 3463
64	270380	4.4	1	267109 3271
65	186362	4.4	1	184020 2342
66	88666	4.4	1	87486 1180
67	42997	4.4	1	40825 2172
68	30432	4.4	1	29673 759
69	30824	4.4	1	29768 1056
70	32662	4.4	1	31908 754
71	36407	4.4	1	35713 694
72	33181	4.4	1	31481 1700
73	19762	4.4	1	19207 555
74	19459	4.4	1	13327 6132
75	2529	4.4	1	923 1606
76	431	4.4	1	142 289
77	1899	4.4	1	45 1854
78	278	4.4	1	38 240
79	1389	4.4	1	18 1371
80	647	4.4	1	11 636
81	243	4.4	1	17 226
82	1434	4.4	1	16 1418
83	255	4.4	1	17 238
84	4364	4.4	1	20 4344
85	494	4.4	1	39 455
86	540	4.4	1	12 528
87	2050	4.4	1	10 2040
88	266	4.4	1	5 261
89	301	4.4	1	7 294
90	470	4.4	1	13 457
91	326	4.4	1	13 313
92	1479	4.4	1	13 1466
93	264	4.4	1	7 257
94	191	4.4	1	17 174
95	101	4.4	1	15 86
96	172	4.4	1	14 158
97	1849	4.4	1	20 1829
98	309	4.4	1	16 293
99	725	4.4	1	19 706
100	224	4.4	1	126 98

RUN STATISTICS FOR INPUT FILE: /data/scratch/flanary/atac-seq/untreated/GSE138293/fastq/SRR10215674_1.fastq
=============================================
74127155 sequences processed in total
The length threshold of paired-end sequences gets evaluated later on (in the validation step)

Writing report to '/scratch/flanary/atac-seq/untreated/GSE138293/trimmed_fastq/SRR10215674_2.fastq_trimming_report.txt'

SUMMARISING RUN PARAMETERS
==========================
Input filename: /data/scratch/flanary/atac-seq/untreated/GSE138293/fastq/SRR10215674_2.fastq
Trimming mode: paired-end
Trim Galore version: 0.6.10
Cutadapt version: 2.6
Python version: could not detect
Number of cores used for trimming: 8
Quality Phred score cutoff: 20
Quality encoding type selected: ASCII+33
Adapter sequence: 'CTGTCTCTTATA' (Nextera Transposase sequence; auto-detected)
Maximum trimming error rate: 0.1 (default)
Minimum required adapter overlap (stringency): 1 bp
Minimum required sequence length for both reads before a sequence pair gets removed: 30 bp

Cutadapt seems to be fairly up-to-date (version 2.6). Setting -j -j 8
Writing final adapter and quality trimmed output to SRR10215674_2_trimmed.fq


  >>> Now performing quality (cutoff '-q 20') and adapter trimming in a single pass for the adapter sequence: 'CTGTCTCTTATA' from file /data/scratch/flanary/atac-seq/untreated/GSE138293/fastq/SRR10215674_2.fastq <<< 
10000000 sequences processed
20000000 sequences processed
30000000 sequences processed
40000000 sequences processed
50000000 sequences processed
60000000 sequences processed
70000000 sequences processed
This is cutadapt 2.6 with Python 3.7.16
Command line parameters: -j 8 -e 0.1 -q 20 -O 1 -a CTGTCTCTTATA /data/scratch/flanary/atac-seq/untreated/GSE138293/fastq/SRR10215674_2.fastq
Processing reads on 8 cores in single-end mode ...
Finished in 275.34 s (4 us/read; 16.15 M reads/minute).

=== Summary ===

Total reads processed:              74,127,155
Reads with adapters:                48,056,065 (64.8%)
Reads written (passing filters):    74,127,155 (100.0%)

Total basepairs processed: 7,412,715,500 bp
Quality-trimmed:             703,112,789 bp (9.5%)
Total written (filtered):  5,660,500,885 bp (76.4%)

=== Adapter 1 ===

Sequence: CTGTCTCTTATA; Type: regular 3'; Length: 12; Trimmed: 48056065 times.

No. of allowed errors:
0-9 bp: 0; 10-12 bp: 1

Bases preceding removed adapters:
  A: 15.3%
  C: 36.5%
  G: 24.2%
  T: 24.0%
  none/other: 0.0%

Overview of removed sequences
length	count	expect	max.err	error counts
1	8074620	18531788.8	0	8074620
2	2813945	4632947.2	0	2813945
3	949216	1158236.8	0	949216
4	467092	289559.2	0	467092
5	363814	72389.8	0	363814
6	377757	18097.4	0	377757
7	361179	4524.4	0	361179
8	399119	1131.1	0	399119
9	403842	282.8	0	402367 1475
10	373617	70.7	1	367535 6082
11	423008	17.7	1	416344 6664
12	412732	4.4	1	407463 5269
13	423627	4.4	1	418146 5481
14	447438	4.4	1	441263 6175
15	476628	4.4	1	469184 7444
16	543865	4.4	1	534277 9588
17	587309	4.4	1	577096 10213
18	592936	4.4	1	582500 10436
19	761438	4.4	1	744185 17253
20	676989	4.4	1	661756 15233
21	736157	4.4	1	719849 16308
22	1015445	4.4	1	987356 28089
23	835542	4.4	1	818688 16854
24	1565646	4.4	1	1533461 32185
25	790341	4.4	1	775410 14931
26	1177342	4.4	1	1159045 18297
27	883072	4.4	1	870784 12288
28	1653708	4.4	1	1631656 22052
29	2392071	4.4	1	2365836 26235
30	624513	4.4	1	615804 8709
31	1066821	4.4	1	1055261 11560
32	1729475	4.4	1	1711099 18376
33	1441762	4.4	1	1425651 16111
34	3930105	4.4	1	3895253 34852
35	720357	4.4	1	711617 8740
36	1510235	4.4	1	1495007 15228
37	224446	4.4	1	220383 4063
38	244947	4.4	1	242292 2655
39	474654	4.4	1	470107 4547
40	351420	4.4	1	347999 3421
41	241151	4.4	1	238399 2752
42	205075	4.4	1	202773 2302
43	314529	4.4	1	311401 3128
44	449143	4.4	1	443921 5222
45	515663	4.4	1	511092 4571
46	1205977	4.4	1	1195717 10260
47	150658	4.4	1	148500 2158
48	407682	4.4	1	404316 3366
49	569951	4.4	1	566103 3848
50	34359	4.4	1	33304 1055
51	44150	4.4	1	42957 1193
52	47312	4.4	1	46699 613
53	53657	4.4	1	52978 679
54	146477	4.4	1	145256 1221
55	120387	4.4	1	119228 1159
56	6447	4.4	1	6081 366
57	6496	4.4	1	5623 873
58	17553	4.4	1	17166 387
59	23129	4.4	1	22751 378
60	29497	4.4	1	28885 612
61	29321	4.4	1	28921 400
62	25922	4.4	1	25062 860
63	18613	4.4	1	18186 427
64	18357	4.4	1	17872 485
65	12878	4.4	1	12433 445
66	8347	4.4	1	8076 271
67	8111	4.4	1	6487 1624
68	5493	4.4	1	5016 477
69	5854	4.4	1	5126 728
70	4518	4.4	1	4145 373
71	2461	4.4	1	2216 245
72	2196	4.4	1	1144 1052
73	962	4.4	1	682 280
74	5548	4.4	1	361 5187
75	1615	4.4	1	25 1590
76	281	4.4	1	5 276
77	1625	4.4	1	7 1618
78	249	4.4	1	5 244
79	1244	4.4	1	2 1242
80	527	4.4	1	3 524
81	206	4.4	1	4 202
82	1231	4.4	1	1 1230
83	200	4.4	1	9 191
84	3887	4.4	1	2 3885
85	438	4.4	1	3 435
86	466	4.4	1	4 462
87	1793	4.4	1	1 1792
88	236	4.4	1	7 229
89	282	4.4	1	1 281
90	424	4.4	1	5 419
91	315	4.4	1	4 311
92	1471	4.4	1	16 1455
93	223	4.4	1	4 219
94	188	4.4	1	5 183
95	116	4.4	1	1 115
96	167	4.4	1	2 165
97	1650	4.4	1	7 1643
98	295	4.4	1	3 292
99	700	4.4	1	2 698
100	132	4.4	1	20 112

RUN STATISTICS FOR INPUT FILE: /data/scratch/flanary/atac-seq/untreated/GSE138293/fastq/SRR10215674_2.fastq
=============================================
74127155 sequences processed in total
The length threshold of paired-end sequences gets evaluated later on (in the validation step)

Validate paired-end files SRR10215674_1_trimmed.fq and SRR10215674_2_trimmed.fq
file_1: SRR10215674_1_trimmed.fq, file_2: SRR10215674_2_trimmed.fq


>>>>> Now validing the length of the 2 paired-end infiles: SRR10215674_1_trimmed.fq and SRR10215674_2_trimmed.fq <<<<<
Writing validated paired-end Read 1 reads to SRR10215674_1_val_1.fq
Writing validated paired-end Read 2 reads to SRR10215674_2_val_2.fq

Total number of sequences analysed: 74127155

Number of sequence pairs removed because at least one read was shorter than the length cutoff (30 bp): 2701063 (3.64%)

Deleting both intermediate output files SRR10215674_1_trimmed.fq and SRR10215674_2_trimmed.fq

====================================================================================================

