Path to Cutadapt set as: 'cutadapt' (default)
Cutadapt seems to be working fine (tested command 'cutadapt --version')
Cutadapt version: 2.6
Could not detect version of Python used by Cutadapt from the first line of Cutadapt (but found this: >>>#!/bin/sh<<<)
Letting the (modified) Cutadapt deal with the Python version instead
Parallel gzip (pigz) detected. Proceeding with multicore (de)compression using 8 cores

Proceeding with 'pigz -p 4' for decompression
To decrease CPU usage of decompression, please install 'igzip' and run again

No quality encoding type selected. Assuming that the data provided uses Sanger encoded Phred scores (default)

Output will be written into the directory: /scratch/flanary/atac-seq/untreated/GSE138293/trimmed_fastq/


AUTO-DETECTING ADAPTER TYPE
===========================
Attempting to auto-detect adapter type from the first 1 million sequences of the first file (>> /data/scratch/flanary/atac-seq/untreated/GSE138293/fastq/SRR10215676_1.fastq <<)

Found perfect matches for the following adapter sequences:
Adapter type	Count	Sequence	Sequences analysed	Percentage
Nextera	64	CTGTCTCTTATA	1000000	0.01
smallRNA	0	TGGAATTCTCGG	1000000	0.00
Illumina	0	AGATCGGAAGAGC	1000000	0.00
Using Nextera adapter for trimming (count: 64). Second best hit was smallRNA (count: 0)

Writing report to '/scratch/flanary/atac-seq/untreated/GSE138293/trimmed_fastq/SRR10215676_1.fastq_trimming_report.txt'

SUMMARISING RUN PARAMETERS
==========================
Input filename: /data/scratch/flanary/atac-seq/untreated/GSE138293/fastq/SRR10215676_1.fastq
Trimming mode: paired-end
Trim Galore version: 0.6.10
Cutadapt version: 2.6
Python version: could not detect
Number of cores used for trimming: 8
Quality Phred score cutoff: 20
Quality encoding type selected: ASCII+33
Adapter sequence: 'CTGTCTCTTATA' (Nextera Transposase sequence; auto-detected)
Maximum trimming error rate: 0.1 (default)
Minimum required adapter overlap (stringency): 1 bp
Minimum required sequence length for both reads before a sequence pair gets removed: 30 bp

Cutadapt seems to be fairly up-to-date (version 2.6). Setting -j 8
Writing final adapter and quality trimmed output to SRR10215676_1_trimmed.fq


  >>> Now performing quality (cutoff '-q 20') and adapter trimming in a single pass for the adapter sequence: 'CTGTCTCTTATA' from file /data/scratch/flanary/atac-seq/untreated/GSE138293/fastq/SRR10215676_1.fastq <<< 
10000000 sequences processed
20000000 sequences processed
30000000 sequences processed
40000000 sequences processed
This is cutadapt 2.6 with Python 3.7.16
Command line parameters: -j 8 -e 0.1 -q 20 -O 1 -a CTGTCTCTTATA /data/scratch/flanary/atac-seq/untreated/GSE138293/fastq/SRR10215676_1.fastq
Processing reads on 8 cores in single-end mode ...
Finished in 93.03 s (2 us/read; 27.85 M reads/minute).

=== Summary ===

Total reads processed:              43,173,530
Reads with adapters:                 7,383,101 (17.1%)
Reads written (passing filters):    43,173,530 (100.0%)

Total basepairs processed: 1,777,613,359 bp
Quality-trimmed:              15,360,093 bp (0.9%)
Total written (filtered):  1,751,887,745 bp (98.6%)

=== Adapter 1 ===

Sequence: CTGTCTCTTATA; Type: regular 3'; Length: 12; Trimmed: 7383101 times.

No. of allowed errors:
0-9 bp: 0; 10-12 bp: 1

Bases preceding removed adapters:
  A: 23.6%
  C: 30.4%
  G: 23.1%
  T: 22.9%
  none/other: 0.0%

Overview of removed sequences
length	count	expect	max.err	error counts
1	5790953	10793382.5	0	5790953
2	1186377	2698345.6	0	1186377
3	327722	674586.4	0	327722
4	10970	168646.6	0	10970
5	16119	42161.7	0	16119
6	1962	10540.4	0	1962
7	1490	2635.1	0	1490
8	788	658.8	0	788
9	1798	164.7	0	30 1768
10	1448	41.2	1	401 1047
11	2150	10.3	1	116 2034
12	383	2.6	1	24 359
13	3083	2.6	1	1484 1599
14	1544	2.6	1	12 1532
15	1709	2.6	1	63 1646
16	7229	2.6	1	21 7208
17	1102	2.6	1	3 1099
18	217	2.6	1	3 214
19	2411	2.6	1	4 2407
20	1643	2.6	1	2 1641
21	583	2.6	1	3 580
22	397	2.6	1	4 393
23	191	2.6	1	26 165
24	1631	2.6	1	3 1628
25	170	2.6	1	0 170
26	5609	2.6	1	0 5609
27	846	2.6	1	0 846
28	147	2.6	1	1 146
29	2107	2.6	1	1 2106
30	102	2.6	1	2 100
31	288	2.6	1	2 286
32	187	2.6	1	1 186
33	299	2.6	1	0 299
34	1163	2.6	1	1 1162
35	269	2.6	1	1 268
36	75	2.6	1	1 74
37	134	2.6	1	7 127
38	2052	2.6	1	3 2049
39	409	2.6	1	11 398
40	311	2.6	1	30 281
41	2410	2.6	1	603 1807
42	2623	2.6	1	204 2419

RUN STATISTICS FOR INPUT FILE: /data/scratch/flanary/atac-seq/untreated/GSE138293/fastq/SRR10215676_1.fastq
=============================================
43173530 sequences processed in total
The length threshold of paired-end sequences gets evaluated later on (in the validation step)

Writing report to '/scratch/flanary/atac-seq/untreated/GSE138293/trimmed_fastq/SRR10215676_2.fastq_trimming_report.txt'

SUMMARISING RUN PARAMETERS
==========================
Input filename: /data/scratch/flanary/atac-seq/untreated/GSE138293/fastq/SRR10215676_2.fastq
Trimming mode: paired-end
Trim Galore version: 0.6.10
Cutadapt version: 2.6
Python version: could not detect
Number of cores used for trimming: 8
Quality Phred score cutoff: 20
Quality encoding type selected: ASCII+33
Adapter sequence: 'CTGTCTCTTATA' (Nextera Transposase sequence; auto-detected)
Maximum trimming error rate: 0.1 (default)
Minimum required adapter overlap (stringency): 1 bp
Minimum required sequence length for both reads before a sequence pair gets removed: 30 bp

Cutadapt seems to be fairly up-to-date (version 2.6). Setting -j -j 8
Writing final adapter and quality trimmed output to SRR10215676_2_trimmed.fq


  >>> Now performing quality (cutoff '-q 20') and adapter trimming in a single pass for the adapter sequence: 'CTGTCTCTTATA' from file /data/scratch/flanary/atac-seq/untreated/GSE138293/fastq/SRR10215676_2.fastq <<< 
10000000 sequences processed
20000000 sequences processed
30000000 sequences processed
40000000 sequences processed
This is cutadapt 2.6 with Python 3.7.16
Command line parameters: -j 8 -e 0.1 -q 20 -O 1 -a CTGTCTCTTATA /data/scratch/flanary/atac-seq/untreated/GSE138293/fastq/SRR10215676_2.fastq
Processing reads on 8 cores in single-end mode ...
Finished in 94.05 s (2 us/read; 27.54 M reads/minute).

=== Summary ===

Total reads processed:              43,173,530
Reads with adapters:                 7,408,535 (17.2%)
Reads written (passing filters):    43,173,530 (100.0%)

Total basepairs processed: 1,777,864,580 bp
Quality-trimmed:              18,516,082 bp (1.0%)
Total written (filtered):  1,748,961,516 bp (98.4%)

=== Adapter 1 ===

Sequence: CTGTCTCTTATA; Type: regular 3'; Length: 12; Trimmed: 7408535 times.

No. of allowed errors:
0-9 bp: 0; 10-12 bp: 1

Bases preceding removed adapters:
  A: 23.8%
  C: 30.0%
  G: 23.2%
  T: 23.0%
  none/other: 0.1%

Overview of removed sequences
length	count	expect	max.err	error counts
1	5760081	10793382.5	0	5760081
2	1227686	2698345.6	0	1227686
3	341934	674586.4	0	341934
4	14526	168646.6	0	14526
5	16776	42161.7	0	16776
6	2319	10540.4	0	2319
7	1622	2635.1	0	1622
8	802	658.8	0	802
9	1986	164.7	0	61 1925
10	1482	41.2	1	328 1154
11	1870	10.3	1	93 1777
12	474	2.6	1	50 424
13	2158	2.6	1	697 1461
14	1337	2.6	1	15 1322
15	1948	2.6	1	23 1925
16	6083	2.6	1	19 6064
17	1089	2.6	1	5 1084
18	268	2.6	1	3 265
19	2235	2.6	1	1 2234
20	1789	2.6	1	3 1786
21	564	2.6	1	0 564
22	343	2.6	1	6 337
23	164	2.6	1	9 155
24	1563	2.6	1	2 1561
25	195	2.6	1	0 195
26	4881	2.6	1	0 4881
27	820	2.6	1	1 819
28	164	2.6	1	2 162
29	1937	2.6	1	4 1933
30	103	2.6	1	1 102
31	290	2.6	1	3 287
32	164	2.6	1	1 163
33	330	2.6	1	1 329
34	1350	2.6	1	4 1346
35	247	2.6	1	8 239
36	102	2.6	1	2 100
37	169	2.6	1	3 166
38	1927	2.6	1	5 1922
39	357	2.6	1	2 355
40	225	2.6	1	14 211
41	1342	2.6	1	84 1258
42	2833	2.6	1	557 2276

RUN STATISTICS FOR INPUT FILE: /data/scratch/flanary/atac-seq/untreated/GSE138293/fastq/SRR10215676_2.fastq
=============================================
43173530 sequences processed in total
The length threshold of paired-end sequences gets evaluated later on (in the validation step)

Validate paired-end files SRR10215676_1_trimmed.fq and SRR10215676_2_trimmed.fq
file_1: SRR10215676_1_trimmed.fq, file_2: SRR10215676_2_trimmed.fq


>>>>> Now validing the length of the 2 paired-end infiles: SRR10215676_1_trimmed.fq and SRR10215676_2_trimmed.fq <<<<<
Writing validated paired-end Read 1 reads to SRR10215676_1_val_1.fq
Writing validated paired-end Read 2 reads to SRR10215676_2_val_2.fq

Total number of sequences analysed: 43173530

Number of sequence pairs removed because at least one read was shorter than the length cutoff (30 bp): 735124 (1.70%)

Deleting both intermediate output files SRR10215676_1_trimmed.fq and SRR10215676_2_trimmed.fq

====================================================================================================

