Path to Cutadapt set as: 'cutadapt' (default)
Cutadapt seems to be working fine (tested command 'cutadapt --version')
Cutadapt version: 2.6
Could not detect version of Python used by Cutadapt from the first line of Cutadapt (but found this: >>>#!/bin/sh<<<)
Letting the (modified) Cutadapt deal with the Python version instead
Parallel gzip (pigz) detected. Proceeding with multicore (de)compression using 8 cores

Proceeding with 'pigz -p 4' for decompression
To decrease CPU usage of decompression, please install 'igzip' and run again

No quality encoding type selected. Assuming that the data provided uses Sanger encoded Phred scores (default)

Output will be written into the directory: /scratch/flanary/atac-seq/untreated/GSE138293/trimmed_fastq/


AUTO-DETECTING ADAPTER TYPE
===========================
Attempting to auto-detect adapter type from the first 1 million sequences of the first file (>> /data/scratch/flanary/atac-seq/untreated/GSE138293/fastq/SRR10215688_1.fastq <<)

Found perfect matches for the following adapter sequences:
Adapter type	Count	Sequence	Sequences analysed	Percentage
Nextera	423396	CTGTCTCTTATA	1000000	42.34
smallRNA	1	TGGAATTCTCGG	1000000	0.00
Illumina	0	AGATCGGAAGAGC	1000000	0.00
Using Nextera adapter for trimming (count: 423396). Second best hit was smallRNA (count: 1)

Writing report to '/scratch/flanary/atac-seq/untreated/GSE138293/trimmed_fastq/SRR10215688_1.fastq_trimming_report.txt'

SUMMARISING RUN PARAMETERS
==========================
Input filename: /data/scratch/flanary/atac-seq/untreated/GSE138293/fastq/SRR10215688_1.fastq
Trimming mode: paired-end
Trim Galore version: 0.6.10
Cutadapt version: 2.6
Python version: could not detect
Number of cores used for trimming: 8
Quality Phred score cutoff: 20
Quality encoding type selected: ASCII+33
Adapter sequence: 'CTGTCTCTTATA' (Nextera Transposase sequence; auto-detected)
Maximum trimming error rate: 0.1 (default)
Minimum required adapter overlap (stringency): 1 bp
Minimum required sequence length for both reads before a sequence pair gets removed: 30 bp

Cutadapt seems to be fairly up-to-date (version 2.6). Setting -j 8
Writing final adapter and quality trimmed output to SRR10215688_1_trimmed.fq


  >>> Now performing quality (cutoff '-q 20') and adapter trimming in a single pass for the adapter sequence: 'CTGTCTCTTATA' from file /data/scratch/flanary/atac-seq/untreated/GSE138293/fastq/SRR10215688_1.fastq <<< 
10000000 sequences processed
20000000 sequences processed
30000000 sequences processed
40000000 sequences processed
50000000 sequences processed
This is cutadapt 2.6 with Python 3.7.16
Command line parameters: -j 8 -e 0.1 -q 20 -O 1 -a CTGTCTCTTATA /data/scratch/flanary/atac-seq/untreated/GSE138293/fastq/SRR10215688_1.fastq
Processing reads on 8 cores in single-end mode ...
Finished in 325.83 s (6 us/read; 10.25 M reads/minute).

=== Summary ===

Total reads processed:              55,679,660
Reads with adapters:                35,066,250 (63.0%)
Reads written (passing filters):    55,679,660 (100.0%)

Total basepairs processed: 5,567,966,000 bp
Quality-trimmed:             152,993,743 bp (2.7%)
Total written (filtered):  4,394,533,011 bp (78.9%)

=== Adapter 1 ===

Sequence: CTGTCTCTTATA; Type: regular 3'; Length: 12; Trimmed: 35066250 times.

No. of allowed errors:
0-9 bp: 0; 10-12 bp: 1

Bases preceding removed adapters:
  A: 14.6%
  C: 38.3%
  G: 24.2%
  T: 22.9%
  none/other: 0.0%

Overview of removed sequences
length	count	expect	max.err	error counts
1	6514599	13919915.0	0	6514599
2	2171623	3479978.8	0	2171623
3	790244	869994.7	0	790244
4	326743	217498.7	0	326743
5	244765	54374.7	0	244765
6	231682	13593.7	0	231682
7	224542	3398.4	0	224542
8	230157	849.6	0	230157
9	243664	212.4	0	242324 1340
10	208793	53.1	1	204750 4043
11	237734	13.3	1	234116 3618
12	238216	3.3	1	234817 3399
13	248932	3.3	1	246065 2867
14	260733	3.3	1	257763 2970
15	285103	3.3	1	281550 3553
16	310027	3.3	1	305817 4210
17	315279	3.3	1	311255 4024
18	300125	3.3	1	295838 4287
19	325192	3.3	1	320080 5112
20	314619	3.3	1	308527 6092
21	394180	3.3	1	384460 9720
22	270630	3.3	1	266526 4104
23	283894	3.3	1	280444 3450
24	302330	3.3	1	299606 2724
25	319528	3.3	1	316409 3119
26	362032	3.3	1	358664 3368
27	405490	3.3	1	400471 5019
28	391381	3.3	1	386855 4526
29	428925	3.3	1	421959 6966
30	332157	3.3	1	327619 4538
31	304084	3.3	1	300833 3251
32	318058	3.3	1	314581 3477
33	394896	3.3	1	390623 4273
34	464171	3.3	1	459654 4517
35	544431	3.3	1	537881 6550
36	455044	3.3	1	450633 4411
37	444384	3.3	1	440668 3716
38	463029	3.3	1	459253 3776
39	417571	3.3	1	414137 3434
40	386630	3.3	1	383618 3012
41	450653	3.3	1	446099 4554
42	866458	3.3	1	857393 9065
43	607570	3.3	1	602586 4984
44	356683	3.3	1	353952 2731
45	351743	3.3	1	349589 2154
46	439193	3.3	1	436113 3080
47	573754	3.3	1	569902 3852
48	671987	3.3	1	667509 4478
49	533722	3.3	1	529619 4103
50	457626	3.3	1	453842 3784
51	403583	3.3	1	399929 3654
52	391514	3.3	1	388072 3442
53	469269	3.3	1	465116 4153
54	679716	3.3	1	674156 5560
55	703733	3.3	1	698101 5632
56	435997	3.3	1	432641 3356
57	591862	3.3	1	587387 4475
58	779965	3.3	1	774036 5929
59	745227	3.3	1	739599 5628
60	578825	3.3	1	574439 4386
61	442712	3.3	1	440105 2607
62	287397	3.3	1	285463 1934
63	328776	3.3	1	326750 2026
64	328424	3.3	1	326288 2136
65	256752	3.3	1	254916 1836
66	123938	3.3	1	123028 910
67	64273	3.3	1	62995 1278
68	50286	3.3	1	49575 711
69	52591	3.3	1	51690 901
70	68901	3.3	1	67941 960
71	85054	3.3	1	83737 1317
72	104505	3.3	1	102962 1543
73	39484	3.3	1	38808 676
74	19983	3.3	1	17297 2686
75	1973	3.3	1	1100 873
76	726	3.3	1	493 233
77	1694	3.3	1	750 944
78	574	3.3	1	273 301
79	824	3.3	1	150 674
80	475	3.3	1	95 380
81	297	3.3	1	85 212
82	888	3.3	1	74 814
83	311	3.3	1	119 192
84	1887	3.3	1	161 1726
85	662	3.3	1	326 336
86	466	3.3	1	127 339
87	965	3.3	1	73 892
88	333	3.3	1	64 269
89	304	3.3	1	59 245
90	511	3.3	1	79 432
91	314	3.3	1	65 249
92	1050	3.3	1	68 982
93	213	3.3	1	58 155
94	246	3.3	1	78 168
95	209	3.3	1	107 102
96	266	3.3	1	117 149
97	1058	3.3	1	144 914
98	359	3.3	1	127 232
99	519	3.3	1	173 346
100	1353	3.3	1	1213 140

RUN STATISTICS FOR INPUT FILE: /data/scratch/flanary/atac-seq/untreated/GSE138293/fastq/SRR10215688_1.fastq
=============================================
55679660 sequences processed in total
The length threshold of paired-end sequences gets evaluated later on (in the validation step)

Writing report to '/scratch/flanary/atac-seq/untreated/GSE138293/trimmed_fastq/SRR10215688_2.fastq_trimming_report.txt'

SUMMARISING RUN PARAMETERS
==========================
Input filename: /data/scratch/flanary/atac-seq/untreated/GSE138293/fastq/SRR10215688_2.fastq
Trimming mode: paired-end
Trim Galore version: 0.6.10
Cutadapt version: 2.6
Python version: could not detect
Number of cores used for trimming: 8
Quality Phred score cutoff: 20
Quality encoding type selected: ASCII+33
Adapter sequence: 'CTGTCTCTTATA' (Nextera Transposase sequence; auto-detected)
Maximum trimming error rate: 0.1 (default)
Minimum required adapter overlap (stringency): 1 bp
Minimum required sequence length for both reads before a sequence pair gets removed: 30 bp

Cutadapt seems to be fairly up-to-date (version 2.6). Setting -j -j 8
Writing final adapter and quality trimmed output to SRR10215688_2_trimmed.fq


  >>> Now performing quality (cutoff '-q 20') and adapter trimming in a single pass for the adapter sequence: 'CTGTCTCTTATA' from file /data/scratch/flanary/atac-seq/untreated/GSE138293/fastq/SRR10215688_2.fastq <<< 
10000000 sequences processed
20000000 sequences processed
30000000 sequences processed
40000000 sequences processed
50000000 sequences processed
This is cutadapt 2.6 with Python 3.7.16
Command line parameters: -j 8 -e 0.1 -q 20 -O 1 -a CTGTCTCTTATA /data/scratch/flanary/atac-seq/untreated/GSE138293/fastq/SRR10215688_2.fastq
Processing reads on 8 cores in single-end mode ...
Finished in 276.21 s (5 us/read; 12.10 M reads/minute).

=== Summary ===

Total reads processed:              55,679,660
Reads with adapters:                35,071,018 (63.0%)
Reads written (passing filters):    55,679,660 (100.0%)

Total basepairs processed: 5,567,966,000 bp
Quality-trimmed:             284,986,326 bp (5.1%)
Total written (filtered):  4,354,255,265 bp (78.2%)

=== Adapter 1 ===

Sequence: CTGTCTCTTATA; Type: regular 3'; Length: 12; Trimmed: 35071018 times.

No. of allowed errors:
0-9 bp: 0; 10-12 bp: 1

Bases preceding removed adapters:
  A: 14.8%
  C: 37.4%
  G: 24.5%
  T: 23.0%
  none/other: 0.3%

Overview of removed sequences
length	count	expect	max.err	error counts
1	6413150	13919915.0	0	6413150
2	2164271	3479978.8	0	2164271
3	768262	869994.7	0	768262
4	343844	217498.7	0	343844
5	250959	54374.7	0	250959
6	241627	13593.7	0	241627
7	228779	3398.4	0	228779
8	235298	849.6	0	235298
9	241563	212.4	0	240148 1415
10	213379	53.1	1	209753 3626
11	237879	13.3	1	234978 2901
12	233928	3.3	1	231509 2419
13	251717	3.3	1	249370 2347
14	275839	3.3	1	272905 2934
15	294894	3.3	1	291928 2966
16	322515	3.3	1	318767 3748
17	328341	3.3	1	324382 3959
18	312026	3.3	1	307996 4030
19	343474	3.3	1	338531 4943
20	319608	3.3	1	314942 4666
21	333023	3.3	1	328166 4857
22	381730	3.3	1	375090 6640
23	374914	3.3	1	369717 5197
24	511960	3.3	1	504382 7578
25	411826	3.3	1	406496 5330
26	531870	3.3	1	525717 6153
27	446279	3.3	1	441176 5103
28	659124	3.3	1	651221 7903
29	808009	3.3	1	799225 8784
30	332865	3.3	1	329258 3607
31	425954	3.3	1	421872 4082
32	645908	3.3	1	639273 6635
33	590927	3.3	1	584896 6031
34	1306095	3.3	1	1294745 11350
35	459283	3.3	1	455370 3913
36	919943	3.3	1	912500 7443
37	298046	3.3	1	294937 3109
38	353886	3.3	1	350975 2911
39	512380	3.3	1	508226 4154
40	339877	3.3	1	337089 2788
41	312910	3.3	1	309907 3003
42	305169	3.3	1	302234 2935
43	418571	3.3	1	414749 3822
44	522494	3.3	1	517514 4980
45	615940	3.3	1	610369 5571
46	1568642	3.3	1	1554437 14205
47	385751	3.3	1	381741 4010
48	773788	3.3	1	766917 6871
49	1466033	3.3	1	1453735 12298
50	111457	3.3	1	109706 1751
51	171918	3.3	1	169778 2140
52	187459	3.3	1	185514 1945
53	203306	3.3	1	201271 2035
54	636152	3.3	1	630065 6087
55	595594	3.3	1	590048 5546
56	53971	3.3	1	53101 870
57	107150	3.3	1	105608 1542
58	211951	3.3	1	209500 2451
59	242141	3.3	1	239105 3036
60	246707	3.3	1	243862 2845
61	224444	3.3	1	221834 2610
62	207268	3.3	1	204643 2625
63	152633	3.3	1	150672 1961
64	162377	3.3	1	160178 2199
65	122016	3.3	1	120147 1869
66	78919	3.3	1	77680 1239
67	70690	3.3	1	68937 1753
68	60309	3.3	1	58932 1377
69	70471	3.3	1	68865 1606
70	58509	3.3	1	57270 1239
71	26743	3.3	1	26055 688
72	11493	3.3	1	10607 886
73	5057	3.3	1	4712 345
74	3962	3.3	1	1784 2178
75	857	3.3	1	170 687
76	292	3.3	1	78 214
77	982	3.3	1	66 916
78	278	3.3	1	41 237
79	625	3.3	1	39 586
80	412	3.3	1	42 370
81	241	3.3	1	54 187
82	849	3.3	1	122 727
83	257	3.3	1	77 180
84	1699	3.3	1	46 1653
85	347	3.3	1	32 315
86	328	3.3	1	18 310
87	848	3.3	1	25 823
88	291	3.3	1	28 263
89	236	3.3	1	28 208
90	444	3.3	1	44 400
91	307	3.3	1	57 250
92	1090	3.3	1	121 969
93	246	3.3	1	89 157
94	274	3.3	1	79 195
95	142	3.3	1	42 100
96	222	3.3	1	45 177
97	953	3.3	1	48 905
98	273	3.3	1	60 213
99	391	3.3	1	85 306
100	887	3.3	1	743 144

RUN STATISTICS FOR INPUT FILE: /data/scratch/flanary/atac-seq/untreated/GSE138293/fastq/SRR10215688_2.fastq
=============================================
55679660 sequences processed in total
The length threshold of paired-end sequences gets evaluated later on (in the validation step)

Validate paired-end files SRR10215688_1_trimmed.fq and SRR10215688_2_trimmed.fq
file_1: SRR10215688_1_trimmed.fq, file_2: SRR10215688_2_trimmed.fq


>>>>> Now validing the length of the 2 paired-end infiles: SRR10215688_1_trimmed.fq and SRR10215688_2_trimmed.fq <<<<<
Writing validated paired-end Read 1 reads to SRR10215688_1_val_1.fq
Writing validated paired-end Read 2 reads to SRR10215688_2_val_2.fq

Total number of sequences analysed: 55679660

Number of sequence pairs removed because at least one read was shorter than the length cutoff (30 bp): 1395648 (2.51%)

Deleting both intermediate output files SRR10215688_1_trimmed.fq and SRR10215688_2_trimmed.fq

====================================================================================================

