Path to Cutadapt set as: 'cutadapt' (default)
Cutadapt seems to be working fine (tested command 'cutadapt --version')
Cutadapt version: 5.0
Could not detect version of Python used by Cutadapt from the first line of Cutadapt (but found this: >>>#!/bin/sh<<<)
Letting the (modified) Cutadapt deal with the Python version instead
Parallel gzip (pigz) detected. Proceeding with multicore (de)compression using 8 cores

igzip detected. Using igzip for decompressing

No quality encoding type selected. Assuming that the data provided uses Sanger encoded Phred scores (default)

Output will be written into the directory: /scratch/flanary/atac-seq/untreated/GSE138293/trimmed_fastq/


AUTO-DETECTING ADAPTER TYPE
===========================
Attempting to auto-detect adapter type from the first 1 million sequences of the first file (>> /data/scratch/flanary/atac-seq/untreated/GSE138293/fastq/SRR10215680_1.fastq <<)

Found perfect matches for the following adapter sequences:
Adapter type	Count	Sequence	Sequences analysed	Percentage
Nextera	136	CTGTCTCTTATA	1000000	0.01
Illumina	0	AGATCGGAAGAGC	1000000	0.00
smallRNA	0	TGGAATTCTCGG	1000000	0.00
Using Nextera adapter for trimming (count: 136). Second best hit was Illumina (count: 0)

Writing report to '/scratch/flanary/atac-seq/untreated/GSE138293/trimmed_fastq/SRR10215680_1.fastq_trimming_report.txt'

SUMMARISING RUN PARAMETERS
==========================
Input filename: /data/scratch/flanary/atac-seq/untreated/GSE138293/fastq/SRR10215680_1.fastq
Trimming mode: paired-end
Trim Galore version: 0.6.10
Cutadapt version: 5.0
Python version: could not detect
Number of cores used for trimming: 8
Quality Phred score cutoff: 20
Quality encoding type selected: ASCII+33
Adapter sequence: 'CTGTCTCTTATA' (Nextera Transposase sequence; auto-detected)
Maximum trimming error rate: 0.1 (default)
Minimum required adapter overlap (stringency): 1 bp
Minimum required sequence length for both reads before a sequence pair gets removed: 20 bp

Cutadapt seems to be fairly up-to-date (version 5.0). Setting -j 8
Writing final adapter and quality trimmed output to SRR10215680_1_trimmed.fq


  >>> Now performing quality (cutoff '-q 20') and adapter trimming in a single pass for the adapter sequence: 'CTGTCTCTTATA' from file /data/scratch/flanary/atac-seq/untreated/GSE138293/fastq/SRR10215680_1.fastq <<< 
10000000 sequences processed
20000000 sequences processed
30000000 sequences processed
This is cutadapt 5.0 with Python 3.11.11
Command line parameters: -j 8 -e 0.1 -q 20 -O 1 -a CTGTCTCTTATA /data/scratch/flanary/atac-seq/untreated/GSE138293/fastq/SRR10215680_1.fastq
Processing single-end reads on 8 cores ...

=== Summary ===

Total reads processed:              34,647,636
Reads with adapters:                 6,313,684 (18.2%)
Reads written (passing filters):    34,647,636 (100.0%)

Total basepairs processed: 1,422,396,257 bp
Quality-trimmed:              19,183,199 bp (1.3%)
Total written (filtered):  1,394,294,097 bp (98.0%)

=== Adapter 1 ===

Sequence: CTGTCTCTTATA; Type: regular 3'; Length: 12; Trimmed: 6313684 times

Minimum overlap: 1
No. of allowed errors:
1-9 bp: 0; 10-12 bp: 1

Bases preceding removed adapters:
  A: 22.5%
  C: 30.3%
  G: 24.3%
  T: 22.8%
  none/other: 0.1%

Overview of removed sequences
length	count	expect	max.err	error counts
1	4920686	8661909.0	0	4920686
2	1016779	2165477.2	0	1016779
3	304190	541369.3	0	304190
4	11604	135342.3	0	11604
5	15652	33835.6	0	15652
6	2207	8458.9	0	2207
7	1768	2114.7	0	1768
8	739	528.7	0	739
9	1896	132.2	0	36 1860
10	1426	33.0	1	573 853
11	1620	8.3	1	251 1369
12	411	2.1	1	72 339
13	4272	2.1	1	2776 1496
14	1433	2.1	1	29 1404
15	1991	2.1	1	101 1890
16	6819	2.1	1	40 6779
17	405	2.1	1	6 399
18	226	2.1	1	6 220
19	1841	2.1	1	3 1838
20	1255	2.1	1	3 1252
21	380	2.1	1	1 379
22	307	2.1	1	3 304
23	186	2.1	1	41 145
24	877	2.1	1	3 874
25	117	2.1	1	5 112
26	2848	2.1	1	2 2846
27	547	2.1	1	0 547
28	151	2.1	1	1 150
29	1300	2.1	1	3 1297
30	96	2.1	1	1 95
31	186	2.1	1	1 185
32	181	2.1	1	1 180
33	237	2.1	1	1 236
34	952	2.1	1	1 951
35	152	2.1	1	1 151
36	82	2.1	1	2 80
37	122	2.1	1	5 117
38	1430	2.1	1	3 1427
39	305	2.1	1	4 301
40	581	2.1	1	43 538
41	2286	2.1	1	128 2158
42	3141	2.1	1	609 2532

RUN STATISTICS FOR INPUT FILE: /data/scratch/flanary/atac-seq/untreated/GSE138293/fastq/SRR10215680_1.fastq
=============================================
34647636 sequences processed in total
The length threshold of paired-end sequences gets evaluated later on (in the validation step)

Writing report to '/scratch/flanary/atac-seq/untreated/GSE138293/trimmed_fastq/SRR10215680_2.fastq_trimming_report.txt'

SUMMARISING RUN PARAMETERS
==========================
Input filename: /data/scratch/flanary/atac-seq/untreated/GSE138293/fastq/SRR10215680_2.fastq
Trimming mode: paired-end
Trim Galore version: 0.6.10
Cutadapt version: 5.0
Python version: could not detect
Number of cores used for trimming: 8
Quality Phred score cutoff: 20
Quality encoding type selected: ASCII+33
Adapter sequence: 'CTGTCTCTTATA' (Nextera Transposase sequence; auto-detected)
Maximum trimming error rate: 0.1 (default)
Minimum required adapter overlap (stringency): 1 bp
Minimum required sequence length for both reads before a sequence pair gets removed: 20 bp

Cutadapt seems to be fairly up-to-date (version 5.0). Setting -j -j 8
Writing final adapter and quality trimmed output to SRR10215680_2_trimmed.fq


  >>> Now performing quality (cutoff '-q 20') and adapter trimming in a single pass for the adapter sequence: 'CTGTCTCTTATA' from file /data/scratch/flanary/atac-seq/untreated/GSE138293/fastq/SRR10215680_2.fastq <<< 
10000000 sequences processed
20000000 sequences processed
30000000 sequences processed
This is cutadapt 5.0 with Python 3.11.11
Command line parameters: -j 8 -e 0.1 -q 20 -O 1 -a CTGTCTCTTATA /data/scratch/flanary/atac-seq/untreated/GSE138293/fastq/SRR10215680_2.fastq
Processing single-end reads on 8 cores ...

=== Summary ===

Total reads processed:              34,647,636
Reads with adapters:                 6,357,301 (18.3%)
Reads written (passing filters):    34,647,636 (100.0%)

Total basepairs processed: 1,422,469,699 bp
Quality-trimmed:              22,193,184 bp (1.6%)
Total written (filtered):  1,391,340,567 bp (97.8%)

=== Adapter 1 ===

Sequence: CTGTCTCTTATA; Type: regular 3'; Length: 12; Trimmed: 6357301 times

Minimum overlap: 1
No. of allowed errors:
1-9 bp: 0; 10-12 bp: 1

Bases preceding removed adapters:
  A: 23.1%
  C: 29.9%
  G: 23.9%
  T: 22.9%
  none/other: 0.1%

Overview of removed sequences
length	count	expect	max.err	error counts
1	4912261	8661909.0	0	4912261
2	1060979	2165477.2	0	1060979
3	312307	541369.3	0	312307
4	14308	135342.3	0	14308
5	15747	33835.6	0	15747
6	2563	8458.9	0	2563
7	1822	2114.7	0	1822
8	736	528.7	0	736
9	2135	132.2	0	29 2106
10	1361	33.0	1	337 1024
11	1658	8.3	1	169 1489
12	407	2.1	1	56 351
13	2964	2.1	1	1640 1324
14	1474	2.1	1	29 1445
15	2156	2.1	1	57 2099
16	6136	2.1	1	21 6115
17	416	2.1	1	4 412
18	193	2.1	1	2 191
19	1823	2.1	1	0 1823
20	1338	2.1	1	2 1336
21	406	2.1	1	3 403
22	305	2.1	1	7 298
23	215	2.1	1	30 185
24	882	2.1	1	3 879
25	144	2.1	1	2 142
26	2704	2.1	1	2 2702
27	495	2.1	1	2 493
28	182	2.1	1	4 178
29	1119	2.1	1	2 1117
30	127	2.1	1	1 126
31	232	2.1	1	2 230
32	198	2.1	1	2 196
33	278	2.1	1	1 277
34	1053	2.1	1	5 1048
35	180	2.1	1	4 176
36	84	2.1	1	0 84
37	178	2.1	1	9 169
38	1372	2.1	1	6 1366
39	299	2.1	1	8 291
40	256	2.1	1	12 244
41	1115	2.1	1	86 1029
42	2693	2.1	1	475 2218

RUN STATISTICS FOR INPUT FILE: /data/scratch/flanary/atac-seq/untreated/GSE138293/fastq/SRR10215680_2.fastq
=============================================
34647636 sequences processed in total
The length threshold of paired-end sequences gets evaluated later on (in the validation step)

Validate paired-end files SRR10215680_1_trimmed.fq and SRR10215680_2_trimmed.fq
file_1: SRR10215680_1_trimmed.fq, file_2: SRR10215680_2_trimmed.fq


>>>>> Now validing the length of the 2 paired-end infiles: SRR10215680_1_trimmed.fq and SRR10215680_2_trimmed.fq <<<<<
Writing validated paired-end Read 1 reads to SRR10215680_1_val_1.fq
Writing validated paired-end Read 2 reads to SRR10215680_2_val_2.fq

Total number of sequences analysed: 34647636

Number of sequence pairs removed because at least one read was shorter than the length cutoff (20 bp): 565069 (1.63%)

Deleting both intermediate output files SRR10215680_1_trimmed.fq and SRR10215680_2_trimmed.fq

====================================================================================================

