Path to Cutadapt set as: 'cutadapt' (default)
Cutadapt seems to be working fine (tested command 'cutadapt --version')
Cutadapt version: 2.6
Could not detect version of Python used by Cutadapt from the first line of Cutadapt (but found this: >>>#!/bin/sh<<<)
Letting the (modified) Cutadapt deal with the Python version instead
Parallel gzip (pigz) detected. Proceeding with multicore (de)compression using 8 cores

Proceeding with 'pigz -p 4' for decompression
To decrease CPU usage of decompression, please install 'igzip' and run again

No quality encoding type selected. Assuming that the data provided uses Sanger encoded Phred scores (default)

Output will be written into the directory: /scratch/flanary/atac-seq/untreated/GSE138293/trimmed_fastq/


AUTO-DETECTING ADAPTER TYPE
===========================
Attempting to auto-detect adapter type from the first 1 million sequences of the first file (>> /data/scratch/flanary/atac-seq/untreated/GSE138293/fastq/SRR10215681_1.fastq <<)

Found perfect matches for the following adapter sequences:
Adapter type	Count	Sequence	Sequences analysed	Percentage
Nextera	102	CTGTCTCTTATA	1000000	0.01
Illumina	0	AGATCGGAAGAGC	1000000	0.00
smallRNA	0	TGGAATTCTCGG	1000000	0.00
Using Nextera adapter for trimming (count: 102). Second best hit was Illumina (count: 0)

Writing report to '/scratch/flanary/atac-seq/untreated/GSE138293/trimmed_fastq/SRR10215681_1.fastq_trimming_report.txt'

SUMMARISING RUN PARAMETERS
==========================
Input filename: /data/scratch/flanary/atac-seq/untreated/GSE138293/fastq/SRR10215681_1.fastq
Trimming mode: paired-end
Trim Galore version: 0.6.10
Cutadapt version: 2.6
Python version: could not detect
Number of cores used for trimming: 8
Quality Phred score cutoff: 20
Quality encoding type selected: ASCII+33
Adapter sequence: 'CTGTCTCTTATA' (Nextera Transposase sequence; auto-detected)
Maximum trimming error rate: 0.1 (default)
Minimum required adapter overlap (stringency): 1 bp
Minimum required sequence length for both reads before a sequence pair gets removed: 30 bp

Cutadapt seems to be fairly up-to-date (version 2.6). Setting -j 8
Writing final adapter and quality trimmed output to SRR10215681_1_trimmed.fq


  >>> Now performing quality (cutoff '-q 20') and adapter trimming in a single pass for the adapter sequence: 'CTGTCTCTTATA' from file /data/scratch/flanary/atac-seq/untreated/GSE138293/fastq/SRR10215681_1.fastq <<< 
10000000 sequences processed
20000000 sequences processed
30000000 sequences processed
40000000 sequences processed
This is cutadapt 2.6 with Python 3.7.16
Command line parameters: -j 8 -e 0.1 -q 20 -O 1 -a CTGTCTCTTATA /data/scratch/flanary/atac-seq/untreated/GSE138293/fastq/SRR10215681_1.fastq
Processing reads on 8 cores in single-end mode ...
Finished in 73.99 s (2 us/read; 33.62 M reads/minute).

=== Summary ===

Total reads processed:              41,454,764
Reads with adapters:                 7,255,780 (17.5%)
Reads written (passing filters):    41,454,764 (100.0%)

Total basepairs processed: 1,704,642,870 bp
Quality-trimmed:              19,418,943 bp (1.1%)
Total written (filtered):  1,674,960,326 bp (98.3%)

=== Adapter 1 ===

Sequence: CTGTCTCTTATA; Type: regular 3'; Length: 12; Trimmed: 7255780 times.

No. of allowed errors:
0-9 bp: 0; 10-12 bp: 1

Bases preceding removed adapters:
  A: 22.6%
  C: 30.7%
  G: 23.7%
  T: 22.9%
  none/other: 0.1%

Overview of removed sequences
length	count	expect	max.err	error counts
1	5656406	10363691.0	0	5656406
2	1174659	2590922.8	0	1174659
3	343181	647730.7	0	343181
4	11586	161932.7	0	11586
5	16984	40483.2	0	16984
6	2127	10120.8	0	2127
7	1829	2530.2	0	1829
8	763	632.5	0	763
9	2236	158.1	0	31 2205
10	1598	39.5	1	567 1031
11	1980	9.9	1	341 1639
12	376	2.5	1	60 316
13	4886	2.5	1	3128 1758
14	1656	2.5	1	38 1618
15	2193	2.5	1	100 2093
16	8767	2.5	1	41 8726
17	469	2.5	1	5 464
18	288	2.5	1	9 279
19	2440	2.5	1	3 2437
20	1582	2.5	1	2 1580
21	592	2.5	1	4 588
22	390	2.5	1	3 387
23	195	2.5	1	28 167
24	1153	2.5	1	1 1152
25	159	2.5	1	2 157
26	3976	2.5	1	3 3973
27	679	2.5	1	1 678
28	170	2.5	1	1 169
29	1675	2.5	1	5 1670
30	137	2.5	1	1 136
31	259	2.5	1	0 259
32	228	2.5	1	1 227
33	288	2.5	1	2 286
34	1163	2.5	1	3 1160
35	213	2.5	1	1 212
36	97	2.5	1	3 94
37	120	2.5	1	0 120
38	1894	2.5	1	3 1891
39	292	2.5	1	0 292
40	182	2.5	1	11 171
41	3021	2.5	1	177 2844
42	2891	2.5	1	581 2310

RUN STATISTICS FOR INPUT FILE: /data/scratch/flanary/atac-seq/untreated/GSE138293/fastq/SRR10215681_1.fastq
=============================================
41454764 sequences processed in total
The length threshold of paired-end sequences gets evaluated later on (in the validation step)

Writing report to '/scratch/flanary/atac-seq/untreated/GSE138293/trimmed_fastq/SRR10215681_2.fastq_trimming_report.txt'

SUMMARISING RUN PARAMETERS
==========================
Input filename: /data/scratch/flanary/atac-seq/untreated/GSE138293/fastq/SRR10215681_2.fastq
Trimming mode: paired-end
Trim Galore version: 0.6.10
Cutadapt version: 2.6
Python version: could not detect
Number of cores used for trimming: 8
Quality Phred score cutoff: 20
Quality encoding type selected: ASCII+33
Adapter sequence: 'CTGTCTCTTATA' (Nextera Transposase sequence; auto-detected)
Maximum trimming error rate: 0.1 (default)
Minimum required adapter overlap (stringency): 1 bp
Minimum required sequence length for both reads before a sequence pair gets removed: 30 bp

Cutadapt seems to be fairly up-to-date (version 2.6). Setting -j -j 8
Writing final adapter and quality trimmed output to SRR10215681_2_trimmed.fq


  >>> Now performing quality (cutoff '-q 20') and adapter trimming in a single pass for the adapter sequence: 'CTGTCTCTTATA' from file /data/scratch/flanary/atac-seq/untreated/GSE138293/fastq/SRR10215681_2.fastq <<< 
10000000 sequences processed
20000000 sequences processed
30000000 sequences processed
40000000 sequences processed
This is cutadapt 2.6 with Python 3.7.16
Command line parameters: -j 8 -e 0.1 -q 20 -O 1 -a CTGTCTCTTATA /data/scratch/flanary/atac-seq/untreated/GSE138293/fastq/SRR10215681_2.fastq
Processing reads on 8 cores in single-end mode ...
Finished in 65.01 s (2 us/read; 38.26 M reads/minute).

=== Summary ===

Total reads processed:              41,454,764
Reads with adapters:                 7,286,202 (17.6%)
Reads written (passing filters):    41,454,764 (100.0%)

Total basepairs processed: 1,704,827,770 bp
Quality-trimmed:              22,932,982 bp (1.3%)
Total written (filtered):  1,671,638,569 bp (98.1%)

=== Adapter 1 ===

Sequence: CTGTCTCTTATA; Type: regular 3'; Length: 12; Trimmed: 7286202 times.

No. of allowed errors:
0-9 bp: 0; 10-12 bp: 1

Bases preceding removed adapters:
  A: 22.7%
  C: 30.2%
  G: 24.0%
  T: 23.1%
  none/other: 0.0%

Overview of removed sequences
length	count	expect	max.err	error counts
1	5630043	10363691.0	0	5630043
2	1217563	2590922.8	0	1217563
3	358129	647730.7	0	358129
4	15000	161932.7	0	15000
5	18088	40483.2	0	18088
6	2480	10120.8	0	2480
7	1931	2530.2	0	1931
8	845	632.5	0	845
9	2357	158.1	0	66 2291
10	1384	39.5	1	323 1061
11	1643	9.9	1	177 1466
12	466	2.5	1	89 377
13	2907	2.5	1	1368 1539
14	1521	2.5	1	18 1503
15	2417	2.5	1	59 2358
16	7434	2.5	1	18 7416
17	492	2.5	1	6 486
18	309	2.5	1	4 305
19	2195	2.5	1	4 2191
20	1591	2.5	1	3 1588
21	518	2.5	1	2 516
22	322	2.5	1	5 317
23	183	2.5	1	14 169
24	1083	2.5	1	2 1081
25	165	2.5	1	0 165
26	3499	2.5	1	2 3497
27	608	2.5	1	2 606
28	172	2.5	1	1 171
29	1422	2.5	1	8 1414
30	140	2.5	1	0 140
31	225	2.5	1	1 224
32	175	2.5	1	3 172
33	277	2.5	1	2 275
34	1321	2.5	1	3 1318
35	207	2.5	1	0 207
36	99	2.5	1	1 98
37	144	2.5	1	1 143
38	1720	2.5	1	6 1714
39	388	2.5	1	2 386
40	283	2.5	1	27 256
41	1050	2.5	1	60 990
42	3406	2.5	1	576 2830

RUN STATISTICS FOR INPUT FILE: /data/scratch/flanary/atac-seq/untreated/GSE138293/fastq/SRR10215681_2.fastq
=============================================
41454764 sequences processed in total
The length threshold of paired-end sequences gets evaluated later on (in the validation step)

Validate paired-end files SRR10215681_1_trimmed.fq and SRR10215681_2_trimmed.fq
file_1: SRR10215681_1_trimmed.fq, file_2: SRR10215681_2_trimmed.fq


>>>>> Now validing the length of the 2 paired-end infiles: SRR10215681_1_trimmed.fq and SRR10215681_2_trimmed.fq <<<<<
Writing validated paired-end Read 1 reads to SRR10215681_1_val_1.fq
Writing validated paired-end Read 2 reads to SRR10215681_2_val_2.fq

Total number of sequences analysed: 41454764

Number of sequence pairs removed because at least one read was shorter than the length cutoff (30 bp): 893816 (2.16%)

Deleting both intermediate output files SRR10215681_1_trimmed.fq and SRR10215681_2_trimmed.fq

====================================================================================================

