[2025-01-20 17:38:47,963] multiqc                                            [DEBUG  ]  No MultiQC config found: /data/rc/apps/ngs-ccts/MultiQC/0.8/lib/python2.7/site-packages/multiqc_config.yaml
[2025-01-20 17:38:47,963] multiqc                                            [DEBUG  ]  No MultiQC config found: /home/flanary/.multiqc_config.yaml
[2025-01-20 17:38:47,964] multiqc                                            [DEBUG  ]  No MultiQC config found: multiqc_config.yaml
[2025-01-20 17:38:47,964] multiqc                                            [DEBUG  ]  No MultiQC config found: /data/rc/apps/ngs-ccts/MultiQC/0.8/lib/python2.7/site-packages/multiqc_config.yaml
[2025-01-20 17:38:47,964] multiqc                                            [DEBUG  ]  No MultiQC config found: /home/flanary/.multiqc_config.yaml
[2025-01-20 17:38:47,964] multiqc                                            [DEBUG  ]  No MultiQC config found: multiqc_config.yaml
[2025-01-20 17:38:47,964] multiqc                                            [DEBUG  ]  Command used: /share/apps/ngs-ccts/MultiQC/0.8/bin/multiqc -v /home/flanary/Dry_Lab/13cRA/atac-seq/untreated/GSE108517/02_fastq_qc/fastqc_output -o /home/flanary/Dry_Lab/13cRA/atac-seq/untreated/GSE108517/02_fastq_qc/multiqc_output
[2025-01-20 17:38:47,964] multiqc                                            [DEBUG  ]  Could not connect to multiqc.info for version check
[2025-01-20 17:38:47,964] multiqc                                            [INFO   ]  This is MultiQC v0.8
[2025-01-20 17:38:47,964] multiqc                                            [DEBUG  ]  Command     : /share/apps/ngs-ccts/MultiQC/0.8/bin/multiqc -v /home/flanary/Dry_Lab/13cRA/atac-seq/untreated/GSE108517/02_fastq_qc/fastqc_output -o /home/flanary/Dry_Lab/13cRA/atac-seq/untreated/GSE108517/02_fastq_qc/multiqc_output
[2025-01-20 17:38:47,964] multiqc                                            [DEBUG  ]  Working dir : /data/user/home/flanary/Dry_Lab/13cRA/atac-seq/untreated/GSE108517/02_fastq_qc
[2025-01-20 17:38:47,964] multiqc                                            [INFO   ]  Template    : default
[2025-01-20 17:38:47,965] multiqc                                            [INFO   ]  Searching '/home/flanary/Dry_Lab/13cRA/atac-seq/untreated/GSE108517/02_fastq_qc/fastqc_output'
[2025-01-20 17:38:47,965] multiqc                                            [DEBUG  ]  Analysing modules: gatk, quast, snpeff, qualimap, bcftools, featureCounts, methylQA, rseqc, picard, preseq, samblaster, samtools, bamtools, bismark, hicup, salmon, kallisto, star, tophat, bowtie2, bowtie1, cutadapt, trimmomatic, skewer, fastq_screen, fastqc
[2025-01-20 17:38:47,965] multiqc                                            [DEBUG  ]  Using temporary directory for creating report: /scratch/local/tmpOMJ2dy
[2025-01-20 17:38:48,195] multiqc.modules.gatk.gatk                          [DEBUG  ]  Could not find any reports in ('/home/flanary/Dry_Lab/13cRA/atac-seq/untreated/GSE108517/02_fastq_qc/fastqc_output',)
[2025-01-20 17:38:48,215] multiqc.modules.quast.quast                        [DEBUG  ]  Could not find any reports in ('/home/flanary/Dry_Lab/13cRA/atac-seq/untreated/GSE108517/02_fastq_qc/fastqc_output',)
[2025-01-20 17:38:48,244] multiqc.modules.snpeff.snpeff                      [DEBUG  ]  Could not find any data in ('/home/flanary/Dry_Lab/13cRA/atac-seq/untreated/GSE108517/02_fastq_qc/fastqc_output',)
[2025-01-20 17:38:48,289] multiqc.modules.qualimap.qualimap                  [DEBUG  ]  Could not find any reports in ('/home/flanary/Dry_Lab/13cRA/atac-seq/untreated/GSE108517/02_fastq_qc/fastqc_output',)
[2025-01-20 17:38:48,326] multiqc.modules.bcftools.bcftools                  [DEBUG  ]  Could not find any reports in ('/home/flanary/Dry_Lab/13cRA/atac-seq/untreated/GSE108517/02_fastq_qc/fastqc_output',)
[2025-01-20 17:38:48,343] multiqc.modules.featureCounts.feature_counts       [DEBUG  ]  Could not find any reports in ('/home/flanary/Dry_Lab/13cRA/atac-seq/untreated/GSE108517/02_fastq_qc/fastqc_output',)
[2025-01-20 17:38:48,359] multiqc.modules.methylQA.methylQA                  [DEBUG  ]  Could not find any reports in ('/home/flanary/Dry_Lab/13cRA/atac-seq/untreated/GSE108517/02_fastq_qc/fastqc_output',)
[2025-01-20 17:38:48,472] multiqc.modules.rseqc.rseqc                        [DEBUG  ]  Could not find any reports in ('/home/flanary/Dry_Lab/13cRA/atac-seq/untreated/GSE108517/02_fastq_qc/fastqc_output',)
[2025-01-20 17:38:48,681] multiqc.modules.picard.picard                      [DEBUG  ]  Could not find any reports in ('/home/flanary/Dry_Lab/13cRA/atac-seq/untreated/GSE108517/02_fastq_qc/fastqc_output',)
[2025-01-20 17:38:48,700] multiqc.modules.preseq.preseq                      [DEBUG  ]  Could not find any preseq data in ('/home/flanary/Dry_Lab/13cRA/atac-seq/untreated/GSE108517/02_fastq_qc/fastqc_output',)
[2025-01-20 17:38:48,733] multiqc.modules.samblaster.samblaster              [DEBUG  ]  Could not find any data in ('/home/flanary/Dry_Lab/13cRA/atac-seq/untreated/GSE108517/02_fastq_qc/fastqc_output',)
[2025-01-20 17:38:48,848] multiqc.modules.samtools.samtools                  [DEBUG  ]  Could not find any reports in ('/home/flanary/Dry_Lab/13cRA/atac-seq/untreated/GSE108517/02_fastq_qc/fastqc_output',)
[2025-01-20 17:38:48,883] multiqc.modules.bamtools.bamtools                  [DEBUG  ]  Could not find any reports in ('/home/flanary/Dry_Lab/13cRA/atac-seq/untreated/GSE108517/02_fastq_qc/fastqc_output',)
[2025-01-20 17:38:48,913] multiqc.modules.bismark.bismark                    [DEBUG  ]  Could not find any reports in ('/home/flanary/Dry_Lab/13cRA/atac-seq/untreated/GSE108517/02_fastq_qc/fastqc_output',)
[2025-01-20 17:38:48,930] multiqc.modules.hicup.hicup                        [DEBUG  ]  Could not find any HiCUP data in ('/home/flanary/Dry_Lab/13cRA/atac-seq/untreated/GSE108517/02_fastq_qc/fastqc_output',)
[2025-01-20 17:38:48,934] multiqc.modules.salmon.salmon                      [DEBUG  ]  Could not find any Salmon data in ('/home/flanary/Dry_Lab/13cRA/atac-seq/untreated/GSE108517/02_fastq_qc/fastqc_output',)
[2025-01-20 17:38:48,967] multiqc.modules.kallisto.kallisto                  [DEBUG  ]  Could not find any reports in ('/home/flanary/Dry_Lab/13cRA/atac-seq/untreated/GSE108517/02_fastq_qc/fastqc_output',)
[2025-01-20 17:38:48,981] multiqc.modules.star.star                          [DEBUG  ]  Could not find any reports in ('/home/flanary/Dry_Lab/13cRA/atac-seq/untreated/GSE108517/02_fastq_qc/fastqc_output',)
[2025-01-20 17:38:49,003] multiqc.modules.tophat.tophat                      [DEBUG  ]  Could not find any reports in ('/home/flanary/Dry_Lab/13cRA/atac-seq/untreated/GSE108517/02_fastq_qc/fastqc_output',)
[2025-01-20 17:38:49,036] multiqc.modules.bowtie2.bowtie2                    [DEBUG  ]  Could not find any reports in ('/home/flanary/Dry_Lab/13cRA/atac-seq/untreated/GSE108517/02_fastq_qc/fastqc_output',)
[2025-01-20 17:38:49,063] multiqc.modules.bowtie1.bowtie1                    [DEBUG  ]  Could not find any reports in ('/home/flanary/Dry_Lab/13cRA/atac-seq/untreated/GSE108517/02_fastq_qc/fastqc_output',)
[2025-01-20 17:38:49,096] multiqc.modules.cutadapt.cutadapt                  [DEBUG  ]  Could not find any reports in ('/home/flanary/Dry_Lab/13cRA/atac-seq/untreated/GSE108517/02_fastq_qc/fastqc_output',)
[2025-01-20 17:38:49,125] multiqc.modules.trimmomatic.trimmomatic            [DEBUG  ]  Could not find any Trimmomatic data in ('/home/flanary/Dry_Lab/13cRA/atac-seq/untreated/GSE108517/02_fastq_qc/fastqc_output',)
[2025-01-20 17:38:49,183] multiqc.modules.skewer.skewer                      [DEBUG  ]  Could not find any data in ('/home/flanary/Dry_Lab/13cRA/atac-seq/untreated/GSE108517/02_fastq_qc/fastqc_output',)
[2025-01-20 17:38:49,224] multiqc.modules.fastq_screen.fastq_screen          [DEBUG  ]  Could not find any reports in ('/home/flanary/Dry_Lab/13cRA/atac-seq/untreated/GSE108517/02_fastq_qc/fastqc_output',)
[2025-01-20 17:38:49,498] multiqc.modules.fastqc.fastqc                      [INFO   ]  Found 4 reports
[2025-01-20 17:38:49,648] multiqc                                            [INFO   ]  Report      : ../../../../../../../../../../home/flanary/Dry_Lab/13cRA/atac-seq/untreated/GSE108517/02_fastq_qc/multiqc_output/multiqc_report.html
[2025-01-20 17:38:49,649] multiqc                                            [INFO   ]  Data        : ../../../../../../../../../../home/flanary/Dry_Lab/13cRA/atac-seq/untreated/GSE108517/02_fastq_qc/multiqc_output/multiqc_data
[2025-01-20 17:38:49,649] multiqc                                            [DEBUG  ]  Moving data file from '/scratch/local/tmpOMJ2dy/multiqc_data/multiqc_fastqc.txt' to '/home/flanary/Dry_Lab/13cRA/atac-seq/untreated/GSE108517/02_fastq_qc/multiqc_output/multiqc_data'
[2025-01-20 17:38:49,650] multiqc                                            [DEBUG  ]  Moving data file from '/scratch/local/tmpOMJ2dy/multiqc_data/multiqc_general_stats.txt' to '/home/flanary/Dry_Lab/13cRA/atac-seq/untreated/GSE108517/02_fastq_qc/multiqc_output/multiqc_data'
[2025-01-20 17:38:49,652] multiqc                                            [DEBUG  ]  Moving data file from '/scratch/local/tmpOMJ2dy/multiqc_data/multiqc_sources.txt' to '/home/flanary/Dry_Lab/13cRA/atac-seq/untreated/GSE108517/02_fastq_qc/multiqc_output/multiqc_data'
[2025-01-20 17:38:50,241] multiqc                                            [INFO   ]  MultiQC complete
