bamFilesList: ['/data/scratch/flanary/atac-seq/untreated/GSE108517/final_bam/hNCC_final.bam']
binLength: 200
numberOfSamples: None
blackListFileName: None
skipZeroOverZero: False
bed_and_bin: False
genomeChunkSize: None
defaultFragmentLength: read length
numberOfProcessors: 1
verbose: False
region: None
bedFile: None
minMappingQuality: None
ignoreDuplicates: False
chrsToSkip: []
stepSize: 200
center_read: False
samFlag_include: None
samFlag_exclude: None
minFragmentLength: 0
maxFragmentLength: 0
zerosToNans: False
smoothLength: None
save_data: False
out_file_for_raw_data: None
maxPairedFragmentLength: 1000
INFO  @ Sun, 02 Feb 2025 18:45:15: 
# Command line: callpeak --treatment /data/scratch/flanary/atac-seq/untreated/GSE108517/final_bam/hNCC_final.bam --name hNCC --outdir /data/scratch/flanary/atac-seq/untreated/GSE108517/peaks --gsize hs --nomodel --shift -75 --extsize 150 --keep-dup all --call-summits --pvalue 0.01
# ARGUMENTS LIST:
# name = hNCC
# format = AUTO
# ChIP-seq file = ['/data/scratch/flanary/atac-seq/untreated/GSE108517/final_bam/hNCC_final.bam']
# control file = None
# effective genome size = 2.70e+09
# band width = 300
# model fold = [5, 50]
# pvalue cutoff = 1.00e-02
# qvalue will not be calculated and reported as -1 in the final output.
# The maximum gap between significant sites is assigned as the read length/tag size.
# The minimum length of peaks is assigned as the predicted fragment length "d".
# Larger dataset will be scaled towards smaller dataset.
# Range for calculating regional lambda is: 10000 bps
# Broad region calling is off
# Paired-End mode is off
# Searching for subpeak summits is on
 
INFO  @ Sun, 02 Feb 2025 18:45:15: #1 read tag files... 
INFO  @ Sun, 02 Feb 2025 18:45:15: #1 read treatment tags... 
INFO  @ Sun, 02 Feb 2025 18:45:15: Detected format is: BAM 
INFO  @ Sun, 02 Feb 2025 18:45:15: * Input file is gzipped. 
INFO  @ Sun, 02 Feb 2025 18:45:19:  1000000 
INFO  @ Sun, 02 Feb 2025 18:45:23:  2000000 
INFO  @ Sun, 02 Feb 2025 18:45:26:  3000000 
INFO  @ Sun, 02 Feb 2025 18:45:30:  4000000 
INFO  @ Sun, 02 Feb 2025 18:45:34:  5000000 
INFO  @ Sun, 02 Feb 2025 18:45:37:  6000000 
INFO  @ Sun, 02 Feb 2025 18:45:41:  7000000 
INFO  @ Sun, 02 Feb 2025 18:45:45:  8000000 
INFO  @ Sun, 02 Feb 2025 18:45:48:  9000000 
INFO  @ Sun, 02 Feb 2025 18:45:52:  10000000 
INFO  @ Sun, 02 Feb 2025 18:45:56:  11000000 
INFO  @ Sun, 02 Feb 2025 18:45:59:  12000000 
INFO  @ Sun, 02 Feb 2025 18:46:03:  13000000 
INFO  @ Sun, 02 Feb 2025 18:46:07:  14000000 
INFO  @ Sun, 02 Feb 2025 18:46:10:  15000000 
INFO  @ Sun, 02 Feb 2025 18:46:14:  16000000 
INFO  @ Sun, 02 Feb 2025 18:46:18:  17000000 
INFO  @ Sun, 02 Feb 2025 18:46:21:  18000000 
INFO  @ Sun, 02 Feb 2025 18:46:25:  19000000 
INFO  @ Sun, 02 Feb 2025 18:46:29:  20000000 
INFO  @ Sun, 02 Feb 2025 18:46:32:  21000000 
INFO  @ Sun, 02 Feb 2025 18:46:36:  22000000 
INFO  @ Sun, 02 Feb 2025 18:46:40:  23000000 
INFO  @ Sun, 02 Feb 2025 18:46:43:  24000000 
INFO  @ Sun, 02 Feb 2025 18:46:47:  25000000 
INFO  @ Sun, 02 Feb 2025 18:46:51:  26000000 
INFO  @ Sun, 02 Feb 2025 18:46:54:  27000000 
INFO  @ Sun, 02 Feb 2025 18:46:58:  28000000 
INFO  @ Sun, 02 Feb 2025 18:47:02:  29000000 
INFO  @ Sun, 02 Feb 2025 18:47:06:  30000000 
INFO  @ Sun, 02 Feb 2025 18:47:10:  31000000 
INFO  @ Sun, 02 Feb 2025 18:47:13:  32000000 
INFO  @ Sun, 02 Feb 2025 18:47:17:  33000000 
INFO  @ Sun, 02 Feb 2025 18:47:21:  34000000 
INFO  @ Sun, 02 Feb 2025 18:47:24:  35000000 
INFO  @ Sun, 02 Feb 2025 18:47:28:  36000000 
INFO  @ Sun, 02 Feb 2025 18:47:32:  37000000 
INFO  @ Sun, 02 Feb 2025 18:47:35:  38000000 
INFO  @ Sun, 02 Feb 2025 18:47:39:  39000000 
INFO  @ Sun, 02 Feb 2025 18:47:43:  40000000 
INFO  @ Sun, 02 Feb 2025 18:47:46:  41000000 
INFO  @ Sun, 02 Feb 2025 18:47:50:  42000000 
INFO  @ Sun, 02 Feb 2025 18:47:54:  43000000 
INFO  @ Sun, 02 Feb 2025 18:47:57:  44000000 
INFO  @ Sun, 02 Feb 2025 18:48:01:  45000000 
INFO  @ Sun, 02 Feb 2025 18:48:05:  46000000 
INFO  @ Sun, 02 Feb 2025 18:48:09: 46815500 reads have been read. 
INFO  @ Sun, 02 Feb 2025 18:48:09: #1 tag size is determined as 86 bps 
INFO  @ Sun, 02 Feb 2025 18:48:09: #1 tag size = 86.0 
INFO  @ Sun, 02 Feb 2025 18:48:09: #1  total tags in treatment: 46815500 
INFO  @ Sun, 02 Feb 2025 18:48:09: #1 finished! 
INFO  @ Sun, 02 Feb 2025 18:48:09: #2 Build Peak Model... 
INFO  @ Sun, 02 Feb 2025 18:48:09: #2 Skipped... 
INFO  @ Sun, 02 Feb 2025 18:48:09: #2 Use 150 as fragment length 
INFO  @ Sun, 02 Feb 2025 18:48:09: #2 Sequencing ends will be shifted towards 5' by 75 bp(s) 
INFO  @ Sun, 02 Feb 2025 18:48:09: #3 Call peaks... 
INFO  @ Sun, 02 Feb 2025 18:48:09: #3 Going to call summits inside each peak ... 
INFO  @ Sun, 02 Feb 2025 18:48:09: #3 Call peaks with given -log10pvalue cutoff: 2.00000 ... 
INFO  @ Sun, 02 Feb 2025 18:48:09: #3 Pre-compute pvalue-qvalue table... 
INFO  @ Sun, 02 Feb 2025 18:49:29: #3 Call peaks for each chromosome... 
INFO  @ Sun, 02 Feb 2025 18:51:02: #4 Write output xls file... /data/scratch/flanary/atac-seq/untreated/GSE108517/peaks/hNCC_peaks.xls 
INFO  @ Sun, 02 Feb 2025 18:51:03: #4 Write peak in narrowPeak format file... /data/scratch/flanary/atac-seq/untreated/GSE108517/peaks/hNCC_peaks.narrowPeak 
INFO  @ Sun, 02 Feb 2025 18:51:04: #4 Write summits bed file... /data/scratch/flanary/atac-seq/untreated/GSE108517/peaks/hNCC_summits.bed 
INFO  @ Sun, 02 Feb 2025 18:51:04: Done! 
