bamFilesList: ['/data/scratch/flanary/atac-seq/untreated/GSE108517/bam/hNCC_final.bam']
binLength: 200
numberOfSamples: None
blackListFileName: None
skipZeroOverZero: False
bed_and_bin: False
genomeChunkSize: None
defaultFragmentLength: read length
numberOfProcessors: 1
verbose: False
region: None
bedFile: None
minMappingQuality: None
ignoreDuplicates: False
chrsToSkip: []
stepSize: 200
center_read: False
samFlag_include: None
samFlag_exclude: None
minFragmentLength: 0
maxFragmentLength: 0
zerosToNans: False
smoothLength: None
save_data: False
out_file_for_raw_data: None
maxPairedFragmentLength: 1000
INFO  @ Tue, 21 Jan 2025 14:56:34: 
# Command line: callpeak --treatment /data/scratch/flanary/atac-seq/untreated/GSE108517/bam/hNCC_final.bam --name hNCC --outdir /data/scratch/flanary/atac-seq/untreated/GSE108517/peaks --gsize hs --nomodel --shift -75 --extsize 150 --keep-dup all --call-summits --pvalue 0.01
# ARGUMENTS LIST:
# name = hNCC
# format = AUTO
# ChIP-seq file = ['/data/scratch/flanary/atac-seq/untreated/GSE108517/bam/hNCC_final.bam']
# control file = None
# effective genome size = 2.70e+09
# band width = 300
# model fold = [5, 50]
# pvalue cutoff = 1.00e-02
# qvalue will not be calculated and reported as -1 in the final output.
# The maximum gap between significant sites is assigned as the read length/tag size.
# The minimum length of peaks is assigned as the predicted fragment length "d".
# Larger dataset will be scaled towards smaller dataset.
# Range for calculating regional lambda is: 10000 bps
# Broad region calling is off
# Paired-End mode is off
# Searching for subpeak summits is on
 
INFO  @ Tue, 21 Jan 2025 14:56:34: #1 read tag files... 
INFO  @ Tue, 21 Jan 2025 14:56:34: #1 read treatment tags... 
INFO  @ Tue, 21 Jan 2025 14:56:34: Detected format is: BAM 
INFO  @ Tue, 21 Jan 2025 14:56:34: * Input file is gzipped. 
INFO  @ Tue, 21 Jan 2025 14:56:36: 519088 reads have been read. 
INFO  @ Tue, 21 Jan 2025 14:56:36: #1 tag size is determined as 86 bps 
INFO  @ Tue, 21 Jan 2025 14:56:36: #1 tag size = 86.0 
INFO  @ Tue, 21 Jan 2025 14:56:36: #1  total tags in treatment: 519088 
INFO  @ Tue, 21 Jan 2025 14:56:36: #1 finished! 
INFO  @ Tue, 21 Jan 2025 14:56:36: #2 Build Peak Model... 
INFO  @ Tue, 21 Jan 2025 14:56:36: #2 Skipped... 
INFO  @ Tue, 21 Jan 2025 14:56:36: #2 Use 150 as fragment length 
INFO  @ Tue, 21 Jan 2025 14:56:36: #2 Sequencing ends will be shifted towards 5' by 75 bp(s) 
INFO  @ Tue, 21 Jan 2025 14:56:36: #3 Call peaks... 
INFO  @ Tue, 21 Jan 2025 14:56:36: #3 Going to call summits inside each peak ... 
INFO  @ Tue, 21 Jan 2025 14:56:36: #3 Call peaks with given -log10pvalue cutoff: 2.00000 ... 
INFO  @ Tue, 21 Jan 2025 14:56:36: #3 Pre-compute pvalue-qvalue table... 
INFO  @ Tue, 21 Jan 2025 14:56:37: #3 Call peaks for each chromosome... 
INFO  @ Tue, 21 Jan 2025 14:56:39: #4 Write output xls file... /data/scratch/flanary/atac-seq/untreated/GSE108517/peaks/hNCC_peaks.xls 
INFO  @ Tue, 21 Jan 2025 14:56:39: #4 Write peak in narrowPeak format file... /data/scratch/flanary/atac-seq/untreated/GSE108517/peaks/hNCC_peaks.narrowPeak 
INFO  @ Tue, 21 Jan 2025 14:56:39: #4 Write summits bed file... /data/scratch/flanary/atac-seq/untreated/GSE108517/peaks/hNCC_summits.bed 
INFO  @ Tue, 21 Jan 2025 14:56:39: Done! 
