[M::bwa_idx_load_from_disk] read 0 ALT contigs
[M::process] read 946180 sequences (80000023 bp)...
[M::process] read 946492 sequences (80000168 bp)...
[M::mem_pestat] # candidate unique pairs for (FF, FR, RF, RR): (2, 310566, 16, 6)
[M::mem_pestat] skip orientation FF as there are not enough pairs
[M::mem_pestat] analyzing insert size distribution for orientation FR...
[M::mem_pestat] (25, 50, 75) percentile: (70, 142, 211)
[M::mem_pestat] low and high boundaries for computing mean and std.dev: (1, 493)
[M::mem_pestat] mean and std.dev: (155.81, 100.60)
[M::mem_pestat] low and high boundaries for proper pairs: (1, 634)
[M::mem_pestat] analyzing insert size distribution for orientation RF...
[M::mem_pestat] (25, 50, 75) percentile: (81, 574, 1325)
[M::mem_pestat] low and high boundaries for computing mean and std.dev: (1, 3813)
[M::mem_pestat] mean and std.dev: (747.00, 711.42)
[M::mem_pestat] low and high boundaries for proper pairs: (1, 5057)
[M::mem_pestat] skip orientation RR as there are not enough pairs
[M::mem_pestat] skip orientation RF
[M::mem_process_seqs] Processed 946180 reads in 121.337 CPU sec, 20.350 real sec
[M::mem_pestat] # candidate unique pairs for (FF, FR, RF, RR): (0, 311368, 16, 2)
[M::mem_pestat] skip orientation FF as there are not enough pairs
[M::mem_pestat] analyzing insert size distribution for orientation FR...
[M::mem_pestat] (25, 50, 75) percentile: (70, 141, 210)
[M::mem_pestat] low and high boundaries for computing mean and std.dev: (1, 490)
[M::mem_pestat] mean and std.dev: (154.72, 99.98)
[M::mem_pestat] low and high boundaries for proper pairs: (1, 630)
[M::mem_pestat] analyzing insert size distribution for orientation RF...
[M::mem_pestat] (25, 50, 75) percentile: (113, 308, 2396)
[M::mem_pestat] low and high boundaries for computing mean and std.dev: (1, 6962)
[M::mem_pestat] mean and std.dev: (1078.56, 1789.08)
[M::mem_pestat] low and high boundaries for proper pairs: (1, 9245)
[M::mem_pestat] skip orientation RR as there are not enough pairs
[M::mem_pestat] skip orientation RF
[M::mem_process_seqs] Processed 946492 reads in 117.911 CPU sec, 15.513 real sec
[M::process] read 947208 sequences (80000124 bp)...
[M::mem_pestat] # candidate unique pairs for (FF, FR, RF, RR): (2, 311414, 12, 5)
[M::mem_pestat] skip orientation FF as there are not enough pairs
[M::mem_pestat] analyzing insert size distribution for orientation FR...
[M::mem_pestat] (25, 50, 75) percentile: (69, 138, 209)
[M::mem_pestat] low and high boundaries for computing mean and std.dev: (1, 489)
[M::mem_pestat] mean and std.dev: (153.51, 99.10)
[M::mem_pestat] low and high boundaries for proper pairs: (1, 629)
[M::mem_pestat] analyzing insert size distribution for orientation RF...
[M::mem_pestat] (25, 50, 75) percentile: (84, 153, 250)
[M::mem_pestat] low and high boundaries for computing mean and std.dev: (1, 582)
[M::mem_pestat] mean and std.dev: (172.83, 135.84)
[M::mem_pestat] low and high boundaries for proper pairs: (1, 748)
[M::mem_pestat] skip orientation RR as there are not enough pairs
[M::mem_pestat] skip orientation RF
[M::mem_process_seqs] Processed 947208 reads in 118.064 CPU sec, 15.525 real sec
[M::process] read 948464 sequences (80000095 bp)...
[M::mem_pestat] # candidate unique pairs for (FF, FR, RF, RR): (2, 311082, 14, 5)
[M::mem_pestat] skip orientation FF as there are not enough pairs
[M::mem_pestat] analyzing insert size distribution for orientation FR...
[M::mem_pestat] (25, 50, 75) percentile: (69, 137, 208)
[M::mem_pestat] low and high boundaries for computing mean and std.dev: (1, 486)
[M::mem_pestat] mean and std.dev: (152.41, 98.57)
[M::mem_pestat] low and high boundaries for proper pairs: (1, 625)
[M::mem_pestat] analyzing insert size distribution for orientation RF...
[M::mem_pestat] (25, 50, 75) percentile: (28, 165, 341)
[M::mem_pestat] low and high boundaries for computing mean and std.dev: (1, 967)
[M::mem_pestat] mean and std.dev: (183.50, 182.63)
[M::mem_pestat] low and high boundaries for proper pairs: (1, 1280)
[M::mem_pestat] skip orientation RR as there are not enough pairs
[M::mem_pestat] skip orientation RF
[M::mem_process_seqs] Processed 948464 reads in 115.874 CPU sec, 15.032 real sec
[M::process] read 950574 sequences (80000012 bp)...
[M::mem_pestat] # candidate unique pairs for (FF, FR, RF, RR): (1, 310900, 12, 6)
[M::mem_pestat] skip orientation FF as there are not enough pairs
[M::mem_pestat] analyzing insert size distribution for orientation FR...
[M::mem_pestat] (25, 50, 75) percentile: (69, 137, 207)
[M::mem_pestat] low and high boundaries for computing mean and std.dev: (1, 483)
[M::mem_pestat] mean and std.dev: (151.19, 97.19)
[M::mem_pestat] low and high boundaries for proper pairs: (1, 621)
[M::mem_pestat] analyzing insert size distribution for orientation RF...
[M::mem_pestat] (25, 50, 75) percentile: (14, 60, 204)
[M::mem_pestat] low and high boundaries for computing mean and std.dev: (1, 584)
[M::mem_pestat] mean and std.dev: (105.45, 145.37)
[M::mem_pestat] low and high boundaries for proper pairs: (1, 774)
[M::mem_pestat] skip orientation RR as there are not enough pairs
[M::mem_pestat] skip orientation RF
[M::mem_process_seqs] Processed 950574 reads in 119.066 CPU sec, 15.370 real sec
[M::process] read 954490 sequences (80000006 bp)...
[M::mem_pestat] # candidate unique pairs for (FF, FR, RF, RR): (5, 312750, 13, 1)
[M::mem_pestat] skip orientation FF as there are not enough pairs
[M::mem_pestat] analyzing insert size distribution for orientation FR...
[M::mem_pestat] (25, 50, 75) percentile: (67, 133, 205)
[M::mem_pestat] low and high boundaries for computing mean and std.dev: (1, 481)
[M::mem_pestat] mean and std.dev: (149.19, 97.15)
[M::mem_pestat] low and high boundaries for proper pairs: (1, 619)
[M::mem_pestat] analyzing insert size distribution for orientation RF...
[M::mem_pestat] (25, 50, 75) percentile: (105, 162, 636)
[M::mem_pestat] low and high boundaries for computing mean and std.dev: (1, 1698)
[M::mem_pestat] mean and std.dev: (249.08, 212.05)
[M::mem_pestat] low and high boundaries for proper pairs: (1, 2229)
[M::mem_pestat] skip orientation RR as there are not enough pairs
[M::mem_pestat] skip orientation RF
[M::mem_process_seqs] Processed 954490 reads in 116.225 CPU sec, 15.127 real sec
[M::process] read 954772 sequences (80000090 bp)...
[M::mem_pestat] # candidate unique pairs for (FF, FR, RF, RR): (8, 312577, 15, 3)
[M::mem_pestat] skip orientation FF as there are not enough pairs
[M::mem_pestat] analyzing insert size distribution for orientation FR...
[M::mem_pestat] (25, 50, 75) percentile: (67, 131, 204)
[M::mem_pestat] low and high boundaries for computing mean and std.dev: (1, 478)
[M::mem_pestat] mean and std.dev: (148.03, 95.66)
[M::mem_pestat] low and high boundaries for proper pairs: (1, 615)
[M::mem_pestat] analyzing insert size distribution for orientation RF...
[M::mem_pestat] (25, 50, 75) percentile: (35, 204, 651)
[M::mem_pestat] low and high boundaries for computing mean and std.dev: (1, 1883)
[M::mem_pestat] mean and std.dev: (311.85, 393.09)
[M::mem_pestat] low and high boundaries for proper pairs: (1, 2499)
[M::mem_pestat] skip orientation RR as there are not enough pairs
[M::mem_pestat] skip orientation RF
[M::mem_process_seqs] Processed 954772 reads in 119.805 CPU sec, 15.590 real sec
[M::process] read 955372 sequences (80000063 bp)...
[M::mem_pestat] # candidate unique pairs for (FF, FR, RF, RR): (7, 312861, 9, 6)
[M::mem_pestat] skip orientation FF as there are not enough pairs
[M::mem_pestat] analyzing insert size distribution for orientation FR...
[M::mem_pestat] (25, 50, 75) percentile: (67, 130, 203)
[M::mem_pestat] low and high boundaries for computing mean and std.dev: (1, 475)
[M::mem_pestat] mean and std.dev: (146.79, 94.59)
[M::mem_pestat] low and high boundaries for proper pairs: (1, 611)
[M::mem_pestat] skip orientation RF as there are not enough pairs
[M::mem_pestat] skip orientation RR as there are not enough pairs
[M::mem_process_seqs] Processed 955372 reads in 122.640 CPU sec, 15.903 real sec
[M::process] read 957106 sequences (80000115 bp)...
[M::mem_pestat] # candidate unique pairs for (FF, FR, RF, RR): (6, 312395, 13, 6)
[M::mem_pestat] skip orientation FF as there are not enough pairs
[M::mem_pestat] analyzing insert size distribution for orientation FR...
[M::mem_pestat] (25, 50, 75) percentile: (67, 128, 201)
[M::mem_pestat] low and high boundaries for computing mean and std.dev: (1, 469)
[M::mem_pestat] mean and std.dev: (145.35, 93.16)
[M::mem_pestat] low and high boundaries for proper pairs: (1, 603)
[M::mem_pestat] analyzing insert size distribution for orientation RF...
[M::mem_pestat] (25, 50, 75) percentile: (31, 49, 504)
[M::mem_pestat] low and high boundaries for computing mean and std.dev: (1, 1450)
[M::mem_pestat] mean and std.dev: (127.36, 160.40)
[M::mem_pestat] low and high boundaries for proper pairs: (1, 1923)
[M::mem_pestat] skip orientation RR as there are not enough pairs
[M::mem_pestat] skip orientation RF
[M::mem_process_seqs] Processed 957106 reads in 125.860 CPU sec, 16.290 real sec
[M::process] read 959072 sequences (80000014 bp)...
[M::mem_pestat] # candidate unique pairs for (FF, FR, RF, RR): (3, 313319, 11, 2)
[M::mem_pestat] skip orientation FF as there are not enough pairs
[M::mem_pestat] analyzing insert size distribution for orientation FR...
[M::mem_pestat] (25, 50, 75) percentile: (66, 126, 200)
[M::mem_pestat] low and high boundaries for computing mean and std.dev: (1, 468)
[M::mem_pestat] mean and std.dev: (144.03, 92.43)
[M::mem_pestat] low and high boundaries for proper pairs: (1, 602)
[M::mem_pestat] analyzing insert size distribution for orientation RF...
[M::mem_pestat] (25, 50, 75) percentile: (55, 158, 460)
[M::mem_pestat] low and high boundaries for computing mean and std.dev: (1, 1270)
[M::mem_pestat] mean and std.dev: (233.80, 315.05)
[M::mem_pestat] low and high boundaries for proper pairs: (1, 1675)
[M::mem_pestat] skip orientation RR as there are not enough pairs
[M::mem_pestat] skip orientation RF
[M::mem_process_seqs] Processed 959072 reads in 126.550 CPU sec, 16.466 real sec
[M::process] read 963026 sequences (80000063 bp)...
[M::mem_pestat] # candidate unique pairs for (FF, FR, RF, RR): (0, 313500, 9, 4)
[M::mem_pestat] skip orientation FF as there are not enough pairs
[M::mem_pestat] analyzing insert size distribution for orientation FR...
[M::mem_pestat] (25, 50, 75) percentile: (65, 124, 199)
[M::mem_pestat] low and high boundaries for computing mean and std.dev: (1, 467)
[M::mem_pestat] mean and std.dev: (142.33, 91.65)
[M::mem_pestat] low and high boundaries for proper pairs: (1, 601)
[M::mem_pestat] skip orientation RF as there are not enough pairs
[M::mem_pestat] skip orientation RR as there are not enough pairs
[M::mem_process_seqs] Processed 963026 reads in 127.315 CPU sec, 16.654 real sec
[M::process] read 964736 sequences (80000051 bp)...
[M::mem_pestat] # candidate unique pairs for (FF, FR, RF, RR): (7, 313859, 15, 4)
[M::mem_pestat] skip orientation FF as there are not enough pairs
[M::mem_pestat] analyzing insert size distribution for orientation FR...
[M::mem_pestat] (25, 50, 75) percentile: (65, 121, 197)
[M::mem_pestat] low and high boundaries for computing mean and std.dev: (1, 461)
[M::mem_pestat] mean and std.dev: (140.57, 90.20)
[M::mem_pestat] low and high boundaries for proper pairs: (1, 593)
[M::mem_pestat] analyzing insert size distribution for orientation RF...
[M::mem_pestat] (25, 50, 75) percentile: (54, 117, 238)
[M::mem_pestat] low and high boundaries for computing mean and std.dev: (1, 606)
[M::mem_pestat] mean and std.dev: (117.00, 106.46)
[M::mem_pestat] low and high boundaries for proper pairs: (1, 790)
[M::mem_pestat] skip orientation RR as there are not enough pairs
[M::mem_pestat] skip orientation RF
[M::mem_process_seqs] Processed 964736 reads in 125.023 CPU sec, 16.306 real sec
[M::process] read 964354 sequences (80000091 bp)...
[M::mem_pestat] # candidate unique pairs for (FF, FR, RF, RR): (8, 312124, 3, 1)
[M::mem_pestat] skip orientation FF as there are not enough pairs
[M::mem_pestat] analyzing insert size distribution for orientation FR...
[M::mem_pestat] (25, 50, 75) percentile: (65, 121, 196)
[M::mem_pestat] low and high boundaries for computing mean and std.dev: (1, 458)
[M::mem_pestat] mean and std.dev: (139.52, 88.77)
[M::mem_pestat] low and high boundaries for proper pairs: (1, 589)
[M::mem_pestat] skip orientation RF as there are not enough pairs
[M::mem_pestat] skip orientation RR as there are not enough pairs
[M::mem_process_seqs] Processed 964354 reads in 130.199 CPU sec, 16.848 real sec
[M::process] read 949728 sequences (80000182 bp)...
[M::mem_pestat] # candidate unique pairs for (FF, FR, RF, RR): (6, 311805, 8, 6)
[M::mem_pestat] skip orientation FF as there are not enough pairs
[M::mem_pestat] analyzing insert size distribution for orientation FR...
[M::mem_pestat] (25, 50, 75) percentile: (69, 138, 209)
[M::mem_pestat] low and high boundaries for computing mean and std.dev: (1, 489)
[M::mem_pestat] mean and std.dev: (153.69, 99.73)
[M::mem_pestat] low and high boundaries for proper pairs: (1, 629)
[M::mem_pestat] skip orientation RF as there are not enough pairs
[M::mem_pestat] skip orientation RR as there are not enough pairs
[M::mem_process_seqs] Processed 949728 reads in 122.804 CPU sec, 16.108 real sec
[M::process] read 948354 sequences (80000148 bp)...
[M::mem_pestat] # candidate unique pairs for (FF, FR, RF, RR): (6, 311659, 12, 0)
[M::mem_pestat] skip orientation FF as there are not enough pairs
[M::mem_pestat] analyzing insert size distribution for orientation FR...
[M::mem_pestat] (25, 50, 75) percentile: (69, 139, 209)
[M::mem_pestat] low and high boundaries for computing mean and std.dev: (1, 489)
[M::mem_pestat] mean and std.dev: (153.96, 99.99)
[M::mem_pestat] low and high boundaries for proper pairs: (1, 629)
[M::mem_pestat] analyzing insert size distribution for orientation RF...
[M::mem_pestat] (25, 50, 75) percentile: (38, 163, 251)
[M::mem_pestat] low and high boundaries for computing mean and std.dev: (1, 677)
[M::mem_pestat] mean and std.dev: (166.55, 156.81)
[M::mem_pestat] low and high boundaries for proper pairs: (1, 890)
[M::mem_pestat] skip orientation RR as there are not enough pairs
[M::mem_pestat] skip orientation RF
[M::mem_process_seqs] Processed 948354 reads in 121.331 CPU sec, 15.779 real sec
[M::process] read 950104 sequences (80000060 bp)...
[M::mem_pestat] # candidate unique pairs for (FF, FR, RF, RR): (4, 311841, 12, 3)
[M::mem_pestat] skip orientation FF as there are not enough pairs
[M::mem_pestat] analyzing insert size distribution for orientation FR...
[M::mem_pestat] (25, 50, 75) percentile: (68, 138, 208)
[M::mem_pestat] low and high boundaries for computing mean and std.dev: (1, 488)
[M::mem_pestat] mean and std.dev: (152.95, 99.31)
[M::mem_pestat] low and high boundaries for proper pairs: (1, 628)
[M::mem_pestat] analyzing insert size distribution for orientation RF...
[M::mem_pestat] (25, 50, 75) percentile: (45, 196, 804)
[M::mem_pestat] low and high boundaries for computing mean and std.dev: (1, 2322)
[M::mem_pestat] mean and std.dev: (453.92, 651.14)
[M::mem_pestat] low and high boundaries for proper pairs: (1, 3081)
[M::mem_pestat] skip orientation RR as there are not enough pairs
[M::mem_pestat] skip orientation RF
[M::mem_process_seqs] Processed 950104 reads in 121.200 CPU sec, 15.666 real sec
[M::process] read 951096 sequences (80000129 bp)...
[M::mem_pestat] # candidate unique pairs for (FF, FR, RF, RR): (6, 312830, 8, 3)
[M::mem_pestat] skip orientation FF as there are not enough pairs
[M::mem_pestat] analyzing insert size distribution for orientation FR...
[M::mem_pestat] (25, 50, 75) percentile: (68, 136, 207)
[M::mem_pestat] low and high boundaries for computing mean and std.dev: (1, 485)
[M::mem_pestat] mean and std.dev: (151.38, 98.36)
[M::mem_pestat] low and high boundaries for proper pairs: (1, 624)
[M::mem_pestat] skip orientation RF as there are not enough pairs
[M::mem_pestat] skip orientation RR as there are not enough pairs
[M::mem_process_seqs] Processed 951096 reads in 123.356 CPU sec, 16.063 real sec
[M::process] read 952766 sequences (80000010 bp)...
[M::mem_pestat] # candidate unique pairs for (FF, FR, RF, RR): (6, 311624, 14, 4)
[M::mem_pestat] skip orientation FF as there are not enough pairs
[M::mem_pestat] analyzing insert size distribution for orientation FR...
[M::mem_pestat] (25, 50, 75) percentile: (68, 134, 206)
[M::mem_pestat] low and high boundaries for computing mean and std.dev: (1, 482)
[M::mem_pestat] mean and std.dev: (149.76, 96.80)
[M::mem_pestat] low and high boundaries for proper pairs: (1, 620)
[M::mem_pestat] analyzing insert size distribution for orientation RF...
[M::mem_pestat] (25, 50, 75) percentile: (30, 210, 493)
[M::mem_pestat] low and high boundaries for computing mean and std.dev: (1, 1419)
[M::mem_pestat] mean and std.dev: (319.21, 332.83)
[M::mem_pestat] low and high boundaries for proper pairs: (1, 1882)
[M::mem_pestat] skip orientation RR as there are not enough pairs
[M::mem_pestat] skip orientation RF
[M::mem_process_seqs] Processed 952766 reads in 125.012 CPU sec, 16.174 real sec
[M::process] read 958528 sequences (80000088 bp)...
[M::mem_pestat] # candidate unique pairs for (FF, FR, RF, RR): (3, 312951, 14, 8)
[M::mem_pestat] skip orientation FF as there are not enough pairs
[M::mem_pestat] analyzing insert size distribution for orientation FR...
[M::mem_pestat] (25, 50, 75) percentile: (66, 130, 205)
[M::mem_pestat] low and high boundaries for computing mean and std.dev: (1, 483)
[M::mem_pestat] mean and std.dev: (148.16, 97.17)
[M::mem_pestat] low and high boundaries for proper pairs: (1, 622)
[M::mem_pestat] analyzing insert size distribution for orientation RF...
[M::mem_pestat] (25, 50, 75) percentile: (16, 210, 338)
[M::mem_pestat] low and high boundaries for computing mean and std.dev: (1, 982)
[M::mem_pestat] mean and std.dev: (189.38, 172.60)
[M::mem_pestat] low and high boundaries for proper pairs: (1, 1304)
[M::mem_pestat] skip orientation RR as there are not enough pairs
[M::mem_pestat] skip orientation RF
[M::mem_process_seqs] Processed 958528 reads in 125.245 CPU sec, 16.317 real sec
[M::process] read 956484 sequences (80000006 bp)...
[M::mem_pestat] # candidate unique pairs for (FF, FR, RF, RR): (8, 312849, 15, 6)
[M::mem_pestat] skip orientation FF as there are not enough pairs
[M::mem_pestat] analyzing insert size distribution for orientation FR...
[M::mem_pestat] (25, 50, 75) percentile: (67, 130, 203)
[M::mem_pestat] low and high boundaries for computing mean and std.dev: (1, 475)
[M::mem_pestat] mean and std.dev: (147.33, 95.34)
[M::mem_pestat] low and high boundaries for proper pairs: (1, 611)
[M::mem_pestat] analyzing insert size distribution for orientation RF...
[M::mem_pestat] (25, 50, 75) percentile: (36, 99, 352)
[M::mem_pestat] low and high boundaries for computing mean and std.dev: (1, 984)
[M::mem_pestat] mean and std.dev: (135.23, 141.33)
[M::mem_pestat] low and high boundaries for proper pairs: (1, 1300)
[M::mem_pestat] skip orientation RR as there are not enough pairs
[M::mem_pestat] skip orientation RF
[M::mem_process_seqs] Processed 956484 reads in 123.665 CPU sec, 15.945 real sec
[M::process] read 957568 sequences (80000084 bp)...
[M::mem_pestat] # candidate unique pairs for (FF, FR, RF, RR): (7, 312912, 16, 6)
[M::mem_pestat] skip orientation FF as there are not enough pairs
[M::mem_pestat] analyzing insert size distribution for orientation FR...
[M::mem_pestat] (25, 50, 75) percentile: (66, 128, 203)
[M::mem_pestat] low and high boundaries for computing mean and std.dev: (1, 477)
[M::mem_pestat] mean and std.dev: (146.26, 94.78)
[M::mem_pestat] low and high boundaries for proper pairs: (1, 614)
[M::mem_pestat] analyzing insert size distribution for orientation RF...
[M::mem_pestat] (25, 50, 75) percentile: (57, 129, 379)
[M::mem_pestat] low and high boundaries for computing mean and std.dev: (1, 1023)
[M::mem_pestat] mean and std.dev: (188.93, 190.47)
[M::mem_pestat] low and high boundaries for proper pairs: (1, 1345)
[M::mem_pestat] skip orientation RR as there are not enough pairs
[M::mem_pestat] skip orientation RF
[M::mem_process_seqs] Processed 957568 reads in 122.098 CPU sec, 15.808 real sec
[M::process] read 959276 sequences (80000015 bp)...
[M::mem_pestat] # candidate unique pairs for (FF, FR, RF, RR): (7, 312739, 13, 2)
[M::mem_pestat] skip orientation FF as there are not enough pairs
[M::mem_pestat] analyzing insert size distribution for orientation FR...
[M::mem_pestat] (25, 50, 75) percentile: (66, 127, 201)
[M::mem_pestat] low and high boundaries for computing mean and std.dev: (1, 471)
[M::mem_pestat] mean and std.dev: (144.84, 93.28)
[M::mem_pestat] low and high boundaries for proper pairs: (1, 606)
[M::mem_pestat] analyzing insert size distribution for orientation RF...
[M::mem_pestat] (25, 50, 75) percentile: (18, 39, 194)
[M::mem_pestat] low and high boundaries for computing mean and std.dev: (1, 546)
[M::mem_pestat] mean and std.dev: (106.85, 97.15)
[M::mem_pestat] low and high boundaries for proper pairs: (1, 722)
[M::mem_pestat] skip orientation RR as there are not enough pairs
[M::mem_pestat] skip orientation RF
[M::mem_process_seqs] Processed 959276 reads in 122.859 CPU sec, 15.977 real sec
[M::process] read 960936 sequences (80000103 bp)...
[M::mem_pestat] # candidate unique pairs for (FF, FR, RF, RR): (9, 313021, 14, 3)
[M::mem_pestat] skip orientation FF as there are not enough pairs
[M::mem_pestat] analyzing insert size distribution for orientation FR...
[M::mem_pestat] (25, 50, 75) percentile: (66, 125, 200)
[M::mem_pestat] low and high boundaries for computing mean and std.dev: (1, 468)
[M::mem_pestat] mean and std.dev: (143.52, 92.45)
[M::mem_pestat] low and high boundaries for proper pairs: (1, 602)
[M::mem_pestat] analyzing insert size distribution for orientation RF...
[M::mem_pestat] (25, 50, 75) percentile: (141, 365, 775)
[M::mem_pestat] low and high boundaries for computing mean and std.dev: (1, 2043)
[M::mem_pestat] mean and std.dev: (412.85, 295.85)
[M::mem_pestat] low and high boundaries for proper pairs: (1, 2677)
[M::mem_pestat] skip orientation RR as there are not enough pairs
[M::mem_pestat] skip orientation RF
[M::mem_process_seqs] Processed 960936 reads in 122.770 CPU sec, 16.017 real sec
[M::process] read 963598 sequences (80000176 bp)...
[M::mem_pestat] # candidate unique pairs for (FF, FR, RF, RR): (7, 314202, 9, 2)
[M::mem_pestat] skip orientation FF as there are not enough pairs
[M::mem_pestat] analyzing insert size distribution for orientation FR...
[M::mem_pestat] (25, 50, 75) percentile: (65, 123, 198)
[M::mem_pestat] low and high boundaries for computing mean and std.dev: (1, 464)
[M::mem_pestat] mean and std.dev: (141.69, 91.18)
[M::mem_pestat] low and high boundaries for proper pairs: (1, 597)
[M::mem_pestat] skip orientation RF as there are not enough pairs
[M::mem_pestat] skip orientation RR as there are not enough pairs
[M::mem_process_seqs] Processed 963598 reads in 121.961 CPU sec, 15.738 real sec
[M::process] read 966888 sequences (80000052 bp)...
[M::mem_pestat] # candidate unique pairs for (FF, FR, RF, RR): (0, 314735, 7, 5)
[M::mem_pestat] skip orientation FF as there are not enough pairs
[M::mem_pestat] analyzing insert size distribution for orientation FR...
[M::mem_pestat] (25, 50, 75) percentile: (64, 120, 196)
[M::mem_pestat] low and high boundaries for computing mean and std.dev: (1, 460)
[M::mem_pestat] mean and std.dev: (139.86, 89.70)
[M::mem_pestat] low and high boundaries for proper pairs: (1, 592)
[M::mem_pestat] skip orientation RF as there are not enough pairs
[M::mem_pestat] skip orientation RR as there are not enough pairs
[M::mem_process_seqs] Processed 966888 reads in 124.526 CPU sec, 16.181 real sec
[M::process] read 969214 sequences (80000035 bp)...
[M::mem_pestat] # candidate unique pairs for (FF, FR, RF, RR): (2, 315401, 14, 4)
[M::mem_pestat] skip orientation FF as there are not enough pairs
[M::mem_pestat] analyzing insert size distribution for orientation FR...
[M::mem_pestat] (25, 50, 75) percentile: (64, 118, 195)
[M::mem_pestat] low and high boundaries for computing mean and std.dev: (1, 457)
[M::mem_pestat] mean and std.dev: (137.80, 88.24)
[M::mem_pestat] low and high boundaries for proper pairs: (1, 588)
[M::mem_pestat] analyzing insert size distribution for orientation RF...
[M::mem_pestat] (25, 50, 75) percentile: (35, 146, 199)
[M::mem_pestat] low and high boundaries for computing mean and std.dev: (1, 527)
[M::mem_pestat] mean and std.dev: (120.50, 102.39)
[M::mem_pestat] low and high boundaries for proper pairs: (1, 691)
[M::mem_pestat] skip orientation RR as there are not enough pairs
[M::mem_pestat] skip orientation RF
[M::mem_process_seqs] Processed 969214 reads in 128.663 CPU sec, 16.564 real sec
[M::process] read 953906 sequences (80000075 bp)...
[M::mem_pestat] # candidate unique pairs for (FF, FR, RF, RR): (6, 310727, 17, 4)
[M::mem_pestat] skip orientation FF as there are not enough pairs
[M::mem_pestat] analyzing insert size distribution for orientation FR...
[M::mem_pestat] (25, 50, 75) percentile: (67, 132, 204)
[M::mem_pestat] low and high boundaries for computing mean and std.dev: (1, 478)
[M::mem_pestat] mean and std.dev: (148.23, 95.64)
[M::mem_pestat] low and high boundaries for proper pairs: (1, 615)
[M::mem_pestat] analyzing insert size distribution for orientation RF...
[M::mem_pestat] (25, 50, 75) percentile: (31, 78, 169)
[M::mem_pestat] low and high boundaries for computing mean and std.dev: (1, 445)
[M::mem_pestat] mean and std.dev: (82.00, 65.31)
[M::mem_pestat] low and high boundaries for proper pairs: (1, 583)
[M::mem_pestat] skip orientation RR as there are not enough pairs
[M::mem_pestat] skip orientation RF
[M::mem_process_seqs] Processed 953906 reads in 129.464 CPU sec, 16.596 real sec
[M::process] read 943758 sequences (80000057 bp)...
[M::mem_pestat] # candidate unique pairs for (FF, FR, RF, RR): (3, 310543, 17, 3)
[M::mem_pestat] skip orientation FF as there are not enough pairs
[M::mem_pestat] analyzing insert size distribution for orientation FR...
[M::mem_pestat] (25, 50, 75) percentile: (70, 144, 212)
[M::mem_pestat] low and high boundaries for computing mean and std.dev: (1, 496)
[M::mem_pestat] mean and std.dev: (156.79, 101.24)
[M::mem_pestat] low and high boundaries for proper pairs: (1, 638)
[M::mem_pestat] analyzing insert size distribution for orientation RF...
[M::mem_pestat] (25, 50, 75) percentile: (24, 57, 201)
[M::mem_pestat] low and high boundaries for computing mean and std.dev: (1, 555)
[M::mem_pestat] mean and std.dev: (112.19, 122.82)
[M::mem_pestat] low and high boundaries for proper pairs: (1, 732)
[M::mem_pestat] skip orientation RR as there are not enough pairs
[M::mem_pestat] skip orientation RF
[M::mem_process_seqs] Processed 943758 reads in 119.816 CPU sec, 15.261 real sec
[M::process] read 944392 sequences (80000009 bp)...
[M::mem_pestat] # candidate unique pairs for (FF, FR, RF, RR): (6, 310477, 13, 6)
[M::mem_pestat] skip orientation FF as there are not enough pairs
[M::mem_pestat] analyzing insert size distribution for orientation FR...
[M::mem_pestat] (25, 50, 75) percentile: (70, 142, 210)
[M::mem_pestat] low and high boundaries for computing mean and std.dev: (1, 490)
[M::mem_pestat] mean and std.dev: (155.55, 100.37)
[M::mem_pestat] low and high boundaries for proper pairs: (1, 630)
[M::mem_pestat] analyzing insert size distribution for orientation RF...
[M::mem_pestat] (25, 50, 75) percentile: (28, 219, 1250)
[M::mem_pestat] low and high boundaries for computing mean and std.dev: (1, 3694)
[M::mem_pestat] mean and std.dev: (576.15, 662.42)
[M::mem_pestat] low and high boundaries for proper pairs: (1, 4916)
[M::mem_pestat] skip orientation RR as there are not enough pairs
[M::mem_pestat] skip orientation RF
[M::mem_process_seqs] Processed 944392 reads in 119.931 CPU sec, 15.659 real sec
[M::process] read 945568 sequences (80000172 bp)...
[M::mem_pestat] # candidate unique pairs for (FF, FR, RF, RR): (1, 310428, 12, 2)
[M::mem_pestat] skip orientation FF as there are not enough pairs
[M::mem_pestat] analyzing insert size distribution for orientation FR...
[M::mem_pestat] (25, 50, 75) percentile: (70, 139, 209)
[M::mem_pestat] low and high boundaries for computing mean and std.dev: (1, 487)
[M::mem_pestat] mean and std.dev: (153.90, 99.20)
[M::mem_pestat] low and high boundaries for proper pairs: (1, 626)
[M::mem_pestat] analyzing insert size distribution for orientation RF...
[M::mem_pestat] (25, 50, 75) percentile: (179, 228, 400)
[M::mem_pestat] low and high boundaries for computing mean and std.dev: (1, 842)
[M::mem_pestat] mean and std.dev: (257.50, 178.19)
[M::mem_pestat] low and high boundaries for proper pairs: (1, 1063)
[M::mem_pestat] skip orientation RR as there are not enough pairs
[M::mem_pestat] skip orientation RF
[M::mem_process_seqs] Processed 945568 reads in 119.220 CPU sec, 15.430 real sec
[M::process] read 946722 sequences (80000083 bp)...
[M::mem_pestat] # candidate unique pairs for (FF, FR, RF, RR): (4, 310453, 13, 5)
[M::mem_pestat] skip orientation FF as there are not enough pairs
[M::mem_pestat] analyzing insert size distribution for orientation FR...
[M::mem_pestat] (25, 50, 75) percentile: (69, 138, 208)
[M::mem_pestat] low and high boundaries for computing mean and std.dev: (1, 486)
[M::mem_pestat] mean and std.dev: (152.79, 98.50)
[M::mem_pestat] low and high boundaries for proper pairs: (1, 625)
[M::mem_pestat] analyzing insert size distribution for orientation RF...
[M::mem_pestat] (25, 50, 75) percentile: (71, 365, 1062)
[M::mem_pestat] low and high boundaries for computing mean and std.dev: (1, 3044)
[M::mem_pestat] mean and std.dev: (420.75, 443.77)
[M::mem_pestat] low and high boundaries for proper pairs: (1, 4035)
[M::mem_pestat] skip orientation RR as there are not enough pairs
[M::mem_pestat] skip orientation RF
[M::mem_process_seqs] Processed 946722 reads in 121.468 CPU sec, 15.667 real sec
[M::process] read 949414 sequences (80000013 bp)...
[M::mem_pestat] # candidate unique pairs for (FF, FR, RF, RR): (2, 310641, 14, 2)
[M::mem_pestat] skip orientation FF as there are not enough pairs
[M::mem_pestat] analyzing insert size distribution for orientation FR...
[M::mem_pestat] (25, 50, 75) percentile: (69, 137, 207)
[M::mem_pestat] low and high boundaries for computing mean and std.dev: (1, 483)
[M::mem_pestat] mean and std.dev: (151.42, 97.54)
[M::mem_pestat] low and high boundaries for proper pairs: (1, 621)
[M::mem_pestat] analyzing insert size distribution for orientation RF...
[M::mem_pestat] (25, 50, 75) percentile: (16, 48, 181)
[M::mem_pestat] low and high boundaries for computing mean and std.dev: (1, 511)
[M::mem_pestat] mean and std.dev: (81.92, 103.09)
[M::mem_pestat] low and high boundaries for proper pairs: (1, 676)
[M::mem_pestat] skip orientation RR as there are not enough pairs
[M::mem_pestat] skip orientation RF
[M::mem_process_seqs] Processed 949414 reads in 121.433 CPU sec, 15.519 real sec
[M::process] read 952226 sequences (80000039 bp)...
[M::mem_pestat] # candidate unique pairs for (FF, FR, RF, RR): (4, 312349, 11, 5)
[M::mem_pestat] skip orientation FF as there are not enough pairs
[M::mem_pestat] analyzing insert size distribution for orientation FR...
[M::mem_pestat] (25, 50, 75) percentile: (67, 134, 206)
[M::mem_pestat] low and high boundaries for computing mean and std.dev: (1, 484)
[M::mem_pestat] mean and std.dev: (149.91, 97.50)
[M::mem_pestat] low and high boundaries for proper pairs: (1, 623)
[M::mem_pestat] analyzing insert size distribution for orientation RF...
[M::mem_pestat] (25, 50, 75) percentile: (185, 286, 905)
[M::mem_pestat] low and high boundaries for computing mean and std.dev: (1, 2345)
[M::mem_pestat] mean and std.dev: (543.64, 474.39)
[M::mem_pestat] low and high boundaries for proper pairs: (1, 3065)
[M::mem_pestat] skip orientation RR as there are not enough pairs
[M::mem_pestat] skip orientation RF
[M::mem_process_seqs] Processed 952226 reads in 123.192 CPU sec, 16.134 real sec
[M::process] read 950770 sequences (80000001 bp)...
[M::mem_pestat] # candidate unique pairs for (FF, FR, RF, RR): (7, 311864, 5, 4)
[M::mem_pestat] skip orientation FF as there are not enough pairs
[M::mem_pestat] analyzing insert size distribution for orientation FR...
[M::mem_pestat] (25, 50, 75) percentile: (68, 133, 205)
[M::mem_pestat] low and high boundaries for computing mean and std.dev: (1, 479)
[M::mem_pestat] mean and std.dev: (149.29, 95.98)
[M::mem_pestat] low and high boundaries for proper pairs: (1, 616)
[M::mem_pestat] skip orientation RF as there are not enough pairs
[M::mem_pestat] skip orientation RR as there are not enough pairs
[M::mem_process_seqs] Processed 950770 reads in 119.387 CPU sec, 15.515 real sec
[M::process] read 951398 sequences (80000195 bp)...
[M::mem_pestat] # candidate unique pairs for (FF, FR, RF, RR): (7, 311614, 16, 3)
[M::mem_pestat] skip orientation FF as there are not enough pairs
[M::mem_pestat] analyzing insert size distribution for orientation FR...
[M::mem_pestat] (25, 50, 75) percentile: (68, 132, 204)
[M::mem_pestat] low and high boundaries for computing mean and std.dev: (1, 476)
[M::mem_pestat] mean and std.dev: (148.12, 95.08)
[M::mem_pestat] low and high boundaries for proper pairs: (1, 612)
[M::mem_pestat] analyzing insert size distribution for orientation RF...
[M::mem_pestat] (25, 50, 75) percentile: (20, 70, 435)
[M::mem_pestat] low and high boundaries for computing mean and std.dev: (1, 1265)
[M::mem_pestat] mean and std.dev: (241.69, 299.99)
[M::mem_pestat] low and high boundaries for proper pairs: (1, 1680)
[M::mem_pestat] skip orientation RR as there are not enough pairs
[M::mem_pestat] skip orientation RF
[M::mem_process_seqs] Processed 951398 reads in 128.311 CPU sec, 18.480 real sec
[M::process] read 954156 sequences (80000037 bp)...
[M::mem_pestat] # candidate unique pairs for (FF, FR, RF, RR): (8, 311342, 12, 7)
[M::mem_pestat] skip orientation FF as there are not enough pairs
[M::mem_pestat] analyzing insert size distribution for orientation FR...
[M::mem_pestat] (25, 50, 75) percentile: (68, 131, 203)
[M::mem_pestat] low and high boundaries for computing mean and std.dev: (1, 473)
[M::mem_pestat] mean and std.dev: (146.94, 93.92)
[M::mem_pestat] low and high boundaries for proper pairs: (1, 608)
[M::mem_pestat] analyzing insert size distribution for orientation RF...
[M::mem_pestat] (25, 50, 75) percentile: (39, 149, 240)
[M::mem_pestat] low and high boundaries for computing mean and std.dev: (1, 642)
[M::mem_pestat] mean and std.dev: (158.42, 127.74)
[M::mem_pestat] low and high boundaries for proper pairs: (1, 843)
[M::mem_pestat] skip orientation RR as there are not enough pairs
[M::mem_pestat] skip orientation RF
[M::mem_process_seqs] Processed 954156 reads in 130.929 CPU sec, 17.173 real sec
[M::process] read 954622 sequences (80000172 bp)...
[M::mem_pestat] # candidate unique pairs for (FF, FR, RF, RR): (7, 311872, 21, 10)
[M::mem_pestat] skip orientation FF as there are not enough pairs
[M::mem_pestat] analyzing insert size distribution for orientation FR...
[M::mem_pestat] (25, 50, 75) percentile: (67, 129, 202)
[M::mem_pestat] low and high boundaries for computing mean and std.dev: (1, 472)
[M::mem_pestat] mean and std.dev: (145.64, 93.16)
[M::mem_pestat] low and high boundaries for proper pairs: (1, 607)
[M::mem_pestat] analyzing insert size distribution for orientation RF...
[M::mem_pestat] (25, 50, 75) percentile: (231, 467, 1151)
[M::mem_pestat] low and high boundaries for computing mean and std.dev: (1, 2991)
[M::mem_pestat] mean and std.dev: (588.74, 635.86)
[M::mem_pestat] low and high boundaries for proper pairs: (1, 3911)
[M::mem_pestat] analyzing insert size distribution for orientation RR...
[M::mem_pestat] (25, 50, 75) percentile: (50, 112, 146)
[M::mem_pestat] low and high boundaries for computing mean and std.dev: (1, 338)
[M::mem_pestat] mean and std.dev: (111.50, 68.75)
[M::mem_pestat] low and high boundaries for proper pairs: (1, 434)
[M::mem_pestat] skip orientation RF
[M::mem_pestat] skip orientation RR
[M::mem_process_seqs] Processed 954622 reads in 120.850 CPU sec, 18.610 real sec
[M::process] read 957252 sequences (80000013 bp)...
[M::mem_pestat] # candidate unique pairs for (FF, FR, RF, RR): (8, 310987, 12, 6)
[M::mem_pestat] skip orientation FF as there are not enough pairs
[M::mem_pestat] analyzing insert size distribution for orientation FR...
[M::mem_pestat] (25, 50, 75) percentile: (66, 126, 200)
[M::mem_pestat] low and high boundaries for computing mean and std.dev: (1, 468)
[M::mem_pestat] mean and std.dev: (144.11, 91.98)
[M::mem_pestat] low and high boundaries for proper pairs: (1, 602)
[M::mem_pestat] analyzing insert size distribution for orientation RF...
[M::mem_pestat] (25, 50, 75) percentile: (17, 134, 326)
[M::mem_pestat] low and high boundaries for computing mean and std.dev: (1, 944)
[M::mem_pestat] mean and std.dev: (129.36, 139.06)
[M::mem_pestat] low and high boundaries for proper pairs: (1, 1253)
[M::mem_pestat] skip orientation RR as there are not enough pairs
[M::mem_pestat] skip orientation RF
[M::mem_process_seqs] Processed 957252 reads in 123.248 CPU sec, 16.244 real sec
[M::process] read 959552 sequences (80000101 bp)...
[M::mem_pestat] # candidate unique pairs for (FF, FR, RF, RR): (0, 313205, 11, 8)
[M::mem_pestat] skip orientation FF as there are not enough pairs
[M::mem_pestat] analyzing insert size distribution for orientation FR...
[M::mem_pestat] (25, 50, 75) percentile: (66, 124, 198)
[M::mem_pestat] low and high boundaries for computing mean and std.dev: (1, 462)
[M::mem_pestat] mean and std.dev: (142.26, 90.50)
[M::mem_pestat] low and high boundaries for proper pairs: (1, 594)
[M::mem_pestat] analyzing insert size distribution for orientation RF...
[M::mem_pestat] (25, 50, 75) percentile: (192, 320, 473)
[M::mem_pestat] low and high boundaries for computing mean and std.dev: (1, 1035)
[M::mem_pestat] mean and std.dev: (260.80, 157.09)
[M::mem_pestat] low and high boundaries for proper pairs: (1, 1316)
[M::mem_pestat] skip orientation RR as there are not enough pairs
[M::mem_pestat] skip orientation RF
[M::mem_process_seqs] Processed 959552 reads in 118.351 CPU sec, 15.188 real sec
[M::process] read 958064 sequences (80000118 bp)...
[M::mem_pestat] # candidate unique pairs for (FF, FR, RF, RR): (5, 310807, 13, 10)
[M::mem_pestat] skip orientation FF as there are not enough pairs
[M::mem_pestat] analyzing insert size distribution for orientation FR...
[M::mem_pestat] (25, 50, 75) percentile: (66, 125, 198)
[M::mem_pestat] low and high boundaries for computing mean and std.dev: (1, 462)
[M::mem_pestat] mean and std.dev: (142.16, 89.79)
[M::mem_pestat] low and high boundaries for proper pairs: (1, 594)
[M::mem_pestat] analyzing insert size distribution for orientation RF...
[M::mem_pestat] (25, 50, 75) percentile: (43, 209, 495)
[M::mem_pestat] low and high boundaries for computing mean and std.dev: (1, 1399)
[M::mem_pestat] mean and std.dev: (184.55, 163.07)
[M::mem_pestat] low and high boundaries for proper pairs: (1, 1851)
[M::mem_pestat] analyzing insert size distribution for orientation RR...
[M::mem_pestat] (25, 50, 75) percentile: (101, 163, 2614)
[M::mem_pestat] low and high boundaries for computing mean and std.dev: (1, 7640)
[M::mem_pestat] mean and std.dev: (721.67, 1119.37)
[M::mem_pestat] low and high boundaries for proper pairs: (1, 10153)
[M::mem_pestat] skip orientation RF
[M::mem_pestat] skip orientation RR
[M::mem_process_seqs] Processed 958064 reads in 128.507 CPU sec, 16.340 real sec
[M::process] read 944794 sequences (80000114 bp)...
[M::mem_pestat] # candidate unique pairs for (FF, FR, RF, RR): (8, 310496, 16, 3)
[M::mem_pestat] skip orientation FF as there are not enough pairs
[M::mem_pestat] analyzing insert size distribution for orientation FR...
[M::mem_pestat] (25, 50, 75) percentile: (71, 145, 212)
[M::mem_pestat] low and high boundaries for computing mean and std.dev: (1, 494)
[M::mem_pestat] mean and std.dev: (156.94, 101.05)
[M::mem_pestat] low and high boundaries for proper pairs: (1, 635)
[M::mem_pestat] analyzing insert size distribution for orientation RF...
[M::mem_pestat] (25, 50, 75) percentile: (23, 215, 392)
[M::mem_pestat] low and high boundaries for computing mean and std.dev: (1, 1130)
[M::mem_pestat] mean and std.dev: (198.27, 207.88)
[M::mem_pestat] low and high boundaries for proper pairs: (1, 1499)
[M::mem_pestat] skip orientation RR as there are not enough pairs
[M::mem_pestat] skip orientation RF
[M::mem_process_seqs] Processed 944794 reads in 121.638 CPU sec, 15.968 real sec
[M::process] read 945376 sequences (80000015 bp)...
[M::process] read 946298 sequences (80000155 bp)...
[M::mem_pestat] # candidate unique pairs for (FF, FR, RF, RR): (6, 311075, 10, 4)
[M::mem_pestat] skip orientation FF as there are not enough pairs
[M::mem_pestat] analyzing insert size distribution for orientation FR...
[M::mem_pestat] (25, 50, 75) percentile: (70, 142, 211)
[M::mem_pestat] low and high boundaries for computing mean and std.dev: (1, 493)
[M::mem_pestat] mean and std.dev: (155.48, 100.48)
[M::mem_pestat] low and high boundaries for proper pairs: (1, 634)
[M::mem_pestat] analyzing insert size distribution for orientation RF...
[M::mem_pestat] (25, 50, 75) percentile: (36, 143, 520)
[M::mem_pestat] low and high boundaries for computing mean and std.dev: (1, 1488)
[M::mem_pestat] mean and std.dev: (265.60, 287.57)
[M::mem_pestat] low and high boundaries for proper pairs: (1, 1972)
[M::mem_pestat] skip orientation RR as there are not enough pairs
[M::mem_pestat] skip orientation RF
[M::mem_process_seqs] Processed 945376 reads in 120.622 CPU sec, 15.464 real sec
[M::mem_pestat] # candidate unique pairs for (FF, FR, RF, RR): (6, 311380, 12, 3)
[M::mem_pestat] skip orientation FF as there are not enough pairs
[M::mem_pestat] analyzing insert size distribution for orientation FR...
[M::mem_pestat] (25, 50, 75) percentile: (70, 141, 210)
[M::mem_pestat] low and high boundaries for computing mean and std.dev: (1, 490)
[M::mem_pestat] mean and std.dev: (154.80, 99.93)
[M::mem_pestat] low and high boundaries for proper pairs: (1, 630)
[M::mem_pestat] analyzing insert size distribution for orientation RF...
[M::mem_pestat] (25, 50, 75) percentile: (135, 185, 431)
[M::mem_pestat] low and high boundaries for computing mean and std.dev: (1, 1023)
[M::mem_pestat] mean and std.dev: (225.00, 188.30)
[M::mem_pestat] low and high boundaries for proper pairs: (1, 1319)
[M::mem_pestat] skip orientation RR as there are not enough pairs
[M::mem_pestat] skip orientation RF
[M::mem_process_seqs] Processed 946298 reads in 122.764 CPU sec, 16.155 real sec
[M::process] read 947620 sequences (80000107 bp)...
[M::mem_pestat] # candidate unique pairs for (FF, FR, RF, RR): (6, 311705, 14, 4)
[M::mem_pestat] skip orientation FF as there are not enough pairs
[M::mem_pestat] analyzing insert size distribution for orientation FR...
[M::mem_pestat] (25, 50, 75) percentile: (69, 138, 209)
[M::mem_pestat] low and high boundaries for computing mean and std.dev: (1, 489)
[M::mem_pestat] mean and std.dev: (153.46, 99.24)
[M::mem_pestat] low and high boundaries for proper pairs: (1, 629)
[M::mem_pestat] analyzing insert size distribution for orientation RF...
[M::mem_pestat] (25, 50, 75) percentile: (33, 154, 649)
[M::mem_pestat] low and high boundaries for computing mean and std.dev: (1, 1881)
[M::mem_pestat] mean and std.dev: (315.85, 458.13)
[M::mem_pestat] low and high boundaries for proper pairs: (1, 2497)
[M::mem_pestat] skip orientation RR as there are not enough pairs
[M::mem_pestat] skip orientation RF
[M::process] read 948740 sequences (80000072 bp)...
[M::mem_process_seqs] Processed 947620 reads in 121.498 CPU sec, 15.558 real sec
[M::mem_pestat] # candidate unique pairs for (FF, FR, RF, RR): (6, 310175, 11, 7)
[M::mem_pestat] skip orientation FF as there are not enough pairs
[M::mem_pestat] analyzing insert size distribution for orientation FR...
[M::mem_pestat] (25, 50, 75) percentile: (69, 138, 207)
[M::mem_pestat] low and high boundaries for computing mean and std.dev: (1, 483)
[M::mem_pestat] mean and std.dev: (152.29, 97.90)
[M::mem_pestat] low and high boundaries for proper pairs: (1, 621)
[M::mem_pestat] analyzing insert size distribution for orientation RF...
[M::mem_pestat] (25, 50, 75) percentile: (84, 338, 617)
[M::mem_pestat] low and high boundaries for computing mean and std.dev: (1, 1683)
[M::mem_pestat] mean and std.dev: (298.50, 275.20)
[M::mem_pestat] low and high boundaries for proper pairs: (1, 2216)
[M::mem_pestat] skip orientation RR as there are not enough pairs
[M::mem_pestat] skip orientation RF
[M::mem_process_seqs] Processed 948740 reads in 125.121 CPU sec, 16.476 real sec
[M::process] read 953348 sequences (80000159 bp)...
[M::process] read 953750 sequences (80000119 bp)...
[M::mem_pestat] # candidate unique pairs for (FF, FR, RF, RR): (2, 312338, 15, 4)
[M::mem_pestat] skip orientation FF as there are not enough pairs
[M::mem_pestat] analyzing insert size distribution for orientation FR...
[M::mem_pestat] (25, 50, 75) percentile: (67, 134, 206)
[M::mem_pestat] low and high boundaries for computing mean and std.dev: (1, 484)
[M::mem_pestat] mean and std.dev: (150.05, 97.59)
[M::mem_pestat] low and high boundaries for proper pairs: (1, 623)
[M::mem_pestat] analyzing insert size distribution for orientation RF...
[M::mem_pestat] (25, 50, 75) percentile: (25, 354, 722)
[M::mem_pestat] low and high boundaries for computing mean and std.dev: (1, 2116)
[M::mem_pestat] mean and std.dev: (431.67, 465.72)
[M::mem_pestat] low and high boundaries for proper pairs: (1, 2813)
[M::mem_pestat] skip orientation RR as there are not enough pairs
[M::mem_pestat] skip orientation RF
[M::mem_process_seqs] Processed 953348 reads in 118.598 CPU sec, 15.237 real sec
[M::mem_pestat] # candidate unique pairs for (FF, FR, RF, RR): (9, 311202, 8, 5)
[M::mem_pestat] skip orientation FF as there are not enough pairs
[M::mem_pestat] analyzing insert size distribution for orientation FR...
[M::mem_pestat] (25, 50, 75) percentile: (68, 134, 205)
[M::mem_pestat] low and high boundaries for computing mean and std.dev: (1, 479)
[M::mem_pestat] mean and std.dev: (149.25, 96.37)
[M::mem_pestat] low and high boundaries for proper pairs: (1, 616)
[M::mem_pestat] skip orientation RF as there are not enough pairs
[M::mem_pestat] skip orientation RR as there are not enough pairs
[M::mem_process_seqs] Processed 953750 reads in 123.942 CPU sec, 16.179 real sec
[M::process] read 953738 sequences (80000006 bp)...
[M::process] read 955588 sequences (80000155 bp)...
[M::mem_pestat] # candidate unique pairs for (FF, FR, RF, RR): (5, 312281, 18, 6)
[M::mem_pestat] skip orientation FF as there are not enough pairs
[M::mem_pestat] analyzing insert size distribution for orientation FR...
[M::mem_pestat] (25, 50, 75) percentile: (67, 132, 204)
[M::mem_pestat] low and high boundaries for computing mean and std.dev: (1, 478)
[M::mem_pestat] mean and std.dev: (148.01, 95.36)
[M::mem_pestat] low and high boundaries for proper pairs: (1, 615)
[M::mem_pestat] analyzing insert size distribution for orientation RF...
[M::mem_pestat] (25, 50, 75) percentile: (19, 163, 524)
[M::mem_pestat] low and high boundaries for computing mean and std.dev: (1, 1534)
[M::mem_pestat] mean and std.dev: (241.53, 350.15)
[M::mem_pestat] low and high boundaries for proper pairs: (1, 2039)
[M::mem_pestat] skip orientation RR as there are not enough pairs
[M::mem_pestat] skip orientation RF
[M::mem_process_seqs] Processed 953738 reads in 119.540 CPU sec, 15.318 real sec
[M::mem_pestat] # candidate unique pairs for (FF, FR, RF, RR): (6, 312819, 10, 8)
[M::mem_pestat] skip orientation FF as there are not enough pairs
[M::mem_pestat] analyzing insert size distribution for orientation FR...
[M::mem_pestat] (25, 50, 75) percentile: (67, 130, 203)
[M::mem_pestat] low and high boundaries for computing mean and std.dev: (1, 475)
[M::mem_pestat] mean and std.dev: (147.04, 94.38)
[M::mem_pestat] low and high boundaries for proper pairs: (1, 611)
[M::mem_pestat] analyzing insert size distribution for orientation RF...
[M::mem_pestat] (25, 50, 75) percentile: (110, 542, 1168)
[M::mem_pestat] low and high boundaries for computing mean and std.dev: (1, 3284)
[M::mem_pestat] mean and std.dev: (484.22, 454.64)
[M::mem_pestat] low and high boundaries for proper pairs: (1, 4342)
[M::mem_pestat] skip orientation RR as there are not enough pairs
[M::mem_pestat] skip orientation RF
[M::mem_process_seqs] Processed 955588 reads in 125.428 CPU sec, 16.388 real sec
[M::process] read 957524 sequences (80000079 bp)...
[M::mem_pestat] # candidate unique pairs for (FF, FR, RF, RR): (2, 312380, 12, 4)
[M::mem_pestat] skip orientation FF as there are not enough pairs
[M::mem_pestat] analyzing insert size distribution for orientation FR...
[M::mem_pestat] (25, 50, 75) percentile: (66, 128, 201)
[M::mem_pestat] low and high boundaries for computing mean and std.dev: (1, 471)
[M::mem_pestat] mean and std.dev: (145.24, 93.47)
[M::mem_pestat] low and high boundaries for proper pairs: (1, 606)
[M::mem_pestat] analyzing insert size distribution for orientation RF...
[M::mem_pestat] (25, 50, 75) percentile: (24, 48, 359)
[M::mem_pestat] low and high boundaries for computing mean and std.dev: (1, 1029)
[M::mem_pestat] mean and std.dev: (110.45, 158.58)
[M::mem_pestat] low and high boundaries for proper pairs: (1, 1364)
[M::mem_pestat] skip orientation RR as there are not enough pairs
[M::mem_pestat] skip orientation RF
[M::process] read 958714 sequences (80000150 bp)...
[M::mem_process_seqs] Processed 957524 reads in 122.808 CPU sec, 15.840 real sec
[M::mem_pestat] # candidate unique pairs for (FF, FR, RF, RR): (3, 313230, 13, 5)
[M::mem_pestat] skip orientation FF as there are not enough pairs
[M::mem_pestat] analyzing insert size distribution for orientation FR...
[M::mem_pestat] (25, 50, 75) percentile: (66, 126, 200)
[M::mem_pestat] low and high boundaries for computing mean and std.dev: (1, 468)
[M::mem_pestat] mean and std.dev: (143.97, 92.10)
[M::mem_pestat] low and high boundaries for proper pairs: (1, 602)
[M::mem_pestat] analyzing insert size distribution for orientation RF...
[M::mem_pestat] (25, 50, 75) percentile: (33, 377, 595)
[M::mem_pestat] low and high boundaries for computing mean and std.dev: (1, 1719)
[M::mem_pestat] mean and std.dev: (325.23, 281.93)
[M::mem_pestat] low and high boundaries for proper pairs: (1, 2281)
[M::mem_pestat] skip orientation RR as there are not enough pairs
[M::mem_pestat] skip orientation RF
[M::mem_process_seqs] Processed 958714 reads in 124.038 CPU sec, 16.323 real sec
[M::process] read 962436 sequences (80000129 bp)...
[M::mem_pestat] # candidate unique pairs for (FF, FR, RF, RR): (5, 313434, 8, 4)
[M::mem_pestat] skip orientation FF as there are not enough pairs
[M::mem_pestat] analyzing insert size distribution for orientation FR...
[M::mem_pestat] (25, 50, 75) percentile: (65, 123, 198)
[M::mem_pestat] low and high boundaries for computing mean and std.dev: (1, 464)
[M::mem_pestat] mean and std.dev: (141.96, 90.83)
[M::mem_pestat] low and high boundaries for proper pairs: (1, 597)
[M::mem_pestat] skip orientation RF as there are not enough pairs
[M::mem_pestat] skip orientation RR as there are not enough pairs
[M::process] read 963530 sequences (80000036 bp)...
[M::mem_process_seqs] Processed 962436 reads in 125.216 CPU sec, 15.819 real sec
[M::mem_pestat] # candidate unique pairs for (FF, FR, RF, RR): (7, 312088, 9, 7)
[M::mem_pestat] skip orientation FF as there are not enough pairs
[M::mem_pestat] analyzing insert size distribution for orientation FR...
[M::mem_pestat] (25, 50, 75) percentile: (65, 121, 196)
[M::mem_pestat] low and high boundaries for computing mean and std.dev: (1, 458)
[M::mem_pestat] mean and std.dev: (140.04, 89.29)
[M::mem_pestat] low and high boundaries for proper pairs: (1, 589)
[M::mem_pestat] skip orientation RF as there are not enough pairs
[M::mem_pestat] skip orientation RR as there are not enough pairs
[M::mem_process_seqs] Processed 963530 reads in 128.391 CPU sec, 16.647 real sec
[M::process] read 949362 sequences (80000184 bp)...
[M::mem_pestat] # candidate unique pairs for (FF, FR, RF, RR): (6, 310836, 12, 10)
[M::mem_pestat] skip orientation FF as there are not enough pairs
[M::mem_pestat] analyzing insert size distribution for orientation FR...
[M::mem_pestat] (25, 50, 75) percentile: (69, 139, 209)
[M::mem_pestat] low and high boundaries for computing mean and std.dev: (1, 489)
[M::mem_pestat] mean and std.dev: (153.89, 99.49)
[M::mem_pestat] low and high boundaries for proper pairs: (1, 629)
[M::mem_pestat] analyzing insert size distribution for orientation RF...
[M::mem_pestat] (25, 50, 75) percentile: (35, 65, 311)
[M::mem_pestat] low and high boundaries for computing mean and std.dev: (1, 863)
[M::mem_pestat] mean and std.dev: (127.73, 155.67)
[M::mem_pestat] low and high boundaries for proper pairs: (1, 1139)
[M::mem_pestat] analyzing insert size distribution for orientation RR...
[M::mem_pestat] (25, 50, 75) percentile: (53, 70, 114)
[M::mem_pestat] low and high boundaries for computing mean and std.dev: (1, 236)
[M::mem_pestat] mean and std.dev: (65.62, 29.44)
[M::mem_pestat] low and high boundaries for proper pairs: (1, 297)
[M::mem_pestat] skip orientation RF
[M::mem_pestat] skip orientation RR
[M::process] read 947320 sequences (80000170 bp)...
[M::mem_process_seqs] Processed 949362 reads in 125.867 CPU sec, 16.056 real sec
[M::mem_pestat] # candidate unique pairs for (FF, FR, RF, RR): (9, 311043, 16, 4)
[M::mem_pestat] skip orientation FF as there are not enough pairs
[M::mem_pestat] analyzing insert size distribution for orientation FR...
[M::mem_pestat] (25, 50, 75) percentile: (70, 141, 210)
[M::mem_pestat] low and high boundaries for computing mean and std.dev: (1, 490)
[M::mem_pestat] mean and std.dev: (155.08, 100.43)
[M::mem_pestat] low and high boundaries for proper pairs: (1, 630)
[M::mem_pestat] analyzing insert size distribution for orientation RF...
[M::mem_pestat] (25, 50, 75) percentile: (16, 122, 314)
[M::mem_pestat] low and high boundaries for computing mean and std.dev: (1, 910)
[M::mem_pestat] mean and std.dev: (134.71, 158.24)
[M::mem_pestat] low and high boundaries for proper pairs: (1, 1208)
[M::mem_pestat] skip orientation RR as there are not enough pairs
[M::mem_pestat] skip orientation RF
[M::mem_process_seqs] Processed 947320 reads in 122.425 CPU sec, 15.968 real sec
[M::process] read 947788 sequences (80000102 bp)...
[M::mem_pestat] # candidate unique pairs for (FF, FR, RF, RR): (9, 311439, 17, 5)
[M::mem_pestat] skip orientation FF as there are not enough pairs
[M::mem_pestat] analyzing insert size distribution for orientation FR...
[M::mem_pestat] (25, 50, 75) percentile: (69, 139, 209)
[M::mem_pestat] low and high boundaries for computing mean and std.dev: (1, 489)
[M::mem_pestat] mean and std.dev: (154.24, 99.93)
[M::mem_pestat] low and high boundaries for proper pairs: (1, 629)
[M::mem_pestat] analyzing insert size distribution for orientation RF...
[M::mem_pestat] (25, 50, 75) percentile: (23, 151, 1186)
[M::mem_pestat] low and high boundaries for computing mean and std.dev: (1, 3512)
[M::mem_pestat] mean and std.dev: (529.35, 763.29)
[M::mem_pestat] low and high boundaries for proper pairs: (1, 4675)
[M::mem_pestat] skip orientation RR as there are not enough pairs
[M::mem_pestat] skip orientation RF
[M::process] read 948250 sequences (80000179 bp)...
[M::mem_process_seqs] Processed 947788 reads in 121.493 CPU sec, 15.603 real sec
[M::mem_pestat] # candidate unique pairs for (FF, FR, RF, RR): (6, 311541, 12, 2)
[M::mem_pestat] skip orientation FF as there are not enough pairs
[M::mem_pestat] analyzing insert size distribution for orientation FR...
[M::mem_pestat] (25, 50, 75) percentile: (69, 138, 208)
[M::mem_pestat] low and high boundaries for computing mean and std.dev: (1, 486)
[M::mem_pestat] mean and std.dev: (152.89, 98.95)
[M::mem_pestat] low and high boundaries for proper pairs: (1, 625)
[M::mem_pestat] analyzing insert size distribution for orientation RF...
[M::mem_pestat] (25, 50, 75) percentile: (142, 232, 3225)
[M::mem_pestat] low and high boundaries for computing mean and std.dev: (1, 9391)
[M::mem_pestat] mean and std.dev: (951.92, 1400.11)
[M::mem_pestat] low and high boundaries for proper pairs: (1, 12474)
[M::mem_pestat] skip orientation RR as there are not enough pairs
[M::mem_pestat] skip orientation RF
[M::mem_process_seqs] Processed 948250 reads in 120.972 CPU sec, 15.874 real sec
[M::process] read 949760 sequences (80000165 bp)...
[M::mem_pestat] # candidate unique pairs for (FF, FR, RF, RR): (5, 310313, 9, 5)
[M::mem_pestat] skip orientation FF as there are not enough pairs
[M::mem_pestat] analyzing insert size distribution for orientation FR...
[M::mem_pestat] (25, 50, 75) percentile: (69, 136, 207)
[M::mem_pestat] low and high boundaries for computing mean and std.dev: (1, 483)
[M::mem_pestat] mean and std.dev: (151.70, 97.90)
[M::mem_pestat] low and high boundaries for proper pairs: (1, 621)
[M::mem_pestat] skip orientation RF as there are not enough pairs
[M::mem_pestat] skip orientation RR as there are not enough pairs
[M::process] read 956606 sequences (80000031 bp)...
[M::mem_process_seqs] Processed 949760 reads in 122.738 CPU sec, 15.755 real sec
[M::mem_pestat] # candidate unique pairs for (FF, FR, RF, RR): (2, 312941, 13, 5)
[M::mem_pestat] skip orientation FF as there are not enough pairs
[M::mem_pestat] analyzing insert size distribution for orientation FR...
[M::mem_pestat] (25, 50, 75) percentile: (66, 132, 205)
[M::mem_pestat] low and high boundaries for computing mean and std.dev: (1, 483)
[M::mem_pestat] mean and std.dev: (149.36, 97.77)
[M::mem_pestat] low and high boundaries for proper pairs: (1, 622)
[M::mem_pestat] analyzing insert size distribution for orientation RF...
[M::mem_pestat] (25, 50, 75) percentile: (48, 204, 804)
[M::mem_pestat] low and high boundaries for computing mean and std.dev: (1, 2316)
[M::mem_pestat] mean and std.dev: (385.00, 359.37)
[M::mem_pestat] low and high boundaries for proper pairs: (1, 3072)
[M::mem_pestat] skip orientation RR as there are not enough pairs
[M::mem_pestat] skip orientation RF
[M::mem_process_seqs] Processed 956606 reads in 122.232 CPU sec, 15.998 real sec
[M::process] read 955364 sequences (80000037 bp)...
[M::mem_pestat] # candidate unique pairs for (FF, FR, RF, RR): (8, 312834, 15, 2)
[M::mem_pestat] skip orientation FF as there are not enough pairs
[M::mem_pestat] analyzing insert size distribution for orientation FR...
[M::mem_pestat] (25, 50, 75) percentile: (67, 132, 204)
[M::mem_pestat] low and high boundaries for computing mean and std.dev: (1, 478)
[M::mem_pestat] mean and std.dev: (148.26, 95.94)
[M::mem_pestat] low and high boundaries for proper pairs: (1, 615)
[M::mem_pestat] analyzing insert size distribution for orientation RF...
[M::mem_pestat] (25, 50, 75) percentile: (65, 108, 373)
[M::mem_pestat] low and high boundaries for computing mean and std.dev: (1, 989)
[M::mem_pestat] mean and std.dev: (165.71, 146.41)
[M::mem_pestat] low and high boundaries for proper pairs: (1, 1297)
[M::mem_pestat] skip orientation RR as there are not enough pairs
[M::mem_pestat] skip orientation RF
[M::mem_process_seqs] Processed 955364 reads in 120.806 CPU sec, 15.374 real sec
[M::process] read 954916 sequences (80000016 bp)...
[M::mem_pestat] # candidate unique pairs for (FF, FR, RF, RR): (7, 312816, 18, 5)
[M::mem_pestat] skip orientation FF as there are not enough pairs
[M::mem_pestat] analyzing insert size distribution for orientation FR...
[M::mem_pestat] (25, 50, 75) percentile: (67, 131, 204)
[M::mem_pestat] low and high boundaries for computing mean and std.dev: (1, 478)
[M::mem_pestat] mean and std.dev: (147.91, 95.40)
[M::mem_pestat] low and high boundaries for proper pairs: (1, 615)
[M::mem_pestat] analyzing insert size distribution for orientation RF...
[M::mem_pestat] (25, 50, 75) percentile: (45, 216, 716)
[M::mem_pestat] low and high boundaries for computing mean and std.dev: (1, 2058)
[M::mem_pestat] mean and std.dev: (271.94, 302.97)
[M::mem_pestat] low and high boundaries for proper pairs: (1, 2729)
[M::mem_pestat] skip orientation RR as there are not enough pairs
[M::mem_pestat] skip orientation RF
[M::mem_process_seqs] Processed 954916 reads in 120.362 CPU sec, 15.760 real sec
[M::process] read 956308 sequences (80000047 bp)...
[M::mem_pestat] # candidate unique pairs for (FF, FR, RF, RR): (6, 312940, 7, 6)
[M::mem_pestat] skip orientation FF as there are not enough pairs
[M::mem_pestat] analyzing insert size distribution for orientation FR...
[M::mem_pestat] (25, 50, 75) percentile: (67, 130, 203)
[M::mem_pestat] low and high boundaries for computing mean and std.dev: (1, 475)
[M::mem_pestat] mean and std.dev: (146.83, 94.30)
[M::mem_pestat] low and high boundaries for proper pairs: (1, 611)
[M::mem_pestat] skip orientation RF as there are not enough pairs
[M::mem_pestat] skip orientation RR as there are not enough pairs
[M::mem_process_seqs] Processed 956308 reads in 118.895 CPU sec, 15.133 real sec
[M::process] read 958270 sequences (80000013 bp)...
[M::mem_pestat] # candidate unique pairs for (FF, FR, RF, RR): (3, 312352, 11, 6)
[M::mem_pestat] skip orientation FF as there are not enough pairs
[M::mem_pestat] analyzing insert size distribution for orientation FR...
[M::mem_pestat] (25, 50, 75) percentile: (66, 127, 201)
[M::mem_pestat] low and high boundaries for computing mean and std.dev: (1, 471)
[M::mem_pestat] mean and std.dev: (144.76, 92.96)
[M::mem_pestat] low and high boundaries for proper pairs: (1, 606)
[M::mem_pestat] analyzing insert size distribution for orientation RF...
[M::mem_pestat] (25, 50, 75) percentile: (151, 197, 749)
[M::mem_pestat] low and high boundaries for computing mean and std.dev: (1, 1945)
[M::mem_pestat] mean and std.dev: (203.33, 216.35)
[M::mem_pestat] low and high boundaries for proper pairs: (1, 2543)
[M::mem_pestat] skip orientation RR as there are not enough pairs
[M::mem_pestat] skip orientation RF
[M::mem_process_seqs] Processed 958270 reads in 123.099 CPU sec, 15.923 real sec
[M::process] read 960976 sequences (80000077 bp)...
[M::mem_pestat] # candidate unique pairs for (FF, FR, RF, RR): (5, 313535, 9, 2)
[M::mem_pestat] skip orientation FF as there are not enough pairs
[M::mem_pestat] analyzing insert size distribution for orientation FR...
[M::mem_pestat] (25, 50, 75) percentile: (66, 125, 200)
[M::mem_pestat] low and high boundaries for computing mean and std.dev: (1, 468)
[M::mem_pestat] mean and std.dev: (143.22, 92.05)
[M::mem_pestat] low and high boundaries for proper pairs: (1, 602)
[M::mem_pestat] skip orientation RF as there are not enough pairs
[M::mem_pestat] skip orientation RR as there are not enough pairs
[M::mem_process_seqs] Processed 960976 reads in 120.115 CPU sec, 15.472 real sec
[M::process] read 963684 sequences (80000036 bp)...
[M::mem_pestat] # candidate unique pairs for (FF, FR, RF, RR): (6, 314035, 7, 4)
[M::mem_pestat] skip orientation FF as there are not enough pairs
[M::mem_pestat] analyzing insert size distribution for orientation FR...
[M::mem_pestat] (25, 50, 75) percentile: (65, 123, 198)
[M::mem_pestat] low and high boundaries for computing mean and std.dev: (1, 464)
[M::mem_pestat] mean and std.dev: (141.48, 90.78)
[M::mem_pestat] low and high boundaries for proper pairs: (1, 597)
[M::mem_pestat] skip orientation RF as there are not enough pairs
[M::mem_pestat] skip orientation RR as there are not enough pairs
[M::mem_process_seqs] Processed 963684 reads in 126.596 CPU sec, 16.521 real sec
[M::process] read 966518 sequences (80000148 bp)...
[M::mem_pestat] # candidate unique pairs for (FF, FR, RF, RR): (3, 314139, 13, 3)
[M::mem_pestat] skip orientation FF as there are not enough pairs
[M::mem_pestat] analyzing insert size distribution for orientation FR...
[M::mem_pestat] (25, 50, 75) percentile: (64, 120, 196)
[M::mem_pestat] low and high boundaries for computing mean and std.dev: (1, 460)
[M::mem_pestat] mean and std.dev: (139.60, 89.31)
[M::mem_pestat] low and high boundaries for proper pairs: (1, 592)
[M::mem_pestat] analyzing insert size distribution for orientation RF...
[M::mem_pestat] (25, 50, 75) percentile: (52, 139, 418)
[M::mem_pestat] low and high boundaries for computing mean and std.dev: (1, 1150)
[M::mem_pestat] mean and std.dev: (141.73, 133.44)
[M::mem_pestat] low and high boundaries for proper pairs: (1, 1516)
[M::mem_pestat] skip orientation RR as there are not enough pairs
[M::mem_pestat] skip orientation RF
[M::mem_process_seqs] Processed 966518 reads in 123.620 CPU sec, 15.978 real sec
[M::process] read 956268 sequences (80000126 bp)...
[M::mem_pestat] # candidate unique pairs for (FF, FR, RF, RR): (5, 311120, 14, 7)
[M::mem_pestat] skip orientation FF as there are not enough pairs
[M::mem_pestat] analyzing insert size distribution for orientation FR...
[M::mem_pestat] (25, 50, 75) percentile: (67, 130, 203)
[M::mem_pestat] low and high boundaries for computing mean and std.dev: (1, 475)
[M::mem_pestat] mean and std.dev: (146.61, 94.29)
[M::mem_pestat] low and high boundaries for proper pairs: (1, 611)
[M::mem_pestat] analyzing insert size distribution for orientation RF...
[M::mem_pestat] (25, 50, 75) percentile: (37, 214, 580)
[M::mem_pestat] low and high boundaries for computing mean and std.dev: (1, 1666)
[M::mem_pestat] mean and std.dev: (172.09, 174.48)
[M::mem_pestat] low and high boundaries for proper pairs: (1, 2209)
[M::mem_pestat] skip orientation RR as there are not enough pairs
[M::mem_pestat] skip orientation RF
[M::mem_process_seqs] Processed 956268 reads in 130.471 CPU sec, 17.105 real sec
[M::process] read 940382 sequences (80000153 bp)...
[M::mem_pestat] # candidate unique pairs for (FF, FR, RF, RR): (5, 308959, 14, 6)
[M::mem_pestat] skip orientation FF as there are not enough pairs
[M::mem_pestat] analyzing insert size distribution for orientation FR...
[M::mem_pestat] (25, 50, 75) percentile: (72, 147, 213)
[M::mem_pestat] low and high boundaries for computing mean and std.dev: (1, 495)
[M::mem_pestat] mean and std.dev: (158.43, 101.40)
[M::mem_pestat] low and high boundaries for proper pairs: (1, 636)
[M::mem_pestat] analyzing insert size distribution for orientation RF...
[M::mem_pestat] (25, 50, 75) percentile: (55, 300, 368)
[M::mem_pestat] low and high boundaries for computing mean and std.dev: (1, 994)
[M::mem_pestat] mean and std.dev: (274.50, 209.74)
[M::mem_pestat] low and high boundaries for proper pairs: (1, 1307)
[M::mem_pestat] skip orientation RR as there are not enough pairs
[M::mem_pestat] skip orientation RF
[M::mem_process_seqs] Processed 940382 reads in 128.381 CPU sec, 16.797 real sec
[M::process] read 942278 sequences (80000089 bp)...
[M::mem_pestat] # candidate unique pairs for (FF, FR, RF, RR): (11, 310576, 19, 2)
[M::mem_pestat] analyzing insert size distribution for orientation FF...
[M::mem_pestat] (25, 50, 75) percentile: (51, 71, 178)
[M::mem_pestat] low and high boundaries for computing mean and std.dev: (1, 432)
[M::mem_pestat] mean and std.dev: (124.27, 105.37)
[M::mem_pestat] low and high boundaries for proper pairs: (1, 559)
[M::mem_pestat] analyzing insert size distribution for orientation FR...
[M::mem_pestat] (25, 50, 75) percentile: (71, 145, 212)
[M::mem_pestat] low and high boundaries for computing mean and std.dev: (1, 494)
[M::mem_pestat] mean and std.dev: (156.82, 100.80)
[M::mem_pestat] low and high boundaries for proper pairs: (1, 635)
[M::mem_pestat] analyzing insert size distribution for orientation RF...
[M::mem_pestat] (25, 50, 75) percentile: (47, 120, 272)
[M::mem_pestat] low and high boundaries for computing mean and std.dev: (1, 722)
[M::mem_pestat] mean and std.dev: (135.75, 139.17)
[M::mem_pestat] low and high boundaries for proper pairs: (1, 947)
[M::mem_pestat] skip orientation RR as there are not enough pairs
[M::mem_pestat] skip orientation FF
[M::mem_pestat] skip orientation RF
[M::mem_process_seqs] Processed 942278 reads in 121.177 CPU sec, 15.794 real sec
[M::process] read 942904 sequences (80000063 bp)...
[M::mem_pestat] # candidate unique pairs for (FF, FR, RF, RR): (5, 309805, 22, 10)
[M::mem_pestat] skip orientation FF as there are not enough pairs
[M::mem_pestat] analyzing insert size distribution for orientation FR...
[M::mem_pestat] (25, 50, 75) percentile: (71, 144, 211)
[M::mem_pestat] low and high boundaries for computing mean and std.dev: (1, 491)
[M::mem_pestat] mean and std.dev: (156.13, 100.08)
[M::mem_pestat] low and high boundaries for proper pairs: (1, 631)
[M::mem_pestat] analyzing insert size distribution for orientation RF...
[M::mem_pestat] (25, 50, 75) percentile: (26, 47, 192)
[M::mem_pestat] low and high boundaries for computing mean and std.dev: (1, 524)
[M::mem_pestat] mean and std.dev: (74.00, 91.87)
[M::mem_pestat] low and high boundaries for proper pairs: (1, 690)
[M::mem_pestat] analyzing insert size distribution for orientation RR...
[M::mem_pestat] (25, 50, 75) percentile: (46, 109, 144)
[M::mem_pestat] low and high boundaries for computing mean and std.dev: (1, 340)
[M::mem_pestat] mean and std.dev: (113.60, 89.22)
[M::mem_pestat] low and high boundaries for proper pairs: (1, 470)
[M::mem_pestat] skip orientation RF
[M::mem_pestat] skip orientation RR
[M::mem_process_seqs] Processed 942904 reads in 124.211 CPU sec, 16.087 real sec
[M::process] read 943282 sequences (80000023 bp)...
[M::mem_pestat] # candidate unique pairs for (FF, FR, RF, RR): (3, 310174, 10, 3)
[M::mem_pestat] skip orientation FF as there are not enough pairs
[M::mem_pestat] analyzing insert size distribution for orientation FR...
[M::mem_pestat] (25, 50, 75) percentile: (70, 141, 209)
[M::mem_pestat] low and high boundaries for computing mean and std.dev: (1, 487)
[M::mem_pestat] mean and std.dev: (154.58, 99.10)
[M::mem_pestat] low and high boundaries for proper pairs: (1, 626)
[M::mem_pestat] analyzing insert size distribution for orientation RF...
[M::mem_pestat] (25, 50, 75) percentile: (33, 153, 362)
[M::mem_pestat] low and high boundaries for computing mean and std.dev: (1, 1020)
[M::mem_pestat] mean and std.dev: (106.12, 113.62)
[M::mem_pestat] low and high boundaries for proper pairs: (1, 1349)
[M::mem_pestat] skip orientation RR as there are not enough pairs
[M::mem_pestat] skip orientation RF
[M::mem_process_seqs] Processed 943282 reads in 119.935 CPU sec, 15.650 real sec
[M::process] read 947158 sequences (80000169 bp)...
[M::mem_pestat] # candidate unique pairs for (FF, FR, RF, RR): (2, 309590, 14, 11)
[M::mem_pestat] skip orientation FF as there are not enough pairs
[M::mem_pestat] analyzing insert size distribution for orientation FR...
[M::mem_pestat] (25, 50, 75) percentile: (70, 138, 208)
[M::mem_pestat] low and high boundaries for computing mean and std.dev: (1, 484)
[M::mem_pestat] mean and std.dev: (152.72, 97.86)
[M::mem_pestat] low and high boundaries for proper pairs: (1, 622)
[M::mem_pestat] analyzing insert size distribution for orientation RF...
[M::mem_pestat] (25, 50, 75) percentile: (23, 108, 193)
[M::mem_pestat] low and high boundaries for computing mean and std.dev: (1, 533)
[M::mem_pestat] mean and std.dev: (77.00, 67.62)
[M::mem_pestat] low and high boundaries for proper pairs: (1, 703)
[M::mem_pestat] analyzing insert size distribution for orientation RR...
[M::mem_pestat] (25, 50, 75) percentile: (94, 126, 695)
[M::mem_pestat] low and high boundaries for computing mean and std.dev: (1, 1897)
[M::mem_pestat] mean and std.dev: (156.56, 194.45)
[M::mem_pestat] low and high boundaries for proper pairs: (1, 2498)
[M::mem_pestat] skip orientation RF
[M::mem_pestat] skip orientation RR
[M::mem_process_seqs] Processed 947158 reads in 119.534 CPU sec, 15.528 real sec
[M::process] read 950646 sequences (80000100 bp)...
[M::mem_pestat] # candidate unique pairs for (FF, FR, RF, RR): (3, 311357, 13, 5)
[M::mem_pestat] skip orientation FF as there are not enough pairs
[M::mem_pestat] analyzing insert size distribution for orientation FR...
[M::mem_pestat] (25, 50, 75) percentile: (68, 135, 206)
[M::mem_pestat] low and high boundaries for computing mean and std.dev: (1, 482)
[M::mem_pestat] mean and std.dev: (150.81, 97.65)
[M::mem_pestat] low and high boundaries for proper pairs: (1, 620)
[M::mem_pestat] analyzing insert size distribution for orientation RF...
[M::mem_pestat] (25, 50, 75) percentile: (38, 215, 227)
[M::mem_pestat] low and high boundaries for computing mean and std.dev: (1, 605)
[M::mem_pestat] mean and std.dev: (155.00, 141.88)
[M::mem_pestat] low and high boundaries for proper pairs: (1, 794)
[M::mem_pestat] skip orientation RR as there are not enough pairs
[M::mem_pestat] skip orientation RF
[M::mem_process_seqs] Processed 950646 reads in 116.740 CPU sec, 15.380 real sec
[M::process] read 948026 sequences (80000162 bp)...
[M::mem_pestat] # candidate unique pairs for (FF, FR, RF, RR): (4, 310422, 10, 4)
[M::mem_pestat] skip orientation FF as there are not enough pairs
[M::mem_pestat] analyzing insert size distribution for orientation FR...
[M::mem_pestat] (25, 50, 75) percentile: (69, 137, 206)
[M::mem_pestat] low and high boundaries for computing mean and std.dev: (1, 480)
[M::mem_pestat] mean and std.dev: (150.81, 96.18)
[M::mem_pestat] low and high boundaries for proper pairs: (1, 617)
[M::mem_pestat] analyzing insert size distribution for orientation RF...
[M::mem_pestat] (25, 50, 75) percentile: (97, 359, 672)
[M::mem_pestat] low and high boundaries for computing mean and std.dev: (1, 1822)
[M::mem_pestat] mean and std.dev: (358.67, 355.68)
[M::mem_pestat] low and high boundaries for proper pairs: (1, 2397)
[M::mem_pestat] skip orientation RR as there are not enough pairs
[M::mem_pestat] skip orientation RF
[M::mem_process_seqs] Processed 948026 reads in 119.565 CPU sec, 15.471 real sec
[M::process] read 948658 sequences (80000199 bp)...
[M::mem_pestat] # candidate unique pairs for (FF, FR, RF, RR): (5, 310566, 13, 5)
[M::mem_pestat] skip orientation FF as there are not enough pairs
[M::mem_pestat] analyzing insert size distribution for orientation FR...
[M::mem_pestat] (25, 50, 75) percentile: (69, 134, 205)
[M::mem_pestat] low and high boundaries for computing mean and std.dev: (1, 477)
[M::mem_pestat] mean and std.dev: (149.28, 95.27)
[M::mem_pestat] low and high boundaries for proper pairs: (1, 613)
[M::mem_pestat] analyzing insert size distribution for orientation RF...
[M::mem_pestat] (25, 50, 75) percentile: (14, 227, 447)
[M::mem_pestat] low and high boundaries for computing mean and std.dev: (1, 1313)
[M::mem_pestat] mean and std.dev: (284.54, 303.26)
[M::mem_pestat] low and high boundaries for proper pairs: (1, 1746)
[M::mem_pestat] skip orientation RR as there are not enough pairs
[M::mem_pestat] skip orientation RF
[M::mem_process_seqs] Processed 948658 reads in 120.105 CPU sec, 15.708 real sec
[M::process] read 950968 sequences (80000072 bp)...
[M::mem_pestat] # candidate unique pairs for (FF, FR, RF, RR): (8, 310103, 12, 5)
[M::mem_pestat] skip orientation FF as there are not enough pairs
[M::mem_pestat] analyzing insert size distribution for orientation FR...
[M::mem_pestat] (25, 50, 75) percentile: (69, 134, 204)
[M::mem_pestat] low and high boundaries for computing mean and std.dev: (1, 474)
[M::mem_pestat] mean and std.dev: (148.54, 94.43)
[M::mem_pestat] low and high boundaries for proper pairs: (1, 609)
[M::mem_pestat] analyzing insert size distribution for orientation RF...
[M::mem_pestat] (25, 50, 75) percentile: (26, 171, 232)
[M::mem_pestat] low and high boundaries for computing mean and std.dev: (1, 644)
[M::mem_pestat] mean and std.dev: (140.91, 134.73)
[M::mem_pestat] low and high boundaries for proper pairs: (1, 850)
[M::mem_pestat] skip orientation RR as there are not enough pairs
[M::mem_pestat] skip orientation RF
[M::mem_process_seqs] Processed 950968 reads in 122.981 CPU sec, 15.904 real sec
[M::process] read 952256 sequences (80000121 bp)...
[M::mem_pestat] # candidate unique pairs for (FF, FR, RF, RR): (9, 311974, 8, 1)
[M::mem_pestat] skip orientation FF as there are not enough pairs
[M::mem_pestat] analyzing insert size distribution for orientation FR...
[M::mem_pestat] (25, 50, 75) percentile: (68, 131, 203)
[M::mem_pestat] low and high boundaries for computing mean and std.dev: (1, 473)
[M::mem_pestat] mean and std.dev: (147.07, 93.77)
[M::mem_pestat] low and high boundaries for proper pairs: (1, 608)
[M::mem_pestat] skip orientation RF as there are not enough pairs
[M::mem_pestat] skip orientation RR as there are not enough pairs
[M::mem_process_seqs] Processed 952256 reads in 122.392 CPU sec, 15.866 real sec
[M::process] read 955062 sequences (80000012 bp)...
[M::mem_pestat] # candidate unique pairs for (FF, FR, RF, RR): (2, 311724, 15, 5)
[M::mem_pestat] skip orientation FF as there are not enough pairs
[M::mem_pestat] analyzing insert size distribution for orientation FR...
[M::mem_pestat] (25, 50, 75) percentile: (67, 129, 201)
[M::mem_pestat] low and high boundaries for computing mean and std.dev: (1, 469)
[M::mem_pestat] mean and std.dev: (145.51, 92.34)
[M::mem_pestat] low and high boundaries for proper pairs: (1, 603)
[M::mem_pestat] analyzing insert size distribution for orientation RF...
[M::mem_pestat] (25, 50, 75) percentile: (47, 218, 455)
[M::mem_pestat] low and high boundaries for computing mean and std.dev: (1, 1271)
[M::mem_pestat] mean and std.dev: (243.93, 250.07)
[M::mem_pestat] low and high boundaries for proper pairs: (1, 1679)
[M::mem_pestat] skip orientation RR as there are not enough pairs
[M::mem_pestat] skip orientation RF
[M::mem_process_seqs] Processed 955062 reads in 128.553 CPU sec, 16.769 real sec
[M::process] read 957004 sequences (80000093 bp)...
[M::mem_pestat] # candidate unique pairs for (FF, FR, RF, RR): (6, 312215, 11, 1)
[M::mem_pestat] skip orientation FF as there are not enough pairs
[M::mem_pestat] analyzing insert size distribution for orientation FR...
[M::mem_pestat] (25, 50, 75) percentile: (67, 126, 199)
[M::mem_pestat] low and high boundaries for computing mean and std.dev: (1, 463)
[M::mem_pestat] mean and std.dev: (143.47, 91.06)
[M::mem_pestat] low and high boundaries for proper pairs: (1, 595)
[M::mem_pestat] analyzing insert size distribution for orientation RF...
[M::mem_pestat] (25, 50, 75) percentile: (18, 46, 199)
[M::mem_pestat] low and high boundaries for computing mean and std.dev: (1, 561)
[M::mem_pestat] mean and std.dev: (110.55, 112.94)
[M::mem_pestat] low and high boundaries for proper pairs: (1, 742)
[M::mem_pestat] skip orientation RR as there are not enough pairs
[M::mem_pestat] skip orientation RF
[M::mem_process_seqs] Processed 957004 reads in 125.770 CPU sec, 16.356 real sec
[M::process] read 743384 sequences (62188441 bp)...
[M::mem_pestat] # candidate unique pairs for (FF, FR, RF, RR): (5, 240578, 11, 6)
[M::mem_pestat] skip orientation FF as there are not enough pairs
[M::mem_pestat] analyzing insert size distribution for orientation FR...
[M::mem_pestat] (25, 50, 75) percentile: (67, 126, 199)
[M::mem_pestat] low and high boundaries for computing mean and std.dev: (1, 463)
[M::mem_pestat] mean and std.dev: (143.00, 89.99)
[M::mem_pestat] low and high boundaries for proper pairs: (1, 595)
[M::mem_pestat] analyzing insert size distribution for orientation RF...
[M::mem_pestat] (25, 50, 75) percentile: (118, 324, 2110)
[M::mem_pestat] low and high boundaries for computing mean and std.dev: (1, 6094)
[M::mem_pestat] mean and std.dev: (758.30, 1226.98)
[M::mem_pestat] low and high boundaries for proper pairs: (1, 8086)
[M::mem_pestat] skip orientation RR as there are not enough pairs
[M::mem_pestat] skip orientation RF
[M::mem_process_seqs] Processed 743384 reads in 104.899 CPU sec, 13.511 real sec
[main] Version: 0.7.17-r1188
[main] CMD: bwa mem -M -t 8 /data/project/sen-lab/genome/hg38/bwa/Homo_sapiens_assembly38.fasta /data/scratch/flanary/atac-seq/untreated/GSE108517/trimmed_fastq/SRR6418910_1_val_1.fq /data/scratch/flanary/atac-seq/untreated/GSE108517/trimmed_fastq/SRR6418910_2_val_2.fq
[main] Real time: 1928.737 sec; CPU: 9892.499 sec
