bamFilesList: ['/data/scratch/flanary/atac-seq/untreated/GSE138293/bam/COG-N-453_final.bam']
binLength: 200
numberOfSamples: None
blackListFileName: None
skipZeroOverZero: False
bed_and_bin: False
genomeChunkSize: None
defaultFragmentLength: read length
numberOfProcessors: 1
verbose: False
region: None
bedFile: None
minMappingQuality: None
ignoreDuplicates: False
chrsToSkip: []
stepSize: 200
center_read: False
samFlag_include: None
samFlag_exclude: None
minFragmentLength: 0
maxFragmentLength: 0
zerosToNans: False
smoothLength: None
save_data: False
out_file_for_raw_data: None
maxPairedFragmentLength: 1000
INFO  @ Tue, 21 Jan 2025 20:21:17: 
# Command line: callpeak --treatment /data/scratch/flanary/atac-seq/untreated/GSE138293/bam/COG-N-453_final.bam --name COG-N-453 --outdir /data/scratch/flanary/atac-seq/untreated/GSE138293/peaks --gsize hs --nomodel --shift -75 --extsize 150 --keep-dup all --call-summits --pvalue 0.01
# ARGUMENTS LIST:
# name = COG-N-453
# format = AUTO
# ChIP-seq file = ['/data/scratch/flanary/atac-seq/untreated/GSE138293/bam/COG-N-453_final.bam']
# control file = None
# effective genome size = 2.70e+09
# band width = 300
# model fold = [5, 50]
# pvalue cutoff = 1.00e-02
# qvalue will not be calculated and reported as -1 in the final output.
# The maximum gap between significant sites is assigned as the read length/tag size.
# The minimum length of peaks is assigned as the predicted fragment length "d".
# Larger dataset will be scaled towards smaller dataset.
# Range for calculating regional lambda is: 10000 bps
# Broad region calling is off
# Paired-End mode is off
# Searching for subpeak summits is on
 
INFO  @ Tue, 21 Jan 2025 20:21:17: #1 read tag files... 
INFO  @ Tue, 21 Jan 2025 20:21:17: #1 read treatment tags... 
INFO  @ Tue, 21 Jan 2025 20:21:17: Detected format is: BAM 
INFO  @ Tue, 21 Jan 2025 20:21:17: * Input file is gzipped. 
INFO  @ Tue, 21 Jan 2025 20:21:21:  1000000 
INFO  @ Tue, 21 Jan 2025 20:21:25:  2000000 
INFO  @ Tue, 21 Jan 2025 20:21:28:  3000000 
INFO  @ Tue, 21 Jan 2025 20:21:32:  4000000 
INFO  @ Tue, 21 Jan 2025 20:21:35:  5000000 
INFO  @ Tue, 21 Jan 2025 20:21:39:  6000000 
INFO  @ Tue, 21 Jan 2025 20:21:42:  7000000 
INFO  @ Tue, 21 Jan 2025 20:21:46:  8000000 
INFO  @ Tue, 21 Jan 2025 20:21:49:  9000000 
INFO  @ Tue, 21 Jan 2025 20:21:53:  10000000 
INFO  @ Tue, 21 Jan 2025 20:21:57:  11000000 
INFO  @ Tue, 21 Jan 2025 20:22:00:  12000000 
INFO  @ Tue, 21 Jan 2025 20:22:04:  13000000 
INFO  @ Tue, 21 Jan 2025 20:22:07:  14000000 
INFO  @ Tue, 21 Jan 2025 20:22:11:  15000000 
INFO  @ Tue, 21 Jan 2025 20:22:15:  16000000 
INFO  @ Tue, 21 Jan 2025 20:22:18:  17000000 
INFO  @ Tue, 21 Jan 2025 20:22:22:  18000000 
INFO  @ Tue, 21 Jan 2025 20:22:25:  19000000 
INFO  @ Tue, 21 Jan 2025 20:22:29:  20000000 
INFO  @ Tue, 21 Jan 2025 20:22:33:  21000000 
INFO  @ Tue, 21 Jan 2025 20:22:36:  22000000 
INFO  @ Tue, 21 Jan 2025 20:22:40:  23000000 
INFO  @ Tue, 21 Jan 2025 20:22:43:  24000000 
INFO  @ Tue, 21 Jan 2025 20:22:47:  25000000 
INFO  @ Tue, 21 Jan 2025 20:22:50:  26000000 
INFO  @ Tue, 21 Jan 2025 20:22:54:  27000000 
INFO  @ Tue, 21 Jan 2025 20:22:58:  28000000 
INFO  @ Tue, 21 Jan 2025 20:23:01:  29000000 
INFO  @ Tue, 21 Jan 2025 20:23:05:  30000000 
INFO  @ Tue, 21 Jan 2025 20:23:09:  31000000 
INFO  @ Tue, 21 Jan 2025 20:23:12:  32000000 
INFO  @ Tue, 21 Jan 2025 20:23:16:  33000000 
INFO  @ Tue, 21 Jan 2025 20:23:19:  34000000 
INFO  @ Tue, 21 Jan 2025 20:23:23:  35000000 
INFO  @ Tue, 21 Jan 2025 20:23:27:  36000000 
INFO  @ Tue, 21 Jan 2025 20:23:30:  37000000 
INFO  @ Tue, 21 Jan 2025 20:23:34:  38000000 
INFO  @ Tue, 21 Jan 2025 20:23:38:  39000000 
INFO  @ Tue, 21 Jan 2025 20:23:41:  40000000 
INFO  @ Tue, 21 Jan 2025 20:23:45:  41000000 
INFO  @ Tue, 21 Jan 2025 20:23:48:  42000000 
INFO  @ Tue, 21 Jan 2025 20:23:52:  43000000 
INFO  @ Tue, 21 Jan 2025 20:23:56:  44000000 
INFO  @ Tue, 21 Jan 2025 20:23:59:  45000000 
INFO  @ Tue, 21 Jan 2025 20:24:03:  46000000 
INFO  @ Tue, 21 Jan 2025 20:24:07:  47000000 
INFO  @ Tue, 21 Jan 2025 20:24:10:  48000000 
INFO  @ Tue, 21 Jan 2025 20:24:14:  49000000 
INFO  @ Tue, 21 Jan 2025 20:24:18:  50000000 
INFO  @ Tue, 21 Jan 2025 20:24:22:  51000000 
INFO  @ Tue, 21 Jan 2025 20:24:25:  52000000 
INFO  @ Tue, 21 Jan 2025 20:24:29:  53000000 
INFO  @ Tue, 21 Jan 2025 20:24:33:  54000000 
INFO  @ Tue, 21 Jan 2025 20:24:36:  55000000 
INFO  @ Tue, 21 Jan 2025 20:24:40:  56000000 
INFO  @ Tue, 21 Jan 2025 20:24:44:  57000000 
INFO  @ Tue, 21 Jan 2025 20:24:47: 57727087 reads have been read. 
INFO  @ Tue, 21 Jan 2025 20:24:48: #1 tag size is determined as 85 bps 
INFO  @ Tue, 21 Jan 2025 20:24:48: #1 tag size = 85.0 
INFO  @ Tue, 21 Jan 2025 20:24:48: #1  total tags in treatment: 57727087 
INFO  @ Tue, 21 Jan 2025 20:24:48: #1 finished! 
INFO  @ Tue, 21 Jan 2025 20:24:48: #2 Build Peak Model... 
INFO  @ Tue, 21 Jan 2025 20:24:48: #2 Skipped... 
INFO  @ Tue, 21 Jan 2025 20:24:48: #2 Use 150 as fragment length 
INFO  @ Tue, 21 Jan 2025 20:24:48: #2 Sequencing ends will be shifted towards 5' by 75 bp(s) 
INFO  @ Tue, 21 Jan 2025 20:24:48: #3 Call peaks... 
INFO  @ Tue, 21 Jan 2025 20:24:48: #3 Going to call summits inside each peak ... 
INFO  @ Tue, 21 Jan 2025 20:24:48: #3 Call peaks with given -log10pvalue cutoff: 2.00000 ... 
INFO  @ Tue, 21 Jan 2025 20:24:48: #3 Pre-compute pvalue-qvalue table... 
INFO  @ Tue, 21 Jan 2025 20:26:56: #3 Call peaks for each chromosome... 
INFO  @ Tue, 21 Jan 2025 20:28:54: #4 Write output xls file... /data/scratch/flanary/atac-seq/untreated/GSE138293/peaks/COG-N-453_peaks.xls 
INFO  @ Tue, 21 Jan 2025 20:28:55: #4 Write peak in narrowPeak format file... /data/scratch/flanary/atac-seq/untreated/GSE138293/peaks/COG-N-453_peaks.narrowPeak 
INFO  @ Tue, 21 Jan 2025 20:28:55: #4 Write summits bed file... /data/scratch/flanary/atac-seq/untreated/GSE138293/peaks/COG-N-453_summits.bed 
INFO  @ Tue, 21 Jan 2025 20:28:55: Done! 
