bamFilesList: ['/data/scratch/flanary/atac-seq/untreated/GSE138293/bam/COG-N-415_final.bam']
binLength: 200
numberOfSamples: None
blackListFileName: None
skipZeroOverZero: False
bed_and_bin: False
genomeChunkSize: None
defaultFragmentLength: read length
numberOfProcessors: 1
verbose: False
region: None
bedFile: None
minMappingQuality: None
ignoreDuplicates: False
chrsToSkip: []
stepSize: 200
center_read: False
samFlag_include: None
samFlag_exclude: None
minFragmentLength: 0
maxFragmentLength: 0
zerosToNans: False
smoothLength: None
save_data: False
out_file_for_raw_data: None
maxPairedFragmentLength: 1000
INFO  @ Tue, 21 Jan 2025 20:21:52: 
# Command line: callpeak --treatment /data/scratch/flanary/atac-seq/untreated/GSE138293/bam/COG-N-415_final.bam --name COG-N-415 --outdir /data/scratch/flanary/atac-seq/untreated/GSE138293/peaks --gsize hs --nomodel --shift -75 --extsize 150 --keep-dup all --call-summits --pvalue 0.01
# ARGUMENTS LIST:
# name = COG-N-415
# format = AUTO
# ChIP-seq file = ['/data/scratch/flanary/atac-seq/untreated/GSE138293/bam/COG-N-415_final.bam']
# control file = None
# effective genome size = 2.70e+09
# band width = 300
# model fold = [5, 50]
# pvalue cutoff = 1.00e-02
# qvalue will not be calculated and reported as -1 in the final output.
# The maximum gap between significant sites is assigned as the read length/tag size.
# The minimum length of peaks is assigned as the predicted fragment length "d".
# Larger dataset will be scaled towards smaller dataset.
# Range for calculating regional lambda is: 10000 bps
# Broad region calling is off
# Paired-End mode is off
# Searching for subpeak summits is on
 
INFO  @ Tue, 21 Jan 2025 20:21:52: #1 read tag files... 
INFO  @ Tue, 21 Jan 2025 20:21:52: #1 read treatment tags... 
INFO  @ Tue, 21 Jan 2025 20:21:56: Detected format is: BAM 
INFO  @ Tue, 21 Jan 2025 20:21:56: * Input file is gzipped. 
INFO  @ Tue, 21 Jan 2025 20:22:00:  1000000 
INFO  @ Tue, 21 Jan 2025 20:22:04:  2000000 
INFO  @ Tue, 21 Jan 2025 20:22:07:  3000000 
INFO  @ Tue, 21 Jan 2025 20:22:11:  4000000 
INFO  @ Tue, 21 Jan 2025 20:22:15:  5000000 
INFO  @ Tue, 21 Jan 2025 20:22:19:  6000000 
INFO  @ Tue, 21 Jan 2025 20:22:22:  7000000 
INFO  @ Tue, 21 Jan 2025 20:22:26:  8000000 
INFO  @ Tue, 21 Jan 2025 20:22:30:  9000000 
INFO  @ Tue, 21 Jan 2025 20:22:34:  10000000 
INFO  @ Tue, 21 Jan 2025 20:22:37:  11000000 
INFO  @ Tue, 21 Jan 2025 20:22:41:  12000000 
INFO  @ Tue, 21 Jan 2025 20:22:45:  13000000 
INFO  @ Tue, 21 Jan 2025 20:22:49:  14000000 
INFO  @ Tue, 21 Jan 2025 20:22:52:  15000000 
INFO  @ Tue, 21 Jan 2025 20:22:56:  16000000 
INFO  @ Tue, 21 Jan 2025 20:23:00:  17000000 
INFO  @ Tue, 21 Jan 2025 20:23:03:  18000000 
INFO  @ Tue, 21 Jan 2025 20:23:07:  19000000 
INFO  @ Tue, 21 Jan 2025 20:23:11:  20000000 
INFO  @ Tue, 21 Jan 2025 20:23:15:  21000000 
INFO  @ Tue, 21 Jan 2025 20:23:18:  22000000 
INFO  @ Tue, 21 Jan 2025 20:23:22:  23000000 
INFO  @ Tue, 21 Jan 2025 20:23:26:  24000000 
INFO  @ Tue, 21 Jan 2025 20:23:30:  25000000 
INFO  @ Tue, 21 Jan 2025 20:23:33:  26000000 
INFO  @ Tue, 21 Jan 2025 20:23:37:  27000000 
INFO  @ Tue, 21 Jan 2025 20:23:41:  28000000 
INFO  @ Tue, 21 Jan 2025 20:23:45:  29000000 
INFO  @ Tue, 21 Jan 2025 20:23:48:  30000000 
INFO  @ Tue, 21 Jan 2025 20:23:52:  31000000 
INFO  @ Tue, 21 Jan 2025 20:23:56:  32000000 
INFO  @ Tue, 21 Jan 2025 20:24:00:  33000000 
INFO  @ Tue, 21 Jan 2025 20:24:04:  34000000 
INFO  @ Tue, 21 Jan 2025 20:24:07:  35000000 
INFO  @ Tue, 21 Jan 2025 20:24:11:  36000000 
INFO  @ Tue, 21 Jan 2025 20:24:15:  37000000 
INFO  @ Tue, 21 Jan 2025 20:24:19:  38000000 
INFO  @ Tue, 21 Jan 2025 20:24:22:  39000000 
INFO  @ Tue, 21 Jan 2025 20:24:26:  40000000 
INFO  @ Tue, 21 Jan 2025 20:24:30:  41000000 
INFO  @ Tue, 21 Jan 2025 20:24:34:  42000000 
INFO  @ Tue, 21 Jan 2025 20:24:37:  43000000 
INFO  @ Tue, 21 Jan 2025 20:24:41:  44000000 
INFO  @ Tue, 21 Jan 2025 20:24:45:  45000000 
INFO  @ Tue, 21 Jan 2025 20:24:49:  46000000 
INFO  @ Tue, 21 Jan 2025 20:24:52:  47000000 
INFO  @ Tue, 21 Jan 2025 20:24:56:  48000000 
INFO  @ Tue, 21 Jan 2025 20:25:00:  49000000 
INFO  @ Tue, 21 Jan 2025 20:25:04:  50000000 
INFO  @ Tue, 21 Jan 2025 20:25:08:  51000000 
INFO  @ Tue, 21 Jan 2025 20:25:11:  52000000 
INFO  @ Tue, 21 Jan 2025 20:25:15:  53000000 
INFO  @ Tue, 21 Jan 2025 20:25:19:  54000000 
INFO  @ Tue, 21 Jan 2025 20:25:23:  55000000 
INFO  @ Tue, 21 Jan 2025 20:25:26:  56000000 
INFO  @ Tue, 21 Jan 2025 20:25:30:  57000000 
INFO  @ Tue, 21 Jan 2025 20:25:34:  58000000 
INFO  @ Tue, 21 Jan 2025 20:25:38:  59000000 
INFO  @ Tue, 21 Jan 2025 20:25:42:  60000000 
INFO  @ Tue, 21 Jan 2025 20:25:45:  61000000 
INFO  @ Tue, 21 Jan 2025 20:25:49:  62000000 
INFO  @ Tue, 21 Jan 2025 20:25:53:  63000000 
INFO  @ Tue, 21 Jan 2025 20:25:57:  64000000 
INFO  @ Tue, 21 Jan 2025 20:26:01:  65000000 
INFO  @ Tue, 21 Jan 2025 20:26:04:  66000000 
INFO  @ Tue, 21 Jan 2025 20:26:08:  67000000 
INFO  @ Tue, 21 Jan 2025 20:26:12:  68000000 
INFO  @ Tue, 21 Jan 2025 20:26:16:  69000000 
INFO  @ Tue, 21 Jan 2025 20:26:19: 69657571 reads have been read. 
INFO  @ Tue, 21 Jan 2025 20:26:20: #1 tag size is determined as 88 bps 
INFO  @ Tue, 21 Jan 2025 20:26:20: #1 tag size = 88.0 
INFO  @ Tue, 21 Jan 2025 20:26:20: #1  total tags in treatment: 69657571 
INFO  @ Tue, 21 Jan 2025 20:26:20: #1 finished! 
INFO  @ Tue, 21 Jan 2025 20:26:20: #2 Build Peak Model... 
INFO  @ Tue, 21 Jan 2025 20:26:20: #2 Skipped... 
INFO  @ Tue, 21 Jan 2025 20:26:20: #2 Use 150 as fragment length 
INFO  @ Tue, 21 Jan 2025 20:26:20: #2 Sequencing ends will be shifted towards 5' by 75 bp(s) 
INFO  @ Tue, 21 Jan 2025 20:26:20: #3 Call peaks... 
INFO  @ Tue, 21 Jan 2025 20:26:20: #3 Going to call summits inside each peak ... 
INFO  @ Tue, 21 Jan 2025 20:26:20: #3 Call peaks with given -log10pvalue cutoff: 2.00000 ... 
INFO  @ Tue, 21 Jan 2025 20:26:20: #3 Pre-compute pvalue-qvalue table... 
INFO  @ Tue, 21 Jan 2025 20:28:54: #3 Call peaks for each chromosome... 
INFO  @ Tue, 21 Jan 2025 20:31:10: #4 Write output xls file... /data/scratch/flanary/atac-seq/untreated/GSE138293/peaks/COG-N-415_peaks.xls 
INFO  @ Tue, 21 Jan 2025 20:31:11: #4 Write peak in narrowPeak format file... /data/scratch/flanary/atac-seq/untreated/GSE138293/peaks/COG-N-415_peaks.narrowPeak 
INFO  @ Tue, 21 Jan 2025 20:31:12: #4 Write summits bed file... /data/scratch/flanary/atac-seq/untreated/GSE138293/peaks/COG-N-415_summits.bed 
INFO  @ Tue, 21 Jan 2025 20:31:12: Done! 
