bamFilesList: ['/data/scratch/flanary/atac-seq/untreated/GSE138293/bam/SK-N-BE(2)-C_final.bam']
binLength: 200
numberOfSamples: None
blackListFileName: None
skipZeroOverZero: False
bed_and_bin: False
genomeChunkSize: None
defaultFragmentLength: read length
numberOfProcessors: 1
verbose: False
region: None
bedFile: None
minMappingQuality: None
ignoreDuplicates: False
chrsToSkip: []
stepSize: 200
center_read: False
samFlag_include: None
samFlag_exclude: None
minFragmentLength: 0
maxFragmentLength: 0
zerosToNans: False
smoothLength: None
save_data: False
out_file_for_raw_data: None
maxPairedFragmentLength: 1000
INFO  @ Tue, 21 Jan 2025 20:17:53: 
# Command line: callpeak --treatment /data/scratch/flanary/atac-seq/untreated/GSE138293/bam/SK-N-BE(2)-C_final.bam --name SK-N-BE(2)-C --outdir /data/scratch/flanary/atac-seq/untreated/GSE138293/peaks --gsize hs --nomodel --shift -75 --extsize 150 --keep-dup all --call-summits --pvalue 0.01
# ARGUMENTS LIST:
# name = SK-N-BE(2)-C
# format = AUTO
# ChIP-seq file = ['/data/scratch/flanary/atac-seq/untreated/GSE138293/bam/SK-N-BE(2)-C_final.bam']
# control file = None
# effective genome size = 2.70e+09
# band width = 300
# model fold = [5, 50]
# pvalue cutoff = 1.00e-02
# qvalue will not be calculated and reported as -1 in the final output.
# The maximum gap between significant sites is assigned as the read length/tag size.
# The minimum length of peaks is assigned as the predicted fragment length "d".
# Larger dataset will be scaled towards smaller dataset.
# Range for calculating regional lambda is: 10000 bps
# Broad region calling is off
# Paired-End mode is off
# Searching for subpeak summits is on
 
INFO  @ Tue, 21 Jan 2025 20:17:53: #1 read tag files... 
INFO  @ Tue, 21 Jan 2025 20:17:53: #1 read treatment tags... 
INFO  @ Tue, 21 Jan 2025 20:17:53: Detected format is: BAM 
INFO  @ Tue, 21 Jan 2025 20:17:53: * Input file is gzipped. 
INFO  @ Tue, 21 Jan 2025 20:17:57:  1000000 
INFO  @ Tue, 21 Jan 2025 20:18:00:  2000000 
INFO  @ Tue, 21 Jan 2025 20:18:04:  3000000 
INFO  @ Tue, 21 Jan 2025 20:18:08:  4000000 
INFO  @ Tue, 21 Jan 2025 20:18:11:  5000000 
INFO  @ Tue, 21 Jan 2025 20:18:15:  6000000 
INFO  @ Tue, 21 Jan 2025 20:18:18:  7000000 
INFO  @ Tue, 21 Jan 2025 20:18:22:  8000000 
INFO  @ Tue, 21 Jan 2025 20:18:25:  9000000 
INFO  @ Tue, 21 Jan 2025 20:18:29:  10000000 
INFO  @ Tue, 21 Jan 2025 20:18:33:  11000000 
INFO  @ Tue, 21 Jan 2025 20:18:36:  12000000 
INFO  @ Tue, 21 Jan 2025 20:18:40:  13000000 
INFO  @ Tue, 21 Jan 2025 20:18:43:  14000000 
INFO  @ Tue, 21 Jan 2025 20:18:47:  15000000 
INFO  @ Tue, 21 Jan 2025 20:18:51:  16000000 
INFO  @ Tue, 21 Jan 2025 20:18:54:  17000000 
INFO  @ Tue, 21 Jan 2025 20:18:58:  18000000 
INFO  @ Tue, 21 Jan 2025 20:19:01:  19000000 
INFO  @ Tue, 21 Jan 2025 20:19:05:  20000000 
INFO  @ Tue, 21 Jan 2025 20:19:09:  21000000 
INFO  @ Tue, 21 Jan 2025 20:19:12:  22000000 
INFO  @ Tue, 21 Jan 2025 20:19:16:  23000000 
INFO  @ Tue, 21 Jan 2025 20:19:19:  24000000 
INFO  @ Tue, 21 Jan 2025 20:19:23:  25000000 
INFO  @ Tue, 21 Jan 2025 20:19:27:  26000000 
INFO  @ Tue, 21 Jan 2025 20:19:30:  27000000 
INFO  @ Tue, 21 Jan 2025 20:19:34:  28000000 
INFO  @ Tue, 21 Jan 2025 20:19:38:  29000000 
INFO  @ Tue, 21 Jan 2025 20:19:41:  30000000 
INFO  @ Tue, 21 Jan 2025 20:19:45:  31000000 
INFO  @ Tue, 21 Jan 2025 20:19:48:  32000000 
INFO  @ Tue, 21 Jan 2025 20:19:52:  33000000 
INFO  @ Tue, 21 Jan 2025 20:19:56:  34000000 
INFO  @ Tue, 21 Jan 2025 20:19:59:  35000000 
INFO  @ Tue, 21 Jan 2025 20:20:03:  36000000 
INFO  @ Tue, 21 Jan 2025 20:20:07:  37000000 
INFO  @ Tue, 21 Jan 2025 20:20:10:  38000000 
INFO  @ Tue, 21 Jan 2025 20:20:14:  39000000 
INFO  @ Tue, 21 Jan 2025 20:20:18:  40000000 
INFO  @ Tue, 21 Jan 2025 20:20:21:  41000000 
INFO  @ Tue, 21 Jan 2025 20:20:25:  42000000 
INFO  @ Tue, 21 Jan 2025 20:20:28:  43000000 
INFO  @ Tue, 21 Jan 2025 20:20:32:  44000000 
INFO  @ Tue, 21 Jan 2025 20:20:35: 44575669 reads have been read. 
INFO  @ Tue, 21 Jan 2025 20:20:36: #1 tag size is determined as 79 bps 
INFO  @ Tue, 21 Jan 2025 20:20:36: #1 tag size = 79.0 
INFO  @ Tue, 21 Jan 2025 20:20:36: #1  total tags in treatment: 44575669 
INFO  @ Tue, 21 Jan 2025 20:20:36: #1 finished! 
INFO  @ Tue, 21 Jan 2025 20:20:36: #2 Build Peak Model... 
INFO  @ Tue, 21 Jan 2025 20:20:36: #2 Skipped... 
INFO  @ Tue, 21 Jan 2025 20:20:36: #2 Use 150 as fragment length 
INFO  @ Tue, 21 Jan 2025 20:20:36: #2 Sequencing ends will be shifted towards 5' by 75 bp(s) 
INFO  @ Tue, 21 Jan 2025 20:20:36: #3 Call peaks... 
INFO  @ Tue, 21 Jan 2025 20:20:36: #3 Going to call summits inside each peak ... 
INFO  @ Tue, 21 Jan 2025 20:20:36: #3 Call peaks with given -log10pvalue cutoff: 2.00000 ... 
INFO  @ Tue, 21 Jan 2025 20:20:36: #3 Pre-compute pvalue-qvalue table... 
INFO  @ Tue, 21 Jan 2025 20:22:10: #3 Call peaks for each chromosome... 
INFO  @ Tue, 21 Jan 2025 20:23:22: #4 Write output xls file... /data/scratch/flanary/atac-seq/untreated/GSE138293/peaks/SK-N-BE(2)-C_peaks.xls 
INFO  @ Tue, 21 Jan 2025 20:23:23: #4 Write peak in narrowPeak format file... /data/scratch/flanary/atac-seq/untreated/GSE138293/peaks/SK-N-BE(2)-C_peaks.narrowPeak 
INFO  @ Tue, 21 Jan 2025 20:23:23: #4 Write summits bed file... /data/scratch/flanary/atac-seq/untreated/GSE138293/peaks/SK-N-BE(2)-C_summits.bed 
INFO  @ Tue, 21 Jan 2025 20:23:23: Done! 
