bamFilesList: ['/data/scratch/flanary/atac-seq/untreated/GSE138293/bam/NBL-S_final.bam']
binLength: 200
numberOfSamples: None
blackListFileName: None
skipZeroOverZero: False
bed_and_bin: False
genomeChunkSize: None
defaultFragmentLength: read length
numberOfProcessors: 1
verbose: False
region: None
bedFile: None
minMappingQuality: None
ignoreDuplicates: False
chrsToSkip: []
stepSize: 200
center_read: False
samFlag_include: None
samFlag_exclude: None
minFragmentLength: 0
maxFragmentLength: 0
zerosToNans: False
smoothLength: None
save_data: False
out_file_for_raw_data: None
maxPairedFragmentLength: 1000
INFO  @ Tue, 21 Jan 2025 20:13:25: 
# Command line: callpeak --treatment /data/scratch/flanary/atac-seq/untreated/GSE138293/bam/NBL-S_final.bam --name NBL-S --outdir /data/scratch/flanary/atac-seq/untreated/GSE138293/peaks --gsize hs --nomodel --shift -75 --extsize 150 --keep-dup all --call-summits --pvalue 0.01
# ARGUMENTS LIST:
# name = NBL-S
# format = AUTO
# ChIP-seq file = ['/data/scratch/flanary/atac-seq/untreated/GSE138293/bam/NBL-S_final.bam']
# control file = None
# effective genome size = 2.70e+09
# band width = 300
# model fold = [5, 50]
# pvalue cutoff = 1.00e-02
# qvalue will not be calculated and reported as -1 in the final output.
# The maximum gap between significant sites is assigned as the read length/tag size.
# The minimum length of peaks is assigned as the predicted fragment length "d".
# Larger dataset will be scaled towards smaller dataset.
# Range for calculating regional lambda is: 10000 bps
# Broad region calling is off
# Paired-End mode is off
# Searching for subpeak summits is on
 
INFO  @ Tue, 21 Jan 2025 20:13:25: #1 read tag files... 
INFO  @ Tue, 21 Jan 2025 20:13:25: #1 read treatment tags... 
INFO  @ Tue, 21 Jan 2025 20:13:25: Detected format is: BAM 
INFO  @ Tue, 21 Jan 2025 20:13:25: * Input file is gzipped. 
INFO  @ Tue, 21 Jan 2025 20:13:29:  1000000 
INFO  @ Tue, 21 Jan 2025 20:13:32:  2000000 
INFO  @ Tue, 21 Jan 2025 20:13:35:  3000000 
INFO  @ Tue, 21 Jan 2025 20:13:39:  4000000 
INFO  @ Tue, 21 Jan 2025 20:13:42:  5000000 
INFO  @ Tue, 21 Jan 2025 20:13:46:  6000000 
INFO  @ Tue, 21 Jan 2025 20:13:49:  7000000 
INFO  @ Tue, 21 Jan 2025 20:13:53:  8000000 
INFO  @ Tue, 21 Jan 2025 20:13:56:  9000000 
INFO  @ Tue, 21 Jan 2025 20:14:00:  10000000 
INFO  @ Tue, 21 Jan 2025 20:14:03:  11000000 
INFO  @ Tue, 21 Jan 2025 20:14:07:  12000000 
INFO  @ Tue, 21 Jan 2025 20:14:10:  13000000 
INFO  @ Tue, 21 Jan 2025 20:14:13:  14000000 
INFO  @ Tue, 21 Jan 2025 20:14:17:  15000000 
INFO  @ Tue, 21 Jan 2025 20:14:20:  16000000 
INFO  @ Tue, 21 Jan 2025 20:14:24:  17000000 
INFO  @ Tue, 21 Jan 2025 20:14:27:  18000000 
INFO  @ Tue, 21 Jan 2025 20:14:30:  19000000 
INFO  @ Tue, 21 Jan 2025 20:14:34:  20000000 
INFO  @ Tue, 21 Jan 2025 20:14:37:  21000000 
INFO  @ Tue, 21 Jan 2025 20:14:41:  22000000 
INFO  @ Tue, 21 Jan 2025 20:14:44:  23000000 
INFO  @ Tue, 21 Jan 2025 20:14:48:  24000000 
INFO  @ Tue, 21 Jan 2025 20:14:51:  25000000 
INFO  @ Tue, 21 Jan 2025 20:14:55:  26000000 
INFO  @ Tue, 21 Jan 2025 20:14:58:  27000000 
INFO  @ Tue, 21 Jan 2025 20:15:02: 27917584 reads have been read. 
INFO  @ Tue, 21 Jan 2025 20:15:02: #1 tag size is determined as 98 bps 
INFO  @ Tue, 21 Jan 2025 20:15:02: #1 tag size = 98.0 
INFO  @ Tue, 21 Jan 2025 20:15:02: #1  total tags in treatment: 27917584 
INFO  @ Tue, 21 Jan 2025 20:15:02: #1 finished! 
INFO  @ Tue, 21 Jan 2025 20:15:02: #2 Build Peak Model... 
INFO  @ Tue, 21 Jan 2025 20:15:02: #2 Skipped... 
INFO  @ Tue, 21 Jan 2025 20:15:02: #2 Use 150 as fragment length 
INFO  @ Tue, 21 Jan 2025 20:15:02: #2 Sequencing ends will be shifted towards 5' by 75 bp(s) 
INFO  @ Tue, 21 Jan 2025 20:15:02: #3 Call peaks... 
INFO  @ Tue, 21 Jan 2025 20:15:02: #3 Going to call summits inside each peak ... 
INFO  @ Tue, 21 Jan 2025 20:15:02: #3 Call peaks with given -log10pvalue cutoff: 2.00000 ... 
INFO  @ Tue, 21 Jan 2025 20:15:02: #3 Pre-compute pvalue-qvalue table... 
INFO  @ Tue, 21 Jan 2025 20:16:00: #3 Call peaks for each chromosome... 
INFO  @ Tue, 21 Jan 2025 20:17:16: #4 Write output xls file... /data/scratch/flanary/atac-seq/untreated/GSE138293/peaks/NBL-S_peaks.xls 
INFO  @ Tue, 21 Jan 2025 20:17:16: #4 Write peak in narrowPeak format file... /data/scratch/flanary/atac-seq/untreated/GSE138293/peaks/NBL-S_peaks.narrowPeak 
INFO  @ Tue, 21 Jan 2025 20:17:17: #4 Write summits bed file... /data/scratch/flanary/atac-seq/untreated/GSE138293/peaks/NBL-S_summits.bed 
INFO  @ Tue, 21 Jan 2025 20:17:17: Done! 
