bamFilesList: ['/data/scratch/flanary/atac-seq/untreated/GSE138293/bam/SK-N-FI_final.bam']
binLength: 200
numberOfSamples: None
blackListFileName: None
skipZeroOverZero: False
bed_and_bin: False
genomeChunkSize: None
defaultFragmentLength: read length
numberOfProcessors: 1
verbose: False
region: None
bedFile: None
minMappingQuality: None
ignoreDuplicates: False
chrsToSkip: []
stepSize: 200
center_read: False
samFlag_include: None
samFlag_exclude: None
minFragmentLength: 0
maxFragmentLength: 0
zerosToNans: False
smoothLength: None
save_data: False
out_file_for_raw_data: None
maxPairedFragmentLength: 1000
INFO  @ Tue, 21 Jan 2025 20:15:43: 
# Command line: callpeak --treatment /data/scratch/flanary/atac-seq/untreated/GSE138293/bam/SK-N-FI_final.bam --name SK-N-FI --outdir /data/scratch/flanary/atac-seq/untreated/GSE138293/peaks --gsize hs --nomodel --shift -75 --extsize 150 --keep-dup all --call-summits --pvalue 0.01
# ARGUMENTS LIST:
# name = SK-N-FI
# format = AUTO
# ChIP-seq file = ['/data/scratch/flanary/atac-seq/untreated/GSE138293/bam/SK-N-FI_final.bam']
# control file = None
# effective genome size = 2.70e+09
# band width = 300
# model fold = [5, 50]
# pvalue cutoff = 1.00e-02
# qvalue will not be calculated and reported as -1 in the final output.
# The maximum gap between significant sites is assigned as the read length/tag size.
# The minimum length of peaks is assigned as the predicted fragment length "d".
# Larger dataset will be scaled towards smaller dataset.
# Range for calculating regional lambda is: 10000 bps
# Broad region calling is off
# Paired-End mode is off
# Searching for subpeak summits is on
 
INFO  @ Tue, 21 Jan 2025 20:15:43: #1 read tag files... 
INFO  @ Tue, 21 Jan 2025 20:15:43: #1 read treatment tags... 
INFO  @ Tue, 21 Jan 2025 20:15:43: Detected format is: BAM 
INFO  @ Tue, 21 Jan 2025 20:15:43: * Input file is gzipped. 
INFO  @ Tue, 21 Jan 2025 20:15:46:  1000000 
INFO  @ Tue, 21 Jan 2025 20:15:50:  2000000 
INFO  @ Tue, 21 Jan 2025 20:15:53:  3000000 
INFO  @ Tue, 21 Jan 2025 20:15:56:  4000000 
INFO  @ Tue, 21 Jan 2025 20:16:00:  5000000 
INFO  @ Tue, 21 Jan 2025 20:16:03:  6000000 
INFO  @ Tue, 21 Jan 2025 20:16:07:  7000000 
INFO  @ Tue, 21 Jan 2025 20:16:10:  8000000 
INFO  @ Tue, 21 Jan 2025 20:16:14:  9000000 
INFO  @ Tue, 21 Jan 2025 20:16:17:  10000000 
INFO  @ Tue, 21 Jan 2025 20:16:21:  11000000 
INFO  @ Tue, 21 Jan 2025 20:16:24:  12000000 
INFO  @ Tue, 21 Jan 2025 20:16:28:  13000000 
INFO  @ Tue, 21 Jan 2025 20:16:31:  14000000 
INFO  @ Tue, 21 Jan 2025 20:16:35:  15000000 
INFO  @ Tue, 21 Jan 2025 20:16:38:  16000000 
INFO  @ Tue, 21 Jan 2025 20:16:42:  17000000 
INFO  @ Tue, 21 Jan 2025 20:16:45:  18000000 
INFO  @ Tue, 21 Jan 2025 20:16:49:  19000000 
INFO  @ Tue, 21 Jan 2025 20:16:52:  20000000 
INFO  @ Tue, 21 Jan 2025 20:16:56:  21000000 
INFO  @ Tue, 21 Jan 2025 20:16:59:  22000000 
INFO  @ Tue, 21 Jan 2025 20:17:02:  23000000 
INFO  @ Tue, 21 Jan 2025 20:17:06:  24000000 
INFO  @ Tue, 21 Jan 2025 20:17:09:  25000000 
INFO  @ Tue, 21 Jan 2025 20:17:13:  26000000 
INFO  @ Tue, 21 Jan 2025 20:17:16:  27000000 
INFO  @ Tue, 21 Jan 2025 20:17:20:  28000000 
INFO  @ Tue, 21 Jan 2025 20:17:23:  29000000 
INFO  @ Tue, 21 Jan 2025 20:17:27:  30000000 
INFO  @ Tue, 21 Jan 2025 20:17:30:  31000000 
INFO  @ Tue, 21 Jan 2025 20:17:34:  32000000 
INFO  @ Tue, 21 Jan 2025 20:17:37:  33000000 
INFO  @ Tue, 21 Jan 2025 20:17:41:  34000000 
INFO  @ Tue, 21 Jan 2025 20:17:44:  35000000 
INFO  @ Tue, 21 Jan 2025 20:17:48:  36000000 
INFO  @ Tue, 21 Jan 2025 20:17:51:  37000000 
INFO  @ Tue, 21 Jan 2025 20:17:54: 37486643 reads have been read. 
INFO  @ Tue, 21 Jan 2025 20:17:54: #1 tag size is determined as 95 bps 
INFO  @ Tue, 21 Jan 2025 20:17:54: #1 tag size = 95.0 
INFO  @ Tue, 21 Jan 2025 20:17:54: #1  total tags in treatment: 37486643 
INFO  @ Tue, 21 Jan 2025 20:17:54: #1 finished! 
INFO  @ Tue, 21 Jan 2025 20:17:54: #2 Build Peak Model... 
INFO  @ Tue, 21 Jan 2025 20:17:54: #2 Skipped... 
INFO  @ Tue, 21 Jan 2025 20:17:54: #2 Use 150 as fragment length 
INFO  @ Tue, 21 Jan 2025 20:17:54: #2 Sequencing ends will be shifted towards 5' by 75 bp(s) 
INFO  @ Tue, 21 Jan 2025 20:17:54: #3 Call peaks... 
INFO  @ Tue, 21 Jan 2025 20:17:54: #3 Going to call summits inside each peak ... 
INFO  @ Tue, 21 Jan 2025 20:17:54: #3 Call peaks with given -log10pvalue cutoff: 2.00000 ... 
INFO  @ Tue, 21 Jan 2025 20:17:54: #3 Pre-compute pvalue-qvalue table... 
INFO  @ Tue, 21 Jan 2025 20:19:17: #3 Call peaks for each chromosome... 
INFO  @ Tue, 21 Jan 2025 20:21:17: #4 Write output xls file... /data/scratch/flanary/atac-seq/untreated/GSE138293/peaks/SK-N-FI_peaks.xls 
INFO  @ Tue, 21 Jan 2025 20:21:19: #4 Write peak in narrowPeak format file... /data/scratch/flanary/atac-seq/untreated/GSE138293/peaks/SK-N-FI_peaks.narrowPeak 
INFO  @ Tue, 21 Jan 2025 20:21:19: #4 Write summits bed file... /data/scratch/flanary/atac-seq/untreated/GSE138293/peaks/SK-N-FI_summits.bed 
INFO  @ Tue, 21 Jan 2025 20:21:20: Done! 
