bamFilesList: ['/data/scratch/flanary/atac-seq/untreated/GSE138293/bam/SK-N-AS_final.bam']
binLength: 200
numberOfSamples: None
blackListFileName: None
skipZeroOverZero: False
bed_and_bin: False
genomeChunkSize: None
defaultFragmentLength: read length
numberOfProcessors: 1
verbose: False
region: None
bedFile: None
minMappingQuality: None
ignoreDuplicates: False
chrsToSkip: []
stepSize: 200
center_read: False
samFlag_include: None
samFlag_exclude: None
minFragmentLength: 0
maxFragmentLength: 0
zerosToNans: False
smoothLength: None
save_data: False
out_file_for_raw_data: None
maxPairedFragmentLength: 1000
INFO  @ Tue, 21 Jan 2025 20:17:06: 
# Command line: callpeak --treatment /data/scratch/flanary/atac-seq/untreated/GSE138293/bam/SK-N-AS_final.bam --name SK-N-AS --outdir /data/scratch/flanary/atac-seq/untreated/GSE138293/peaks --gsize hs --nomodel --shift -75 --extsize 150 --keep-dup all --call-summits --pvalue 0.01
# ARGUMENTS LIST:
# name = SK-N-AS
# format = AUTO
# ChIP-seq file = ['/data/scratch/flanary/atac-seq/untreated/GSE138293/bam/SK-N-AS_final.bam']
# control file = None
# effective genome size = 2.70e+09
# band width = 300
# model fold = [5, 50]
# pvalue cutoff = 1.00e-02
# qvalue will not be calculated and reported as -1 in the final output.
# The maximum gap between significant sites is assigned as the read length/tag size.
# The minimum length of peaks is assigned as the predicted fragment length "d".
# Larger dataset will be scaled towards smaller dataset.
# Range for calculating regional lambda is: 10000 bps
# Broad region calling is off
# Paired-End mode is off
# Searching for subpeak summits is on
 
INFO  @ Tue, 21 Jan 2025 20:17:06: #1 read tag files... 
INFO  @ Tue, 21 Jan 2025 20:17:06: #1 read treatment tags... 
INFO  @ Tue, 21 Jan 2025 20:17:06: Detected format is: BAM 
INFO  @ Tue, 21 Jan 2025 20:17:06: * Input file is gzipped. 
INFO  @ Tue, 21 Jan 2025 20:17:10:  1000000 
INFO  @ Tue, 21 Jan 2025 20:17:14:  2000000 
INFO  @ Tue, 21 Jan 2025 20:17:17:  3000000 
INFO  @ Tue, 21 Jan 2025 20:17:21:  4000000 
INFO  @ Tue, 21 Jan 2025 20:17:25:  5000000 
INFO  @ Tue, 21 Jan 2025 20:17:28:  6000000 
INFO  @ Tue, 21 Jan 2025 20:17:32:  7000000 
INFO  @ Tue, 21 Jan 2025 20:17:36:  8000000 
INFO  @ Tue, 21 Jan 2025 20:17:39:  9000000 
INFO  @ Tue, 21 Jan 2025 20:17:43:  10000000 
INFO  @ Tue, 21 Jan 2025 20:17:47:  11000000 
INFO  @ Tue, 21 Jan 2025 20:17:50:  12000000 
INFO  @ Tue, 21 Jan 2025 20:17:54:  13000000 
INFO  @ Tue, 21 Jan 2025 20:17:58:  14000000 
INFO  @ Tue, 21 Jan 2025 20:18:01:  15000000 
INFO  @ Tue, 21 Jan 2025 20:18:05:  16000000 
INFO  @ Tue, 21 Jan 2025 20:18:08:  17000000 
INFO  @ Tue, 21 Jan 2025 20:18:12:  18000000 
INFO  @ Tue, 21 Jan 2025 20:18:16:  19000000 
INFO  @ Tue, 21 Jan 2025 20:18:19:  20000000 
INFO  @ Tue, 21 Jan 2025 20:18:23:  21000000 
INFO  @ Tue, 21 Jan 2025 20:18:27:  22000000 
INFO  @ Tue, 21 Jan 2025 20:18:30:  23000000 
INFO  @ Tue, 21 Jan 2025 20:18:34:  24000000 
INFO  @ Tue, 21 Jan 2025 20:18:38:  25000000 
INFO  @ Tue, 21 Jan 2025 20:18:41:  26000000 
INFO  @ Tue, 21 Jan 2025 20:18:45:  27000000 
INFO  @ Tue, 21 Jan 2025 20:18:49:  28000000 
INFO  @ Tue, 21 Jan 2025 20:18:52:  29000000 
INFO  @ Tue, 21 Jan 2025 20:18:56:  30000000 
INFO  @ Tue, 21 Jan 2025 20:19:00:  31000000 
INFO  @ Tue, 21 Jan 2025 20:19:03:  32000000 
INFO  @ Tue, 21 Jan 2025 20:19:07:  33000000 
INFO  @ Tue, 21 Jan 2025 20:19:11:  34000000 
INFO  @ Tue, 21 Jan 2025 20:19:15:  35000000 
INFO  @ Tue, 21 Jan 2025 20:19:18:  36000000 
INFO  @ Tue, 21 Jan 2025 20:19:22:  37000000 
INFO  @ Tue, 21 Jan 2025 20:19:26:  38000000 
INFO  @ Tue, 21 Jan 2025 20:19:29:  39000000 
INFO  @ Tue, 21 Jan 2025 20:19:33:  40000000 
INFO  @ Tue, 21 Jan 2025 20:19:37:  41000000 
INFO  @ Tue, 21 Jan 2025 20:19:40: 41470029 reads have been read. 
INFO  @ Tue, 21 Jan 2025 20:19:40: #1 tag size is determined as 92 bps 
INFO  @ Tue, 21 Jan 2025 20:19:40: #1 tag size = 92.0 
INFO  @ Tue, 21 Jan 2025 20:19:40: #1  total tags in treatment: 41470029 
INFO  @ Tue, 21 Jan 2025 20:19:40: #1 finished! 
INFO  @ Tue, 21 Jan 2025 20:19:40: #2 Build Peak Model... 
INFO  @ Tue, 21 Jan 2025 20:19:40: #2 Skipped... 
INFO  @ Tue, 21 Jan 2025 20:19:40: #2 Use 150 as fragment length 
INFO  @ Tue, 21 Jan 2025 20:19:40: #2 Sequencing ends will be shifted towards 5' by 75 bp(s) 
INFO  @ Tue, 21 Jan 2025 20:19:40: #3 Call peaks... 
INFO  @ Tue, 21 Jan 2025 20:19:40: #3 Going to call summits inside each peak ... 
INFO  @ Tue, 21 Jan 2025 20:19:40: #3 Call peaks with given -log10pvalue cutoff: 2.00000 ... 
INFO  @ Tue, 21 Jan 2025 20:19:40: #3 Pre-compute pvalue-qvalue table... 
INFO  @ Tue, 21 Jan 2025 20:21:07: #3 Call peaks for each chromosome... 
INFO  @ Tue, 21 Jan 2025 20:22:40: #4 Write output xls file... /data/scratch/flanary/atac-seq/untreated/GSE138293/peaks/SK-N-AS_peaks.xls 
INFO  @ Tue, 21 Jan 2025 20:22:41: #4 Write peak in narrowPeak format file... /data/scratch/flanary/atac-seq/untreated/GSE138293/peaks/SK-N-AS_peaks.narrowPeak 
INFO  @ Tue, 21 Jan 2025 20:22:42: #4 Write summits bed file... /data/scratch/flanary/atac-seq/untreated/GSE138293/peaks/SK-N-AS_summits.bed 
INFO  @ Tue, 21 Jan 2025 20:22:42: Done! 
