bamFilesList: ['/data/scratch/flanary/atac-seq/untreated/GSE138293/bam/NB-1643_final.bam']
binLength: 200
numberOfSamples: None
blackListFileName: None
skipZeroOverZero: False
bed_and_bin: False
genomeChunkSize: None
defaultFragmentLength: read length
numberOfProcessors: 1
verbose: False
region: None
bedFile: None
minMappingQuality: None
ignoreDuplicates: False
chrsToSkip: []
stepSize: 200
center_read: False
samFlag_include: None
samFlag_exclude: None
minFragmentLength: 0
maxFragmentLength: 0
zerosToNans: False
smoothLength: None
save_data: False
out_file_for_raw_data: None
maxPairedFragmentLength: 1000
INFO  @ Tue, 21 Jan 2025 20:18:49: 
# Command line: callpeak --treatment /data/scratch/flanary/atac-seq/untreated/GSE138293/bam/NB-1643_final.bam --name NB-1643 --outdir /data/scratch/flanary/atac-seq/untreated/GSE138293/peaks --gsize hs --nomodel --shift -75 --extsize 150 --keep-dup all --call-summits --pvalue 0.01
# ARGUMENTS LIST:
# name = NB-1643
# format = AUTO
# ChIP-seq file = ['/data/scratch/flanary/atac-seq/untreated/GSE138293/bam/NB-1643_final.bam']
# control file = None
# effective genome size = 2.70e+09
# band width = 300
# model fold = [5, 50]
# pvalue cutoff = 1.00e-02
# qvalue will not be calculated and reported as -1 in the final output.
# The maximum gap between significant sites is assigned as the read length/tag size.
# The minimum length of peaks is assigned as the predicted fragment length "d".
# Larger dataset will be scaled towards smaller dataset.
# Range for calculating regional lambda is: 10000 bps
# Broad region calling is off
# Paired-End mode is off
# Searching for subpeak summits is on
 
INFO  @ Tue, 21 Jan 2025 20:18:49: #1 read tag files... 
INFO  @ Tue, 21 Jan 2025 20:18:49: #1 read treatment tags... 
INFO  @ Tue, 21 Jan 2025 20:18:49: Detected format is: BAM 
INFO  @ Tue, 21 Jan 2025 20:18:49: * Input file is gzipped. 
INFO  @ Tue, 21 Jan 2025 20:18:53:  1000000 
INFO  @ Tue, 21 Jan 2025 20:18:57:  2000000 
INFO  @ Tue, 21 Jan 2025 20:19:00:  3000000 
INFO  @ Tue, 21 Jan 2025 20:19:04:  4000000 
INFO  @ Tue, 21 Jan 2025 20:19:07:  5000000 
INFO  @ Tue, 21 Jan 2025 20:19:11:  6000000 
INFO  @ Tue, 21 Jan 2025 20:19:15:  7000000 
INFO  @ Tue, 21 Jan 2025 20:19:18:  8000000 
INFO  @ Tue, 21 Jan 2025 20:19:22:  9000000 
INFO  @ Tue, 21 Jan 2025 20:19:25:  10000000 
INFO  @ Tue, 21 Jan 2025 20:19:29:  11000000 
INFO  @ Tue, 21 Jan 2025 20:19:33:  12000000 
INFO  @ Tue, 21 Jan 2025 20:19:37:  13000000 
INFO  @ Tue, 21 Jan 2025 20:19:40:  14000000 
INFO  @ Tue, 21 Jan 2025 20:19:44:  15000000 
INFO  @ Tue, 21 Jan 2025 20:19:48:  16000000 
INFO  @ Tue, 21 Jan 2025 20:19:51:  17000000 
INFO  @ Tue, 21 Jan 2025 20:19:55:  18000000 
INFO  @ Tue, 21 Jan 2025 20:19:58:  19000000 
INFO  @ Tue, 21 Jan 2025 20:20:02:  20000000 
INFO  @ Tue, 21 Jan 2025 20:20:06:  21000000 
INFO  @ Tue, 21 Jan 2025 20:20:09:  22000000 
INFO  @ Tue, 21 Jan 2025 20:20:13:  23000000 
INFO  @ Tue, 21 Jan 2025 20:20:16:  24000000 
INFO  @ Tue, 21 Jan 2025 20:20:20:  25000000 
INFO  @ Tue, 21 Jan 2025 20:20:24:  26000000 
INFO  @ Tue, 21 Jan 2025 20:20:27:  27000000 
INFO  @ Tue, 21 Jan 2025 20:20:31:  28000000 
INFO  @ Tue, 21 Jan 2025 20:20:35:  29000000 
INFO  @ Tue, 21 Jan 2025 20:20:38:  30000000 
INFO  @ Tue, 21 Jan 2025 20:20:42:  31000000 
INFO  @ Tue, 21 Jan 2025 20:20:45:  32000000 
INFO  @ Tue, 21 Jan 2025 20:20:49:  33000000 
INFO  @ Tue, 21 Jan 2025 20:20:53:  34000000 
INFO  @ Tue, 21 Jan 2025 20:20:56:  35000000 
INFO  @ Tue, 21 Jan 2025 20:21:00:  36000000 
INFO  @ Tue, 21 Jan 2025 20:21:04:  37000000 
INFO  @ Tue, 21 Jan 2025 20:21:07:  38000000 
INFO  @ Tue, 21 Jan 2025 20:21:11:  39000000 
INFO  @ Tue, 21 Jan 2025 20:21:14:  40000000 
INFO  @ Tue, 21 Jan 2025 20:21:18:  41000000 
INFO  @ Tue, 21 Jan 2025 20:21:22:  42000000 
INFO  @ Tue, 21 Jan 2025 20:21:25:  43000000 
INFO  @ Tue, 21 Jan 2025 20:21:29:  44000000 
INFO  @ Tue, 21 Jan 2025 20:21:33:  45000000 
INFO  @ Tue, 21 Jan 2025 20:21:36:  46000000 
INFO  @ Tue, 21 Jan 2025 20:21:40:  47000000 
INFO  @ Tue, 21 Jan 2025 20:21:44:  48000000 
INFO  @ Tue, 21 Jan 2025 20:21:45: 48128504 reads have been read. 
INFO  @ Tue, 21 Jan 2025 20:21:46: #1 tag size is determined as 84 bps 
INFO  @ Tue, 21 Jan 2025 20:21:46: #1 tag size = 84.0 
INFO  @ Tue, 21 Jan 2025 20:21:46: #1  total tags in treatment: 48128504 
INFO  @ Tue, 21 Jan 2025 20:21:46: #1 finished! 
INFO  @ Tue, 21 Jan 2025 20:21:46: #2 Build Peak Model... 
INFO  @ Tue, 21 Jan 2025 20:21:46: #2 Skipped... 
INFO  @ Tue, 21 Jan 2025 20:21:46: #2 Use 150 as fragment length 
INFO  @ Tue, 21 Jan 2025 20:21:46: #2 Sequencing ends will be shifted towards 5' by 75 bp(s) 
INFO  @ Tue, 21 Jan 2025 20:21:46: #3 Call peaks... 
INFO  @ Tue, 21 Jan 2025 20:21:46: #3 Going to call summits inside each peak ... 
INFO  @ Tue, 21 Jan 2025 20:21:46: #3 Call peaks with given -log10pvalue cutoff: 2.00000 ... 
INFO  @ Tue, 21 Jan 2025 20:21:46: #3 Pre-compute pvalue-qvalue table... 
INFO  @ Tue, 21 Jan 2025 20:23:25: #3 Call peaks for each chromosome... 
INFO  @ Tue, 21 Jan 2025 20:25:02: #4 Write output xls file... /data/scratch/flanary/atac-seq/untreated/GSE138293/peaks/NB-1643_peaks.xls 
INFO  @ Tue, 21 Jan 2025 20:25:03: #4 Write peak in narrowPeak format file... /data/scratch/flanary/atac-seq/untreated/GSE138293/peaks/NB-1643_peaks.narrowPeak 
INFO  @ Tue, 21 Jan 2025 20:25:03: #4 Write summits bed file... /data/scratch/flanary/atac-seq/untreated/GSE138293/peaks/NB-1643_summits.bed 
INFO  @ Tue, 21 Jan 2025 20:25:03: Done! 
