bamFilesList: ['/data/scratch/flanary/atac-seq/untreated/GSE138293/bam/SK-N-SH_final.bam']
binLength: 200
numberOfSamples: None
blackListFileName: None
skipZeroOverZero: False
bed_and_bin: False
genomeChunkSize: None
defaultFragmentLength: read length
numberOfProcessors: 1
verbose: False
region: None
bedFile: None
minMappingQuality: None
ignoreDuplicates: False
chrsToSkip: []
stepSize: 200
center_read: False
samFlag_include: None
samFlag_exclude: None
minFragmentLength: 0
maxFragmentLength: 0
zerosToNans: False
smoothLength: None
save_data: False
out_file_for_raw_data: None
maxPairedFragmentLength: 1000
INFO  @ Tue, 21 Jan 2025 20:19:59: 
# Command line: callpeak --treatment /data/scratch/flanary/atac-seq/untreated/GSE138293/bam/SK-N-SH_final.bam --name SK-N-SH --outdir /data/scratch/flanary/atac-seq/untreated/GSE138293/peaks --gsize hs --nomodel --shift -75 --extsize 150 --keep-dup all --call-summits --pvalue 0.01
# ARGUMENTS LIST:
# name = SK-N-SH
# format = AUTO
# ChIP-seq file = ['/data/scratch/flanary/atac-seq/untreated/GSE138293/bam/SK-N-SH_final.bam']
# control file = None
# effective genome size = 2.70e+09
# band width = 300
# model fold = [5, 50]
# pvalue cutoff = 1.00e-02
# qvalue will not be calculated and reported as -1 in the final output.
# The maximum gap between significant sites is assigned as the read length/tag size.
# The minimum length of peaks is assigned as the predicted fragment length "d".
# Larger dataset will be scaled towards smaller dataset.
# Range for calculating regional lambda is: 10000 bps
# Broad region calling is off
# Paired-End mode is off
# Searching for subpeak summits is on
 
INFO  @ Tue, 21 Jan 2025 20:19:59: #1 read tag files... 
INFO  @ Tue, 21 Jan 2025 20:19:59: #1 read treatment tags... 
INFO  @ Tue, 21 Jan 2025 20:20:00: Detected format is: BAM 
INFO  @ Tue, 21 Jan 2025 20:20:00: * Input file is gzipped. 
INFO  @ Tue, 21 Jan 2025 20:20:03:  1000000 
INFO  @ Tue, 21 Jan 2025 20:20:07:  2000000 
INFO  @ Tue, 21 Jan 2025 20:20:10:  3000000 
INFO  @ Tue, 21 Jan 2025 20:20:14:  4000000 
INFO  @ Tue, 21 Jan 2025 20:20:17:  5000000 
INFO  @ Tue, 21 Jan 2025 20:20:21:  6000000 
INFO  @ Tue, 21 Jan 2025 20:20:24:  7000000 
INFO  @ Tue, 21 Jan 2025 20:20:28:  8000000 
INFO  @ Tue, 21 Jan 2025 20:20:31:  9000000 
INFO  @ Tue, 21 Jan 2025 20:20:35:  10000000 
INFO  @ Tue, 21 Jan 2025 20:20:39:  11000000 
INFO  @ Tue, 21 Jan 2025 20:20:42:  12000000 
INFO  @ Tue, 21 Jan 2025 20:20:46:  13000000 
INFO  @ Tue, 21 Jan 2025 20:20:49:  14000000 
INFO  @ Tue, 21 Jan 2025 20:20:53:  15000000 
INFO  @ Tue, 21 Jan 2025 20:20:56:  16000000 
INFO  @ Tue, 21 Jan 2025 20:21:00:  17000000 
INFO  @ Tue, 21 Jan 2025 20:21:04:  18000000 
INFO  @ Tue, 21 Jan 2025 20:21:07:  19000000 
INFO  @ Tue, 21 Jan 2025 20:21:11:  20000000 
INFO  @ Tue, 21 Jan 2025 20:21:14:  21000000 
INFO  @ Tue, 21 Jan 2025 20:21:18:  22000000 
INFO  @ Tue, 21 Jan 2025 20:21:21:  23000000 
INFO  @ Tue, 21 Jan 2025 20:21:25:  24000000 
INFO  @ Tue, 21 Jan 2025 20:21:28:  25000000 
INFO  @ Tue, 21 Jan 2025 20:21:32:  26000000 
INFO  @ Tue, 21 Jan 2025 20:21:35:  27000000 
INFO  @ Tue, 21 Jan 2025 20:21:39:  28000000 
INFO  @ Tue, 21 Jan 2025 20:21:43:  29000000 
INFO  @ Tue, 21 Jan 2025 20:21:46:  30000000 
INFO  @ Tue, 21 Jan 2025 20:21:50:  31000000 
INFO  @ Tue, 21 Jan 2025 20:21:53:  32000000 
INFO  @ Tue, 21 Jan 2025 20:21:57:  33000000 
INFO  @ Tue, 21 Jan 2025 20:22:00:  34000000 
INFO  @ Tue, 21 Jan 2025 20:22:04:  35000000 
INFO  @ Tue, 21 Jan 2025 20:22:07:  36000000 
INFO  @ Tue, 21 Jan 2025 20:22:11:  37000000 
INFO  @ Tue, 21 Jan 2025 20:22:14:  38000000 
INFO  @ Tue, 21 Jan 2025 20:22:18:  39000000 
INFO  @ Tue, 21 Jan 2025 20:22:21:  40000000 
INFO  @ Tue, 21 Jan 2025 20:22:25:  41000000 
INFO  @ Tue, 21 Jan 2025 20:22:28:  42000000 
INFO  @ Tue, 21 Jan 2025 20:22:32:  43000000 
INFO  @ Tue, 21 Jan 2025 20:22:36:  44000000 
INFO  @ Tue, 21 Jan 2025 20:22:39:  45000000 
INFO  @ Tue, 21 Jan 2025 20:22:43:  46000000 
INFO  @ Tue, 21 Jan 2025 20:22:46:  47000000 
INFO  @ Tue, 21 Jan 2025 20:22:50:  48000000 
INFO  @ Tue, 21 Jan 2025 20:22:53:  49000000 
INFO  @ Tue, 21 Jan 2025 20:22:57:  50000000 
INFO  @ Tue, 21 Jan 2025 20:23:00:  51000000 
INFO  @ Tue, 21 Jan 2025 20:23:04:  52000000 
INFO  @ Tue, 21 Jan 2025 20:23:07: 52682272 reads have been read. 
INFO  @ Tue, 21 Jan 2025 20:23:08: #1 tag size is determined as 96 bps 
INFO  @ Tue, 21 Jan 2025 20:23:08: #1 tag size = 96.0 
INFO  @ Tue, 21 Jan 2025 20:23:08: #1  total tags in treatment: 52682272 
INFO  @ Tue, 21 Jan 2025 20:23:08: #1 finished! 
INFO  @ Tue, 21 Jan 2025 20:23:08: #2 Build Peak Model... 
INFO  @ Tue, 21 Jan 2025 20:23:08: #2 Skipped... 
INFO  @ Tue, 21 Jan 2025 20:23:08: #2 Use 150 as fragment length 
INFO  @ Tue, 21 Jan 2025 20:23:08: #2 Sequencing ends will be shifted towards 5' by 75 bp(s) 
INFO  @ Tue, 21 Jan 2025 20:23:08: #3 Call peaks... 
INFO  @ Tue, 21 Jan 2025 20:23:08: #3 Going to call summits inside each peak ... 
INFO  @ Tue, 21 Jan 2025 20:23:08: #3 Call peaks with given -log10pvalue cutoff: 2.00000 ... 
INFO  @ Tue, 21 Jan 2025 20:23:08: #3 Pre-compute pvalue-qvalue table... 
INFO  @ Tue, 21 Jan 2025 20:25:01: #3 Call peaks for each chromosome... 
INFO  @ Tue, 21 Jan 2025 20:26:40: #4 Write output xls file... /data/scratch/flanary/atac-seq/untreated/GSE138293/peaks/SK-N-SH_peaks.xls 
INFO  @ Tue, 21 Jan 2025 20:26:41: #4 Write peak in narrowPeak format file... /data/scratch/flanary/atac-seq/untreated/GSE138293/peaks/SK-N-SH_peaks.narrowPeak 
INFO  @ Tue, 21 Jan 2025 20:26:42: #4 Write summits bed file... /data/scratch/flanary/atac-seq/untreated/GSE138293/peaks/SK-N-SH_summits.bed 
INFO  @ Tue, 21 Jan 2025 20:26:42: Done! 
