bamFilesList: ['/data/scratch/flanary/atac-seq/untreated/GSE138293/bam/KELLY_final.bam']
binLength: 200
numberOfSamples: None
blackListFileName: None
skipZeroOverZero: False
bed_and_bin: False
genomeChunkSize: None
defaultFragmentLength: read length
numberOfProcessors: 1
verbose: False
region: None
bedFile: None
minMappingQuality: None
ignoreDuplicates: False
chrsToSkip: []
stepSize: 200
center_read: False
samFlag_include: None
samFlag_exclude: None
minFragmentLength: 0
maxFragmentLength: 0
zerosToNans: False
smoothLength: None
save_data: False
out_file_for_raw_data: None
maxPairedFragmentLength: 1000
INFO  @ Tue, 21 Jan 2025 20:15:41: 
# Command line: callpeak --treatment /data/scratch/flanary/atac-seq/untreated/GSE138293/bam/KELLY_final.bam --name KELLY --outdir /data/scratch/flanary/atac-seq/untreated/GSE138293/peaks --gsize hs --nomodel --shift -75 --extsize 150 --keep-dup all --call-summits --pvalue 0.01
# ARGUMENTS LIST:
# name = KELLY
# format = AUTO
# ChIP-seq file = ['/data/scratch/flanary/atac-seq/untreated/GSE138293/bam/KELLY_final.bam']
# control file = None
# effective genome size = 2.70e+09
# band width = 300
# model fold = [5, 50]
# pvalue cutoff = 1.00e-02
# qvalue will not be calculated and reported as -1 in the final output.
# The maximum gap between significant sites is assigned as the read length/tag size.
# The minimum length of peaks is assigned as the predicted fragment length "d".
# Larger dataset will be scaled towards smaller dataset.
# Range for calculating regional lambda is: 10000 bps
# Broad region calling is off
# Paired-End mode is off
# Searching for subpeak summits is on
 
INFO  @ Tue, 21 Jan 2025 20:15:41: #1 read tag files... 
INFO  @ Tue, 21 Jan 2025 20:15:41: #1 read treatment tags... 
INFO  @ Tue, 21 Jan 2025 20:15:41: Detected format is: BAM 
INFO  @ Tue, 21 Jan 2025 20:15:41: * Input file is gzipped. 
INFO  @ Tue, 21 Jan 2025 20:15:45:  1000000 
INFO  @ Tue, 21 Jan 2025 20:15:48:  2000000 
INFO  @ Tue, 21 Jan 2025 20:15:52:  3000000 
INFO  @ Tue, 21 Jan 2025 20:15:56:  4000000 
INFO  @ Tue, 21 Jan 2025 20:16:00:  5000000 
INFO  @ Tue, 21 Jan 2025 20:16:03:  6000000 
INFO  @ Tue, 21 Jan 2025 20:16:07:  7000000 
INFO  @ Tue, 21 Jan 2025 20:16:11:  8000000 
INFO  @ Tue, 21 Jan 2025 20:16:15:  9000000 
INFO  @ Tue, 21 Jan 2025 20:16:19:  10000000 
INFO  @ Tue, 21 Jan 2025 20:16:22:  11000000 
INFO  @ Tue, 21 Jan 2025 20:16:26:  12000000 
INFO  @ Tue, 21 Jan 2025 20:16:30:  13000000 
INFO  @ Tue, 21 Jan 2025 20:16:34:  14000000 
INFO  @ Tue, 21 Jan 2025 20:16:38:  15000000 
INFO  @ Tue, 21 Jan 2025 20:16:42:  16000000 
INFO  @ Tue, 21 Jan 2025 20:16:45:  17000000 
INFO  @ Tue, 21 Jan 2025 20:16:49:  18000000 
INFO  @ Tue, 21 Jan 2025 20:16:53:  19000000 
INFO  @ Tue, 21 Jan 2025 20:16:57:  20000000 
INFO  @ Tue, 21 Jan 2025 20:17:01:  21000000 
INFO  @ Tue, 21 Jan 2025 20:17:04:  22000000 
INFO  @ Tue, 21 Jan 2025 20:17:08:  23000000 
INFO  @ Tue, 21 Jan 2025 20:17:12:  24000000 
INFO  @ Tue, 21 Jan 2025 20:17:16:  25000000 
INFO  @ Tue, 21 Jan 2025 20:17:20:  26000000 
INFO  @ Tue, 21 Jan 2025 20:17:24:  27000000 
INFO  @ Tue, 21 Jan 2025 20:17:27:  28000000 
INFO  @ Tue, 21 Jan 2025 20:17:31:  29000000 
INFO  @ Tue, 21 Jan 2025 20:17:35:  30000000 
INFO  @ Tue, 21 Jan 2025 20:17:39:  31000000 
INFO  @ Tue, 21 Jan 2025 20:17:43:  32000000 
INFO  @ Tue, 21 Jan 2025 20:17:47:  33000000 
INFO  @ Tue, 21 Jan 2025 20:17:50:  34000000 
INFO  @ Tue, 21 Jan 2025 20:17:54:  35000000 
INFO  @ Tue, 21 Jan 2025 20:17:59:  36000000 
INFO  @ Tue, 21 Jan 2025 20:17:59: 36004092 reads have been read. 
INFO  @ Tue, 21 Jan 2025 20:17:59: #1 tag size is determined as 90 bps 
INFO  @ Tue, 21 Jan 2025 20:17:59: #1 tag size = 90.0 
INFO  @ Tue, 21 Jan 2025 20:17:59: #1  total tags in treatment: 36004092 
INFO  @ Tue, 21 Jan 2025 20:17:59: #1 finished! 
INFO  @ Tue, 21 Jan 2025 20:17:59: #2 Build Peak Model... 
INFO  @ Tue, 21 Jan 2025 20:17:59: #2 Skipped... 
INFO  @ Tue, 21 Jan 2025 20:17:59: #2 Use 150 as fragment length 
INFO  @ Tue, 21 Jan 2025 20:17:59: #2 Sequencing ends will be shifted towards 5' by 75 bp(s) 
INFO  @ Tue, 21 Jan 2025 20:17:59: #3 Call peaks... 
INFO  @ Tue, 21 Jan 2025 20:17:59: #3 Going to call summits inside each peak ... 
INFO  @ Tue, 21 Jan 2025 20:17:59: #3 Call peaks with given -log10pvalue cutoff: 2.00000 ... 
INFO  @ Tue, 21 Jan 2025 20:17:59: #3 Pre-compute pvalue-qvalue table... 
INFO  @ Tue, 21 Jan 2025 20:19:17: #3 Call peaks for each chromosome... 
INFO  @ Tue, 21 Jan 2025 20:20:32: #4 Write output xls file... /data/scratch/flanary/atac-seq/untreated/GSE138293/peaks/KELLY_peaks.xls 
INFO  @ Tue, 21 Jan 2025 20:20:32: #4 Write peak in narrowPeak format file... /data/scratch/flanary/atac-seq/untreated/GSE138293/peaks/KELLY_peaks.narrowPeak 
INFO  @ Tue, 21 Jan 2025 20:20:33: #4 Write summits bed file... /data/scratch/flanary/atac-seq/untreated/GSE138293/peaks/KELLY_summits.bed 
INFO  @ Tue, 21 Jan 2025 20:20:33: Done! 
