Loading required package: SeuratObject
Loading required package: sp
'SeuratObject' was built under R 4.4.0 but the current version is
4.4.1; it is recomended that you reinstall 'SeuratObject' as the ABI
for R may have changed

Attaching package: 'SeuratObject'

The following objects are masked from 'package:base':

    intersect, t

-- Attaching core tidyverse packages ------------------------ tidyverse 2.0.0 --
v dplyr     1.1.4     v readr     2.1.5
v forcats   1.0.0     v stringr   1.5.1
v ggplot2   3.5.1     v tibble    3.2.1
v lubridate 1.9.3     v tidyr     1.3.1
v purrr     1.0.2     
-- Conflicts ------------------------------------------ tidyverse_conflicts() --
x dplyr::filter() masks stats::filter()
x dplyr::lag()    masks stats::lag()
i Use the conflicted package (<http://conflicted.r-lib.org/>) to force all conflicts to become errors
here() starts at /home/flanary/Projects/Dry_Lab
Picking joint bandwidth of 354
Picking joint bandwidth of 109
Picking joint bandwidth of 0.19
Picking joint bandwidth of 0.711
Picking joint bandwidth of 0.000562
`stat_bin()` using `bins = 30`. Pick better value with `binwidth`.
`stat_bin()` using `bins = 30`. Pick better value with `binwidth`.
`stat_bin()` using `bins = 30`. Pick better value with `binwidth`.
`stat_bin()` using `bins = 30`. Pick better value with `binwidth`.
`stat_bin()` using `bins = 30`. Pick better value with `binwidth`.
Warning message:
In SingleExIPlot(type = type, data = data[, x, drop = FALSE], idents = idents,  :
  All cells have the same value of percent_hb.
Picking joint bandwidth of 247
Picking joint bandwidth of 96.4
Picking joint bandwidth of 0.194
Picking joint bandwidth of 0.728
Picking joint bandwidth of 0.128
Warning message:
In SingleExIPlot(type = type, data = data[, x, drop = FALSE], idents = idents,  :
  All cells have the same value of percent_hb.
`stat_bin()` using `bins = 30`. Pick better value with `binwidth`.
`stat_bin()` using `bins = 30`. Pick better value with `binwidth`.
`stat_bin()` using `bins = 30`. Pick better value with `binwidth`.
`stat_bin()` using `bins = 30`. Pick better value with `binwidth`.
`stat_bin()` using `bins = 30`. Pick better value with `binwidth`.
