'/data/scratch/flanary/atac-seq/treated/Sen_241217/final_bam/SY5Y_final.bam' does not appear to have an index. You MUST index the file first!
INFO  @ Mon, 27 Jan 2025 15:08:47: 
# Command line: callpeak --treatment /data/scratch/flanary/atac-seq/treated/Sen_241217/final_bam/SY5Y_final.bam --name SY5Y --outdir /data/scratch/flanary/atac-seq/treated/Sen_241217/peaks --gsize hs --nomodel --shift -75 --extsize 150 --keep-dup all --call-summits --pvalue 0.01
# ARGUMENTS LIST:
# name = SY5Y
# format = AUTO
# ChIP-seq file = ['/data/scratch/flanary/atac-seq/treated/Sen_241217/final_bam/SY5Y_final.bam']
# control file = None
# effective genome size = 2.70e+09
# band width = 300
# model fold = [5, 50]
# pvalue cutoff = 1.00e-02
# qvalue will not be calculated and reported as -1 in the final output.
# The maximum gap between significant sites is assigned as the read length/tag size.
# The minimum length of peaks is assigned as the predicted fragment length "d".
# Larger dataset will be scaled towards smaller dataset.
# Range for calculating regional lambda is: 10000 bps
# Broad region calling is off
# Paired-End mode is off
# Searching for subpeak summits is on
 
INFO  @ Mon, 27 Jan 2025 15:08:47: #1 read tag files... 
INFO  @ Mon, 27 Jan 2025 15:08:47: #1 read treatment tags... 
INFO  @ Mon, 27 Jan 2025 15:08:47: Detected format is: BAM 
INFO  @ Mon, 27 Jan 2025 15:08:47: * Input file is gzipped. 
INFO  @ Mon, 27 Jan 2025 15:08:50:  1000000 
INFO  @ Mon, 27 Jan 2025 15:08:53:  2000000 
INFO  @ Mon, 27 Jan 2025 15:08:56:  3000000 
INFO  @ Mon, 27 Jan 2025 15:08:58:  4000000 
INFO  @ Mon, 27 Jan 2025 15:09:01:  5000000 
INFO  @ Mon, 27 Jan 2025 15:09:04:  6000000 
INFO  @ Mon, 27 Jan 2025 15:09:07:  7000000 
INFO  @ Mon, 27 Jan 2025 15:09:10:  8000000 
INFO  @ Mon, 27 Jan 2025 15:09:13:  9000000 
INFO  @ Mon, 27 Jan 2025 15:09:16:  10000000 
INFO  @ Mon, 27 Jan 2025 15:09:19:  11000000 
INFO  @ Mon, 27 Jan 2025 15:09:21:  12000000 
INFO  @ Mon, 27 Jan 2025 15:09:24:  13000000 
INFO  @ Mon, 27 Jan 2025 15:09:27:  14000000 
INFO  @ Mon, 27 Jan 2025 15:09:30:  15000000 
INFO  @ Mon, 27 Jan 2025 15:09:33:  16000000 
INFO  @ Mon, 27 Jan 2025 15:09:36:  17000000 
INFO  @ Mon, 27 Jan 2025 15:09:39:  18000000 
INFO  @ Mon, 27 Jan 2025 15:09:42:  19000000 
INFO  @ Mon, 27 Jan 2025 15:09:44:  20000000 
INFO  @ Mon, 27 Jan 2025 15:09:47:  21000000 
INFO  @ Mon, 27 Jan 2025 15:09:50:  22000000 
INFO  @ Mon, 27 Jan 2025 15:09:53:  23000000 
INFO  @ Mon, 27 Jan 2025 15:09:56:  24000000 
INFO  @ Mon, 27 Jan 2025 15:09:59:  25000000 
INFO  @ Mon, 27 Jan 2025 15:10:02:  26000000 
INFO  @ Mon, 27 Jan 2025 15:10:05:  27000000 
INFO  @ Mon, 27 Jan 2025 15:10:08:  28000000 
INFO  @ Mon, 27 Jan 2025 15:10:11:  29000000 
INFO  @ Mon, 27 Jan 2025 15:10:14:  30000000 
INFO  @ Mon, 27 Jan 2025 15:10:17:  31000000 
INFO  @ Mon, 27 Jan 2025 15:10:20:  32000000 
INFO  @ Mon, 27 Jan 2025 15:10:22:  33000000 
INFO  @ Mon, 27 Jan 2025 15:10:25:  34000000 
INFO  @ Mon, 27 Jan 2025 15:10:28:  35000000 
INFO  @ Mon, 27 Jan 2025 15:10:31:  36000000 
INFO  @ Mon, 27 Jan 2025 15:10:34:  37000000 
INFO  @ Mon, 27 Jan 2025 15:10:37:  38000000 
INFO  @ Mon, 27 Jan 2025 15:10:40:  39000000 
INFO  @ Mon, 27 Jan 2025 15:10:43:  40000000 
INFO  @ Mon, 27 Jan 2025 15:10:46:  41000000 
INFO  @ Mon, 27 Jan 2025 15:10:48:  42000000 
INFO  @ Mon, 27 Jan 2025 15:10:51:  43000000 
INFO  @ Mon, 27 Jan 2025 15:10:54:  44000000 
INFO  @ Mon, 27 Jan 2025 15:10:57:  45000000 
INFO  @ Mon, 27 Jan 2025 15:11:00:  46000000 
INFO  @ Mon, 27 Jan 2025 15:11:03:  47000000 
INFO  @ Mon, 27 Jan 2025 15:11:06:  48000000 
INFO  @ Mon, 27 Jan 2025 15:11:09:  49000000 
INFO  @ Mon, 27 Jan 2025 15:11:12:  50000000 
INFO  @ Mon, 27 Jan 2025 15:11:15:  51000000 
INFO  @ Mon, 27 Jan 2025 15:11:18:  52000000 
INFO  @ Mon, 27 Jan 2025 15:11:20:  53000000 
INFO  @ Mon, 27 Jan 2025 15:11:23:  54000000 
INFO  @ Mon, 27 Jan 2025 15:11:26:  55000000 
INFO  @ Mon, 27 Jan 2025 15:11:29:  56000000 
INFO  @ Mon, 27 Jan 2025 15:11:32:  57000000 
INFO  @ Mon, 27 Jan 2025 15:11:35:  58000000 
INFO  @ Mon, 27 Jan 2025 15:11:38:  59000000 
INFO  @ Mon, 27 Jan 2025 15:11:41:  60000000 
INFO  @ Mon, 27 Jan 2025 15:11:44:  61000000 
INFO  @ Mon, 27 Jan 2025 15:11:47:  62000000 
INFO  @ Mon, 27 Jan 2025 15:11:50:  63000000 
INFO  @ Mon, 27 Jan 2025 15:11:53:  64000000 
INFO  @ Mon, 27 Jan 2025 15:11:55:  65000000 
INFO  @ Mon, 27 Jan 2025 15:11:58:  66000000 
INFO  @ Mon, 27 Jan 2025 15:12:01:  67000000 
INFO  @ Mon, 27 Jan 2025 15:12:04:  68000000 
INFO  @ Mon, 27 Jan 2025 15:12:07:  69000000 
INFO  @ Mon, 27 Jan 2025 15:12:10:  70000000 
INFO  @ Mon, 27 Jan 2025 15:12:13:  71000000 
INFO  @ Mon, 27 Jan 2025 15:12:16:  72000000 
INFO  @ Mon, 27 Jan 2025 15:12:19:  73000000 
INFO  @ Mon, 27 Jan 2025 15:12:22:  74000000 
INFO  @ Mon, 27 Jan 2025 15:12:25:  75000000 
INFO  @ Mon, 27 Jan 2025 15:12:28:  76000000 
INFO  @ Mon, 27 Jan 2025 15:12:30:  77000000 
INFO  @ Mon, 27 Jan 2025 15:12:33:  78000000 
INFO  @ Mon, 27 Jan 2025 15:12:36:  79000000 
INFO  @ Mon, 27 Jan 2025 15:12:39:  80000000 
INFO  @ Mon, 27 Jan 2025 15:12:42:  81000000 
INFO  @ Mon, 27 Jan 2025 15:12:45:  82000000 
INFO  @ Mon, 27 Jan 2025 15:12:48:  83000000 
INFO  @ Mon, 27 Jan 2025 15:12:51:  84000000 
INFO  @ Mon, 27 Jan 2025 15:12:54:  85000000 
INFO  @ Mon, 27 Jan 2025 15:12:57:  86000000 
INFO  @ Mon, 27 Jan 2025 15:13:00:  87000000 
INFO  @ Mon, 27 Jan 2025 15:13:03:  88000000 
INFO  @ Mon, 27 Jan 2025 15:13:06:  89000000 
INFO  @ Mon, 27 Jan 2025 15:13:08:  90000000 
INFO  @ Mon, 27 Jan 2025 15:13:11:  91000000 
INFO  @ Mon, 27 Jan 2025 15:13:14:  92000000 
INFO  @ Mon, 27 Jan 2025 15:13:17:  93000000 
INFO  @ Mon, 27 Jan 2025 15:13:20:  94000000 
INFO  @ Mon, 27 Jan 2025 15:13:23:  95000000 
INFO  @ Mon, 27 Jan 2025 15:13:26:  96000000 
INFO  @ Mon, 27 Jan 2025 15:13:29:  97000000 
INFO  @ Mon, 27 Jan 2025 15:13:32:  98000000 
INFO  @ Mon, 27 Jan 2025 15:13:35:  99000000 
INFO  @ Mon, 27 Jan 2025 15:13:38:  100000000 
INFO  @ Mon, 27 Jan 2025 15:13:41:  101000000 
INFO  @ Mon, 27 Jan 2025 15:13:44:  102000000 
INFO  @ Mon, 27 Jan 2025 15:13:46:  103000000 
INFO  @ Mon, 27 Jan 2025 15:13:49:  104000000 
INFO  @ Mon, 27 Jan 2025 15:13:52:  105000000 
INFO  @ Mon, 27 Jan 2025 15:13:55:  106000000 
INFO  @ Mon, 27 Jan 2025 15:13:59:  107000000 
INFO  @ Mon, 27 Jan 2025 15:14:06:  108000000 
INFO  @ Mon, 27 Jan 2025 15:14:08:  109000000 
INFO  @ Mon, 27 Jan 2025 15:14:11:  110000000 
INFO  @ Mon, 27 Jan 2025 15:14:14:  111000000 
INFO  @ Mon, 27 Jan 2025 15:14:17:  112000000 
INFO  @ Mon, 27 Jan 2025 15:14:20:  113000000 
INFO  @ Mon, 27 Jan 2025 15:14:23:  114000000 
INFO  @ Mon, 27 Jan 2025 15:14:26:  115000000 
INFO  @ Mon, 27 Jan 2025 15:14:29:  116000000 
INFO  @ Mon, 27 Jan 2025 15:14:32:  117000000 
INFO  @ Mon, 27 Jan 2025 15:14:35:  118000000 
INFO  @ Mon, 27 Jan 2025 15:14:38:  119000000 
INFO  @ Mon, 27 Jan 2025 15:14:41:  120000000 
INFO  @ Mon, 27 Jan 2025 15:14:44:  121000000 
INFO  @ Mon, 27 Jan 2025 15:14:46:  122000000 
INFO  @ Mon, 27 Jan 2025 15:14:50:  123000000 
INFO  @ Mon, 27 Jan 2025 15:14:53:  124000000 
INFO  @ Mon, 27 Jan 2025 15:14:55:  125000000 
INFO  @ Mon, 27 Jan 2025 15:14:58:  126000000 
INFO  @ Mon, 27 Jan 2025 15:15:01:  127000000 
INFO  @ Mon, 27 Jan 2025 15:15:04:  128000000 
INFO  @ Mon, 27 Jan 2025 15:15:07:  129000000 
INFO  @ Mon, 27 Jan 2025 15:15:10:  130000000 
INFO  @ Mon, 27 Jan 2025 15:15:13:  131000000 
INFO  @ Mon, 27 Jan 2025 15:15:16:  132000000 
INFO  @ Mon, 27 Jan 2025 15:15:19:  133000000 
INFO  @ Mon, 27 Jan 2025 15:15:22:  134000000 
INFO  @ Mon, 27 Jan 2025 15:15:25:  135000000 
INFO  @ Mon, 27 Jan 2025 15:15:28:  136000000 
INFO  @ Mon, 27 Jan 2025 15:15:30:  137000000 
INFO  @ Mon, 27 Jan 2025 15:15:33:  138000000 
INFO  @ Mon, 27 Jan 2025 15:15:36:  139000000 
INFO  @ Mon, 27 Jan 2025 15:15:39:  140000000 
INFO  @ Mon, 27 Jan 2025 15:15:42:  141000000 
INFO  @ Mon, 27 Jan 2025 15:15:45:  142000000 
INFO  @ Mon, 27 Jan 2025 15:15:48:  143000000 
INFO  @ Mon, 27 Jan 2025 15:15:51:  144000000 
INFO  @ Mon, 27 Jan 2025 15:15:54:  145000000 
INFO  @ Mon, 27 Jan 2025 15:15:57:  146000000 
INFO  @ Mon, 27 Jan 2025 15:16:00:  147000000 
INFO  @ Mon, 27 Jan 2025 15:16:03:  148000000 
INFO  @ Mon, 27 Jan 2025 15:16:06:  149000000 
INFO  @ Mon, 27 Jan 2025 15:16:08:  150000000 
INFO  @ Mon, 27 Jan 2025 15:16:11:  151000000 
INFO  @ Mon, 27 Jan 2025 15:16:14:  152000000 
INFO  @ Mon, 27 Jan 2025 15:16:17:  153000000 
INFO  @ Mon, 27 Jan 2025 15:16:20:  154000000 
INFO  @ Mon, 27 Jan 2025 15:16:23:  155000000 
INFO  @ Mon, 27 Jan 2025 15:16:26:  156000000 
INFO  @ Mon, 27 Jan 2025 15:16:29:  157000000 
INFO  @ Mon, 27 Jan 2025 15:16:32:  158000000 
INFO  @ Mon, 27 Jan 2025 15:16:35:  159000000 
INFO  @ Mon, 27 Jan 2025 15:16:37:  160000000 
INFO  @ Mon, 27 Jan 2025 15:16:40:  161000000 
INFO  @ Mon, 27 Jan 2025 15:16:43:  162000000 
INFO  @ Mon, 27 Jan 2025 15:16:46:  163000000 
INFO  @ Mon, 27 Jan 2025 15:16:49:  164000000 
INFO  @ Mon, 27 Jan 2025 15:16:52:  165000000 
INFO  @ Mon, 27 Jan 2025 15:16:55:  166000000 
INFO  @ Mon, 27 Jan 2025 15:16:58:  167000000 
INFO  @ Mon, 27 Jan 2025 15:17:01:  168000000 
INFO  @ Mon, 27 Jan 2025 15:17:04:  169000000 
INFO  @ Mon, 27 Jan 2025 15:17:07:  170000000 
INFO  @ Mon, 27 Jan 2025 15:17:10:  171000000 
INFO  @ Mon, 27 Jan 2025 15:17:13:  172000000 
INFO  @ Mon, 27 Jan 2025 15:17:15:  173000000 
INFO  @ Mon, 27 Jan 2025 15:17:18:  174000000 
INFO  @ Mon, 27 Jan 2025 15:17:21:  175000000 
INFO  @ Mon, 27 Jan 2025 15:17:24: 175578992 reads have been read. 
INFO  @ Mon, 27 Jan 2025 15:17:25: #1 tag size is determined as 99 bps 
INFO  @ Mon, 27 Jan 2025 15:17:25: #1 tag size = 99.0 
INFO  @ Mon, 27 Jan 2025 15:17:25: #1  total tags in treatment: 175578992 
INFO  @ Mon, 27 Jan 2025 15:17:25: #1 finished! 
INFO  @ Mon, 27 Jan 2025 15:17:25: #2 Build Peak Model... 
INFO  @ Mon, 27 Jan 2025 15:17:25: #2 Skipped... 
INFO  @ Mon, 27 Jan 2025 15:17:25: #2 Use 150 as fragment length 
INFO  @ Mon, 27 Jan 2025 15:17:25: #2 Sequencing ends will be shifted towards 5' by 75 bp(s) 
INFO  @ Mon, 27 Jan 2025 15:17:25: #3 Call peaks... 
INFO  @ Mon, 27 Jan 2025 15:17:25: #3 Going to call summits inside each peak ... 
INFO  @ Mon, 27 Jan 2025 15:17:25: #3 Call peaks with given -log10pvalue cutoff: 2.00000 ... 
INFO  @ Mon, 27 Jan 2025 15:17:25: #3 Pre-compute pvalue-qvalue table... 
INFO  @ Mon, 27 Jan 2025 15:22:18: #3 Call peaks for each chromosome... 
INFO  @ Mon, 27 Jan 2025 15:26:02: #4 Write output xls file... /data/scratch/flanary/atac-seq/treated/Sen_241217/peaks/SY5Y_peaks.xls 
INFO  @ Mon, 27 Jan 2025 15:26:03: #4 Write peak in narrowPeak format file... /data/scratch/flanary/atac-seq/treated/Sen_241217/peaks/SY5Y_peaks.narrowPeak 
INFO  @ Mon, 27 Jan 2025 15:26:04: #4 Write summits bed file... /data/scratch/flanary/atac-seq/treated/Sen_241217/peaks/SY5Y_summits.bed 
INFO  @ Mon, 27 Jan 2025 15:26:05: Done! 
