'/data/scratch/flanary/atac-seq/treated/Sen_241217/final_bam/SHEP_final.bam' does not appear to have an index. You MUST index the file first!
INFO  @ Mon, 27 Jan 2025 15:08:49: 
# Command line: callpeak --treatment /data/scratch/flanary/atac-seq/treated/Sen_241217/final_bam/SHEP_final.bam --name SHEP --outdir /data/scratch/flanary/atac-seq/treated/Sen_241217/peaks --gsize hs --nomodel --shift -75 --extsize 150 --keep-dup all --call-summits --pvalue 0.01
# ARGUMENTS LIST:
# name = SHEP
# format = AUTO
# ChIP-seq file = ['/data/scratch/flanary/atac-seq/treated/Sen_241217/final_bam/SHEP_final.bam']
# control file = None
# effective genome size = 2.70e+09
# band width = 300
# model fold = [5, 50]
# pvalue cutoff = 1.00e-02
# qvalue will not be calculated and reported as -1 in the final output.
# The maximum gap between significant sites is assigned as the read length/tag size.
# The minimum length of peaks is assigned as the predicted fragment length "d".
# Larger dataset will be scaled towards smaller dataset.
# Range for calculating regional lambda is: 10000 bps
# Broad region calling is off
# Paired-End mode is off
# Searching for subpeak summits is on
 
INFO  @ Mon, 27 Jan 2025 15:08:49: #1 read tag files... 
INFO  @ Mon, 27 Jan 2025 15:08:49: #1 read treatment tags... 
INFO  @ Mon, 27 Jan 2025 15:08:49: Detected format is: BAM 
INFO  @ Mon, 27 Jan 2025 15:08:49: * Input file is gzipped. 
INFO  @ Mon, 27 Jan 2025 15:08:51:  1000000 
INFO  @ Mon, 27 Jan 2025 15:08:54:  2000000 
INFO  @ Mon, 27 Jan 2025 15:08:57:  3000000 
INFO  @ Mon, 27 Jan 2025 15:09:00:  4000000 
INFO  @ Mon, 27 Jan 2025 15:09:03:  5000000 
INFO  @ Mon, 27 Jan 2025 15:09:06:  6000000 
INFO  @ Mon, 27 Jan 2025 15:09:08:  7000000 
INFO  @ Mon, 27 Jan 2025 15:09:11:  8000000 
INFO  @ Mon, 27 Jan 2025 15:09:14:  9000000 
INFO  @ Mon, 27 Jan 2025 15:09:17:  10000000 
INFO  @ Mon, 27 Jan 2025 15:09:20:  11000000 
INFO  @ Mon, 27 Jan 2025 15:09:23:  12000000 
INFO  @ Mon, 27 Jan 2025 15:09:26:  13000000 
INFO  @ Mon, 27 Jan 2025 15:09:28:  14000000 
INFO  @ Mon, 27 Jan 2025 15:09:31:  15000000 
INFO  @ Mon, 27 Jan 2025 15:09:34:  16000000 
INFO  @ Mon, 27 Jan 2025 15:09:37:  17000000 
INFO  @ Mon, 27 Jan 2025 15:09:40:  18000000 
INFO  @ Mon, 27 Jan 2025 15:09:43:  19000000 
INFO  @ Mon, 27 Jan 2025 15:09:46:  20000000 
INFO  @ Mon, 27 Jan 2025 15:09:48:  21000000 
INFO  @ Mon, 27 Jan 2025 15:09:51:  22000000 
INFO  @ Mon, 27 Jan 2025 15:09:54:  23000000 
INFO  @ Mon, 27 Jan 2025 15:09:57:  24000000 
INFO  @ Mon, 27 Jan 2025 15:10:00:  25000000 
INFO  @ Mon, 27 Jan 2025 15:10:03:  26000000 
INFO  @ Mon, 27 Jan 2025 15:10:06:  27000000 
INFO  @ Mon, 27 Jan 2025 15:10:08:  28000000 
INFO  @ Mon, 27 Jan 2025 15:10:11:  29000000 
INFO  @ Mon, 27 Jan 2025 15:10:14:  30000000 
INFO  @ Mon, 27 Jan 2025 15:10:17:  31000000 
INFO  @ Mon, 27 Jan 2025 15:10:20:  32000000 
INFO  @ Mon, 27 Jan 2025 15:10:23:  33000000 
INFO  @ Mon, 27 Jan 2025 15:10:26:  34000000 
INFO  @ Mon, 27 Jan 2025 15:10:28:  35000000 
INFO  @ Mon, 27 Jan 2025 15:10:31:  36000000 
INFO  @ Mon, 27 Jan 2025 15:10:34:  37000000 
INFO  @ Mon, 27 Jan 2025 15:10:37:  38000000 
INFO  @ Mon, 27 Jan 2025 15:10:40:  39000000 
INFO  @ Mon, 27 Jan 2025 15:10:43:  40000000 
INFO  @ Mon, 27 Jan 2025 15:10:46:  41000000 
INFO  @ Mon, 27 Jan 2025 15:10:48:  42000000 
INFO  @ Mon, 27 Jan 2025 15:10:51:  43000000 
INFO  @ Mon, 27 Jan 2025 15:10:54:  44000000 
INFO  @ Mon, 27 Jan 2025 15:10:57:  45000000 
INFO  @ Mon, 27 Jan 2025 15:11:00:  46000000 
INFO  @ Mon, 27 Jan 2025 15:11:03:  47000000 
INFO  @ Mon, 27 Jan 2025 15:11:05:  48000000 
INFO  @ Mon, 27 Jan 2025 15:11:08:  49000000 
INFO  @ Mon, 27 Jan 2025 15:11:11:  50000000 
INFO  @ Mon, 27 Jan 2025 15:11:14:  51000000 
INFO  @ Mon, 27 Jan 2025 15:11:17:  52000000 
INFO  @ Mon, 27 Jan 2025 15:11:20:  53000000 
INFO  @ Mon, 27 Jan 2025 15:11:23:  54000000 
INFO  @ Mon, 27 Jan 2025 15:11:25:  55000000 
INFO  @ Mon, 27 Jan 2025 15:11:28:  56000000 
INFO  @ Mon, 27 Jan 2025 15:11:31:  57000000 
INFO  @ Mon, 27 Jan 2025 15:11:34:  58000000 
INFO  @ Mon, 27 Jan 2025 15:11:37:  59000000 
INFO  @ Mon, 27 Jan 2025 15:11:40:  60000000 
INFO  @ Mon, 27 Jan 2025 15:11:43:  61000000 
INFO  @ Mon, 27 Jan 2025 15:11:46:  62000000 
INFO  @ Mon, 27 Jan 2025 15:11:48:  63000000 
INFO  @ Mon, 27 Jan 2025 15:11:51:  64000000 
INFO  @ Mon, 27 Jan 2025 15:11:54:  65000000 
INFO  @ Mon, 27 Jan 2025 15:11:57:  66000000 
INFO  @ Mon, 27 Jan 2025 15:12:00:  67000000 
INFO  @ Mon, 27 Jan 2025 15:12:03:  68000000 
INFO  @ Mon, 27 Jan 2025 15:12:06:  69000000 
INFO  @ Mon, 27 Jan 2025 15:12:08:  70000000 
INFO  @ Mon, 27 Jan 2025 15:12:11:  71000000 
INFO  @ Mon, 27 Jan 2025 15:12:14:  72000000 
INFO  @ Mon, 27 Jan 2025 15:12:17:  73000000 
INFO  @ Mon, 27 Jan 2025 15:12:20:  74000000 
INFO  @ Mon, 27 Jan 2025 15:12:23:  75000000 
INFO  @ Mon, 27 Jan 2025 15:12:26:  76000000 
INFO  @ Mon, 27 Jan 2025 15:12:28:  77000000 
INFO  @ Mon, 27 Jan 2025 15:12:31:  78000000 
INFO  @ Mon, 27 Jan 2025 15:12:34:  79000000 
INFO  @ Mon, 27 Jan 2025 15:12:37:  80000000 
INFO  @ Mon, 27 Jan 2025 15:12:40:  81000000 
INFO  @ Mon, 27 Jan 2025 15:12:43:  82000000 
INFO  @ Mon, 27 Jan 2025 15:12:46:  83000000 
INFO  @ Mon, 27 Jan 2025 15:12:48:  84000000 
INFO  @ Mon, 27 Jan 2025 15:12:51:  85000000 
INFO  @ Mon, 27 Jan 2025 15:12:54:  86000000 
INFO  @ Mon, 27 Jan 2025 15:12:57:  87000000 
INFO  @ Mon, 27 Jan 2025 15:13:00:  88000000 
INFO  @ Mon, 27 Jan 2025 15:13:03:  89000000 
INFO  @ Mon, 27 Jan 2025 15:13:06:  90000000 
INFO  @ Mon, 27 Jan 2025 15:13:09:  91000000 
INFO  @ Mon, 27 Jan 2025 15:13:12:  92000000 
INFO  @ Mon, 27 Jan 2025 15:13:14:  93000000 
INFO  @ Mon, 27 Jan 2025 15:13:17:  94000000 
INFO  @ Mon, 27 Jan 2025 15:13:20:  95000000 
INFO  @ Mon, 27 Jan 2025 15:13:23:  96000000 
INFO  @ Mon, 27 Jan 2025 15:13:26:  97000000 
INFO  @ Mon, 27 Jan 2025 15:13:29:  98000000 
INFO  @ Mon, 27 Jan 2025 15:13:32:  99000000 
INFO  @ Mon, 27 Jan 2025 15:13:34:  100000000 
INFO  @ Mon, 27 Jan 2025 15:13:37:  101000000 
INFO  @ Mon, 27 Jan 2025 15:13:40:  102000000 
INFO  @ Mon, 27 Jan 2025 15:13:43:  103000000 
INFO  @ Mon, 27 Jan 2025 15:13:46:  104000000 
INFO  @ Mon, 27 Jan 2025 15:13:49:  105000000 
INFO  @ Mon, 27 Jan 2025 15:13:52:  106000000 
INFO  @ Mon, 27 Jan 2025 15:13:55:  107000000 
INFO  @ Mon, 27 Jan 2025 15:13:58:  108000000 
INFO  @ Mon, 27 Jan 2025 15:14:00:  109000000 
INFO  @ Mon, 27 Jan 2025 15:14:05:  110000000 
INFO  @ Mon, 27 Jan 2025 15:14:08:  111000000 
INFO  @ Mon, 27 Jan 2025 15:14:10:  112000000 
INFO  @ Mon, 27 Jan 2025 15:14:13:  113000000 
INFO  @ Mon, 27 Jan 2025 15:14:16:  114000000 
INFO  @ Mon, 27 Jan 2025 15:14:19:  115000000 
INFO  @ Mon, 27 Jan 2025 15:14:23: 115863528 reads have been read. 
INFO  @ Mon, 27 Jan 2025 15:14:23: #1 tag size is determined as 99 bps 
INFO  @ Mon, 27 Jan 2025 15:14:23: #1 tag size = 99.0 
INFO  @ Mon, 27 Jan 2025 15:14:23: #1  total tags in treatment: 115863528 
INFO  @ Mon, 27 Jan 2025 15:14:23: #1 finished! 
INFO  @ Mon, 27 Jan 2025 15:14:23: #2 Build Peak Model... 
INFO  @ Mon, 27 Jan 2025 15:14:23: #2 Skipped... 
INFO  @ Mon, 27 Jan 2025 15:14:23: #2 Use 150 as fragment length 
INFO  @ Mon, 27 Jan 2025 15:14:23: #2 Sequencing ends will be shifted towards 5' by 75 bp(s) 
INFO  @ Mon, 27 Jan 2025 15:14:23: #3 Call peaks... 
INFO  @ Mon, 27 Jan 2025 15:14:23: #3 Going to call summits inside each peak ... 
INFO  @ Mon, 27 Jan 2025 15:14:23: #3 Call peaks with given -log10pvalue cutoff: 2.00000 ... 
INFO  @ Mon, 27 Jan 2025 15:14:23: #3 Pre-compute pvalue-qvalue table... 
INFO  @ Mon, 27 Jan 2025 15:17:42: #3 Call peaks for each chromosome... 
INFO  @ Mon, 27 Jan 2025 15:21:19: #4 Write output xls file... /data/scratch/flanary/atac-seq/treated/Sen_241217/peaks/SHEP_peaks.xls 
INFO  @ Mon, 27 Jan 2025 15:21:21: #4 Write peak in narrowPeak format file... /data/scratch/flanary/atac-seq/treated/Sen_241217/peaks/SHEP_peaks.narrowPeak 
INFO  @ Mon, 27 Jan 2025 15:21:22: #4 Write summits bed file... /data/scratch/flanary/atac-seq/treated/Sen_241217/peaks/SHEP_summits.bed 
INFO  @ Mon, 27 Jan 2025 15:21:22: Done! 
