'/data/scratch/flanary/atac-seq/treated/Sen_241217/final_bam/SKNAS_final.bam' does not appear to have an index. You MUST index the file first!
INFO  @ Mon, 27 Jan 2025 15:08:47: 
# Command line: callpeak --treatment /data/scratch/flanary/atac-seq/treated/Sen_241217/final_bam/SKNAS_final.bam --name SKNAS --outdir /data/scratch/flanary/atac-seq/treated/Sen_241217/peaks --gsize hs --nomodel --shift -75 --extsize 150 --keep-dup all --call-summits --pvalue 0.01
# ARGUMENTS LIST:
# name = SKNAS
# format = AUTO
# ChIP-seq file = ['/data/scratch/flanary/atac-seq/treated/Sen_241217/final_bam/SKNAS_final.bam']
# control file = None
# effective genome size = 2.70e+09
# band width = 300
# model fold = [5, 50]
# pvalue cutoff = 1.00e-02
# qvalue will not be calculated and reported as -1 in the final output.
# The maximum gap between significant sites is assigned as the read length/tag size.
# The minimum length of peaks is assigned as the predicted fragment length "d".
# Larger dataset will be scaled towards smaller dataset.
# Range for calculating regional lambda is: 10000 bps
# Broad region calling is off
# Paired-End mode is off
# Searching for subpeak summits is on
 
INFO  @ Mon, 27 Jan 2025 15:08:47: #1 read tag files... 
INFO  @ Mon, 27 Jan 2025 15:08:47: #1 read treatment tags... 
INFO  @ Mon, 27 Jan 2025 15:08:47: Detected format is: BAM 
INFO  @ Mon, 27 Jan 2025 15:08:47: * Input file is gzipped. 
INFO  @ Mon, 27 Jan 2025 15:08:50:  1000000 
INFO  @ Mon, 27 Jan 2025 15:08:53:  2000000 
INFO  @ Mon, 27 Jan 2025 15:08:56:  3000000 
INFO  @ Mon, 27 Jan 2025 15:08:58:  4000000 
INFO  @ Mon, 27 Jan 2025 15:09:01:  5000000 
INFO  @ Mon, 27 Jan 2025 15:09:04:  6000000 
INFO  @ Mon, 27 Jan 2025 15:09:07:  7000000 
INFO  @ Mon, 27 Jan 2025 15:09:10:  8000000 
INFO  @ Mon, 27 Jan 2025 15:09:13:  9000000 
INFO  @ Mon, 27 Jan 2025 15:09:16:  10000000 
INFO  @ Mon, 27 Jan 2025 15:09:18:  11000000 
INFO  @ Mon, 27 Jan 2025 15:09:21:  12000000 
INFO  @ Mon, 27 Jan 2025 15:09:24:  13000000 
INFO  @ Mon, 27 Jan 2025 15:09:27:  14000000 
INFO  @ Mon, 27 Jan 2025 15:09:30:  15000000 
INFO  @ Mon, 27 Jan 2025 15:09:33:  16000000 
INFO  @ Mon, 27 Jan 2025 15:09:36:  17000000 
INFO  @ Mon, 27 Jan 2025 15:09:39:  18000000 
INFO  @ Mon, 27 Jan 2025 15:09:41:  19000000 
INFO  @ Mon, 27 Jan 2025 15:09:44:  20000000 
INFO  @ Mon, 27 Jan 2025 15:09:47:  21000000 
INFO  @ Mon, 27 Jan 2025 15:09:50:  22000000 
INFO  @ Mon, 27 Jan 2025 15:09:53:  23000000 
INFO  @ Mon, 27 Jan 2025 15:09:56:  24000000 
INFO  @ Mon, 27 Jan 2025 15:09:59:  25000000 
INFO  @ Mon, 27 Jan 2025 15:10:02:  26000000 
INFO  @ Mon, 27 Jan 2025 15:10:05:  27000000 
INFO  @ Mon, 27 Jan 2025 15:10:08:  28000000 
INFO  @ Mon, 27 Jan 2025 15:10:10:  29000000 
INFO  @ Mon, 27 Jan 2025 15:10:13:  30000000 
INFO  @ Mon, 27 Jan 2025 15:10:16:  31000000 
INFO  @ Mon, 27 Jan 2025 15:10:19:  32000000 
INFO  @ Mon, 27 Jan 2025 15:10:22:  33000000 
INFO  @ Mon, 27 Jan 2025 15:10:25:  34000000 
INFO  @ Mon, 27 Jan 2025 15:10:28:  35000000 
INFO  @ Mon, 27 Jan 2025 15:10:31:  36000000 
INFO  @ Mon, 27 Jan 2025 15:10:34:  37000000 
INFO  @ Mon, 27 Jan 2025 15:10:36:  38000000 
INFO  @ Mon, 27 Jan 2025 15:10:39:  39000000 
INFO  @ Mon, 27 Jan 2025 15:10:42:  40000000 
INFO  @ Mon, 27 Jan 2025 15:10:45:  41000000 
INFO  @ Mon, 27 Jan 2025 15:10:48:  42000000 
INFO  @ Mon, 27 Jan 2025 15:10:51:  43000000 
INFO  @ Mon, 27 Jan 2025 15:10:54:  44000000 
INFO  @ Mon, 27 Jan 2025 15:10:57:  45000000 
INFO  @ Mon, 27 Jan 2025 15:11:00:  46000000 
INFO  @ Mon, 27 Jan 2025 15:11:03:  47000000 
INFO  @ Mon, 27 Jan 2025 15:11:05:  48000000 
INFO  @ Mon, 27 Jan 2025 15:11:08:  49000000 
INFO  @ Mon, 27 Jan 2025 15:11:11:  50000000 
INFO  @ Mon, 27 Jan 2025 15:11:14:  51000000 
INFO  @ Mon, 27 Jan 2025 15:11:17:  52000000 
INFO  @ Mon, 27 Jan 2025 15:11:20:  53000000 
INFO  @ Mon, 27 Jan 2025 15:11:23:  54000000 
INFO  @ Mon, 27 Jan 2025 15:11:26:  55000000 
INFO  @ Mon, 27 Jan 2025 15:11:29:  56000000 
INFO  @ Mon, 27 Jan 2025 15:11:31:  57000000 
INFO  @ Mon, 27 Jan 2025 15:11:34:  58000000 
INFO  @ Mon, 27 Jan 2025 15:11:37:  59000000 
INFO  @ Mon, 27 Jan 2025 15:11:40:  60000000 
INFO  @ Mon, 27 Jan 2025 15:11:43:  61000000 
INFO  @ Mon, 27 Jan 2025 15:11:46:  62000000 
INFO  @ Mon, 27 Jan 2025 15:11:49:  63000000 
INFO  @ Mon, 27 Jan 2025 15:11:52:  64000000 
INFO  @ Mon, 27 Jan 2025 15:11:55:  65000000 
INFO  @ Mon, 27 Jan 2025 15:11:58:  66000000 
INFO  @ Mon, 27 Jan 2025 15:12:01:  67000000 
INFO  @ Mon, 27 Jan 2025 15:12:03:  68000000 
INFO  @ Mon, 27 Jan 2025 15:12:06:  69000000 
INFO  @ Mon, 27 Jan 2025 15:12:09:  70000000 
INFO  @ Mon, 27 Jan 2025 15:12:12:  71000000 
INFO  @ Mon, 27 Jan 2025 15:12:15:  72000000 
INFO  @ Mon, 27 Jan 2025 15:12:18:  73000000 
INFO  @ Mon, 27 Jan 2025 15:12:21:  74000000 
INFO  @ Mon, 27 Jan 2025 15:12:24:  75000000 
INFO  @ Mon, 27 Jan 2025 15:12:27:  76000000 
INFO  @ Mon, 27 Jan 2025 15:12:30:  77000000 
INFO  @ Mon, 27 Jan 2025 15:12:32:  78000000 
INFO  @ Mon, 27 Jan 2025 15:12:35:  79000000 
INFO  @ Mon, 27 Jan 2025 15:12:38:  80000000 
INFO  @ Mon, 27 Jan 2025 15:12:41:  81000000 
INFO  @ Mon, 27 Jan 2025 15:12:44:  82000000 
INFO  @ Mon, 27 Jan 2025 15:12:47:  83000000 
INFO  @ Mon, 27 Jan 2025 15:12:50:  84000000 
INFO  @ Mon, 27 Jan 2025 15:12:53:  85000000 
INFO  @ Mon, 27 Jan 2025 15:12:56:  86000000 
INFO  @ Mon, 27 Jan 2025 15:12:58:  87000000 
INFO  @ Mon, 27 Jan 2025 15:13:01:  88000000 
INFO  @ Mon, 27 Jan 2025 15:13:04:  89000000 
INFO  @ Mon, 27 Jan 2025 15:13:07:  90000000 
INFO  @ Mon, 27 Jan 2025 15:13:10:  91000000 
INFO  @ Mon, 27 Jan 2025 15:13:13:  92000000 
INFO  @ Mon, 27 Jan 2025 15:13:16:  93000000 
INFO  @ Mon, 27 Jan 2025 15:13:19:  94000000 
INFO  @ Mon, 27 Jan 2025 15:13:22:  95000000 
INFO  @ Mon, 27 Jan 2025 15:13:24:  96000000 
INFO  @ Mon, 27 Jan 2025 15:13:27:  97000000 
INFO  @ Mon, 27 Jan 2025 15:13:30:  98000000 
INFO  @ Mon, 27 Jan 2025 15:13:33:  99000000 
INFO  @ Mon, 27 Jan 2025 15:13:36:  100000000 
INFO  @ Mon, 27 Jan 2025 15:13:39:  101000000 
INFO  @ Mon, 27 Jan 2025 15:13:42:  102000000 
INFO  @ Mon, 27 Jan 2025 15:13:45:  103000000 
INFO  @ Mon, 27 Jan 2025 15:13:48:  104000000 
INFO  @ Mon, 27 Jan 2025 15:13:51:  105000000 
INFO  @ Mon, 27 Jan 2025 15:13:53:  106000000 
INFO  @ Mon, 27 Jan 2025 15:13:57:  107000000 
INFO  @ Mon, 27 Jan 2025 15:14:03:  108000000 
INFO  @ Mon, 27 Jan 2025 15:14:06:  109000000 
INFO  @ Mon, 27 Jan 2025 15:14:09:  110000000 
INFO  @ Mon, 27 Jan 2025 15:14:12:  111000000 
INFO  @ Mon, 27 Jan 2025 15:14:15:  112000000 
INFO  @ Mon, 27 Jan 2025 15:14:18:  113000000 
INFO  @ Mon, 27 Jan 2025 15:14:21:  114000000 
INFO  @ Mon, 27 Jan 2025 15:14:24:  115000000 
INFO  @ Mon, 27 Jan 2025 15:14:26:  116000000 
INFO  @ Mon, 27 Jan 2025 15:14:29:  117000000 
INFO  @ Mon, 27 Jan 2025 15:14:32:  118000000 
INFO  @ Mon, 27 Jan 2025 15:14:35:  119000000 
INFO  @ Mon, 27 Jan 2025 15:14:38:  120000000 
INFO  @ Mon, 27 Jan 2025 15:14:41:  121000000 
INFO  @ Mon, 27 Jan 2025 15:14:44:  122000000 
INFO  @ Mon, 27 Jan 2025 15:14:47:  123000000 
INFO  @ Mon, 27 Jan 2025 15:14:50:  124000000 
INFO  @ Mon, 27 Jan 2025 15:14:53:  125000000 
INFO  @ Mon, 27 Jan 2025 15:14:56:  126000000 
INFO  @ Mon, 27 Jan 2025 15:14:59:  127000000 
INFO  @ Mon, 27 Jan 2025 15:15:02:  128000000 
INFO  @ Mon, 27 Jan 2025 15:15:04:  129000000 
INFO  @ Mon, 27 Jan 2025 15:15:07:  130000000 
INFO  @ Mon, 27 Jan 2025 15:15:10:  131000000 
INFO  @ Mon, 27 Jan 2025 15:15:13:  132000000 
INFO  @ Mon, 27 Jan 2025 15:15:16:  133000000 
INFO  @ Mon, 27 Jan 2025 15:15:18: 133194291 reads have been read. 
INFO  @ Mon, 27 Jan 2025 15:15:18: #1 tag size is determined as 98 bps 
INFO  @ Mon, 27 Jan 2025 15:15:18: #1 tag size = 98.0 
INFO  @ Mon, 27 Jan 2025 15:15:18: #1  total tags in treatment: 133194291 
INFO  @ Mon, 27 Jan 2025 15:15:18: #1 finished! 
INFO  @ Mon, 27 Jan 2025 15:15:18: #2 Build Peak Model... 
INFO  @ Mon, 27 Jan 2025 15:15:18: #2 Skipped... 
INFO  @ Mon, 27 Jan 2025 15:15:18: #2 Use 150 as fragment length 
INFO  @ Mon, 27 Jan 2025 15:15:18: #2 Sequencing ends will be shifted towards 5' by 75 bp(s) 
INFO  @ Mon, 27 Jan 2025 15:15:18: #3 Call peaks... 
INFO  @ Mon, 27 Jan 2025 15:15:18: #3 Going to call summits inside each peak ... 
INFO  @ Mon, 27 Jan 2025 15:15:18: #3 Call peaks with given -log10pvalue cutoff: 2.00000 ... 
INFO  @ Mon, 27 Jan 2025 15:15:18: #3 Pre-compute pvalue-qvalue table... 
INFO  @ Mon, 27 Jan 2025 15:19:05: #3 Call peaks for each chromosome... 
INFO  @ Mon, 27 Jan 2025 15:22:38: #4 Write output xls file... /data/scratch/flanary/atac-seq/treated/Sen_241217/peaks/SKNAS_peaks.xls 
INFO  @ Mon, 27 Jan 2025 15:22:39: #4 Write peak in narrowPeak format file... /data/scratch/flanary/atac-seq/treated/Sen_241217/peaks/SKNAS_peaks.narrowPeak 
INFO  @ Mon, 27 Jan 2025 15:22:40: #4 Write summits bed file... /data/scratch/flanary/atac-seq/treated/Sen_241217/peaks/SKNAS_summits.bed 
INFO  @ Mon, 27 Jan 2025 15:22:41: Done! 
