Loading required package: SeuratObject
Loading required package: sp
‘SeuratObject’ was built under R 4.4.0 but the current version is
4.4.1; it is recomended that you reinstall ‘SeuratObject’ as the ABI
for R may have changed

Attaching package: ‘SeuratObject’

The following objects are masked from ‘package:base’:

    intersect, t

Loading required package: Rcpp
── Attaching core tidyverse packages ──────────────────────── tidyverse 2.0.0 ──
✔ dplyr     1.1.4     ✔ readr     2.1.5
✔ forcats   1.0.0     ✔ stringr   1.5.1
✔ ggplot2   3.5.1     ✔ tibble    3.2.1
✔ lubridate 1.9.3     ✔ tidyr     1.3.1
✔ purrr     1.0.2     
── Conflicts ────────────────────────────────────────── tidyverse_conflicts() ──
✖ dplyr::filter() masks stats::filter()
✖ dplyr::lag()    masks stats::lag()
ℹ Use the conflicted package (<http://conflicted.r-lib.org/>) to force all conflicts to become errors
here() starts at /home/flanary/Dry_Lab
Warning: Assay RNA changing from Assay to Assay5
Warning message:
Input is a v3 assay and `split()` only works for v5 assays; converting
• to a v5 assay 
Normalizing layer: counts.Dong2020_single-cell_10X_v2_Fresh
Normalizing layer: counts.Dong2020_single-cell_10X_v3_Fresh
Normalizing layer: counts.Jansky2021_single-nucleus_10X_v2_Snap-frozen
Normalizing layer: counts.Kildisiute2021_10X_single-cell_10X_v2_Fresh
Normalizing layer: counts.Slyper2020_cell_single-cell_10X_v2_Fresh
Normalizing layer: counts.Slyper2020_nucleus_single-nucleus_10X_v2_Snap-frozen
Normalizing layer: counts.Verhoeven2022_single-cell_10X_v2_Viable-frozen
Normalizing layer: counts.Verhoeven2022_single-cell_10X_v3_Viable-frozen
Normalizing layer: counts.Costa2022_single-cell_10X_v3_Fresh
Finding variable features for layer counts.Dong2020_single-cell_10X_v2_Fresh
Calculating gene variances
0%   10   20   30   40   50   60   70   80   90   100%
[----|----|----|----|----|----|----|----|----|----|
**************************************************|
Calculating feature variances of standardized and clipped values
0%   10   20   30   40   50   60   70   80   90   100%
[----|----|----|----|----|----|----|----|----|----|
**************************************************|
Finding variable features for layer counts.Dong2020_single-cell_10X_v3_Fresh
Calculating gene variances
0%   10   20   30   40   50   60   70   80   90   100%
[----|----|----|----|----|----|----|----|----|----|
**************************************************|
Calculating feature variances of standardized and clipped values
0%   10   20   30   40   50   60   70   80   90   100%
[----|----|----|----|----|----|----|----|----|----|
**************************************************|
Finding variable features for layer counts.Jansky2021_single-nucleus_10X_v2_Snap-frozen
Calculating gene variances
0%   10   20   30   40   50   60   70   80   90   100%
[----|----|----|----|----|----|----|----|----|----|
**************************************************|
Calculating feature variances of standardized and clipped values
0%   10   20   30   40   50   60   70   80   90   100%
[----|----|----|----|----|----|----|----|----|----|
**************************************************|
Finding variable features for layer counts.Kildisiute2021_10X_single-cell_10X_v2_Fresh
Calculating gene variances
0%   10   20   30   40   50   60   70   80   90   100%
[----|----|----|----|----|----|----|----|----|----|
**************************************************|
Calculating feature variances of standardized and clipped values
0%   10   20   30   40   50   60   70   80   90   100%
[----|----|----|----|----|----|----|----|----|----|
**************************************************|
Finding variable features for layer counts.Slyper2020_cell_single-cell_10X_v2_Fresh
Calculating gene variances
0%   10   20   30   40   50   60   70   80   90   100%
[----|----|----|----|----|----|----|----|----|----|
**************************************************|
Calculating feature variances of standardized and clipped values
0%   10   20   30   40   50   60   70   80   90   100%
[----|----|----|----|----|----|----|----|----|----|
**************************************************|
Finding variable features for layer counts.Slyper2020_nucleus_single-nucleus_10X_v2_Snap-frozen
Calculating gene variances
0%   10   20   30   40   50   60   70   80   90   100%
[----|----|----|----|----|----|----|----|----|----|
**************************************************|
Calculating feature variances of standardized and clipped values
0%   10   20   30   40   50   60   70   80   90   100%
[----|----|----|----|----|----|----|----|----|----|
**************************************************|
Finding variable features for layer counts.Verhoeven2022_single-cell_10X_v2_Viable-frozen
Calculating gene variances
0%   10   20   30   40   50   60   70   80   90   100%
[----|----|----|----|----|----|----|----|----|----|
**************************************************|
Calculating feature variances of standardized and clipped values
0%   10   20   30   40   50   60   70   80   90   100%
[----|----|----|----|----|----|----|----|----|----|
**************************************************|
Finding variable features for layer counts.Verhoeven2022_single-cell_10X_v3_Viable-frozen
Calculating gene variances
0%   10   20   30   40   50   60   70   80   90   100%
[----|----|----|----|----|----|----|----|----|----|
**************************************************|
Calculating feature variances of standardized and clipped values
0%   10   20   30   40   50   60   70   80   90   100%
[----|----|----|----|----|----|----|----|----|----|
**************************************************|
Finding variable features for layer counts.Costa2022_single-cell_10X_v3_Fresh
Calculating gene variances
0%   10   20   30   40   50   60   70   80   90   100%
[----|----|----|----|----|----|----|----|----|----|
**************************************************|
Calculating feature variances of standardized and clipped values
0%   10   20   30   40   50   60   70   80   90   100%
[----|----|----|----|----|----|----|----|----|----|
**************************************************|
When using repel, set xnudge and ynudge to 0 for optimal results
Warning messages:
1: In scale_x_log10() : log-10 transformation introduced infinite values.
2: ggrepel: 9 unlabeled data points (too many overlaps). Consider increasing max.overlaps 
Centering and scaling data matrix
PC_ 1 
Positive:  MEG3, STMN2, MAP1B, TUBB2B, RTN1, ELAVL4, SOX4, PCSK1N, UCHL1, TUBA1A 
	   STMN1, MLLT11, MDK, SYT1, STMN4, PHOX2A, HAND2-AS1, CCND1, HAND2, NREP 
	   GAP43, MARCKSL1, GATA3, CD24, TMOD1, PHOX2B, CKB, CADM1, EEF1A2, CNTNAP2 
Negative:  HLA-B, B2M, SRGN, HLA-C, HLA-A, HLA-E, SAT1, CD74, S100A11, LAPTM5 
	   CYBA, ZFP36, ARHGDIB, HLA-DRA, HLA-DPA1, HLA-DRB1, TYROBP, HLA-DPB1, JUNB, VIM 
	   NFKBIA, SH3BGRL3, FCER1G, AIF1, CD52, CTSS, VAMP8, S100A4, TNFAIP3, PTPRC 
PC_ 2 
Positive:  CD3D, TRBC2, TRAC, CD52, CD3E, IL32, CD7, LTB, CCL5, CD2 
	   CD69, CXCR4, PTPRC, LCK, CD3G, GZMA, TRBC1, RHOH, GZMM, CYTIP 
	   CST7, IL7R, RAC2, CORO1A, ISG20, NKG7, HCST, PLAAT4, CTSW, ARHGDIB 
Negative:  CST3, FCGRT, GRN, C1QA, C1QC, CD14, C1QB, APOE, APOC1, CTSB 
	   PSAP, MS4A6A, CD63, GPNMB, CTSZ, MS4A7, CTSL, IER3, NPC2, DAB2 
	   LGMN, SELENOP, CXCL8, CXCL2, PLAUR, LYZ, MS4A4A, IGSF6, IL1B, HMOX1 
PC_ 3 
Positive:  SPARC, IGFBP7, MGP, COL4A1, SPARCL1, CAVIN1, BGN, MYL9, COL1A2, CAV1 
	   COL1A1, TAGLN, COL3A1, IGFBP4, COL4A2, CALD1, PLAC9, CAVIN3, ADIRF, COL6A2 
	   UACA, HSPG2, FN1, COL18A1, GNG11, EMP1, NNMT, TM4SF1, PRSS23, TINAGL1 
Negative:  JPT1, H4C3, CD24, CALM2, TUBB2B, STMN1, EEF1A2, FABP5, FCER1G, TYROBP 
	   GPX1, MLLT11, AIF1, CKB, NME1, MS4A7, PHOX2A, TUBB, MARCKSL1, MS4A6A 
	   PHOX2B, UBE2S, C1QC, IL1B, LYZ, UCHL1, C1QA, STMN2, C1QB, GAPDH 
PC_ 4 
Positive:  CALM2, MT-ND4, GAPDH, MT-CO2, MT-ATP6, MT-CO1, MT-ND1, MT-CO3, MT-CYB, ACTG1 
	   MT-ND2, NME1, H4C3, UBE2S, MT-ND3, ARL6IP1, HMGN2, CKS1B, PPP1R14B, TUBB 
	   TUBA1B, JPT1, JUN, CKB, TUBB4B, HMGB2, FOS, EEF1A2, CD24, LINC00682 
Negative:  RBFOX1, NXPH1, CNTNAP2, TENM3, BMPR1B, EXOC4, LRRTM4, TMEM132C, HS3ST5, RASGEF1B 
	   PHACTR1, ZNF804A, GRM8, KCNB2, EBF1, CADM1, SOX6, LSAMP, FGF14, UNC5D 
	   ALK, CCBE1, SORCS1, CASC15, PLXNA4, PTPRS, NRXN1, CNTN1, MAP7, EYS 
PC_ 5 
Positive:  SCG5, DBH, RGS5, PRPH, NTRK1, LINC02308, KRT19, CD24, SCG2, CHRNA3 
	   RAMP1, PMP22, GNG3, TH, CLU, CALY, NDUFA4L2, HSPB1, PHOX2A, ANXA2 
	   STMN2, JUN, S100A6, PKIB, STMN4, HMX1, GATA2, HAND1, MLLT11, CALM2 
Negative:  TOP2A, UBE2C, CENPF, MKI67, BIRC5, GTSE1, ASPM, TPX2, CCNB1, NUF2 
	   PIMREG, PTTG1, CDKN3, PBK, CDK1, CCNB2, CKAP2L, DLGAP5, CENPA, AURKB 
	   PLK1, CDC20, CCNA2, MAD2L1, HMMR, CENPE, TYMS, KIF23, NDC80, KIF11 
Computing nearest neighbor graph
Computing SNN
1 singletons identified. 26 final clusters.
1 singletons identified. 34 final clusters.
1 singletons identified. 39 final clusters.
1 singletons identified. 44 final clusters.
1 singletons identified. 48 final clusters.
1 singletons identified. 53 final clusters.
1 singletons identified. 57 final clusters.
1 singletons identified. 62 final clusters.
1 singletons identified. 66 final clusters.
Warning messages:
1: UNRELIABLE VALUE: One of the ‘future.apply’ iterations (‘future_lapply-1’) unexpectedly generated random numbers without declaring so. There is a risk that those random numbers are not statistically sound and the overall results might be invalid. To fix this, specify 'future.seed=TRUE'. This ensures that proper, parallel-safe random numbers are produced via the L'Ecuyer-CMRG method. To disable this check, use 'future.seed = NULL', or set option 'future.rng.onMisuse' to "ignore". 
2: UNRELIABLE VALUE: One of the ‘future.apply’ iterations (‘future_lapply-1’) unexpectedly generated random numbers without declaring so. There is a risk that those random numbers are not statistically sound and the overall results might be invalid. To fix this, specify 'future.seed=TRUE'. This ensures that proper, parallel-safe random numbers are produced via the L'Ecuyer-CMRG method. To disable this check, use 'future.seed = NULL', or set option 'future.rng.onMisuse' to "ignore". 
3: UNRELIABLE VALUE: One of the ‘future.apply’ iterations (‘future_lapply-1’) unexpectedly generated random numbers without declaring so. There is a risk that those random numbers are not statistically sound and the overall results might be invalid. To fix this, specify 'future.seed=TRUE'. This ensures that proper, parallel-safe random numbers are produced via the L'Ecuyer-CMRG method. To disable this check, use 'future.seed = NULL', or set option 'future.rng.onMisuse' to "ignore". 
4: UNRELIABLE VALUE: One of the ‘future.apply’ iterations (‘future_lapply-1’) unexpectedly generated random numbers without declaring so. There is a risk that those random numbers are not statistically sound and the overall results might be invalid. To fix this, specify 'future.seed=TRUE'. This ensures that proper, parallel-safe random numbers are produced via the L'Ecuyer-CMRG method. To disable this check, use 'future.seed = NULL', or set option 'future.rng.onMisuse' to "ignore". 
5: UNRELIABLE VALUE: One of the ‘future.apply’ iterations (‘future_lapply-1’) unexpectedly generated random numbers without declaring so. There is a risk that those random numbers are not statistically sound and the overall results might be invalid. To fix this, specify 'future.seed=TRUE'. This ensures that proper, parallel-safe random numbers are produced via the L'Ecuyer-CMRG method. To disable this check, use 'future.seed = NULL', or set option 'future.rng.onMisuse' to "ignore". 
6: UNRELIABLE VALUE: One of the ‘future.apply’ iterations (‘future_lapply-1’) unexpectedly generated random numbers without declaring so. There is a risk that those random numbers are not statistically sound and the overall results might be invalid. To fix this, specify 'future.seed=TRUE'. This ensures that proper, parallel-safe random numbers are produced via the L'Ecuyer-CMRG method. To disable this check, use 'future.seed = NULL', or set option 'future.rng.onMisuse' to "ignore". 
7: UNRELIABLE VALUE: One of the ‘future.apply’ iterations (‘future_lapply-1’) unexpectedly generated random numbers without declaring so. There is a risk that those random numbers are not statistically sound and the overall results might be invalid. To fix this, specify 'future.seed=TRUE'. This ensures that proper, parallel-safe random numbers are produced via the L'Ecuyer-CMRG method. To disable this check, use 'future.seed = NULL', or set option 'future.rng.onMisuse' to "ignore". 
8: UNRELIABLE VALUE: One of the ‘future.apply’ iterations (‘future_lapply-1’) unexpectedly generated random numbers without declaring so. There is a risk that those random numbers are not statistically sound and the overall results might be invalid. To fix this, specify 'future.seed=TRUE'. This ensures that proper, parallel-safe random numbers are produced via the L'Ecuyer-CMRG method. To disable this check, use 'future.seed = NULL', or set option 'future.rng.onMisuse' to "ignore". 
9: UNRELIABLE VALUE: One of the ‘future.apply’ iterations (‘future_lapply-1’) unexpectedly generated random numbers without declaring so. There is a risk that those random numbers are not statistically sound and the overall results might be invalid. To fix this, specify 'future.seed=TRUE'. This ensures that proper, parallel-safe random numbers are produced via the L'Ecuyer-CMRG method. To disable this check, use 'future.seed = NULL', or set option 'future.rng.onMisuse' to "ignore". 
Warning: The following arguments are not used: reduction_name
Warning: The default method for RunUMAP has changed from calling Python UMAP via reticulate to the R-native UWOT using the cosine metric
To use Python UMAP via reticulate, set umap.method to 'umap-learn' and metric to 'correlation'
This message will be shown once per session
00:38:11 UMAP embedding parameters a = 0.9922 b = 1.112
00:38:11 Read 310165 rows and found 31 numeric columns
00:38:11 Using Annoy for neighbor search, n_neighbors = 30
00:38:11 Building Annoy index with metric = cosine, n_trees = 50
0%   10   20   30   40   50   60   70   80   90   100%
[----|----|----|----|----|----|----|----|----|----|
**************************************************|
00:38:51 Writing NN index file to temp file /tmp/RtmpQOJ2i2/file2a1c534ff93d8
00:38:51 Searching Annoy index using 4 threads, search_k = 3000
00:39:34 Annoy recall = 100%
00:39:34 Commencing smooth kNN distance calibration using 4 threads with target n_neighbors = 30
00:39:41 Initializing from normalized Laplacian + noise (using RSpectra)
00:41:07 Commencing optimization for 200 epochs, with 14345768 positive edges
Using method 'umap'
0%   10   20   30   40   50   60   70   80   90   100%
[----|----|----|----|----|----|----|----|----|----|
**************************************************|
00:43:51 Optimization finished
Transposing data matrix
Using automatic lambda estimation
Initializing state using k-means centroids initialization
Harmony 1/10
0%   10   20   30   40   50   60   70   80   90   100%
[----|----|----|----|----|----|----|----|----|----|
**************************************************|
0%   10   20   30   40   50   60   70   80   90   100%
[----|----|----|----|----|----|----|----|----|----|
**************************************************|
Harmony 2/10
0%   10   20   30   40   50   60   70   80   90   100%
[----|----|----|----|----|----|----|----|----|----|
**************************************************|
0%   10   20   30   40   50   60   70   80   90   100%
[----|----|----|----|----|----|----|----|----|----|
**************************************************|
Harmony 3/10
0%   10   20   30   40   50   60   70   80   90   100%
[----|----|----|----|----|----|----|----|----|----|
**************************************************|
0%   10   20   30   40   50   60   70   80   90   100%
[----|----|----|----|----|----|----|----|----|----|
**************************************************|
Harmony 4/10
0%   10   20   30   40   50   60   70   80   90   100%
[----|----|----|----|----|----|----|----|----|----|
**************************************************|
0%   10   20   30   40   50   60   70   80   90   100%
[----|----|----|----|----|----|----|----|----|----|
**************************************************|
Harmony 5/10
0%   10   20   30   40   50   60   70   80   90   100%
[----|----|----|----|----|----|----|----|----|----|
**************************************************|
0%   10   20   30   40   50   60   70   80   90   100%
[----|----|----|----|----|----|----|----|----|----|
**************************************************|
Harmony converged after 5 iterations
Warning messages:
1: In harmony::HarmonyMatrix(data_mat = Embeddings(object = orig),  :
  HarmonyMatrix is deprecated and will be removed in the future from the API in the future
2: Warning: The parameters do_pca and npcs are deprecated. They will be ignored for this function call and please remove parameters do_pca and npcs and pass to harmony cell_embeddings directly.
This warning is displayed once per session. 
3: Warning: The parameter tau is deprecated. It will be ignored for this function call and please remove parameter tau in future function calls. Advanced users can set value of parameter tau by using parameter .options and function harmony_options().
This warning is displayed once per session. 
4: Warning: The parameter block.size is deprecated. It will be ignored for this function call and please remove parameter block.size in future function calls. Advanced users can set value of parameter block.size by using parameter .options and function harmony_options().
This warning is displayed once per session. 
5: Warning: The parameter max.iter.harmony is replaced with parameter max_iter. It will be ignored for this function call and please use parameter max_iter in future function calls.
This warning is displayed once per session. 
6: Warning: The parameter max.iter.cluster is deprecated. It will be ignored for this function call and please remove parameter max.iter.cluster in future function calls. Advanced users can set value of parameter max.iter.cluster by using parameter .options and function harmony_options().
This warning is displayed once per session. 
7: Warning: The parameter epsilon.cluster is deprecated. It will be ignored for this function call and please remove parameter epsilon.cluster in future function calls. Advanced users can set value of parameter epsilon.cluster by using parameter .options and function harmony_options().
This warning is displayed once per session. 
8: Warning: The parameter epsilon.harmony is deprecated. It will be ignored for this function call and please remove parameter epsilon.harmony in future function calls. If users want to control if harmony would stop early or not, use parameter early_stop. Advanced users can set value of parameter epsilon.harmony by using parameter .options and function harmony_options().
This warning is displayed once per session. 
9: Quick-TRANSfer stage steps exceeded maximum (= 15508250) 
10: Quick-TRANSfer stage steps exceeded maximum (= 15508250) 
Computing nearest neighbor graph
Computing SNN
1 singletons identified. 15 final clusters.
1 singletons identified. 20 final clusters.
1 singletons identified. 25 final clusters.
1 singletons identified. 33 final clusters.
1 singletons identified. 34 final clusters.
1 singletons identified. 41 final clusters.
1 singletons identified. 42 final clusters.
1 singletons identified. 48 final clusters.
1 singletons identified. 52 final clusters.
Warning messages:
1: UNRELIABLE VALUE: One of the ‘future.apply’ iterations (‘future_lapply-1’) unexpectedly generated random numbers without declaring so. There is a risk that those random numbers are not statistically sound and the overall results might be invalid. To fix this, specify 'future.seed=TRUE'. This ensures that proper, parallel-safe random numbers are produced via the L'Ecuyer-CMRG method. To disable this check, use 'future.seed = NULL', or set option 'future.rng.onMisuse' to "ignore". 
2: UNRELIABLE VALUE: One of the ‘future.apply’ iterations (‘future_lapply-1’) unexpectedly generated random numbers without declaring so. There is a risk that those random numbers are not statistically sound and the overall results might be invalid. To fix this, specify 'future.seed=TRUE'. This ensures that proper, parallel-safe random numbers are produced via the L'Ecuyer-CMRG method. To disable this check, use 'future.seed = NULL', or set option 'future.rng.onMisuse' to "ignore". 
3: UNRELIABLE VALUE: One of the ‘future.apply’ iterations (‘future_lapply-1’) unexpectedly generated random numbers without declaring so. There is a risk that those random numbers are not statistically sound and the overall results might be invalid. To fix this, specify 'future.seed=TRUE'. This ensures that proper, parallel-safe random numbers are produced via the L'Ecuyer-CMRG method. To disable this check, use 'future.seed = NULL', or set option 'future.rng.onMisuse' to "ignore". 
4: UNRELIABLE VALUE: One of the ‘future.apply’ iterations (‘future_lapply-1’) unexpectedly generated random numbers without declaring so. There is a risk that those random numbers are not statistically sound and the overall results might be invalid. To fix this, specify 'future.seed=TRUE'. This ensures that proper, parallel-safe random numbers are produced via the L'Ecuyer-CMRG method. To disable this check, use 'future.seed = NULL', or set option 'future.rng.onMisuse' to "ignore". 
5: UNRELIABLE VALUE: One of the ‘future.apply’ iterations (‘future_lapply-1’) unexpectedly generated random numbers without declaring so. There is a risk that those random numbers are not statistically sound and the overall results might be invalid. To fix this, specify 'future.seed=TRUE'. This ensures that proper, parallel-safe random numbers are produced via the L'Ecuyer-CMRG method. To disable this check, use 'future.seed = NULL', or set option 'future.rng.onMisuse' to "ignore". 
6: UNRELIABLE VALUE: One of the ‘future.apply’ iterations (‘future_lapply-1’) unexpectedly generated random numbers without declaring so. There is a risk that those random numbers are not statistically sound and the overall results might be invalid. To fix this, specify 'future.seed=TRUE'. This ensures that proper, parallel-safe random numbers are produced via the L'Ecuyer-CMRG method. To disable this check, use 'future.seed = NULL', or set option 'future.rng.onMisuse' to "ignore". 
7: UNRELIABLE VALUE: One of the ‘future.apply’ iterations (‘future_lapply-1’) unexpectedly generated random numbers without declaring so. There is a risk that those random numbers are not statistically sound and the overall results might be invalid. To fix this, specify 'future.seed=TRUE'. This ensures that proper, parallel-safe random numbers are produced via the L'Ecuyer-CMRG method. To disable this check, use 'future.seed = NULL', or set option 'future.rng.onMisuse' to "ignore". 
8: UNRELIABLE VALUE: One of the ‘future.apply’ iterations (‘future_lapply-1’) unexpectedly generated random numbers without declaring so. There is a risk that those random numbers are not statistically sound and the overall results might be invalid. To fix this, specify 'future.seed=TRUE'. This ensures that proper, parallel-safe random numbers are produced via the L'Ecuyer-CMRG method. To disable this check, use 'future.seed = NULL', or set option 'future.rng.onMisuse' to "ignore". 
9: UNRELIABLE VALUE: One of the ‘future.apply’ iterations (‘future_lapply-1’) unexpectedly generated random numbers without declaring so. There is a risk that those random numbers are not statistically sound and the overall results might be invalid. To fix this, specify 'future.seed=TRUE'. This ensures that proper, parallel-safe random numbers are produced via the L'Ecuyer-CMRG method. To disable this check, use 'future.seed = NULL', or set option 'future.rng.onMisuse' to "ignore". 
02:53:47 UMAP embedding parameters a = 0.9922 b = 1.112
02:53:47 Read 310165 rows and found 31 numeric columns
02:53:47 Using Annoy for neighbor search, n_neighbors = 30
02:53:47 Building Annoy index with metric = cosine, n_trees = 50
0%   10   20   30   40   50   60   70   80   90   100%
[----|----|----|----|----|----|----|----|----|----|
**************************************************|
02:54:27 Writing NN index file to temp file /tmp/RtmpQOJ2i2/file2a1c52f44490e
02:54:28 Searching Annoy index using 4 threads, search_k = 3000
02:55:13 Annoy recall = 100%
02:55:14 Commencing smooth kNN distance calibration using 4 threads with target n_neighbors = 30
02:55:21 Initializing from normalized Laplacian + noise (using RSpectra)
02:56:42 Commencing optimization for 200 epochs, with 14531804 positive edges
Using method 'umap'
0%   10   20   30   40   50   60   70   80   90   100%
[----|----|----|----|----|----|----|----|----|----|
**************************************************|
02:59:30 Optimization finished
