null device 
          1 
null device 
          1 
[1] "Clustering at Louvain resolution 0.1"
Modularity Optimizer version 1.3.0 by Ludo Waltman and Nees Jan van Eck

Number of nodes: 310165
Number of edges: 10572172

Running Louvain algorithm...
Maximum modularity in 10 random starts: 0.9858
Number of communities: 27
Elapsed time: 135 seconds
[1] "Finished clustering at Louvain resolution 0.1"
[1] "Clustering at Louvain resolution 0.2"
Modularity Optimizer version 1.3.0 by Ludo Waltman and Nees Jan van Eck

Number of nodes: 310165
Number of edges: 10572172

Running Louvain algorithm...
Maximum modularity in 10 random starts: 0.9792
Number of communities: 35
Elapsed time: 143 seconds
[1] "Finished clustering at Louvain resolution 0.2"
[1] "Clustering at Louvain resolution 0.3"
Modularity Optimizer version 1.3.0 by Ludo Waltman and Nees Jan van Eck

Number of nodes: 310165
Number of edges: 10572172

Running Louvain algorithm...
Maximum modularity in 10 random starts: 0.9744
Number of communities: 40
Elapsed time: 143 seconds
[1] "Finished clustering at Louvain resolution 0.3"
[1] "Clustering at Louvain resolution 0.4"
Modularity Optimizer version 1.3.0 by Ludo Waltman and Nees Jan van Eck

Number of nodes: 310165
Number of edges: 10572172

Running Louvain algorithm...
Maximum modularity in 10 random starts: 0.9709
Number of communities: 45
Elapsed time: 148 seconds
[1] "Finished clustering at Louvain resolution 0.4"
[1] "Clustering at Louvain resolution 0.5"
Modularity Optimizer version 1.3.0 by Ludo Waltman and Nees Jan van Eck

Number of nodes: 310165
Number of edges: 10572172

Running Louvain algorithm...
Maximum modularity in 10 random starts: 0.9672
Number of communities: 49
Elapsed time: 141 seconds
[1] "Finished clustering at Louvain resolution 0.5"
[1] "Clustering at Louvain resolution 0.6"
Modularity Optimizer version 1.3.0 by Ludo Waltman and Nees Jan van Eck

Number of nodes: 310165
Number of edges: 10572172

Running Louvain algorithm...
Maximum modularity in 10 random starts: 0.9642
Number of communities: 54
Elapsed time: 145 seconds
[1] "Finished clustering at Louvain resolution 0.6"
[1] "Clustering at Louvain resolution 0.7"
Modularity Optimizer version 1.3.0 by Ludo Waltman and Nees Jan van Eck

Number of nodes: 310165
Number of edges: 10572172

Running Louvain algorithm...
Maximum modularity in 10 random starts: 0.9610
Number of communities: 58
Elapsed time: 131 seconds
[1] "Finished clustering at Louvain resolution 0.7"
[1] "Clustering at Louvain resolution 0.8"
Modularity Optimizer version 1.3.0 by Ludo Waltman and Nees Jan van Eck

Number of nodes: 310165
Number of edges: 10572172

Running Louvain algorithm...
Maximum modularity in 10 random starts: 0.9584
Number of communities: 63
Elapsed time: 133 seconds
[1] "Finished clustering at Louvain resolution 0.8"
[1] "Clustering at Louvain resolution 0.9"
Modularity Optimizer version 1.3.0 by Ludo Waltman and Nees Jan van Eck

Number of nodes: 310165
Number of edges: 10572172

Running Louvain algorithm...
Maximum modularity in 10 random starts: 0.9561
Number of communities: 67
Elapsed time: 134 seconds
[1] "Finished clustering at Louvain resolution 0.9"
null device 
          1 
null device 
          1 
[1] "Clustering at Louvain resolution 0.1"
Modularity Optimizer version 1.3.0 by Ludo Waltman and Nees Jan van Eck

Number of nodes: 310165
Number of edges: 9798448

Running Louvain algorithm...
Maximum modularity in 10 random starts: 0.9795
Number of communities: 16
Elapsed time: 139 seconds
[1] "Finished clustering at Louvain resolution 0.1"
[1] "Clustering at Louvain resolution 0.2"
Modularity Optimizer version 1.3.0 by Ludo Waltman and Nees Jan van Eck

Number of nodes: 310165
Number of edges: 9798448

Running Louvain algorithm...
Maximum modularity in 10 random starts: 0.9690
Number of communities: 21
Elapsed time: 157 seconds
[1] "Finished clustering at Louvain resolution 0.2"
[1] "Clustering at Louvain resolution 0.3"
Modularity Optimizer version 1.3.0 by Ludo Waltman and Nees Jan van Eck

Number of nodes: 310165
Number of edges: 9798448

Running Louvain algorithm...
Maximum modularity in 10 random starts: 0.9604
Number of communities: 26
Elapsed time: 160 seconds
[1] "Finished clustering at Louvain resolution 0.3"
[1] "Clustering at Louvain resolution 0.4"
Modularity Optimizer version 1.3.0 by Ludo Waltman and Nees Jan van Eck

Number of nodes: 310165
Number of edges: 9798448

Running Louvain algorithm...
Maximum modularity in 10 random starts: 0.9536
Number of communities: 34
Elapsed time: 136 seconds
[1] "Finished clustering at Louvain resolution 0.4"
[1] "Clustering at Louvain resolution 0.5"
Modularity Optimizer version 1.3.0 by Ludo Waltman and Nees Jan van Eck

Number of nodes: 310165
Number of edges: 9798448

Running Louvain algorithm...
Maximum modularity in 10 random starts: 0.9484
Number of communities: 35
Elapsed time: 147 seconds
[1] "Finished clustering at Louvain resolution 0.5"
[1] "Clustering at Louvain resolution 0.6"
Modularity Optimizer version 1.3.0 by Ludo Waltman and Nees Jan van Eck

Number of nodes: 310165
Number of edges: 9798448

Running Louvain algorithm...
Maximum modularity in 10 random starts: 0.9440
Number of communities: 42
Elapsed time: 150 seconds
[1] "Finished clustering at Louvain resolution 0.6"
[1] "Clustering at Louvain resolution 0.7"
Modularity Optimizer version 1.3.0 by Ludo Waltman and Nees Jan van Eck

Number of nodes: 310165
Number of edges: 9798448

Running Louvain algorithm...
Maximum modularity in 10 random starts: 0.9401
Number of communities: 43
Elapsed time: 143 seconds
[1] "Finished clustering at Louvain resolution 0.7"
[1] "Clustering at Louvain resolution 0.8"
Modularity Optimizer version 1.3.0 by Ludo Waltman and Nees Jan van Eck

Number of nodes: 310165
Number of edges: 9798448

Running Louvain algorithm...
Maximum modularity in 10 random starts: 0.9366
Number of communities: 49
Elapsed time: 154 seconds
[1] "Finished clustering at Louvain resolution 0.8"
[1] "Clustering at Louvain resolution 0.9"
Modularity Optimizer version 1.3.0 by Ludo Waltman and Nees Jan van Eck

Number of nodes: 310165
Number of edges: 9798448

Running Louvain algorithm...
Maximum modularity in 10 random starts: 0.9333
Number of communities: 53
Elapsed time: 148 seconds
[1] "Finished clustering at Louvain resolution 0.9"
null device 
          1 
null device 
          1 
done
