Path to Cutadapt set as: 'cutadapt' (default)
Cutadapt seems to be working fine (tested command 'cutadapt --version')
Cutadapt version: 5.0
Could not detect version of Python used by Cutadapt from the first line of Cutadapt (but found this: >>>#!/bin/sh<<<)
Letting the (modified) Cutadapt deal with the Python version instead
Parallel gzip (pigz) detected. Proceeding with multicore (de)compression using 8 cores

igzip detected. Using igzip for decompressing

No quality encoding type selected. Assuming that the data provided uses Sanger encoded Phred scores (default)

Output will be written into the directory: /scratch/flanary/atac-seq/untreated/GSE108517/trimmed_fastq/


AUTO-DETECTING ADAPTER TYPE
===========================
Attempting to auto-detect adapter type from the first 1 million sequences of the first file (>> /data/scratch/flanary/atac-seq/untreated/GSE108517/fastq/SRR6418909_1.fastq <<)

Found perfect matches for the following adapter sequences:
Adapter type	Count	Sequence	Sequences analysed	Percentage
Nextera	359861	CTGTCTCTTATA	1000000	35.99
Illumina	0	AGATCGGAAGAGC	1000000	0.00
smallRNA	0	TGGAATTCTCGG	1000000	0.00
Using Nextera adapter for trimming (count: 359861). Second best hit was Illumina (count: 0)

Writing report to '/scratch/flanary/atac-seq/untreated/GSE108517/trimmed_fastq/SRR6418909_1.fastq_trimming_report.txt'

SUMMARISING RUN PARAMETERS
==========================
Input filename: /data/scratch/flanary/atac-seq/untreated/GSE108517/fastq/SRR6418909_1.fastq
Trimming mode: paired-end
Trim Galore version: 0.6.10
Cutadapt version: 5.0
Python version: could not detect
Number of cores used for trimming: 8
Quality Phred score cutoff: 20
Quality encoding type selected: ASCII+33
Adapter sequence: 'CTGTCTCTTATA' (Nextera Transposase sequence; auto-detected)
Maximum trimming error rate: 0.1 (default)
Minimum required adapter overlap (stringency): 1 bp
Minimum required sequence length for both reads before a sequence pair gets removed: 20 bp

Cutadapt seems to be fairly up-to-date (version 5.0). Setting -j 8
Writing final adapter and quality trimmed output to SRR6418909_1_trimmed.fq


  >>> Now performing quality (cutoff '-q 20') and adapter trimming in a single pass for the adapter sequence: 'CTGTCTCTTATA' from file /data/scratch/flanary/atac-seq/untreated/GSE108517/fastq/SRR6418909_1.fastq <<< 
10000000 sequences processed
20000000 sequences processed
30000000 sequences processed
40000000 sequences processed
This is cutadapt 5.0 with Python 3.11.11
Command line parameters: -j 8 -e 0.1 -q 20 -O 1 -a CTGTCTCTTATA /data/scratch/flanary/atac-seq/untreated/GSE108517/fastq/SRR6418909_1.fastq
Processing single-end reads on 8 cores ...

=== Summary ===

Total reads processed:              42,645,606
Reads with adapters:                25,009,660 (58.6%)
Reads written (passing filters):    42,645,606 (100.0%)

Total basepairs processed: 4,307,206,206 bp
Quality-trimmed:              53,471,378 bp (1.2%)
Total written (filtered):  3,472,980,723 bp (80.6%)

=== Adapter 1 ===

Sequence: CTGTCTCTTATA; Type: regular 3'; Length: 12; Trimmed: 25009660 times

Minimum overlap: 1
No. of allowed errors:
1-9 bp: 0; 10-12 bp: 1

Bases preceding removed adapters:
  A: 14.1%
  C: 38.7%
  G: 24.0%
  T: 23.2%
  none/other: 0.0%

Overview of removed sequences
length	count	expect	max.err	error counts
1	5136184	10661401.5	0	5136184
2	1827951	2665350.4	0	1827951
3	586726	666337.6	0	586726
4	206464	166584.4	0	206464
5	126206	41646.1	0	126206
6	125354	10411.5	0	125354
7	109420	2602.9	0	109420
8	113986	650.7	0	113986
9	133254	162.7	0	131717 1537
10	100089	40.7	1	97158 2931
11	122924	10.2	1	119964 2960
12	127909	2.5	1	124792 3117
13	122657	2.5	1	120075 2582
14	126363	2.5	1	123594 2769
15	139803	2.5	1	136924 2879
16	144169	2.5	1	140762 3407
17	167915	2.5	1	164054 3861
18	143862	2.5	1	140995 2867
19	161768	2.5	1	157640 4128
20	170211	2.5	1	165653 4558
21	190482	2.5	1	184191 6291
22	167508	2.5	1	163166 4342
23	139730	2.5	1	136174 3556
24	152977	2.5	1	149910 3067
25	157502	2.5	1	154546 2956
26	182463	2.5	1	178380 4083
27	241872	2.5	1	236343 5529
28	174911	2.5	1	171362 3549
29	229182	2.5	1	223253 5929
30	225123	2.5	1	219745 5378
31	165597	2.5	1	161387 4210
32	220123	2.5	1	215259 4864
33	158343	2.5	1	154843 3500
34	207951	2.5	1	203060 4891
35	230311	2.5	1	224382 5929
36	250241	2.5	1	244222 6019
37	299381	2.5	1	291937 7444
38	274959	2.5	1	268541 6418
39	248448	2.5	1	242794 5654
40	284615	2.5	1	277910 6705
41	246162	2.5	1	240149 6013
42	278867	2.5	1	271420 7447
43	526218	2.5	1	514144 12074
44	176343	2.5	1	171989 4354
45	188336	2.5	1	184796 3540
46	204953	2.5	1	201887 3066
47	378563	2.5	1	372236 6327
48	463204	2.5	1	456509 6695
49	308069	2.5	1	303735 4334
50	366976	2.5	1	362178 4798
51	348640	2.5	1	343488 5152
52	276051	2.5	1	272135 3916
53	296797	2.5	1	292162 4635
54	389322	2.5	1	382948 6374
55	591879	2.5	1	584062 7817
56	277429	2.5	1	273777 3652
57	454347	2.5	1	449459 4888
58	554107	2.5	1	546572 7535
59	730594	2.5	1	720953 9641
60	602378	2.5	1	594637 7741
61	708997	2.5	1	699666 9331
62	357872	2.5	1	353375 4497
63	335484	2.5	1	331140 4344
64	344941	2.5	1	339874 5067
65	444582	2.5	1	437938 6644
66	252833	2.5	1	249371 3462
67	110841	2.5	1	109136 1705
68	110013	2.5	1	107836 2177
69	96600	2.5	1	94925 1675
70	99147	2.5	1	97277 1870
71	99357	2.5	1	97793 1564
72	134287	2.5	1	132477 1810
73	78165	2.5	1	76534 1631
74	43326	2.5	1	42300 1026
75	22432	2.5	1	20336 2096
76	2355	2.5	1	1581 774
77	587	2.5	1	186 401
78	1046	2.5	1	78 968
79	412	2.5	1	32 380
80	1030	2.5	1	59 971
81	543	2.5	1	26 517
82	396	2.5	1	49 347
83	922	2.5	1	53 869
84	414	2.5	1	67 347
85	1309	2.5	1	6 1303
86	398	2.5	1	5 393
87	441	2.5	1	4 437
88	953	2.5	1	11 942
89	354	2.5	1	8 346
90	293	2.5	1	4 289
91	496	2.5	1	4 492
92	488	2.5	1	10 478
93	1475	2.5	1	20 1455
94	280	2.5	1	0 280
95	260	2.5	1	6 254
96	156	2.5	1	2 154
97	259	2.5	1	1 258
98	829	2.5	1	11 818
99	318	2.5	1	8 310
100	455	2.5	1	4 451
101	145	2.5	1	8 137

RUN STATISTICS FOR INPUT FILE: /data/scratch/flanary/atac-seq/untreated/GSE108517/fastq/SRR6418909_1.fastq
=============================================
42645606 sequences processed in total
The length threshold of paired-end sequences gets evaluated later on (in the validation step)

Writing report to '/scratch/flanary/atac-seq/untreated/GSE108517/trimmed_fastq/SRR6418909_2.fastq_trimming_report.txt'

SUMMARISING RUN PARAMETERS
==========================
Input filename: /data/scratch/flanary/atac-seq/untreated/GSE108517/fastq/SRR6418909_2.fastq
Trimming mode: paired-end
Trim Galore version: 0.6.10
Cutadapt version: 5.0
Python version: could not detect
Number of cores used for trimming: 8
Quality Phred score cutoff: 20
Quality encoding type selected: ASCII+33
Adapter sequence: 'CTGTCTCTTATA' (Nextera Transposase sequence; auto-detected)
Maximum trimming error rate: 0.1 (default)
Minimum required adapter overlap (stringency): 1 bp
Minimum required sequence length for both reads before a sequence pair gets removed: 20 bp

Cutadapt seems to be fairly up-to-date (version 5.0). Setting -j -j 8
Writing final adapter and quality trimmed output to SRR6418909_2_trimmed.fq


  >>> Now performing quality (cutoff '-q 20') and adapter trimming in a single pass for the adapter sequence: 'CTGTCTCTTATA' from file /data/scratch/flanary/atac-seq/untreated/GSE108517/fastq/SRR6418909_2.fastq <<< 
10000000 sequences processed
20000000 sequences processed
30000000 sequences processed
40000000 sequences processed
This is cutadapt 5.0 with Python 3.11.11
Command line parameters: -j 8 -e 0.1 -q 20 -O 1 -a CTGTCTCTTATA /data/scratch/flanary/atac-seq/untreated/GSE108517/fastq/SRR6418909_2.fastq
Processing single-end reads on 8 cores ...

=== Summary ===

Total reads processed:              42,645,606
Reads with adapters:                24,854,641 (58.3%)
Reads written (passing filters):    42,645,606 (100.0%)

Total basepairs processed: 4,307,206,206 bp
Quality-trimmed:             233,799,288 bp (5.4%)
Total written (filtered):  3,430,182,859 bp (79.6%)

=== Adapter 1 ===

Sequence: CTGTCTCTTATA; Type: regular 3'; Length: 12; Trimmed: 24854641 times

Minimum overlap: 1
No. of allowed errors:
1-9 bp: 0; 10-12 bp: 1

Bases preceding removed adapters:
  A: 14.2%
  C: 38.1%
  G: 24.0%
  T: 23.6%
  none/other: 0.0%

Overview of removed sequences
length	count	expect	max.err	error counts
1	5164846	10661401.5	0	5164846
2	1757641	2665350.4	0	1757641
3	613036	666337.6	0	613036
4	193898	166584.4	0	193898
5	126358	41646.1	0	126358
6	121771	10411.5	0	121771
7	107407	2602.9	0	107407
8	112104	650.7	0	112104
9	145553	162.7	0	144020 1533
10	92769	40.7	1	89810 2959
11	134460	10.2	1	131016 3444
12	128808	2.5	1	125491 3317
13	124168	2.5	1	121533 2635
14	125298	2.5	1	122297 3001
15	148573	2.5	1	145246 3327
16	142772	2.5	1	139125 3647
17	165278	2.5	1	161663 3615
18	141323	2.5	1	138425 2898
19	179005	2.5	1	174289 4716
20	180413	2.5	1	176202 4211
21	148265	2.5	1	144894 3371
22	181133	2.5	1	176544 4589
23	153512	2.5	1	150250 3262
24	210564	2.5	1	206127 4437
25	190174	2.5	1	186497 3677
26	207571	2.5	1	203465 4106
27	205322	2.5	1	202163 3159
28	281044	2.5	1	275235 5809
29	375598	2.5	1	368626 6972
30	134980	2.5	1	132636 2344
31	246407	2.5	1	241619 4788
32	328348	2.5	1	323751 4597
33	797277	2.5	1	785514 11763
34	508854	2.5	1	501254 7600
35	214200	2.5	1	210410 3790
36	450915	2.5	1	445219 5696
37	402373	2.5	1	397066 5307
38	458357	2.5	1	452993 5364
39	703236	2.5	1	696455 6781
40	406660	2.5	1	402541 4119
41	558282	2.5	1	553132 5150
42	3318301	2.5	1	3301327 16974
43	478767	2.5	1	474819 3948
44	1144657	2.5	1	1139744 4913
45	158333	2.5	1	156818 1515
46	77503	2.5	1	76655 848
47	214751	2.5	1	213050 1701
48	188021	2.5	1	186867 1154
49	130476	2.5	1	129465 1011
50	88827	2.5	1	87901 926
51	128548	2.5	1	127426 1122
52	104471	2.5	1	103209 1262
53	157792	2.5	1	156589 1203
54	453843	2.5	1	451779 2064
55	40741	2.5	1	39816 925
56	160878	2.5	1	159323 1555
57	421651	2.5	1	419233 2418
58	53243	2.5	1	51921 1322
59	25945	2.5	1	25026 919
60	78426	2.5	1	77378 1048
61	36702	2.5	1	35768 934
62	53976	2.5	1	53033 943
63	66467	2.5	1	65602 865
64	10499	2.5	1	9774 725
65	6374	2.5	1	5771 603
66	9835	2.5	1	9148 687
67	11495	2.5	1	10965 530
68	8743	2.5	1	7823 920
69	13882	2.5	1	13252 630
70	24535	2.5	1	23735 800
71	9816	2.5	1	9216 600
72	17023	2.5	1	16426 597
73	22051	2.5	1	21166 885
74	28075	2.5	1	27318 757
75	26423	2.5	1	24926 1497
76	2900	2.5	1	2261 639
77	627	2.5	1	271 356
78	959	2.5	1	107 852
79	460	2.5	1	35 425
80	698	2.5	1	40 658
81	426	2.5	1	21 405
82	446	2.5	1	22 424
83	723	2.5	1	22 701
84	386	2.5	1	31 355
85	842	2.5	1	4 838
86	379	2.5	1	3 376
87	400	2.5	1	3 397
88	770	2.5	1	6 764
89	360	2.5	1	10 350
90	242	2.5	1	2 240
91	459	2.5	1	9 450
92	530	2.5	1	3 527
93	1146	2.5	1	15 1131
94	268	2.5	1	2 266
95	220	2.5	1	2 218
96	164	2.5	1	3 161
97	262	2.5	1	1 261
98	640	2.5	1	8 632
99	275	2.5	1	4 271
100	319	2.5	1	2 317
101	117	2.5	1	1 116

RUN STATISTICS FOR INPUT FILE: /data/scratch/flanary/atac-seq/untreated/GSE108517/fastq/SRR6418909_2.fastq
=============================================
42645606 sequences processed in total
The length threshold of paired-end sequences gets evaluated later on (in the validation step)

Validate paired-end files SRR6418909_1_trimmed.fq and SRR6418909_2_trimmed.fq
file_1: SRR6418909_1_trimmed.fq, file_2: SRR6418909_2_trimmed.fq


>>>>> Now validing the length of the 2 paired-end infiles: SRR6418909_1_trimmed.fq and SRR6418909_2_trimmed.fq <<<<<
Writing validated paired-end Read 1 reads to SRR6418909_1_val_1.fq
Writing validated paired-end Read 2 reads to SRR6418909_2_val_2.fq

Total number of sequences analysed: 42645606

Number of sequence pairs removed because at least one read was shorter than the length cutoff (20 bp): 353558 (0.83%)

Deleting both intermediate output files SRR6418909_1_trimmed.fq and SRR6418909_2_trimmed.fq

====================================================================================================

