Loading required package: SeuratObject
Loading required package: sp
‘SeuratObject’ was built under R 4.4.0 but the current version is
4.4.1; it is recomended that you reinstall ‘SeuratObject’ as the ABI
for R may have changed

Attaching package: ‘SeuratObject’

The following objects are masked from ‘package:base’:

    intersect, t

── Attaching core tidyverse packages ──────────────────────── tidyverse 2.0.0 ──
✔ dplyr     1.1.4     ✔ readr     2.1.5
✔ forcats   1.0.0     ✔ stringr   1.5.1
✔ ggplot2   3.5.1     ✔ tibble    3.2.1
✔ lubridate 1.9.3     ✔ tidyr     1.3.1
✔ purrr     1.0.2     
── Conflicts ────────────────────────────────────────── tidyverse_conflicts() ──
✖ tidyr::expand() masks Matrix::expand()
✖ dplyr::filter() masks stats::filter()
✖ dplyr::lag()    masks stats::lag()
✖ tidyr::pack()   masks Matrix::pack()
✖ tidyr::unpack() masks Matrix::unpack()
ℹ Use the conflicted package (<http://conflicted.r-lib.org/>) to force all conflicts to become errors
here() starts at /home/flanary/Projects/Dry_Lab
Names of identity class contain underscores ('_'), replacing with dashes ('-')
This message is displayed once every 8 hours.
Warning message:
The `slot` argument of `AverageExpression()` is deprecated as of Seurat 5.0.0.
ℹ Please use the `layer` argument instead.
ℹ The deprecated feature was likely used in the Seurat package.
  Please report the issue at <https://github.com/satijalab/seurat/issues>. 
