[2025-01-21 10:49:42,248] multiqc                                            [DEBUG  ]  No MultiQC config found: /data/rc/apps/ngs-ccts/MultiQC/0.8/lib/python2.7/site-packages/multiqc_config.yaml
[2025-01-21 10:49:42,248] multiqc                                            [DEBUG  ]  No MultiQC config found: /home/flanary/.multiqc_config.yaml
[2025-01-21 10:49:42,248] multiqc                                            [DEBUG  ]  No MultiQC config found: multiqc_config.yaml
[2025-01-21 10:49:42,248] multiqc                                            [DEBUG  ]  No MultiQC config found: /data/rc/apps/ngs-ccts/MultiQC/0.8/lib/python2.7/site-packages/multiqc_config.yaml
[2025-01-21 10:49:42,248] multiqc                                            [DEBUG  ]  No MultiQC config found: /home/flanary/.multiqc_config.yaml
[2025-01-21 10:49:42,248] multiqc                                            [DEBUG  ]  No MultiQC config found: multiqc_config.yaml
[2025-01-21 10:49:42,248] multiqc                                            [DEBUG  ]  Command used: /share/apps/ngs-ccts/MultiQC/0.8/bin/multiqc -v /home/flanary/Dry_Lab/13cRA/atac-seq/untreated/Sen_240503/01_fastq_qc/fastqc_output -o /home/flanary/Dry_Lab/13cRA/atac-seq/untreated/Sen_240503/01_fastq_qc/multiqc_output
[2025-01-21 10:49:42,248] multiqc                                            [DEBUG  ]  Could not connect to multiqc.info for version check
[2025-01-21 10:49:42,248] multiqc                                            [INFO   ]  This is MultiQC v0.8
[2025-01-21 10:49:42,248] multiqc                                            [DEBUG  ]  Command     : /share/apps/ngs-ccts/MultiQC/0.8/bin/multiqc -v /home/flanary/Dry_Lab/13cRA/atac-seq/untreated/Sen_240503/01_fastq_qc/fastqc_output -o /home/flanary/Dry_Lab/13cRA/atac-seq/untreated/Sen_240503/01_fastq_qc/multiqc_output
[2025-01-21 10:49:42,248] multiqc                                            [DEBUG  ]  Working dir : /data/user/home/flanary/Dry_Lab/13cRA/atac-seq/untreated/Sen_240503/01_fastq_qc
[2025-01-21 10:49:42,249] multiqc                                            [INFO   ]  Template    : default
[2025-01-21 10:49:42,249] multiqc                                            [INFO   ]  Searching '/home/flanary/Dry_Lab/13cRA/atac-seq/untreated/Sen_240503/01_fastq_qc/fastqc_output'
[2025-01-21 10:49:42,249] multiqc                                            [DEBUG  ]  Analysing modules: gatk, quast, snpeff, qualimap, bcftools, featureCounts, methylQA, rseqc, picard, preseq, samblaster, samtools, bamtools, bismark, hicup, salmon, kallisto, star, tophat, bowtie2, bowtie1, cutadapt, trimmomatic, skewer, fastq_screen, fastqc
[2025-01-21 10:49:42,249] multiqc                                            [DEBUG  ]  Using temporary directory for creating report: /scratch/local/tmpszdN9t
[2025-01-21 10:49:42,700] multiqc.modules.gatk.gatk                          [DEBUG  ]  Could not find any reports in ('/home/flanary/Dry_Lab/13cRA/atac-seq/untreated/Sen_240503/01_fastq_qc/fastqc_output',)
[2025-01-21 10:49:42,720] multiqc.modules.quast.quast                        [DEBUG  ]  Could not find any reports in ('/home/flanary/Dry_Lab/13cRA/atac-seq/untreated/Sen_240503/01_fastq_qc/fastqc_output',)
[2025-01-21 10:49:42,761] multiqc.modules.snpeff.snpeff                      [DEBUG  ]  Could not find any data in ('/home/flanary/Dry_Lab/13cRA/atac-seq/untreated/Sen_240503/01_fastq_qc/fastqc_output',)
[2025-01-21 10:49:42,796] multiqc.modules.qualimap.qualimap                  [DEBUG  ]  Could not find any reports in ('/home/flanary/Dry_Lab/13cRA/atac-seq/untreated/Sen_240503/01_fastq_qc/fastqc_output',)
[2025-01-21 10:49:42,837] multiqc.modules.bcftools.bcftools                  [DEBUG  ]  Could not find any reports in ('/home/flanary/Dry_Lab/13cRA/atac-seq/untreated/Sen_240503/01_fastq_qc/fastqc_output',)
[2025-01-21 10:49:42,848] multiqc.modules.featureCounts.feature_counts       [DEBUG  ]  Could not find any reports in ('/home/flanary/Dry_Lab/13cRA/atac-seq/untreated/Sen_240503/01_fastq_qc/fastqc_output',)
[2025-01-21 10:49:42,869] multiqc.modules.methylQA.methylQA                  [DEBUG  ]  Could not find any reports in ('/home/flanary/Dry_Lab/13cRA/atac-seq/untreated/Sen_240503/01_fastq_qc/fastqc_output',)
[2025-01-21 10:49:43,031] multiqc.modules.rseqc.rseqc                        [DEBUG  ]  Could not find any reports in ('/home/flanary/Dry_Lab/13cRA/atac-seq/untreated/Sen_240503/01_fastq_qc/fastqc_output',)
[2025-01-21 10:49:43,308] multiqc.modules.picard.picard                      [DEBUG  ]  Could not find any reports in ('/home/flanary/Dry_Lab/13cRA/atac-seq/untreated/Sen_240503/01_fastq_qc/fastqc_output',)
[2025-01-21 10:49:43,336] multiqc.modules.preseq.preseq                      [DEBUG  ]  Could not find any preseq data in ('/home/flanary/Dry_Lab/13cRA/atac-seq/untreated/Sen_240503/01_fastq_qc/fastqc_output',)
[2025-01-21 10:49:43,388] multiqc.modules.samblaster.samblaster              [DEBUG  ]  Could not find any data in ('/home/flanary/Dry_Lab/13cRA/atac-seq/untreated/Sen_240503/01_fastq_qc/fastqc_output',)
[2025-01-21 10:49:43,472] multiqc.modules.samtools.samtools                  [DEBUG  ]  Could not find any reports in ('/home/flanary/Dry_Lab/13cRA/atac-seq/untreated/Sen_240503/01_fastq_qc/fastqc_output',)
[2025-01-21 10:49:43,517] multiqc.modules.bamtools.bamtools                  [DEBUG  ]  Could not find any reports in ('/home/flanary/Dry_Lab/13cRA/atac-seq/untreated/Sen_240503/01_fastq_qc/fastqc_output',)
[2025-01-21 10:49:43,547] multiqc.modules.bismark.bismark                    [DEBUG  ]  Could not find any reports in ('/home/flanary/Dry_Lab/13cRA/atac-seq/untreated/Sen_240503/01_fastq_qc/fastqc_output',)
[2025-01-21 10:49:43,584] multiqc.modules.hicup.hicup                        [DEBUG  ]  Could not find any HiCUP data in ('/home/flanary/Dry_Lab/13cRA/atac-seq/untreated/Sen_240503/01_fastq_qc/fastqc_output',)
[2025-01-21 10:49:43,589] multiqc.modules.salmon.salmon                      [DEBUG  ]  Could not find any Salmon data in ('/home/flanary/Dry_Lab/13cRA/atac-seq/untreated/Sen_240503/01_fastq_qc/fastqc_output',)
[2025-01-21 10:49:43,630] multiqc.modules.kallisto.kallisto                  [DEBUG  ]  Could not find any reports in ('/home/flanary/Dry_Lab/13cRA/atac-seq/untreated/Sen_240503/01_fastq_qc/fastqc_output',)
[2025-01-21 10:49:43,652] multiqc.modules.star.star                          [DEBUG  ]  Could not find any reports in ('/home/flanary/Dry_Lab/13cRA/atac-seq/untreated/Sen_240503/01_fastq_qc/fastqc_output',)
[2025-01-21 10:49:43,670] multiqc.modules.tophat.tophat                      [DEBUG  ]  Could not find any reports in ('/home/flanary/Dry_Lab/13cRA/atac-seq/untreated/Sen_240503/01_fastq_qc/fastqc_output',)
[2025-01-21 10:49:43,709] multiqc.modules.bowtie2.bowtie2                    [DEBUG  ]  Could not find any reports in ('/home/flanary/Dry_Lab/13cRA/atac-seq/untreated/Sen_240503/01_fastq_qc/fastqc_output',)
[2025-01-21 10:49:43,758] multiqc.modules.bowtie1.bowtie1                    [DEBUG  ]  Could not find any reports in ('/home/flanary/Dry_Lab/13cRA/atac-seq/untreated/Sen_240503/01_fastq_qc/fastqc_output',)
[2025-01-21 10:49:43,817] multiqc.modules.cutadapt.cutadapt                  [DEBUG  ]  Could not find any reports in ('/home/flanary/Dry_Lab/13cRA/atac-seq/untreated/Sen_240503/01_fastq_qc/fastqc_output',)
[2025-01-21 10:49:43,862] multiqc.modules.trimmomatic.trimmomatic            [DEBUG  ]  Could not find any Trimmomatic data in ('/home/flanary/Dry_Lab/13cRA/atac-seq/untreated/Sen_240503/01_fastq_qc/fastqc_output',)
[2025-01-21 10:49:43,899] multiqc.modules.skewer.skewer                      [DEBUG  ]  Could not find any data in ('/home/flanary/Dry_Lab/13cRA/atac-seq/untreated/Sen_240503/01_fastq_qc/fastqc_output',)
[2025-01-21 10:49:43,919] multiqc.modules.fastq_screen.fastq_screen          [DEBUG  ]  Could not find any reports in ('/home/flanary/Dry_Lab/13cRA/atac-seq/untreated/Sen_240503/01_fastq_qc/fastqc_output',)
[2025-01-21 10:49:44,005] multiqc.modules.fastqc.fastqc                      [INFO   ]  Found 8 reports
[2025-01-21 10:49:44,165] multiqc                                            [INFO   ]  Report      : ../../../../../../../../../../home/flanary/Dry_Lab/13cRA/atac-seq/untreated/Sen_240503/01_fastq_qc/multiqc_output/multiqc_report.html
[2025-01-21 10:49:44,167] multiqc                                            [INFO   ]  Data        : ../../../../../../../../../../home/flanary/Dry_Lab/13cRA/atac-seq/untreated/Sen_240503/01_fastq_qc/multiqc_output/multiqc_data
[2025-01-21 10:49:44,167] multiqc                                            [DEBUG  ]  Moving data file from '/scratch/local/tmpszdN9t/multiqc_data/multiqc_fastqc.txt' to '/home/flanary/Dry_Lab/13cRA/atac-seq/untreated/Sen_240503/01_fastq_qc/multiqc_output/multiqc_data'
[2025-01-21 10:49:44,167] multiqc                                            [DEBUG  ]  Moving data file from '/scratch/local/tmpszdN9t/multiqc_data/multiqc_general_stats.txt' to '/home/flanary/Dry_Lab/13cRA/atac-seq/untreated/Sen_240503/01_fastq_qc/multiqc_output/multiqc_data'
[2025-01-21 10:49:44,168] multiqc                                            [DEBUG  ]  Moving data file from '/scratch/local/tmpszdN9t/multiqc_data/multiqc_sources.txt' to '/home/flanary/Dry_Lab/13cRA/atac-seq/untreated/Sen_240503/01_fastq_qc/multiqc_output/multiqc_data'
[2025-01-21 10:49:44,755] multiqc                                            [INFO   ]  MultiQC complete
