[2025-01-20 18:24:25,553] multiqc                                            [DEBUG  ]  No MultiQC config found: /data/rc/apps/ngs-ccts/MultiQC/0.8/lib/python2.7/site-packages/multiqc_config.yaml
[2025-01-20 18:24:25,554] multiqc                                            [DEBUG  ]  No MultiQC config found: /home/flanary/.multiqc_config.yaml
[2025-01-20 18:24:25,554] multiqc                                            [DEBUG  ]  No MultiQC config found: multiqc_config.yaml
[2025-01-20 18:24:25,554] multiqc                                            [DEBUG  ]  No MultiQC config found: /data/rc/apps/ngs-ccts/MultiQC/0.8/lib/python2.7/site-packages/multiqc_config.yaml
[2025-01-20 18:24:25,554] multiqc                                            [DEBUG  ]  No MultiQC config found: /home/flanary/.multiqc_config.yaml
[2025-01-20 18:24:25,554] multiqc                                            [DEBUG  ]  No MultiQC config found: multiqc_config.yaml
[2025-01-20 18:24:25,554] multiqc                                            [DEBUG  ]  Command used: /share/apps/ngs-ccts/MultiQC/0.8/bin/multiqc -v /home/flanary/Dry_Lab/13cRA/atac-seq/untreated/GSE138293/02_fastq_qc/fastqc_output -o /home/flanary/Dry_Lab/13cRA/atac-seq/untreated/GSE138293/02_fastq_qc/multiqc_output
[2025-01-20 18:24:25,554] multiqc                                            [DEBUG  ]  Could not connect to multiqc.info for version check
[2025-01-20 18:24:25,554] multiqc                                            [INFO   ]  This is MultiQC v0.8
[2025-01-20 18:24:25,554] multiqc                                            [DEBUG  ]  Command     : /share/apps/ngs-ccts/MultiQC/0.8/bin/multiqc -v /home/flanary/Dry_Lab/13cRA/atac-seq/untreated/GSE138293/02_fastq_qc/fastqc_output -o /home/flanary/Dry_Lab/13cRA/atac-seq/untreated/GSE138293/02_fastq_qc/multiqc_output
[2025-01-20 18:24:25,554] multiqc                                            [DEBUG  ]  Working dir : /data/user/home/flanary/Dry_Lab/13cRA/atac-seq/untreated/GSE138293/02_fastq_qc
[2025-01-20 18:24:25,554] multiqc                                            [INFO   ]  Template    : default
[2025-01-20 18:24:25,556] multiqc                                            [INFO   ]  Searching '/home/flanary/Dry_Lab/13cRA/atac-seq/untreated/GSE138293/02_fastq_qc/fastqc_output'
[2025-01-20 18:24:25,557] multiqc                                            [DEBUG  ]  Analysing modules: gatk, quast, snpeff, qualimap, bcftools, featureCounts, methylQA, rseqc, picard, preseq, samblaster, samtools, bamtools, bismark, hicup, salmon, kallisto, star, tophat, bowtie2, bowtie1, cutadapt, trimmomatic, skewer, fastq_screen, fastqc
[2025-01-20 18:24:25,557] multiqc                                            [DEBUG  ]  Using temporary directory for creating report: /scratch/local/tmp7KmmnW
[2025-01-20 18:24:28,034] multiqc.modules.gatk.gatk                          [DEBUG  ]  Could not find any reports in ('/home/flanary/Dry_Lab/13cRA/atac-seq/untreated/GSE138293/02_fastq_qc/fastqc_output',)
[2025-01-20 18:24:28,060] multiqc.modules.quast.quast                        [DEBUG  ]  Could not find any reports in ('/home/flanary/Dry_Lab/13cRA/atac-seq/untreated/GSE138293/02_fastq_qc/fastqc_output',)
[2025-01-20 18:24:28,391] multiqc.modules.snpeff.snpeff                      [DEBUG  ]  Could not find any data in ('/home/flanary/Dry_Lab/13cRA/atac-seq/untreated/GSE138293/02_fastq_qc/fastqc_output',)
[2025-01-20 18:24:28,450] multiqc.modules.qualimap.qualimap                  [DEBUG  ]  Could not find any reports in ('/home/flanary/Dry_Lab/13cRA/atac-seq/untreated/GSE138293/02_fastq_qc/fastqc_output',)
[2025-01-20 18:24:28,705] multiqc.modules.bcftools.bcftools                  [DEBUG  ]  Could not find any reports in ('/home/flanary/Dry_Lab/13cRA/atac-seq/untreated/GSE138293/02_fastq_qc/fastqc_output',)
[2025-01-20 18:24:28,720] multiqc.modules.featureCounts.feature_counts       [DEBUG  ]  Could not find any reports in ('/home/flanary/Dry_Lab/13cRA/atac-seq/untreated/GSE138293/02_fastq_qc/fastqc_output',)
[2025-01-20 18:24:28,742] multiqc.modules.methylQA.methylQA                  [DEBUG  ]  Could not find any reports in ('/home/flanary/Dry_Lab/13cRA/atac-seq/untreated/GSE138293/02_fastq_qc/fastqc_output',)
[2025-01-20 18:24:29,691] multiqc.modules.rseqc.rseqc                        [DEBUG  ]  Could not find any reports in ('/home/flanary/Dry_Lab/13cRA/atac-seq/untreated/GSE138293/02_fastq_qc/fastqc_output',)
[2025-01-20 18:24:31,262] multiqc.modules.picard.picard                      [DEBUG  ]  Could not find any reports in ('/home/flanary/Dry_Lab/13cRA/atac-seq/untreated/GSE138293/02_fastq_qc/fastqc_output',)
[2025-01-20 18:24:31,442] multiqc.modules.preseq.preseq                      [DEBUG  ]  Could not find any preseq data in ('/home/flanary/Dry_Lab/13cRA/atac-seq/untreated/GSE138293/02_fastq_qc/fastqc_output',)
[2025-01-20 18:24:31,632] multiqc.modules.samblaster.samblaster              [DEBUG  ]  Could not find any data in ('/home/flanary/Dry_Lab/13cRA/atac-seq/untreated/GSE138293/02_fastq_qc/fastqc_output',)
[2025-01-20 18:24:32,060] multiqc.modules.samtools.samtools                  [DEBUG  ]  Could not find any reports in ('/home/flanary/Dry_Lab/13cRA/atac-seq/untreated/GSE138293/02_fastq_qc/fastqc_output',)
[2025-01-20 18:24:32,259] multiqc.modules.bamtools.bamtools                  [DEBUG  ]  Could not find any reports in ('/home/flanary/Dry_Lab/13cRA/atac-seq/untreated/GSE138293/02_fastq_qc/fastqc_output',)
[2025-01-20 18:24:32,296] multiqc.modules.bismark.bismark                    [DEBUG  ]  Could not find any reports in ('/home/flanary/Dry_Lab/13cRA/atac-seq/untreated/GSE138293/02_fastq_qc/fastqc_output',)
[2025-01-20 18:24:32,331] multiqc.modules.hicup.hicup                        [DEBUG  ]  Could not find any HiCUP data in ('/home/flanary/Dry_Lab/13cRA/atac-seq/untreated/GSE138293/02_fastq_qc/fastqc_output',)
[2025-01-20 18:24:32,345] multiqc.modules.salmon.salmon                      [DEBUG  ]  Could not find any Salmon data in ('/home/flanary/Dry_Lab/13cRA/atac-seq/untreated/GSE138293/02_fastq_qc/fastqc_output',)
[2025-01-20 18:24:32,600] multiqc.modules.kallisto.kallisto                  [DEBUG  ]  Could not find any reports in ('/home/flanary/Dry_Lab/13cRA/atac-seq/untreated/GSE138293/02_fastq_qc/fastqc_output',)
[2025-01-20 18:24:32,615] multiqc.modules.star.star                          [DEBUG  ]  Could not find any reports in ('/home/flanary/Dry_Lab/13cRA/atac-seq/untreated/GSE138293/02_fastq_qc/fastqc_output',)
[2025-01-20 18:24:32,636] multiqc.modules.tophat.tophat                      [DEBUG  ]  Could not find any reports in ('/home/flanary/Dry_Lab/13cRA/atac-seq/untreated/GSE138293/02_fastq_qc/fastqc_output',)
[2025-01-20 18:24:32,870] multiqc.modules.bowtie2.bowtie2                    [DEBUG  ]  Could not find any reports in ('/home/flanary/Dry_Lab/13cRA/atac-seq/untreated/GSE138293/02_fastq_qc/fastqc_output',)
[2025-01-20 18:24:33,062] multiqc.modules.bowtie1.bowtie1                    [DEBUG  ]  Could not find any reports in ('/home/flanary/Dry_Lab/13cRA/atac-seq/untreated/GSE138293/02_fastq_qc/fastqc_output',)
[2025-01-20 18:24:33,258] multiqc.modules.cutadapt.cutadapt                  [DEBUG  ]  Could not find any reports in ('/home/flanary/Dry_Lab/13cRA/atac-seq/untreated/GSE138293/02_fastq_qc/fastqc_output',)
[2025-01-20 18:24:33,461] multiqc.modules.trimmomatic.trimmomatic            [DEBUG  ]  Could not find any Trimmomatic data in ('/home/flanary/Dry_Lab/13cRA/atac-seq/untreated/GSE138293/02_fastq_qc/fastqc_output',)
[2025-01-20 18:24:33,662] multiqc.modules.skewer.skewer                      [DEBUG  ]  Could not find any data in ('/home/flanary/Dry_Lab/13cRA/atac-seq/untreated/GSE138293/02_fastq_qc/fastqc_output',)
[2025-01-20 18:24:33,687] multiqc.modules.fastq_screen.fastq_screen          [DEBUG  ]  Could not find any reports in ('/home/flanary/Dry_Lab/13cRA/atac-seq/untreated/GSE138293/02_fastq_qc/fastqc_output',)
[2025-01-20 18:24:37,058] multiqc.modules.fastqc.fastqc                      [INFO   ]  Found 56 reports
[2025-01-20 18:24:38,878] multiqc                                            [INFO   ]  Report      : ../../../../../../../../../../home/flanary/Dry_Lab/13cRA/atac-seq/untreated/GSE138293/02_fastq_qc/multiqc_output/multiqc_report.html
[2025-01-20 18:24:38,881] multiqc                                            [INFO   ]  Data        : ../../../../../../../../../../home/flanary/Dry_Lab/13cRA/atac-seq/untreated/GSE138293/02_fastq_qc/multiqc_output/multiqc_data
[2025-01-20 18:24:38,881] multiqc                                            [DEBUG  ]  Moving data file from '/scratch/local/tmp7KmmnW/multiqc_data/multiqc_fastqc.txt' to '/home/flanary/Dry_Lab/13cRA/atac-seq/untreated/GSE138293/02_fastq_qc/multiqc_output/multiqc_data'
[2025-01-20 18:24:38,882] multiqc                                            [DEBUG  ]  Moving data file from '/scratch/local/tmp7KmmnW/multiqc_data/multiqc_general_stats.txt' to '/home/flanary/Dry_Lab/13cRA/atac-seq/untreated/GSE138293/02_fastq_qc/multiqc_output/multiqc_data'
[2025-01-20 18:24:38,883] multiqc                                            [DEBUG  ]  Moving data file from '/scratch/local/tmp7KmmnW/multiqc_data/multiqc_sources.txt' to '/home/flanary/Dry_Lab/13cRA/atac-seq/untreated/GSE138293/02_fastq_qc/multiqc_output/multiqc_data'
[2025-01-20 18:24:39,504] multiqc                                            [INFO   ]  MultiQC complete
