                T.cells                NK.cells                 B.cells 
                0.03042                 0.00000                 0.45776 
           Plasma.cells           Myeloid.cells       Endothelial.cells 
                0.00000                 0.00386                 0.16765 
            Fibroblasts Schwann.Cell.Precursors               Cluster.1 
                0.00000                 0.01109                 0.00000 
             Cluster.13              Cluster.14              Cluster.15 
                0.00008                 0.00016                 0.00000 
             Cluster.16              Cluster.17              Cluster.18 
                0.31768                 0.00014                 0.00058 
              Cluster.2              Cluster.21               Cluster.3 
                0.00000                 0.01058                 0.00000 
              Cluster.4               Cluster.6               Cluster.8 
                0.00000                 0.00000                 0.00000 
              Cluster.9 
                0.00000 
                T.cells                NK.cells                 B.cells 
                0.00255                 0.00000                 0.00000 
           Plasma.cells           Myeloid.cells       Endothelial.cells 
                0.00000                 0.00053                 0.03685 
            Fibroblasts Schwann.Cell.Precursors               Cluster.1 
                0.00263                 0.01533                 0.00000 
             Cluster.13              Cluster.14              Cluster.15 
                0.11278                 0.00064                 0.00000 
             Cluster.16              Cluster.17              Cluster.18 
                0.21210                 0.20497                 0.30386 
              Cluster.2              Cluster.21               Cluster.3 
                0.00000                 0.02020                 0.08756 
              Cluster.4               Cluster.6               Cluster.8 
                0.00000                 0.00000                 0.00000 
              Cluster.9 
                0.00000 
                T.cells                NK.cells                 B.cells 
                0.00000                 0.00000                 0.00000 
           Plasma.cells           Myeloid.cells       Endothelial.cells 
                0.00000                 0.00000                 0.03697 
            Fibroblasts Schwann.Cell.Precursors               Cluster.1 
                0.05208                 0.04273                 0.00000 
             Cluster.13              Cluster.14              Cluster.15 
                0.08389                 0.00082                 0.00007 
             Cluster.16              Cluster.17              Cluster.18 
                0.22721                 0.13617                 0.32740 
              Cluster.2              Cluster.21               Cluster.3 
                0.02372                 0.00011                 0.06883 
              Cluster.4               Cluster.6               Cluster.8 
                0.00000                 0.00000                 0.00000 
              Cluster.9 
                0.00000 
                T.cells                NK.cells                 B.cells 
                0.00000                 0.00000                 0.00000 
           Plasma.cells           Myeloid.cells       Endothelial.cells 
                0.00000                 0.00001                 0.10184 
            Fibroblasts Schwann.Cell.Precursors               Cluster.1 
                0.29836                 0.11715                 0.00000 
             Cluster.13              Cluster.14              Cluster.15 
                0.00336                 0.00051                 0.00000 
             Cluster.16              Cluster.17              Cluster.18 
                0.11572                 0.04970                 0.29626 
              Cluster.2              Cluster.21               Cluster.3 
                0.00000                 0.01710                 0.00000 
              Cluster.4               Cluster.6               Cluster.8 
                0.00000                 0.00000                 0.00000 
              Cluster.9 
                0.00000 
                T.cells                NK.cells                 B.cells 
                0.00185                 0.00000                 0.00001 
           Plasma.cells           Myeloid.cells       Endothelial.cells 
                0.00000                 0.01394                 0.05392 
            Fibroblasts Schwann.Cell.Precursors               Cluster.1 
                0.07930                 0.05841                 0.00000 
             Cluster.13              Cluster.14              Cluster.15 
                0.08716                 0.00048                 0.12455 
             Cluster.16              Cluster.17              Cluster.18 
                0.04443                 0.14346                 0.35121 
              Cluster.2              Cluster.21               Cluster.3 
                0.00000                 0.00004                 0.04124 
              Cluster.4               Cluster.6               Cluster.8 
                0.00000                 0.00000                 0.00000 
              Cluster.9 
                0.00000 
                T.cells                NK.cells                 B.cells 
                0.00000                 0.00000                 0.00000 
           Plasma.cells           Myeloid.cells       Endothelial.cells 
                0.00000                 0.01156                 0.06597 
            Fibroblasts Schwann.Cell.Precursors               Cluster.1 
                0.07780                 0.04919                 0.00000 
             Cluster.13              Cluster.14              Cluster.15 
                0.10204                 0.00068                 0.00015 
             Cluster.16              Cluster.17              Cluster.18 
                0.04843                 0.18304                 0.38613 
              Cluster.2              Cluster.21               Cluster.3 
                0.00000                 0.00022                 0.07397 
              Cluster.4               Cluster.6               Cluster.8 
                0.00000                 0.00000                 0.00000 
              Cluster.9 
                0.00083 
                T.cells                NK.cells                 B.cells 
                0.00003                 0.00000                 0.00013 
           Plasma.cells           Myeloid.cells       Endothelial.cells 
                0.00246                 0.01002                 0.06763 
            Fibroblasts Schwann.Cell.Precursors               Cluster.1 
                0.05961                 0.03834                 0.00000 
             Cluster.13              Cluster.14              Cluster.15 
                0.04073                 0.00089                 0.02495 
             Cluster.16              Cluster.17              Cluster.18 
                0.18053                 0.09548                 0.33790 
              Cluster.2              Cluster.21               Cluster.3 
                0.00000                 0.00024                 0.00000 
              Cluster.4               Cluster.6               Cluster.8 
                0.00076                 0.00000                 0.00000 
              Cluster.9 
                0.14032 
                T.cells                NK.cells                 B.cells 
                0.00000                 0.00000                 0.00000 
           Plasma.cells           Myeloid.cells       Endothelial.cells 
                0.00000                 0.00000                 0.05569 
            Fibroblasts Schwann.Cell.Precursors               Cluster.1 
                0.02578                 0.02160                 0.00000 
             Cluster.13              Cluster.14              Cluster.15 
                0.11156                 0.05353                 0.00000 
             Cluster.16              Cluster.17              Cluster.18 
                0.36611                 0.08101                 0.17126 
              Cluster.2              Cluster.21               Cluster.3 
                0.00000                 0.02113                 0.00000 
              Cluster.4               Cluster.6               Cluster.8 
                0.08816                 0.00000                 0.00000 
              Cluster.9 
                0.00417 
                T.cells                NK.cells                 B.cells 
                0.03117                 0.00000                 0.01957 
           Plasma.cells           Myeloid.cells       Endothelial.cells 
                0.00109                 0.02635                 0.05921 
            Fibroblasts Schwann.Cell.Precursors               Cluster.1 
                0.07802                 0.08835                 0.00000 
             Cluster.13              Cluster.14              Cluster.15 
                0.07175                 0.00093                 0.00000 
             Cluster.16              Cluster.17              Cluster.18 
                0.22004                 0.11265                 0.23101 
              Cluster.2              Cluster.21               Cluster.3 
                0.00000                 0.00030                 0.05955 
              Cluster.4               Cluster.6               Cluster.8 
                0.00000                 0.00000                 0.00000 
              Cluster.9 
                0.00000 
                T.cells                NK.cells                 B.cells 
                0.00000                 0.00000                 0.00000 
           Plasma.cells           Myeloid.cells       Endothelial.cells 
                0.00000                 0.00037                 0.06268 
            Fibroblasts Schwann.Cell.Precursors               Cluster.1 
                0.04146                 0.04879                 0.00000 
             Cluster.13              Cluster.14              Cluster.15 
                0.19877                 0.00029                 0.02057 
             Cluster.16              Cluster.17              Cluster.18 
                0.07655                 0.13080                 0.40205 
              Cluster.2              Cluster.21               Cluster.3 
                0.00481                 0.01280                 0.00007 
              Cluster.4               Cluster.6               Cluster.8 
                0.00000                 0.00000                 0.00000 
              Cluster.9 
                0.00000 
                T.cells                NK.cells                 B.cells 
                0.00000                 0.00000                 0.00000 
           Plasma.cells           Myeloid.cells       Endothelial.cells 
                0.00000                 0.00000                 0.02600 
            Fibroblasts Schwann.Cell.Precursors               Cluster.1 
                0.00000                 0.02287                 0.00000 
             Cluster.13              Cluster.14              Cluster.15 
                0.09978                 0.00050                 0.02033 
             Cluster.16              Cluster.17              Cluster.18 
                0.10691                 0.10147                 0.41833 
              Cluster.2              Cluster.21               Cluster.3 
                0.00000                 0.14000                 0.06380 
              Cluster.4               Cluster.6               Cluster.8 
                0.00000                 0.00000                 0.00000 
              Cluster.9 
                0.00000 
                T.cells                NK.cells                 B.cells 
                0.00000                 0.00000                 0.00000 
           Plasma.cells           Myeloid.cells       Endothelial.cells 
                0.00000                 0.00000                 0.04138 
            Fibroblasts Schwann.Cell.Precursors               Cluster.1 
                0.03873                 0.04378                 0.00000 
             Cluster.13              Cluster.14              Cluster.15 
                0.00208                 0.14251                 0.00000 
             Cluster.16              Cluster.17              Cluster.18 
                0.25490                 0.07489                 0.22561 
              Cluster.2              Cluster.21               Cluster.3 
                0.00000                 0.15800                 0.00000 
              Cluster.4               Cluster.6               Cluster.8 
                0.00916                 0.00000                 0.00000 
              Cluster.9 
                0.00897 
                T.cells                NK.cells                 B.cells 
                0.00000                 0.00000                 0.00000 
           Plasma.cells           Myeloid.cells       Endothelial.cells 
                0.00000                 0.00587                 0.13269 
            Fibroblasts Schwann.Cell.Precursors               Cluster.1 
                0.29806                 0.15608                 0.00000 
             Cluster.13              Cluster.14              Cluster.15 
                0.00545                 0.00132                 0.00000 
             Cluster.16              Cluster.17              Cluster.18 
                0.21377                 0.00000                 0.18657 
              Cluster.2              Cluster.21               Cluster.3 
                0.00000                 0.00019                 0.00000 
              Cluster.4               Cluster.6               Cluster.8 
                0.00000                 0.00000                 0.00000 
              Cluster.9 
                0.00000 
                T.cells                NK.cells                 B.cells 
                0.00000                 0.00000                 0.00000 
           Plasma.cells           Myeloid.cells       Endothelial.cells 
                0.00000                 0.00528                 0.06512 
            Fibroblasts Schwann.Cell.Precursors               Cluster.1 
                0.02355                 0.02913                 0.00000 
             Cluster.13              Cluster.14              Cluster.15 
                0.13572                 0.00074                 0.00000 
             Cluster.16              Cluster.17              Cluster.18 
                0.23117                 0.13451                 0.35129 
              Cluster.2              Cluster.21               Cluster.3 
                0.00000                 0.02320                 0.00030 
              Cluster.4               Cluster.6               Cluster.8 
                0.00000                 0.00000                 0.00000 
              Cluster.9 
                0.00000 
                T.cells                NK.cells                 B.cells 
                0.01453                 0.00000                 0.00865 
           Plasma.cells           Myeloid.cells       Endothelial.cells 
                0.00000                 0.00965                 0.05497 
            Fibroblasts Schwann.Cell.Precursors               Cluster.1 
                0.05434                 0.04455                 0.00000 
             Cluster.13              Cluster.14              Cluster.15 
                0.11412                 0.00062                 0.00008 
             Cluster.16              Cluster.17              Cluster.18 
                0.07978                 0.10540                 0.41536 
              Cluster.2              Cluster.21               Cluster.3 
                0.00000                 0.02416                 0.07379 
              Cluster.4               Cluster.6               Cluster.8 
                0.00000                 0.00000                 0.00000 
              Cluster.9 
                0.00000 
                T.cells                NK.cells                 B.cells 
                0.00108                 0.00000                 0.00194 
           Plasma.cells           Myeloid.cells       Endothelial.cells 
                0.00000                 0.00000                 0.05279 
            Fibroblasts Schwann.Cell.Precursors               Cluster.1 
                0.01965                 0.01184                 0.00000 
             Cluster.13              Cluster.14              Cluster.15 
                0.14122                 0.00060                 0.07532 
             Cluster.16              Cluster.17              Cluster.18 
                0.17482                 0.09666                 0.39450 
              Cluster.2              Cluster.21               Cluster.3 
                0.00000                 0.00022                 0.02936 
              Cluster.4               Cluster.6               Cluster.8 
                0.00000                 0.00000                 0.00000 
              Cluster.9 
                0.00000 
                T.cells                NK.cells                 B.cells 
                0.00000                 0.00000                 0.00000 
           Plasma.cells           Myeloid.cells       Endothelial.cells 
                0.00000                 0.00002                 0.05262 
            Fibroblasts Schwann.Cell.Precursors               Cluster.1 
                0.01372                 0.03751                 0.00000 
             Cluster.13              Cluster.14              Cluster.15 
                0.08082                 0.00086                 0.12392 
             Cluster.16              Cluster.17              Cluster.18 
                0.17331                 0.14433                 0.36228 
              Cluster.2              Cluster.21               Cluster.3 
                0.00000                 0.00026                 0.01034 
              Cluster.4               Cluster.6               Cluster.8 
                0.00000                 0.00000                 0.00000 
              Cluster.9 
                0.00000 
                T.cells                NK.cells                 B.cells 
                0.00000                 0.00000                 0.00000 
           Plasma.cells           Myeloid.cells       Endothelial.cells 
                0.00000                 0.00677                 0.11585 
            Fibroblasts Schwann.Cell.Precursors               Cluster.1 
                0.03381                 0.01800                 0.00000 
             Cluster.13              Cluster.14              Cluster.15 
                0.07094                 0.00051                 0.10555 
             Cluster.16              Cluster.17              Cluster.18 
                0.22605                 0.03042                 0.27575 
              Cluster.2              Cluster.21               Cluster.3 
                0.11626                 0.00009                 0.00000 
              Cluster.4               Cluster.6               Cluster.8 
                0.00000                 0.00000                 0.00000 
              Cluster.9 
                0.00000 
                T.cells                NK.cells                 B.cells 
                0.00617                 0.00000                 0.00607 
           Plasma.cells           Myeloid.cells       Endothelial.cells 
                0.00000                 0.04722                 0.12272 
            Fibroblasts Schwann.Cell.Precursors               Cluster.1 
                0.07260                 0.54859                 0.00000 
             Cluster.13              Cluster.14              Cluster.15 
                0.00641                 0.00084                 0.00000 
             Cluster.16              Cluster.17              Cluster.18 
                0.10698                 0.01743                 0.06481 
              Cluster.2              Cluster.21               Cluster.3 
                0.00000                 0.00016                 0.00000 
              Cluster.4               Cluster.6               Cluster.8 
                0.00000                 0.00000                 0.00000 
              Cluster.9 
                0.00000 
                T.cells                NK.cells                 B.cells 
                0.00000                 0.00012                 0.00000 
           Plasma.cells           Myeloid.cells       Endothelial.cells 
                0.00000                 0.00629                 0.12860 
            Fibroblasts Schwann.Cell.Precursors               Cluster.1 
                0.12038                 0.14476                 0.00000 
             Cluster.13              Cluster.14              Cluster.15 
                0.05234                 0.00113                 0.01202 
             Cluster.16              Cluster.17              Cluster.18 
                0.20648                 0.05533                 0.27197 
              Cluster.2              Cluster.21               Cluster.3 
                0.00046                 0.00011                 0.00000 
              Cluster.4               Cluster.6               Cluster.8 
                0.00000                 0.00000                 0.00000 
              Cluster.9 
                0.00000 
                T.cells                NK.cells                 B.cells 
                0.00000                 0.00000                 0.00269 
           Plasma.cells           Myeloid.cells       Endothelial.cells 
                0.00000                 0.00000                 0.10972 
            Fibroblasts Schwann.Cell.Precursors               Cluster.1 
                0.05864                 0.03898                 0.00000 
             Cluster.13              Cluster.14              Cluster.15 
                0.05093                 0.00088                 0.00006 
             Cluster.16              Cluster.17              Cluster.18 
                0.25998                 0.08579                 0.30164 
              Cluster.2              Cluster.21               Cluster.3 
                0.00000                 0.09030                 0.00039 
              Cluster.4               Cluster.6               Cluster.8 
                0.00000                 0.00000                 0.00000 
              Cluster.9 
                0.00000 
                T.cells                NK.cells                 B.cells 
                0.00014                 0.00000                 0.01019 
           Plasma.cells           Myeloid.cells       Endothelial.cells 
                0.00436                 0.00885                 0.08957 
            Fibroblasts Schwann.Cell.Precursors               Cluster.1 
                0.10755                 0.05243                 0.00000 
             Cluster.13              Cluster.14              Cluster.15 
                0.06740                 0.00071                 0.00017 
             Cluster.16              Cluster.17              Cluster.18 
                0.23482                 0.18195                 0.22492 
              Cluster.2              Cluster.21               Cluster.3 
                0.00000                 0.01647                 0.00046 
              Cluster.4               Cluster.6               Cluster.8 
                0.00000                 0.00000                 0.00000 
              Cluster.9 
                0.00000 
                T.cells                NK.cells                 B.cells 
                0.10680                 0.01718                 0.14581 
           Plasma.cells           Myeloid.cells       Endothelial.cells 
                0.01247                 0.06238                 0.11491 
            Fibroblasts Schwann.Cell.Precursors               Cluster.1 
                0.00000                 0.04175                 0.00000 
             Cluster.13              Cluster.14              Cluster.15 
                0.00578                 0.00108                 0.00000 
             Cluster.16              Cluster.17              Cluster.18 
                0.39747                 0.00092                 0.06601 
              Cluster.2              Cluster.21               Cluster.3 
                0.00000                 0.02745                 0.00000 
              Cluster.4               Cluster.6               Cluster.8 
                0.00000                 0.00000                 0.00000 
              Cluster.9 
                0.00000 
                T.cells                NK.cells                 B.cells 
                0.00733                 0.00000                 0.00506 
           Plasma.cells           Myeloid.cells       Endothelial.cells 
                0.00000                 0.01474                 0.13093 
            Fibroblasts Schwann.Cell.Precursors               Cluster.1 
                0.13243                 0.43222                 0.00000 
             Cluster.13              Cluster.14              Cluster.15 
                0.00210                 0.00139                 0.00000 
             Cluster.16              Cluster.17              Cluster.18 
                0.19384                 0.00000                 0.07992 
              Cluster.2              Cluster.21               Cluster.3 
                0.00000                 0.00004                 0.00000 
              Cluster.4               Cluster.6               Cluster.8 
                0.00000                 0.00000                 0.00000 
              Cluster.9 
                0.00000 
                T.cells                NK.cells                 B.cells 
                0.00000                 0.00000                 0.00187 
           Plasma.cells           Myeloid.cells       Endothelial.cells 
                0.00000                 0.00000                 0.04373 
            Fibroblasts Schwann.Cell.Precursors               Cluster.1 
                0.00000                 0.01116                 0.00000 
             Cluster.13              Cluster.14              Cluster.15 
                0.06499                 0.00154                 0.00109 
             Cluster.16              Cluster.17              Cluster.18 
                0.46360                 0.14326                 0.23085 
              Cluster.2              Cluster.21               Cluster.3 
                0.00000                 0.03792                 0.00000 
              Cluster.4               Cluster.6               Cluster.8 
                0.00000                 0.00000                 0.00000 
              Cluster.9 
                0.00000 
                T.cells                NK.cells                 B.cells 
                0.00000                 0.00000                 0.00002 
           Plasma.cells           Myeloid.cells       Endothelial.cells 
                0.00000                 0.02270                 0.06308 
            Fibroblasts Schwann.Cell.Precursors               Cluster.1 
                0.08800                 0.18514                 0.00000 
             Cluster.13              Cluster.14              Cluster.15 
                0.04197                 0.00135                 0.00099 
             Cluster.16              Cluster.17              Cluster.18 
                0.15814                 0.07012                 0.29859 
              Cluster.2              Cluster.21               Cluster.3 
                0.06944                 0.00046                 0.00000 
              Cluster.4               Cluster.6               Cluster.8 
                0.00000                 0.00000                 0.00000 
              Cluster.9 
                0.00000 
                T.cells                NK.cells                 B.cells 
                0.00000                 0.00000                 0.00000 
           Plasma.cells           Myeloid.cells       Endothelial.cells 
                0.00000                 0.00000                 0.07041 
            Fibroblasts Schwann.Cell.Precursors               Cluster.1 
                0.01049                 0.04522                 0.00000 
             Cluster.13              Cluster.14              Cluster.15 
                0.15678                 0.00078                 0.01453 
             Cluster.16              Cluster.17              Cluster.18 
                0.22897                 0.08666                 0.37659 
              Cluster.2              Cluster.21               Cluster.3 
                0.00008                 0.00015                 0.00934 
              Cluster.4               Cluster.6               Cluster.8 
                0.00000                 0.00000                 0.00000 
              Cluster.9 
                0.00000 
                T.cells                NK.cells                 B.cells 
                0.00095                 0.00049                 0.00000 
           Plasma.cells           Myeloid.cells       Endothelial.cells 
                0.00000                 0.00350                 0.08391 
            Fibroblasts Schwann.Cell.Precursors               Cluster.1 
                0.12482                 0.08291                 0.00000 
             Cluster.13              Cluster.14              Cluster.15 
                0.06856                 0.00060                 0.00520 
             Cluster.16              Cluster.17              Cluster.18 
                0.19719                 0.06336                 0.36315 
              Cluster.2              Cluster.21               Cluster.3 
                0.00527                 0.00010                 0.00000 
              Cluster.4               Cluster.6               Cluster.8 
                0.00000                 0.00000                 0.00000 
              Cluster.9 
                0.00000 
                T.cells                NK.cells                 B.cells 
                0.03449                 0.00000                 0.01181 
           Plasma.cells           Myeloid.cells       Endothelial.cells 
                0.00000                 0.00289                 0.02282 
            Fibroblasts Schwann.Cell.Precursors               Cluster.1 
                0.00000                 0.01136                 0.00000 
             Cluster.13              Cluster.14              Cluster.15 
                0.11253                 0.00095                 0.00000 
             Cluster.16              Cluster.17              Cluster.18 
                0.25244                 0.22572                 0.27572 
              Cluster.2              Cluster.21               Cluster.3 
                0.00000                 0.02179                 0.02747 
              Cluster.4               Cluster.6               Cluster.8 
                0.00000                 0.00000                 0.00000 
              Cluster.9 
                0.00000 
                T.cells                NK.cells                 B.cells 
                0.00000                 0.00000                 0.00000 
           Plasma.cells           Myeloid.cells       Endothelial.cells 
                0.00000                 0.00526                 0.07523 
            Fibroblasts Schwann.Cell.Precursors               Cluster.1 
                0.12617                 0.20479                 0.00000 
             Cluster.13              Cluster.14              Cluster.15 
                0.07069                 0.00100                 0.00042 
             Cluster.16              Cluster.17              Cluster.18 
                0.20026                 0.10187                 0.21146 
              Cluster.2              Cluster.21               Cluster.3 
                0.00000                 0.00015                 0.00270 
              Cluster.4               Cluster.6               Cluster.8 
                0.00000                 0.00000                 0.00000 
              Cluster.9 
                0.00000 
                T.cells                NK.cells                 B.cells 
                0.00000                 0.00000                 0.00000 
           Plasma.cells           Myeloid.cells       Endothelial.cells 
                0.00000                 0.00000                 0.10061 
            Fibroblasts Schwann.Cell.Precursors               Cluster.1 
                0.11248                 0.06371                 0.00000 
             Cluster.13              Cluster.14              Cluster.15 
                0.06609                 0.04455                 0.00000 
             Cluster.16              Cluster.17              Cluster.18 
                0.38186                 0.03398                 0.15026 
              Cluster.2              Cluster.21               Cluster.3 
                0.00000                 0.04646                 0.00000 
              Cluster.4               Cluster.6               Cluster.8 
                0.00000                 0.00000                 0.00000 
              Cluster.9 
                0.00000 
                T.cells                NK.cells                 B.cells 
                0.00000                 0.00000                 0.00107 
           Plasma.cells           Myeloid.cells       Endothelial.cells 
                0.00000                 0.00246                 0.16390 
            Fibroblasts Schwann.Cell.Precursors               Cluster.1 
                0.64699                 0.13195                 0.00000 
             Cluster.13              Cluster.14              Cluster.15 
                0.00053                 0.00029                 0.00000 
             Cluster.16              Cluster.17              Cluster.18 
                0.05211                 0.00000                 0.00058 
              Cluster.2              Cluster.21               Cluster.3 
                0.00000                 0.00013                 0.00000 
              Cluster.4               Cluster.6               Cluster.8 
                0.00000                 0.00000                 0.00000 
              Cluster.9 
                0.00000 
                T.cells                NK.cells                 B.cells 
                0.00216                 0.00000                 0.00000 
           Plasma.cells           Myeloid.cells       Endothelial.cells 
                0.00000                 0.01003                 0.07530 
            Fibroblasts Schwann.Cell.Precursors               Cluster.1 
                0.09695                 0.24913                 0.00000 
             Cluster.13              Cluster.14              Cluster.15 
                0.05772                 0.00135                 0.03101 
             Cluster.16              Cluster.17              Cluster.18 
                0.15249                 0.06835                 0.25552 
              Cluster.2              Cluster.21               Cluster.3 
                0.00000                 0.00000                 0.00000 
              Cluster.4               Cluster.6               Cluster.8 
                0.00000                 0.00000                 0.00000 
              Cluster.9 
                0.00000 
                T.cells                NK.cells                 B.cells 
                0.00000                 0.00000                 0.00000 
           Plasma.cells           Myeloid.cells       Endothelial.cells 
                0.00000                 0.00199                 0.05004 
            Fibroblasts Schwann.Cell.Precursors               Cluster.1 
                0.05088                 0.04141                 0.00000 
             Cluster.13              Cluster.14              Cluster.15 
                0.16151                 0.00060                 0.00002 
             Cluster.16              Cluster.17              Cluster.18 
                0.11753                 0.13828                 0.39712 
              Cluster.2              Cluster.21               Cluster.3 
                0.00000                 0.00016                 0.04046 
              Cluster.4               Cluster.6               Cluster.8 
                0.00000                 0.00000                 0.00000 
              Cluster.9 
                0.00000 
                T.cells                NK.cells                 B.cells 
                0.00188                 0.00202                 0.00495 
           Plasma.cells           Myeloid.cells       Endothelial.cells 
                0.00000                 0.01728                 0.16284 
            Fibroblasts Schwann.Cell.Precursors               Cluster.1 
                0.27795                 0.07192                 0.00000 
             Cluster.13              Cluster.14              Cluster.15 
                0.03245                 0.00123                 0.00019 
             Cluster.16              Cluster.17              Cluster.18 
                0.16788                 0.04358                 0.21569 
              Cluster.2              Cluster.21               Cluster.3 
                0.00000                 0.00013                 0.00000 
              Cluster.4               Cluster.6               Cluster.8 
                0.00000                 0.00000                 0.00000 
              Cluster.9 
                0.00000 
                T.cells                NK.cells                 B.cells 
                0.00889                 0.00050                 0.00590 
           Plasma.cells           Myeloid.cells       Endothelial.cells 
                0.00000                 0.02759                 0.16320 
            Fibroblasts Schwann.Cell.Precursors               Cluster.1 
                0.30292                 0.28820                 0.00000 
             Cluster.13              Cluster.14              Cluster.15 
                0.00104                 0.00106                 0.00001 
             Cluster.16              Cluster.17              Cluster.18 
                0.10196                 0.00024                 0.09823 
              Cluster.2              Cluster.21               Cluster.3 
                0.00000                 0.00025                 0.00000 
              Cluster.4               Cluster.6               Cluster.8 
                0.00000                 0.00000                 0.00000 
              Cluster.9 
                0.00000 
                T.cells                NK.cells                 B.cells 
                0.00663                 0.00007                 0.00000 
           Plasma.cells           Myeloid.cells       Endothelial.cells 
                0.00000                 0.03978                 0.07736 
            Fibroblasts Schwann.Cell.Precursors               Cluster.1 
                0.15852                 0.06021                 0.00000 
             Cluster.13              Cluster.14              Cluster.15 
                0.10204                 0.00143                 0.00016 
             Cluster.16              Cluster.17              Cluster.18 
                0.21531                 0.04493                 0.29350 
              Cluster.2              Cluster.21               Cluster.3 
                0.00000                 0.00006                 0.00000 
              Cluster.4               Cluster.6               Cluster.8 
                0.00000                 0.00000                 0.00000 
              Cluster.9 
                0.00000 
                T.cells                NK.cells                 B.cells 
                0.00004                 0.00000                 0.00000 
           Plasma.cells           Myeloid.cells       Endothelial.cells 
                0.00000                 0.00171                 0.02450 
            Fibroblasts Schwann.Cell.Precursors               Cluster.1 
                0.00225                 0.02853                 0.00000 
             Cluster.13              Cluster.14              Cluster.15 
                0.19194                 0.00053                 0.00490 
             Cluster.16              Cluster.17              Cluster.18 
                0.16227                 0.17200                 0.32357 
              Cluster.2              Cluster.21               Cluster.3 
                0.00000                 0.00014                 0.08762 
              Cluster.4               Cluster.6               Cluster.8 
                0.00000                 0.00000                 0.00000 
              Cluster.9 
                0.00000 
                T.cells                NK.cells                 B.cells 
                0.00005                 0.00025                 0.00000 
           Plasma.cells           Myeloid.cells       Endothelial.cells 
                0.00000                 0.01015                 0.13187 
            Fibroblasts Schwann.Cell.Precursors               Cluster.1 
                0.11947                 0.07784                 0.00000 
             Cluster.13              Cluster.14              Cluster.15 
                0.08184                 0.00056                 0.00084 
             Cluster.16              Cluster.17              Cluster.18 
                0.07799                 0.04874                 0.42780 
              Cluster.2              Cluster.21               Cluster.3 
                0.02233                 0.00027                 0.00000 
              Cluster.4               Cluster.6               Cluster.8 
                0.00000                 0.00000                 0.00000 
              Cluster.9 
                0.00000 
                T.cells                NK.cells                 B.cells 
                0.00044                 0.00000                 0.00000 
           Plasma.cells           Myeloid.cells       Endothelial.cells 
                0.00006                 0.00865                 0.11276 
            Fibroblasts Schwann.Cell.Precursors               Cluster.1 
                0.20724                 0.01969                 0.00000 
             Cluster.13              Cluster.14              Cluster.15 
                0.07988                 0.00066                 0.00023 
             Cluster.16              Cluster.17              Cluster.18 
                0.19662                 0.08078                 0.26253 
              Cluster.2              Cluster.21               Cluster.3 
                0.00047                 0.00011                 0.02987 
              Cluster.4               Cluster.6               Cluster.8 
                0.00000                 0.00000                 0.00000 
              Cluster.9 
                0.00000 
                T.cells                NK.cells                 B.cells 
                0.00428                 0.00000                 0.00110 
           Plasma.cells           Myeloid.cells       Endothelial.cells 
                0.00000                 0.01873                 0.11519 
            Fibroblasts Schwann.Cell.Precursors               Cluster.1 
                0.08601                 0.32898                 0.00000 
             Cluster.13              Cluster.14              Cluster.15 
                0.07018                 0.00160                 0.00055 
             Cluster.16              Cluster.17              Cluster.18 
                0.22779                 0.02176                 0.12357 
              Cluster.2              Cluster.21               Cluster.3 
                0.00000                 0.00026                 0.00000 
              Cluster.4               Cluster.6               Cluster.8 
                0.00000                 0.00000                 0.00000 
              Cluster.9 
                0.00000 
                T.cells                NK.cells                 B.cells 
                0.00000                 0.00000                 0.00000 
           Plasma.cells           Myeloid.cells       Endothelial.cells 
                0.00000                 0.00000                 0.06956 
            Fibroblasts Schwann.Cell.Precursors               Cluster.1 
                0.01032                 0.04077                 0.00000 
             Cluster.13              Cluster.14              Cluster.15 
                0.09895                 0.07954                 0.00000 
             Cluster.16              Cluster.17              Cluster.18 
                0.34382                 0.17284                 0.09514 
              Cluster.2              Cluster.21               Cluster.3 
                0.00000                 0.04923                 0.00000 
              Cluster.4               Cluster.6               Cluster.8 
                0.02719                 0.00000                 0.00000 
              Cluster.9 
                0.01262 
                T.cells                NK.cells                 B.cells 
                0.00200                 0.00000                 0.00793 
           Plasma.cells           Myeloid.cells       Endothelial.cells 
                0.00050                 0.01747                 0.11063 
            Fibroblasts Schwann.Cell.Precursors               Cluster.1 
                0.09795                 0.14401                 0.00000 
             Cluster.13              Cluster.14              Cluster.15 
                0.05649                 0.00155                 0.00000 
             Cluster.16              Cluster.17              Cluster.18 
                0.28222                 0.06112                 0.21159 
              Cluster.2              Cluster.21               Cluster.3 
                0.00000                 0.00628                 0.00024 
              Cluster.4               Cluster.6               Cluster.8 
                0.00000                 0.00000                 0.00000 
              Cluster.9 
                0.00000 
                T.cells                NK.cells                 B.cells 
                0.00000                 0.00000                 0.00000 
           Plasma.cells           Myeloid.cells       Endothelial.cells 
                0.00000                 0.00196                 0.06517 
            Fibroblasts Schwann.Cell.Precursors               Cluster.1 
                0.13351                 0.11377                 0.00000 
             Cluster.13              Cluster.14              Cluster.15 
                0.08649                 0.00087                 0.00069 
             Cluster.16              Cluster.17              Cluster.18 
                0.14705                 0.11294                 0.33104 
              Cluster.2              Cluster.21               Cluster.3 
                0.00637                 0.00015                 0.00000 
              Cluster.4               Cluster.6               Cluster.8 
                0.00000                 0.00000                 0.00000 
              Cluster.9 
                0.00000 
                T.cells                NK.cells                 B.cells 
                0.00000                 0.00000                 0.00000 
           Plasma.cells           Myeloid.cells       Endothelial.cells 
                0.00000                 0.00000                 0.04795 
            Fibroblasts Schwann.Cell.Precursors               Cluster.1 
                0.00094                 0.01731                 0.00000 
             Cluster.13              Cluster.14              Cluster.15 
                0.19759                 0.00068                 0.08471 
             Cluster.16              Cluster.17              Cluster.18 
                0.18177                 0.13610                 0.32667 
              Cluster.2              Cluster.21               Cluster.3 
                0.00000                 0.00627                 0.00000 
              Cluster.4               Cluster.6               Cluster.8 
                0.00000                 0.00000                 0.00000 
              Cluster.9 
                0.00000 
                T.cells                NK.cells                 B.cells 
                0.00000                 0.00000                 0.00000 
           Plasma.cells           Myeloid.cells       Endothelial.cells 
                0.00000                 0.00000                 0.01916 
            Fibroblasts Schwann.Cell.Precursors               Cluster.1 
                0.00675                 0.05722                 0.00000 
             Cluster.13              Cluster.14              Cluster.15 
                0.12058                 0.00062                 0.00017 
             Cluster.16              Cluster.17              Cluster.18 
                0.14680                 0.14834                 0.44919 
              Cluster.2              Cluster.21               Cluster.3 
                0.00000                 0.03474                 0.01643 
              Cluster.4               Cluster.6               Cluster.8 
                0.00000                 0.00000                 0.00000 
              Cluster.9 
                0.00000 
                T.cells                NK.cells                 B.cells 
                0.00000                 0.00000                 0.00000 
           Plasma.cells           Myeloid.cells       Endothelial.cells 
                0.00000                 0.00406                 0.07918 
            Fibroblasts Schwann.Cell.Precursors               Cluster.1 
                0.12914                 0.21769                 0.00000 
             Cluster.13              Cluster.14              Cluster.15 
                0.06779                 0.00102                 0.00084 
             Cluster.16              Cluster.17              Cluster.18 
                0.14962                 0.08264                 0.26783 
              Cluster.2              Cluster.21               Cluster.3 
                0.00007                 0.00011                 0.00000 
              Cluster.4               Cluster.6               Cluster.8 
                0.00000                 0.00000                 0.00000 
              Cluster.9 
                0.00000 
                T.cells                NK.cells                 B.cells 
                0.02375                 0.00000                 0.00562 
           Plasma.cells           Myeloid.cells       Endothelial.cells 
                0.00000                 0.00715                 0.12135 
            Fibroblasts Schwann.Cell.Precursors               Cluster.1 
                0.02548                 0.05481                 0.00000 
             Cluster.13              Cluster.14              Cluster.15 
                0.07826                 0.00072                 0.00082 
             Cluster.16              Cluster.17              Cluster.18 
                0.27152                 0.07148                 0.30690 
              Cluster.2              Cluster.21               Cluster.3 
                0.00000                 0.00000                 0.03213 
              Cluster.4               Cluster.6               Cluster.8 
                0.00000                 0.00000                 0.00000 
              Cluster.9 
                0.00000 
                T.cells                NK.cells                 B.cells 
                0.00000                 0.00000                 0.00000 
           Plasma.cells           Myeloid.cells       Endothelial.cells 
                0.00000                 0.00259                 0.06484 
            Fibroblasts Schwann.Cell.Precursors               Cluster.1 
                0.02883                 0.03137                 0.00000 
             Cluster.13              Cluster.14              Cluster.15 
                0.13637                 0.00093                 0.00000 
             Cluster.16              Cluster.17              Cluster.18 
                0.19408                 0.19025                 0.24934 
              Cluster.2              Cluster.21               Cluster.3 
                0.00000                 0.00366                 0.09774 
              Cluster.4               Cluster.6               Cluster.8 
                0.00000                 0.00000                 0.00000 
              Cluster.9 
                0.00000 
                T.cells                NK.cells                 B.cells 
                0.09854                 0.00000                 0.23375 
           Plasma.cells           Myeloid.cells       Endothelial.cells 
                0.00000                 0.02002                 0.13591 
            Fibroblasts Schwann.Cell.Precursors               Cluster.1 
                0.00000                 0.04208                 0.00000 
             Cluster.13              Cluster.14              Cluster.15 
                0.00021                 0.00022                 0.00000 
             Cluster.16              Cluster.17              Cluster.18 
                0.28839                 0.04685                 0.00741 
              Cluster.2              Cluster.21               Cluster.3 
                0.00000                 0.12662                 0.00000 
              Cluster.4               Cluster.6               Cluster.8 
                0.00000                 0.00000                 0.00000 
              Cluster.9 
                0.00000 
                T.cells                NK.cells                 B.cells 
                0.00059                 0.00035                 0.00001 
           Plasma.cells           Myeloid.cells       Endothelial.cells 
                0.00000                 0.03475                 0.09592 
            Fibroblasts Schwann.Cell.Precursors               Cluster.1 
                0.09722                 0.12722                 0.00000 
             Cluster.13              Cluster.14              Cluster.15 
                0.06547                 0.00088                 0.01711 
             Cluster.16              Cluster.17              Cluster.18 
                0.29805                 0.03459                 0.22784 
              Cluster.2              Cluster.21               Cluster.3 
                0.00000                 0.00000                 0.00000 
              Cluster.4               Cluster.6               Cluster.8 
                0.00000                 0.00000                 0.00000 
              Cluster.9 
                0.00000 
                T.cells                NK.cells                 B.cells 
                0.01911                 0.00017                 0.00000 
           Plasma.cells           Myeloid.cells       Endothelial.cells 
                0.00000                 0.04742                 0.19324 
            Fibroblasts Schwann.Cell.Precursors               Cluster.1 
                0.18800                 0.33794                 0.00000 
             Cluster.13              Cluster.14              Cluster.15 
                0.00051                 0.00073                 0.00000 
             Cluster.16              Cluster.17              Cluster.18 
                0.16547                 0.00000                 0.04741 
              Cluster.2              Cluster.21               Cluster.3 
                0.00000                 0.00000                 0.00000 
              Cluster.4               Cluster.6               Cluster.8 
                0.00000                 0.00000                 0.00000 
              Cluster.9 
                0.00000 
                T.cells                NK.cells                 B.cells 
                0.00460                 0.00000                 0.00588 
           Plasma.cells           Myeloid.cells       Endothelial.cells 
                0.00000                 0.00000                 0.03268 
            Fibroblasts Schwann.Cell.Precursors               Cluster.1 
                0.00293                 0.01572                 0.00000 
             Cluster.13              Cluster.14              Cluster.15 
                0.07040                 0.00062                 0.00000 
             Cluster.16              Cluster.17              Cluster.18 
                0.28620                 0.23646                 0.20288 
              Cluster.2              Cluster.21               Cluster.3 
                0.00000                 0.05576                 0.08585 
              Cluster.4               Cluster.6               Cluster.8 
                0.00000                 0.00000                 0.00000 
              Cluster.9 
                0.00000 
                T.cells                NK.cells                 B.cells 
                0.02539                 0.00000                 0.00116 
           Plasma.cells           Myeloid.cells       Endothelial.cells 
                0.00000                 0.00448                 0.05803 
            Fibroblasts Schwann.Cell.Precursors               Cluster.1 
                0.03061                 0.04285                 0.00000 
             Cluster.13              Cluster.14              Cluster.15 
                0.12848                 0.00095                 0.00000 
             Cluster.16              Cluster.17              Cluster.18 
                0.25442                 0.17473                 0.20504 
              Cluster.2              Cluster.21               Cluster.3 
                0.00000                 0.00102                 0.07284 
              Cluster.4               Cluster.6               Cluster.8 
                0.00000                 0.00000                 0.00000 
              Cluster.9 
                0.00000 
                T.cells                NK.cells                 B.cells 
                0.00432                 0.00000                 0.00110 
           Plasma.cells           Myeloid.cells       Endothelial.cells 
                0.00000                 0.00000                 0.05877 
            Fibroblasts Schwann.Cell.Precursors               Cluster.1 
                0.03810                 0.08904                 0.00000 
             Cluster.13              Cluster.14              Cluster.15 
                0.08759                 0.00080                 0.00071 
             Cluster.16              Cluster.17              Cluster.18 
                0.18422                 0.07079                 0.39815 
              Cluster.2              Cluster.21               Cluster.3 
                0.00000                 0.00034                 0.06607 
              Cluster.4               Cluster.6               Cluster.8 
                0.00000                 0.00000                 0.00000 
              Cluster.9 
                0.00000 
                T.cells                NK.cells                 B.cells 
                0.00000                 0.00000                 0.00000 
           Plasma.cells           Myeloid.cells       Endothelial.cells 
                0.00000                 0.00000                 0.09709 
            Fibroblasts Schwann.Cell.Precursors               Cluster.1 
                0.05882                 0.04685                 0.00000 
             Cluster.13              Cluster.14              Cluster.15 
                0.10180                 0.00074                 0.00076 
             Cluster.16              Cluster.17              Cluster.18 
                0.28613                 0.09281                 0.31469 
              Cluster.2              Cluster.21               Cluster.3 
                0.00000                 0.00022                 0.00007 
              Cluster.4               Cluster.6               Cluster.8 
                0.00000                 0.00000                 0.00000 
              Cluster.9 
                0.00000 
                T.cells                NK.cells                 B.cells 
                0.00005                 0.00000                 0.00006 
           Plasma.cells           Myeloid.cells       Endothelial.cells 
                0.00000                 0.01088                 0.09680 
            Fibroblasts Schwann.Cell.Precursors               Cluster.1 
                0.13838                 0.52456                 0.00000 
             Cluster.13              Cluster.14              Cluster.15 
                0.00192                 0.00091                 0.00000 
             Cluster.16              Cluster.17              Cluster.18 
                0.19970                 0.00000                 0.02669 
              Cluster.2              Cluster.21               Cluster.3 
                0.00000                 0.00006                 0.00000 
              Cluster.4               Cluster.6               Cluster.8 
                0.00000                 0.00000                 0.00000 
              Cluster.9 
                0.00000 
                T.cells                NK.cells                 B.cells 
                0.00000                 0.00000                 0.00000 
           Plasma.cells           Myeloid.cells       Endothelial.cells 
                0.00000                 0.00000                 0.07883 
            Fibroblasts Schwann.Cell.Precursors               Cluster.1 
                0.08664                 0.04409                 0.00000 
             Cluster.13              Cluster.14              Cluster.15 
                0.13332                 0.00093                 0.00009 
             Cluster.16              Cluster.17              Cluster.18 
                0.27689                 0.07261                 0.29464 
              Cluster.2              Cluster.21               Cluster.3 
                0.00000                 0.01183                 0.00014 
              Cluster.4               Cluster.6               Cluster.8 
                0.00000                 0.00000                 0.00000 
              Cluster.9 
                0.00000 
                T.cells                NK.cells                 B.cells 
                0.00000                 0.00000                 0.00000 
           Plasma.cells           Myeloid.cells       Endothelial.cells 
                0.00000                 0.00000                 0.04948 
            Fibroblasts Schwann.Cell.Precursors               Cluster.1 
                0.05298                 0.03595                 0.00000 
             Cluster.13              Cluster.14              Cluster.15 
                0.11820                 0.00076                 0.00025 
             Cluster.16              Cluster.17              Cluster.18 
                0.18920                 0.09017                 0.41709 
              Cluster.2              Cluster.21               Cluster.3 
                0.00000                 0.00038                 0.04555 
              Cluster.4               Cluster.6               Cluster.8 
                0.00000                 0.00000                 0.00000 
              Cluster.9 
                0.00000 
                T.cells                NK.cells                 B.cells 
                0.00000                 0.00000                 0.00000 
           Plasma.cells           Myeloid.cells       Endothelial.cells 
                0.00000                 0.00225                 0.14771 
            Fibroblasts Schwann.Cell.Precursors               Cluster.1 
                0.09838                 0.06291                 0.00000 
             Cluster.13              Cluster.14              Cluster.15 
                0.07050                 0.00069                 0.00033 
             Cluster.16              Cluster.17              Cluster.18 
                0.22408                 0.07720                 0.31585 
              Cluster.2              Cluster.21               Cluster.3 
                0.00002                 0.00009                 0.00000 
              Cluster.4               Cluster.6               Cluster.8 
                0.00000                 0.00000                 0.00000 
              Cluster.9 
                0.00000 
                T.cells                NK.cells                 B.cells 
                0.00000                 0.00000                 0.00000 
           Plasma.cells           Myeloid.cells       Endothelial.cells 
                0.00000                 0.00000                 0.05185 
            Fibroblasts Schwann.Cell.Precursors               Cluster.1 
                0.03713                 0.03223                 0.00000 
             Cluster.13              Cluster.14              Cluster.15 
                0.16174                 0.00037                 0.00016 
             Cluster.16              Cluster.17              Cluster.18 
                0.09056                 0.10197                 0.49151 
              Cluster.2              Cluster.21               Cluster.3 
                0.00000                 0.01745                 0.01503 
              Cluster.4               Cluster.6               Cluster.8 
                0.00000                 0.00000                 0.00000 
              Cluster.9 
                0.00000 
                T.cells                NK.cells                 B.cells 
                0.00000                 0.00000                 0.00000 
           Plasma.cells           Myeloid.cells       Endothelial.cells 
                0.00000                 0.00000                 0.07687 
            Fibroblasts Schwann.Cell.Precursors               Cluster.1 
                0.05034                 0.04258                 0.00000 
             Cluster.13              Cluster.14              Cluster.15 
                0.09149                 0.00082                 0.00008 
             Cluster.16              Cluster.17              Cluster.18 
                0.29176                 0.10321                 0.31236 
              Cluster.2              Cluster.21               Cluster.3 
                0.00000                 0.02155                 0.00894 
              Cluster.4               Cluster.6               Cluster.8 
                0.00000                 0.00000                 0.00000 
              Cluster.9 
                0.00000 
                T.cells                NK.cells                 B.cells 
                0.00459                 0.00000                 0.00001 
           Plasma.cells           Myeloid.cells       Endothelial.cells 
                0.00000                 0.01512                 0.14682 
            Fibroblasts Schwann.Cell.Precursors               Cluster.1 
                0.19664                 0.47210                 0.00000 
             Cluster.13              Cluster.14              Cluster.15 
                0.00024                 0.00071                 0.00000 
             Cluster.16              Cluster.17              Cluster.18 
                0.13260                 0.00000                 0.03110 
              Cluster.2              Cluster.21               Cluster.3 
                0.00000                 0.00006                 0.00000 
              Cluster.4               Cluster.6               Cluster.8 
                0.00000                 0.00000                 0.00000 
              Cluster.9 
                0.00000 
                T.cells                NK.cells                 B.cells 
                0.00176                 0.00000                 0.00000 
           Plasma.cells           Myeloid.cells       Endothelial.cells 
                0.00000                 0.00645                 0.10714 
            Fibroblasts Schwann.Cell.Precursors               Cluster.1 
                0.08497                 0.04209                 0.00000 
             Cluster.13              Cluster.14              Cluster.15 
                0.08848                 0.00044                 0.00008 
             Cluster.16              Cluster.17              Cluster.18 
                0.16003                 0.07239                 0.35012 
              Cluster.2              Cluster.21               Cluster.3 
                0.00000                 0.08600                 0.00006 
              Cluster.4               Cluster.6               Cluster.8 
                0.00000                 0.00000                 0.00000 
              Cluster.9 
                0.00000 
                T.cells                NK.cells                 B.cells 
                0.01759                 0.00000                 0.00053 
           Plasma.cells           Myeloid.cells       Endothelial.cells 
                0.00000                 0.00367                 0.07961 
            Fibroblasts Schwann.Cell.Precursors               Cluster.1 
                0.09611                 0.06431                 0.00000 
             Cluster.13              Cluster.14              Cluster.15 
                0.06834                 0.00089                 0.00011 
             Cluster.16              Cluster.17              Cluster.18 
                0.14322                 0.07108                 0.39879 
              Cluster.2              Cluster.21               Cluster.3 
                0.00000                 0.00014                 0.05562 
              Cluster.4               Cluster.6               Cluster.8 
                0.00000                 0.00000                 0.00000 
              Cluster.9 
                0.00000 
                T.cells                NK.cells                 B.cells 
                0.00000                 0.00000                 0.00000 
           Plasma.cells           Myeloid.cells       Endothelial.cells 
                0.00000                 0.00504                 0.08743 
            Fibroblasts Schwann.Cell.Precursors               Cluster.1 
                0.04969                 0.05640                 0.00000 
             Cluster.13              Cluster.14              Cluster.15 
                0.11187                 0.00055                 0.00141 
             Cluster.16              Cluster.17              Cluster.18 
                0.32819                 0.13250                 0.22677 
              Cluster.2              Cluster.21               Cluster.3 
                0.00000                 0.00009                 0.00007 
              Cluster.4               Cluster.6               Cluster.8 
                0.00000                 0.00000                 0.00000 
              Cluster.9 
                0.00000 
                T.cells                NK.cells                 B.cells 
                0.14626                 0.00139                 0.29099 
           Plasma.cells           Myeloid.cells       Endothelial.cells 
                0.00203                 0.25341                 0.07075 
            Fibroblasts Schwann.Cell.Precursors               Cluster.1 
                0.00001                 0.00547                 0.00000 
             Cluster.13              Cluster.14              Cluster.15 
                0.00008                 0.00007                 0.00000 
             Cluster.16              Cluster.17              Cluster.18 
                0.21429                 0.00000                 0.00069 
              Cluster.2              Cluster.21               Cluster.3 
                0.00000                 0.01456                 0.00000 
              Cluster.4               Cluster.6               Cluster.8 
                0.00000                 0.00000                 0.00000 
              Cluster.9 
                0.00000 
                T.cells                NK.cells                 B.cells 
                0.00000                 0.00000                 0.00000 
           Plasma.cells           Myeloid.cells       Endothelial.cells 
                0.00000                 0.00126                 0.11205 
            Fibroblasts Schwann.Cell.Precursors               Cluster.1 
                0.21319                 0.08293                 0.00000 
             Cluster.13              Cluster.14              Cluster.15 
                0.04498                 0.00102                 0.00009 
             Cluster.16              Cluster.17              Cluster.18 
                0.22110                 0.04226                 0.22916 
              Cluster.2              Cluster.21               Cluster.3 
                0.00000                 0.05196                 0.00000 
              Cluster.4               Cluster.6               Cluster.8 
                0.00000                 0.00000                 0.00000 
              Cluster.9 
                0.00000 
                T.cells                NK.cells                 B.cells 
                0.00703                 0.00000                 0.00000 
           Plasma.cells           Myeloid.cells       Endothelial.cells 
                0.00000                 0.00883                 0.08863 
            Fibroblasts Schwann.Cell.Precursors               Cluster.1 
                0.12425                 0.17028                 0.00000 
             Cluster.13              Cluster.14              Cluster.15 
                0.09095                 0.00095                 0.01229 
             Cluster.16              Cluster.17              Cluster.18 
                0.14369                 0.05768                 0.29534 
              Cluster.2              Cluster.21               Cluster.3 
                0.00000                 0.00008                 0.00000 
              Cluster.4               Cluster.6               Cluster.8 
                0.00000                 0.00000                 0.00000 
              Cluster.9 
                0.00000 
                T.cells                NK.cells                 B.cells 
                0.41629                 0.00000                 0.10357 
           Plasma.cells           Myeloid.cells       Endothelial.cells 
                0.00000                 0.00660                 0.09797 
            Fibroblasts Schwann.Cell.Precursors               Cluster.1 
                0.00000                 0.01881                 0.00000 
             Cluster.13              Cluster.14              Cluster.15 
                0.00223                 0.00019                 0.00000 
             Cluster.16              Cluster.17              Cluster.18 
                0.22979                 0.00303                 0.12144 
              Cluster.2              Cluster.21               Cluster.3 
                0.00000                 0.00009                 0.00000 
              Cluster.4               Cluster.6               Cluster.8 
                0.00000                 0.00000                 0.00000 
              Cluster.9 
                0.00000 
                T.cells                NK.cells                 B.cells 
                0.00000                 0.00000                 0.00000 
           Plasma.cells           Myeloid.cells       Endothelial.cells 
                0.00000                 0.00000                 0.07226 
            Fibroblasts Schwann.Cell.Precursors               Cluster.1 
                0.10099                 0.08322                 0.00000 
             Cluster.13              Cluster.14              Cluster.15 
                0.10581                 0.00201                 0.00002 
             Cluster.16              Cluster.17              Cluster.18 
                0.27142                 0.11595                 0.22235 
              Cluster.2              Cluster.21               Cluster.3 
                0.00000                 0.00027                 0.02571 
              Cluster.4               Cluster.6               Cluster.8 
                0.00000                 0.00000                 0.00000 
              Cluster.9 
                0.00000 
                T.cells                NK.cells                 B.cells 
                0.00000                 0.00000                 0.00000 
           Plasma.cells           Myeloid.cells       Endothelial.cells 
                0.00000                 0.00084                 0.02485 
            Fibroblasts Schwann.Cell.Precursors               Cluster.1 
                0.00120                 0.05510                 0.00000 
             Cluster.13              Cluster.14              Cluster.15 
                0.11925                 0.00056                 0.00975 
             Cluster.16              Cluster.17              Cluster.18 
                0.15191                 0.12880                 0.43780 
              Cluster.2              Cluster.21               Cluster.3 
                0.00000                 0.01184                 0.05809 
              Cluster.4               Cluster.6               Cluster.8 
                0.00000                 0.00000                 0.00000 
              Cluster.9 
                0.00000 
                T.cells                NK.cells                 B.cells 
                0.09654                 0.00153                 0.32268 
           Plasma.cells           Myeloid.cells       Endothelial.cells 
                0.00081                 0.00900                 0.14118 
            Fibroblasts Schwann.Cell.Precursors               Cluster.1 
                0.00000                 0.05626                 0.00000 
             Cluster.13              Cluster.14              Cluster.15 
                0.00005                 0.00024                 0.00000 
             Cluster.16              Cluster.17              Cluster.18 
                0.35836                 0.00009                 0.01106 
              Cluster.2              Cluster.21               Cluster.3 
                0.00000                 0.00220                 0.00000 
              Cluster.4               Cluster.6               Cluster.8 
                0.00000                 0.00000                 0.00000 
              Cluster.9 
                0.00000 
                T.cells                NK.cells                 B.cells 
                0.00000                 0.00000                 0.00000 
           Plasma.cells           Myeloid.cells       Endothelial.cells 
                0.00000                 0.00000                 0.03372 
            Fibroblasts Schwann.Cell.Precursors               Cluster.1 
                0.01054                 0.07144                 0.00126 
             Cluster.13              Cluster.14              Cluster.15 
                0.06004                 0.05452                 0.00391 
             Cluster.16              Cluster.17              Cluster.18 
                0.27146                 0.13412                 0.24027 
              Cluster.2              Cluster.21               Cluster.3 
                0.00000                 0.01636                 0.00000 
              Cluster.4               Cluster.6               Cluster.8 
                0.00376                 0.00000                 0.00000 
              Cluster.9 
                0.09859 
                T.cells                NK.cells                 B.cells 
                0.00000                 0.00000                 0.00000 
           Plasma.cells           Myeloid.cells       Endothelial.cells 
                0.00000                 0.00363                 0.05834 
            Fibroblasts Schwann.Cell.Precursors               Cluster.1 
                0.04810                 0.04839                 0.00002 
             Cluster.13              Cluster.14              Cluster.15 
                0.14798                 0.00115                 0.00554 
             Cluster.16              Cluster.17              Cluster.18 
                0.40302                 0.08537                 0.19247 
              Cluster.2              Cluster.21               Cluster.3 
                0.00000                 0.00028                 0.00000 
              Cluster.4               Cluster.6               Cluster.8 
                0.00000                 0.00000                 0.00000 
              Cluster.9 
                0.00571 
                T.cells                NK.cells                 B.cells 
                0.00000                 0.00000                 0.00000 
           Plasma.cells           Myeloid.cells       Endothelial.cells 
                0.00000                 0.00000                 0.02510 
            Fibroblasts Schwann.Cell.Precursors               Cluster.1 
                0.00783                 0.05785                 0.00000 
             Cluster.13              Cluster.14              Cluster.15 
                0.18873                 0.00095                 0.00040 
             Cluster.16              Cluster.17              Cluster.18 
                0.07123                 0.15741                 0.45760 
              Cluster.2              Cluster.21               Cluster.3 
                0.00000                 0.00021                 0.03241 
              Cluster.4               Cluster.6               Cluster.8 
                0.00000                 0.00000                 0.00000 
              Cluster.9 
                0.00028 
                T.cells                NK.cells                 B.cells 
                0.08175                 0.00000                 0.09110 
           Plasma.cells           Myeloid.cells       Endothelial.cells 
                0.00000                 0.00006                 0.11928 
            Fibroblasts Schwann.Cell.Precursors               Cluster.1 
                0.02526                 0.10324                 0.00000 
             Cluster.13              Cluster.14              Cluster.15 
                0.00079                 0.00142                 0.00000 
             Cluster.16              Cluster.17              Cluster.18 
                0.09902                 0.00019                 0.43727 
              Cluster.2              Cluster.21               Cluster.3 
                0.00000                 0.00112                 0.03948 
              Cluster.4               Cluster.6               Cluster.8 
                0.00000                 0.00000                 0.00000 
              Cluster.9 
                0.00002 
                T.cells                NK.cells                 B.cells 
                0.00000                 0.00000                 0.00000 
           Plasma.cells           Myeloid.cells       Endothelial.cells 
                0.00000                 0.00000                 0.02856 
            Fibroblasts Schwann.Cell.Precursors               Cluster.1 
                0.02979                 0.05822                 0.00017 
             Cluster.13              Cluster.14              Cluster.15 
                0.04672                 0.10034                 0.01861 
             Cluster.16              Cluster.17              Cluster.18 
                0.20043                 0.09401                 0.30321 
              Cluster.2              Cluster.21               Cluster.3 
                0.00000                 0.00034                 0.00000 
              Cluster.4               Cluster.6               Cluster.8 
                0.00836                 0.00000                 0.00000 
              Cluster.9 
                0.11126 
                T.cells                NK.cells                 B.cells 
                0.00001                 0.00000                 0.00000 
           Plasma.cells           Myeloid.cells       Endothelial.cells 
                0.00000                 0.01442                 0.14541 
            Fibroblasts Schwann.Cell.Precursors               Cluster.1 
                0.20306                 0.13389                 0.00000 
             Cluster.13              Cluster.14              Cluster.15 
                0.12244                 0.00094                 0.00061 
             Cluster.16              Cluster.17              Cluster.18 
                0.14828                 0.02715                 0.20366 
              Cluster.2              Cluster.21               Cluster.3 
                0.00000                 0.00013                 0.00000 
              Cluster.4               Cluster.6               Cluster.8 
                0.00000                 0.00000                 0.00000 
              Cluster.9 
                0.00000 
                T.cells                NK.cells                 B.cells 
                0.00684                 0.00000                 0.00623 
           Plasma.cells           Myeloid.cells       Endothelial.cells 
                0.00000                 0.00329                 0.07057 
            Fibroblasts Schwann.Cell.Precursors               Cluster.1 
                0.08025                 0.20351                 0.00000 
             Cluster.13              Cluster.14              Cluster.15 
                0.06375                 0.00098                 0.03354 
             Cluster.16              Cluster.17              Cluster.18 
                0.16287                 0.04194                 0.31213 
              Cluster.2              Cluster.21               Cluster.3 
                0.00000                 0.00009                 0.01401 
              Cluster.4               Cluster.6               Cluster.8 
                0.00000                 0.00000                 0.00000 
              Cluster.9 
                0.00000 
                T.cells                NK.cells                 B.cells 
                0.00660                 0.00034                 0.00028 
           Plasma.cells           Myeloid.cells       Endothelial.cells 
                0.00000                 0.00004                 0.25533 
            Fibroblasts Schwann.Cell.Precursors               Cluster.1 
                0.31411                 0.05473                 0.00000 
             Cluster.13              Cluster.14              Cluster.15 
                0.06205                 0.00021                 0.00000 
             Cluster.16              Cluster.17              Cluster.18 
                0.29961                 0.00552                 0.00115 
              Cluster.2              Cluster.21               Cluster.3 
                0.00000                 0.00004                 0.00000 
              Cluster.4               Cluster.6               Cluster.8 
                0.00000                 0.00000                 0.00000 
              Cluster.9 
                0.00000 
                T.cells                NK.cells                 B.cells 
                0.00008                 0.00137                 0.00367 
           Plasma.cells           Myeloid.cells       Endothelial.cells 
                0.00000                 0.00003                 0.26918 
            Fibroblasts Schwann.Cell.Precursors               Cluster.1 
                0.21522                 0.11513                 0.00000 
             Cluster.13              Cluster.14              Cluster.15 
                0.00006                 0.00018                 0.00000 
             Cluster.16              Cluster.17              Cluster.18 
                0.30321                 0.06150                 0.00270 
              Cluster.2              Cluster.21               Cluster.3 
                0.00000                 0.02769                 0.00000 
              Cluster.4               Cluster.6               Cluster.8 
                0.00000                 0.00000                 0.00000 
              Cluster.9 
                0.00000 
                T.cells                NK.cells                 B.cells 
                0.02233                 0.00000                 0.00656 
           Plasma.cells           Myeloid.cells       Endothelial.cells 
                0.00000                 0.00004                 0.06839 
            Fibroblasts Schwann.Cell.Precursors               Cluster.1 
                0.04571                 0.04997                 0.00000 
             Cluster.13              Cluster.14              Cluster.15 
                0.09028                 0.00068                 0.00052 
             Cluster.16              Cluster.17              Cluster.18 
                0.25189                 0.03174                 0.32942 
              Cluster.2              Cluster.21               Cluster.3 
                0.00000                 0.00001                 0.10247 
              Cluster.4               Cluster.6               Cluster.8 
                0.00000                 0.00000                 0.00000 
              Cluster.9 
                0.00000 
null device 
          1 
done
